;  LST file generated by mikroListExporter - v.2.0 
; Date/Time: 17-Aug-15 8:59:37 PM
;----------------------------------------------

;Address Opcode 	ASM
0x0000	0x2816      	GOTO       22
_____DoICP:
;__Lib_System.c,6 :: 		
;__Lib_System.c,9 :: 		
0x0003	0x1283      	BCF        STATUS, 5
0x0004	0x1303      	BCF        STATUS, 6
0x0005	0x0821      	MOVF       ___DoICPAddr+1, 0
0x0006	0x008A      	MOVWF      PCLATH
;__Lib_System.c,10 :: 		
0x0007	0x0820      	MOVF       ___DoICPAddr, 0
0x0008	0x0082      	MOVWF      PCL
;__Lib_System.c,12 :: 		
L_end_____DoICP:
0x0009	0x0008      	RETURN
; end of _____DoICP
___CC2DW:
;__Lib_System.c,134 :: 		
;__Lib_System.c,137 :: 		
_CC2D_Loop1:
;__Lib_System.c,139 :: 		
0x000A	0x2003      	CALL       _____DoICP
0x000B	0x118A      	BCF        PCLATH, 3
0x000C	0x120A      	BCF        PCLATH, 4
;__Lib_System.c,141 :: 		
0x000D	0x0080      	MOVWF      INDF
;__Lib_System.c,142 :: 		
0x000E	0x0A84      	INCF       FSR, 1
;__Lib_System.c,143 :: 		
0x000F	0x0AA0      	INCF       ___DoICPAddr, 1
;__Lib_System.c,145 :: 		
0x0010	0x1903      	BTFSC      STATUS, 2
;__Lib_System.c,146 :: 		
0x0011	0x0AA1      	INCF       ___DoICPAddr+1, 1
;__Lib_System.c,147 :: 		
0x0012	0x03F0      	DECF       R0, 1
;__Lib_System.c,149 :: 		
0x0013	0x1D03      	BTFSS      STATUS, 2
;__Lib_System.c,150 :: 		
0x0014	0x280A      	GOTO       _CC2D_Loop1
;__Lib_System.c,152 :: 		
L_end___CC2DW:
0x0015	0x0008      	RETURN
; end of ___CC2DW
_main:
;2nd1.c,1 :: 		void main() {
;2nd1.c,3 :: 		trisb=0b00000000;
0x0016	0x1683      	BSF        STATUS, 5
0x0017	0x1303      	BCF        STATUS, 6
0x0018	0x0186      	CLRF       TRISB
;2nd1.c,4 :: 		portb=0b00000000;
0x0019	0x1283      	BCF        STATUS, 5
0x001A	0x0186      	CLRF       PORTB
;2nd1.c,5 :: 		while(1){
L_main0:
;2nd1.c,7 :: 		for(i=0;i<5;i++){
0x001B	0x01F1      	CLRF       R1
L_main2:
0x001C	0x3080      	MOVLW      128
0x001D	0x0671      	XORWF      R1, 0
0x001E	0x00F0      	MOVWF      R0
0x001F	0x3080      	MOVLW      128
0x0020	0x3A05      	XORLW      5
0x0021	0x0270      	SUBWF      R0, 0
0x0022	0x1803      	BTFSC      STATUS, 0
0x0023	0x283A      	GOTO       L_main3
;2nd1.c,8 :: 		RB0_bit=1;
0x0024	0x1406      	BSF        RB0_bit, BitPos(RB0_bit+0)
;2nd1.c,9 :: 		delay_ms(1);
0x0025	0x3002      	MOVLW      2
0x0026	0x00FC      	MOVWF      R12
0x0027	0x304B      	MOVLW      75
0x0028	0x00FD      	MOVWF      R13
L_main5:
0x0029	0x0BFD      	DECFSZ     R13, 1
0x002A	0x2829      	GOTO       L_main5
0x002B	0x0BFC      	DECFSZ     R12, 1
0x002C	0x2829      	GOTO       L_main5
;2nd1.c,10 :: 		RB0_bit=0;
0x002D	0x1006      	BCF        RB0_bit, BitPos(RB0_bit+0)
;2nd1.c,11 :: 		delay_ms(19);
0x002E	0x3019      	MOVLW      25
0x002F	0x00FC      	MOVWF      R12
0x0030	0x30AB      	MOVLW      171
0x0031	0x00FD      	MOVWF      R13
L_main6:
0x0032	0x0BFD      	DECFSZ     R13, 1
0x0033	0x2832      	GOTO       L_main6
0x0034	0x0BFC      	DECFSZ     R12, 1
0x0035	0x2832      	GOTO       L_main6
0x0036	0x0000      	NOP
0x0037	0x0000      	NOP
;2nd1.c,7 :: 		for(i=0;i<5;i++){
0x0038	0x0AF1      	INCF       R1, 1
;2nd1.c,12 :: 		}
0x0039	0x281C      	GOTO       L_main2
L_main3:
;2nd1.c,13 :: 		delay_ms(1000);
0x003A	0x3006      	MOVLW      6
0x003B	0x00FB      	MOVWF      R11
0x003C	0x3013      	MOVLW      19
0x003D	0x00FC      	MOVWF      R12
0x003E	0x30AD      	MOVLW      173
0x003F	0x00FD      	MOVWF      R13
L_main7:
0x0040	0x0BFD      	DECFSZ     R13, 1
0x0041	0x2840      	GOTO       L_main7
0x0042	0x0BFC      	DECFSZ     R12, 1
0x0043	0x2840      	GOTO       L_main7
0x0044	0x0BFB      	DECFSZ     R11, 1
0x0045	0x2840      	GOTO       L_main7
0x0046	0x0000      	NOP
0x0047	0x0000      	NOP
;2nd1.c,16 :: 		for(i=0;i<5;i++){
0x0048	0x01F1      	CLRF       R1
L_main8:
0x0049	0x3080      	MOVLW      128
0x004A	0x0671      	XORWF      R1, 0
0x004B	0x00F0      	MOVWF      R0
0x004C	0x3080      	MOVLW      128
0x004D	0x3A05      	XORLW      5
0x004E	0x0270      	SUBWF      R0, 0
0x004F	0x1803      	BTFSC      STATUS, 0
0x0050	0x2867      	GOTO       L_main9
;2nd1.c,17 :: 		RB0_bit=1;
0x0051	0x1406      	BSF        RB0_bit, BitPos(RB0_bit+0)
;2nd1.c,18 :: 		delay_us(1166);
0x0052	0x3002      	MOVLW      2
0x0053	0x00FC      	MOVWF      R12
0x0054	0x3082      	MOVLW      130
0x0055	0x00FD      	MOVWF      R13
L_main11:
0x0056	0x0BFD      	DECFSZ     R13, 1
0x0057	0x2856      	GOTO       L_main11
0x0058	0x0BFC      	DECFSZ     R12, 1
0x0059	0x2856      	GOTO       L_main11
0x005A	0x0000      	NOP
;2nd1.c,19 :: 		RB0_bit=0;
0x005B	0x1006      	BCF        RB0_bit, BitPos(RB0_bit+0)
;2nd1.c,20 :: 		delay_us(18834);
0x005C	0x3019      	MOVLW      25
0x005D	0x00FC      	MOVWF      R12
0x005E	0x3074      	MOVLW      116
0x005F	0x00FD      	MOVWF      R13
L_main12:
0x0060	0x0BFD      	DECFSZ     R13, 1
0x0061	0x2860      	GOTO       L_main12
0x0062	0x0BFC      	DECFSZ     R12, 1
0x0063	0x2860      	GOTO       L_main12
0x0064	0x0000      	NOP
;2nd1.c,16 :: 		for(i=0;i<5;i++){
0x0065	0x0AF1      	INCF       R1, 1
;2nd1.c,21 :: 		}
0x0066	0x2849      	GOTO       L_main8
L_main9:
;2nd1.c,22 :: 		delay_ms(1000);
0x0067	0x3006      	MOVLW      6
0x0068	0x00FB      	MOVWF      R11
0x0069	0x3013      	MOVLW      19
0x006A	0x00FC      	MOVWF      R12
0x006B	0x30AD      	MOVLW      173
0x006C	0x00FD      	MOVWF      R13
L_main13:
0x006D	0x0BFD      	DECFSZ     R13, 1
0x006E	0x286D      	GOTO       L_main13
0x006F	0x0BFC      	DECFSZ     R12, 1
0x0070	0x286D      	GOTO       L_main13
0x0071	0x0BFB      	DECFSZ     R11, 1
0x0072	0x286D      	GOTO       L_main13
0x0073	0x0000      	NOP
0x0074	0x0000      	NOP
;2nd1.c,25 :: 		for(i=0;i<5;i++){
0x0075	0x01F1      	CLRF       R1
L_main14:
0x0076	0x3080      	MOVLW      128
0x0077	0x0671      	XORWF      R1, 0
0x0078	0x00F0      	MOVWF      R0
0x0079	0x3080      	MOVLW      128
0x007A	0x3A05      	XORLW      5
0x007B	0x0270      	SUBWF      R0, 0
0x007C	0x1803      	BTFSC      STATUS, 0
0x007D	0x2894      	GOTO       L_main15
;2nd1.c,26 :: 		RB0_bit=1;
0x007E	0x1406      	BSF        RB0_bit, BitPos(RB0_bit+0)
;2nd1.c,27 :: 		delay_us(1333);
0x007F	0x3002      	MOVLW      2
0x0080	0x00FC      	MOVWF      R12
0x0081	0x30BA      	MOVLW      186
0x0082	0x00FD      	MOVWF      R13
L_main17:
0x0083	0x0BFD      	DECFSZ     R13, 1
0x0084	0x2883      	GOTO       L_main17
0x0085	0x0BFC      	DECFSZ     R12, 1
0x0086	0x2883      	GOTO       L_main17
;2nd1.c,28 :: 		RB0_bit=0;
0x0087	0x1006      	BCF        RB0_bit, BitPos(RB0_bit+0)
;2nd1.c,29 :: 		delay_us(18667);
0x0088	0x3019      	MOVLW      25
0x0089	0x00FC      	MOVWF      R12
0x008A	0x303C      	MOVLW      60
0x008B	0x00FD      	MOVWF      R13
L_main18:
0x008C	0x0BFD      	DECFSZ     R13, 1
0x008D	0x288C      	GOTO       L_main18
0x008E	0x0BFC      	DECFSZ     R12, 1
0x008F	0x288C      	GOTO       L_main18
0x0090	0x0000      	NOP
0x0091	0x0000      	NOP
;2nd1.c,25 :: 		for(i=0;i<5;i++){
0x0092	0x0AF1      	INCF       R1, 1
;2nd1.c,30 :: 		}
0x0093	0x2876      	GOTO       L_main14
L_main15:
;2nd1.c,31 :: 		delay_ms(1000);
0x0094	0x3006      	MOVLW      6
0x0095	0x00FB      	MOVWF      R11
0x0096	0x3013      	MOVLW      19
0x0097	0x00FC      	MOVWF      R12
0x0098	0x30AD      	MOVLW      173
0x0099	0x00FD      	MOVWF      R13
L_main19:
0x009A	0x0BFD      	DECFSZ     R13, 1
0x009B	0x289A      	GOTO       L_main19
0x009C	0x0BFC      	DECFSZ     R12, 1
0x009D	0x289A      	GOTO       L_main19
0x009E	0x0BFB      	DECFSZ     R11, 1
0x009F	0x289A      	GOTO       L_main19
0x00A0	0x0000      	NOP
0x00A1	0x0000      	NOP
;2nd1.c,34 :: 		for(i=0;i<5;i++){
0x00A2	0x01F1      	CLRF       R1
L_main20:
0x00A3	0x3080      	MOVLW      128
0x00A4	0x0671      	XORWF      R1, 0
0x00A5	0x00F0      	MOVWF      R0
0x00A6	0x3080      	MOVLW      128
0x00A7	0x3A05      	XORLW      5
0x00A8	0x0270      	SUBWF      R0, 0
0x00A9	0x1803      	BTFSC      STATUS, 0
0x00AA	0x28C1      	GOTO       L_main21
;2nd1.c,35 :: 		RB0_bit=1;
0x00AB	0x1406      	BSF        RB0_bit, BitPos(RB0_bit+0)
;2nd1.c,36 :: 		delay_us(1500);
0x00AC	0x3002      	MOVLW      2
0x00AD	0x00FC      	MOVWF      R12
0x00AE	0x30F1      	MOVLW      241
0x00AF	0x00FD      	MOVWF      R13
L_main23:
0x00B0	0x0BFD      	DECFSZ     R13, 1
0x00B1	0x28B0      	GOTO       L_main23
0x00B2	0x0BFC      	DECFSZ     R12, 1
0x00B3	0x28B0      	GOTO       L_main23
0x00B4	0x0000      	NOP
0x00B5	0x0000      	NOP
;2nd1.c,37 :: 		RB0_bit=0;
0x00B6	0x1006      	BCF        RB0_bit, BitPos(RB0_bit+0)
;2nd1.c,38 :: 		delay_us(18500);
0x00B7	0x3019      	MOVLW      25
0x00B8	0x00FC      	MOVWF      R12
0x00B9	0x3005      	MOVLW      5
0x00BA	0x00FD      	MOVWF      R13
L_main24:
0x00BB	0x0BFD      	DECFSZ     R13, 1
0x00BC	0x28BB      	GOTO       L_main24
0x00BD	0x0BFC      	DECFSZ     R12, 1
0x00BE	0x28BB      	GOTO       L_main24
;2nd1.c,34 :: 		for(i=0;i<5;i++){
0x00BF	0x0AF1      	INCF       R1, 1
;2nd1.c,39 :: 		}
0x00C0	0x28A3      	GOTO       L_main20
L_main21:
;2nd1.c,40 :: 		delay_ms(1000);
0x00C1	0x3006      	MOVLW      6
0x00C2	0x00FB      	MOVWF      R11
0x00C3	0x3013      	MOVLW      19
0x00C4	0x00FC      	MOVWF      R12
0x00C5	0x30AD      	MOVLW      173
0x00C6	0x00FD      	MOVWF      R13
L_main25:
0x00C7	0x0BFD      	DECFSZ     R13, 1
0x00C8	0x28C7      	GOTO       L_main25
0x00C9	0x0BFC      	DECFSZ     R12, 1
0x00CA	0x28C7      	GOTO       L_main25
0x00CB	0x0BFB      	DECFSZ     R11, 1
0x00CC	0x28C7      	GOTO       L_main25
0x00CD	0x0000      	NOP
0x00CE	0x0000      	NOP
;2nd1.c,43 :: 		for(i=0;i<5;i++){
0x00CF	0x01F1      	CLRF       R1
L_main26:
0x00D0	0x3080      	MOVLW      128
0x00D1	0x0671      	XORWF      R1, 0
0x00D2	0x00F0      	MOVWF      R0
0x00D3	0x3080      	MOVLW      128
0x00D4	0x3A05      	XORLW      5
0x00D5	0x0270      	SUBWF      R0, 0
0x00D6	0x1803      	BTFSC      STATUS, 0
0x00D7	0x28EE      	GOTO       L_main27
;2nd1.c,44 :: 		RB0_bit=1;
0x00D8	0x1406      	BSF        RB0_bit, BitPos(RB0_bit+0)
;2nd1.c,45 :: 		delay_us(1666);
0x00D9	0x3003      	MOVLW      3
0x00DA	0x00FC      	MOVWF      R12
0x00DB	0x3028      	MOVLW      40
0x00DC	0x00FD      	MOVWF      R13
L_main29:
0x00DD	0x0BFD      	DECFSZ     R13, 1
0x00DE	0x28DD      	GOTO       L_main29
0x00DF	0x0BFC      	DECFSZ     R12, 1
0x00E0	0x28DD      	GOTO       L_main29
0x00E1	0x0000      	NOP
;2nd1.c,46 :: 		RB0_bit=0;
0x00E2	0x1006      	BCF        RB0_bit, BitPos(RB0_bit+0)
;2nd1.c,47 :: 		delay_us(18334);
0x00E3	0x3018      	MOVLW      24
0x00E4	0x00FC      	MOVWF      R12
0x00E5	0x30CE      	MOVLW      206
0x00E6	0x00FD      	MOVWF      R13
L_main30:
0x00E7	0x0BFD      	DECFSZ     R13, 1
0x00E8	0x28E7      	GOTO       L_main30
0x00E9	0x0BFC      	DECFSZ     R12, 1
0x00EA	0x28E7      	GOTO       L_main30
0x00EB	0x0000      	NOP
;2nd1.c,43 :: 		for(i=0;i<5;i++){
0x00EC	0x0AF1      	INCF       R1, 1
;2nd1.c,48 :: 		}
0x00ED	0x28D0      	GOTO       L_main26
L_main27:
;2nd1.c,49 :: 		delay_ms(1000);
0x00EE	0x3006      	MOVLW      6
0x00EF	0x00FB      	MOVWF      R11
0x00F0	0x3013      	MOVLW      19
0x00F1	0x00FC      	MOVWF      R12
0x00F2	0x30AD      	MOVLW      173
0x00F3	0x00FD      	MOVWF      R13
L_main31:
0x00F4	0x0BFD      	DECFSZ     R13, 1
0x00F5	0x28F4      	GOTO       L_main31
0x00F6	0x0BFC      	DECFSZ     R12, 1
0x00F7	0x28F4      	GOTO       L_main31
0x00F8	0x0BFB      	DECFSZ     R11, 1
0x00F9	0x28F4      	GOTO       L_main31
0x00FA	0x0000      	NOP
0x00FB	0x0000      	NOP
;2nd1.c,52 :: 		for(i=0;i<5;i++){
0x00FC	0x01F1      	CLRF       R1
L_main32:
0x00FD	0x3080      	MOVLW      128
0x00FE	0x0671      	XORWF      R1, 0
0x00FF	0x00F0      	MOVWF      R0
0x0100	0x3080      	MOVLW      128
0x0101	0x3A05      	XORLW      5
0x0102	0x0270      	SUBWF      R0, 0
0x0103	0x1803      	BTFSC      STATUS, 0
0x0104	0x291B      	GOTO       L_main33
;2nd1.c,53 :: 		RB0_bit=1;
0x0105	0x1406      	BSF        RB0_bit, BitPos(RB0_bit+0)
;2nd1.c,54 :: 		delay_us(1833);
0x0106	0x3003      	MOVLW      3
0x0107	0x00FC      	MOVWF      R12
0x0108	0x3060      	MOVLW      96
0x0109	0x00FD      	MOVWF      R13
L_main35:
0x010A	0x0BFD      	DECFSZ     R13, 1
0x010B	0x290A      	GOTO       L_main35
0x010C	0x0BFC      	DECFSZ     R12, 1
0x010D	0x290A      	GOTO       L_main35
;2nd1.c,55 :: 		RB0_bit=0;
0x010E	0x1006      	BCF        RB0_bit, BitPos(RB0_bit+0)
;2nd1.c,56 :: 		delay_us(18167);
0x010F	0x3018      	MOVLW      24
0x0110	0x00FC      	MOVWF      R12
0x0111	0x3096      	MOVLW      150
0x0112	0x00FD      	MOVWF      R13
L_main36:
0x0113	0x0BFD      	DECFSZ     R13, 1
0x0114	0x2913      	GOTO       L_main36
0x0115	0x0BFC      	DECFSZ     R12, 1
0x0116	0x2913      	GOTO       L_main36
0x0117	0x0000      	NOP
0x0118	0x0000      	NOP
;2nd1.c,52 :: 		for(i=0;i<5;i++){
0x0119	0x0AF1      	INCF       R1, 1
;2nd1.c,57 :: 		}
0x011A	0x28FD      	GOTO       L_main32
L_main33:
;2nd1.c,58 :: 		delay_ms(1000);
0x011B	0x3006      	MOVLW      6
0x011C	0x00FB      	MOVWF      R11
0x011D	0x3013      	MOVLW      19
0x011E	0x00FC      	MOVWF      R12
0x011F	0x30AD      	MOVLW      173
0x0120	0x00FD      	MOVWF      R13
L_main37:
0x0121	0x0BFD      	DECFSZ     R13, 1
0x0122	0x2921      	GOTO       L_main37
0x0123	0x0BFC      	DECFSZ     R12, 1
0x0124	0x2921      	GOTO       L_main37
0x0125	0x0BFB      	DECFSZ     R11, 1
0x0126	0x2921      	GOTO       L_main37
0x0127	0x0000      	NOP
0x0128	0x0000      	NOP
;2nd1.c,61 :: 		for(i=0;i<5;i++){
0x0129	0x01F1      	CLRF       R1
L_main38:
0x012A	0x3080      	MOVLW      128
0x012B	0x0671      	XORWF      R1, 0
0x012C	0x00F0      	MOVWF      R0
0x012D	0x3080      	MOVLW      128
0x012E	0x3A05      	XORLW      5
0x012F	0x0270      	SUBWF      R0, 0
0x0130	0x1803      	BTFSC      STATUS, 0
0x0131	0x2948      	GOTO       L_main39
;2nd1.c,62 :: 		RB0_bit=1;
0x0132	0x1406      	BSF        RB0_bit, BitPos(RB0_bit+0)
;2nd1.c,63 :: 		delay_ms(2);
0x0133	0x3003      	MOVLW      3
0x0134	0x00FC      	MOVWF      R12
0x0135	0x3097      	MOVLW      151
0x0136	0x00FD      	MOVWF      R13
L_main41:
0x0137	0x0BFD      	DECFSZ     R13, 1
0x0138	0x2937      	GOTO       L_main41
0x0139	0x0BFC      	DECFSZ     R12, 1
0x013A	0x2937      	GOTO       L_main41
0x013B	0x0000      	NOP
0x013C	0x0000      	NOP
;2nd1.c,64 :: 		RB0_bit=0;
0x013D	0x1006      	BCF        RB0_bit, BitPos(RB0_bit+0)
;2nd1.c,65 :: 		delay_ms(18);
0x013E	0x3018      	MOVLW      24
0x013F	0x00FC      	MOVWF      R12
0x0140	0x305F      	MOVLW      95
0x0141	0x00FD      	MOVWF      R13
L_main42:
0x0142	0x0BFD      	DECFSZ     R13, 1
0x0143	0x2942      	GOTO       L_main42
0x0144	0x0BFC      	DECFSZ     R12, 1
0x0145	0x2942      	GOTO       L_main42
;2nd1.c,61 :: 		for(i=0;i<5;i++){
0x0146	0x0AF1      	INCF       R1, 1
;2nd1.c,66 :: 		}
0x0147	0x292A      	GOTO       L_main38
L_main39:
;2nd1.c,67 :: 		delay_ms(1000);
0x0148	0x3006      	MOVLW      6
0x0149	0x00FB      	MOVWF      R11
0x014A	0x3013      	MOVLW      19
0x014B	0x00FC      	MOVWF      R12
0x014C	0x30AD      	MOVLW      173
0x014D	0x00FD      	MOVWF      R13
L_main43:
0x014E	0x0BFD      	DECFSZ     R13, 1
0x014F	0x294E      	GOTO       L_main43
0x0150	0x0BFC      	DECFSZ     R12, 1
0x0151	0x294E      	GOTO       L_main43
0x0152	0x0BFB      	DECFSZ     R11, 1
0x0153	0x294E      	GOTO       L_main43
0x0154	0x0000      	NOP
0x0155	0x0000      	NOP
;2nd1.c,68 :: 		}
0x0156	0x281B      	GOTO       L_main0
;2nd1.c,69 :: 		}
L_end_main:
0x0157	0x2957      	GOTO       $+0
; end of _main
Symbol List:
//** Routines locations **
//ADDRESS    SIZE    PROCEDURE
//----------------------------------------------
0x0003       [7]    _____DoICP
0x000A      [12]    ___CC2DW
0x0016     [322]    _main
//** Variables locations ** 
//ADDRESS    SIZE    VARIABLE
//----------------------------------------------
0x0000       [1]    INDF
0x0002       [1]    PCL
0x0003       [1]    STATUS
0x0004       [1]    FSR
0x0006       [0]    RB0_bit
0x0006       [1]    PORTB
0x000A       [1]    PCLATH
0x0020       [2]    ___DoICPAddr
0x0070       [1]    R0
0x0071       [1]    R1
0x0072       [1]    R2
0x0073       [1]    R3
0x0074       [1]    R4
0x0075       [1]    R5
0x0076       [1]    R6
0x0077       [1]    R7
0x0078       [1]    R8
0x0079       [1]    R9
0x007A       [1]    R10
0x007B       [1]    R11
0x007C       [1]    R12
0x007D       [1]    R13
0x007E       [1]    R14
0x007F       [1]    R15
0x0086       [1]    TRISB
//** Label List: ** 
//----------------------------------------------
  L_main0
  L_main1
  L_main2
  L_main3
  L_main4
  L_main5
  L_main6
  L_main7
  L_main8
  L_main9
  L_main10
  L_main11
  L_main12
  L_main13
  L_main14
  L_main15
  L_main16
  L_main17
  L_main18
  L_main19
  L_main20
  L_main21
  L_main22
  L_main23
  L_main24
  L_main25
  L_main26
  L_main27
  L_main28
  L_main29
  L_main30
  L_main31
  L_main32
  L_main33
  L_main34
  L_main35
  L_main36
  L_main37
  L_main38
  L_main39
  L_main40
  L_main41
  L_main42
  L_main43
  L_end_main
  _main
  L_loopCA2AWs
  L_CA2AWend
  _CCA2AW_Loop1
  L_loopCS2Ss
  L_CS2Send
  _CCS2S_Loop1
  L_CCS2Send
  L_loopFZinSWs
  L_FZinSend
  _CC2D_Loop1
  L_end_____DoICP
  _____DoICP
  L_end_____DoIFC
  _____DoIFC
  L_end___CA2AW
  ___CA2AW
  L_end___CCA2AW
  ___CCA2AW
  L_end___CS2S
  ___CS2S
  L_end___CCS2S
  ___CCS2S
  L_end___FZinS
  ___FZinS
  L_end___CC2DW
  ___CC2DW
  L_end_Swap
  _Swap
