;  LST file generated by mikroListExporter - v.2.0 
; Date/Time: 18-Aug-15 9:19:19 PM
;----------------------------------------------

;Address Opcode 	ASM
0x0000	0x2816      	GOTO       22
_____DoICP:
;__Lib_System.c,6 :: 		
;__Lib_System.c,9 :: 		
0x0003	0x1283      	BCF        STATUS, 5
0x0004	0x1303      	BCF        STATUS, 6
0x0005	0x0821      	MOVF       ___DoICPAddr+1, 0
0x0006	0x008A      	MOVWF      PCLATH
;__Lib_System.c,10 :: 		
0x0007	0x0820      	MOVF       ___DoICPAddr, 0
0x0008	0x0082      	MOVWF      PCL
;__Lib_System.c,12 :: 		
L_end_____DoICP:
0x0009	0x0008      	RETURN
; end of _____DoICP
___CC2DW:
;__Lib_System.c,134 :: 		
;__Lib_System.c,137 :: 		
_CC2D_Loop1:
;__Lib_System.c,139 :: 		
0x000A	0x2003      	CALL       _____DoICP
0x000B	0x118A      	BCF        PCLATH, 3
0x000C	0x120A      	BCF        PCLATH, 4
;__Lib_System.c,141 :: 		
0x000D	0x0080      	MOVWF      INDF
;__Lib_System.c,142 :: 		
0x000E	0x0A84      	INCF       FSR, 1
;__Lib_System.c,143 :: 		
0x000F	0x0AA0      	INCF       ___DoICPAddr, 1
;__Lib_System.c,145 :: 		
0x0010	0x1903      	BTFSC      STATUS, 2
;__Lib_System.c,146 :: 		
0x0011	0x0AA1      	INCF       ___DoICPAddr+1, 1
;__Lib_System.c,147 :: 		
0x0012	0x03F0      	DECF       R0, 1
;__Lib_System.c,149 :: 		
0x0013	0x1D03      	BTFSS      STATUS, 2
;__Lib_System.c,150 :: 		
0x0014	0x280A      	GOTO       _CC2D_Loop1
;__Lib_System.c,152 :: 		
L_end___CC2DW:
0x0015	0x0008      	RETURN
; end of ___CC2DW
_main:
;4th.c,1 :: 		void main() {
;4th.c,2 :: 		short f=0;
0x0016	0x1283      	BCF        STATUS, 5
0x0017	0x1303      	BCF        STATUS, 6
0x0018	0x01A2      	CLRF       main_f_L0
0x0019	0x01A3      	CLRF       main_c_L0
0x001A	0x01A4      	CLRF       main_f2_L0
0x001B	0x01A5      	CLRF       main_c2_L0
;4th.c,6 :: 		trisd0_bit=1;
0x001C	0x1683      	BSF        STATUS, 5
0x001D	0x1408      	BSF        TRISD0_bit, BitPos(TRISD0_bit+0)
;4th.c,7 :: 		trisd1_bit=1;
0x001E	0x1488      	BSF        TRISD1_bit, BitPos(TRISD1_bit+0)
;4th.c,8 :: 		trisd2_bit=0;
0x001F	0x1108      	BCF        TRISD2_bit, BitPos(TRISD2_bit+0)
;4th.c,9 :: 		trisd3_bit=0;
0x0020	0x1188      	BCF        TRISD3_bit, BitPos(TRISD3_bit+0)
;4th.c,10 :: 		rd2_bit=0;
0x0021	0x1283      	BCF        STATUS, 5
0x0022	0x1108      	BCF        RD2_bit, BitPos(RD2_bit+0)
;4th.c,11 :: 		rd3_bit=0;
0x0023	0x1188      	BCF        RD3_bit, BitPos(RD3_bit+0)
;4th.c,12 :: 		trisb=0;
0x0024	0x1683      	BSF        STATUS, 5
0x0025	0x0186      	CLRF       TRISB
;4th.c,13 :: 		portb=0;
0x0026	0x1283      	BCF        STATUS, 5
0x0027	0x0186      	CLRF       PORTB
;4th.c,14 :: 		while(1){
L_main0:
;4th.c,15 :: 		if(rd0_bit==0&&f==0){
0x0028	0x1808      	BTFSC      RD0_bit, BitPos(RD0_bit+0)
0x0029	0x2841      	GOTO       L_main4
0x002A	0x0822      	MOVF       main_f_L0, 0
0x002B	0x3A00      	XORLW      0
0x002C	0x1D03      	BTFSS      STATUS, 2
0x002D	0x2841      	GOTO       L_main4
L__main51:
;4th.c,16 :: 		delay_ms(100);
0x002E	0x3082      	MOVLW      130
0x002F	0x00FC      	MOVWF      R12
0x0030	0x30DD      	MOVLW      221
0x0031	0x00FD      	MOVWF      R13
L_main5:
0x0032	0x0BFD      	DECFSZ     R13, 1
0x0033	0x2832      	GOTO       L_main5
0x0034	0x0BFC      	DECFSZ     R12, 1
0x0035	0x2832      	GOTO       L_main5
0x0036	0x0000      	NOP
0x0037	0x0000      	NOP
;4th.c,17 :: 		if(rd0_bit==0&&f==0){
0x0038	0x1808      	BTFSC      RD0_bit, BitPos(RD0_bit+0)
0x0039	0x2841      	GOTO       L_main8
0x003A	0x0822      	MOVF       main_f_L0, 0
0x003B	0x3A00      	XORLW      0
0x003C	0x1D03      	BTFSS      STATUS, 2
0x003D	0x2841      	GOTO       L_main8
L__main50:
;4th.c,18 :: 		f=1;
0x003E	0x3001      	MOVLW      1
0x003F	0x00A2      	MOVWF      main_f_L0
;4th.c,19 :: 		c++;
0x0040	0x0AA3      	INCF       main_c_L0, 1
;4th.c,20 :: 		}
L_main8:
;4th.c,21 :: 		}
L_main4:
;4th.c,23 :: 		if(rd1_bit==0&&f2==0){
0x0041	0x1888      	BTFSC      RD1_bit, BitPos(RD1_bit+0)
0x0042	0x285A      	GOTO       L_main11
0x0043	0x0824      	MOVF       main_f2_L0, 0
0x0044	0x3A00      	XORLW      0
0x0045	0x1D03      	BTFSS      STATUS, 2
0x0046	0x285A      	GOTO       L_main11
L__main49:
;4th.c,24 :: 		delay_ms(100);
0x0047	0x3082      	MOVLW      130
0x0048	0x00FC      	MOVWF      R12
0x0049	0x30DD      	MOVLW      221
0x004A	0x00FD      	MOVWF      R13
L_main12:
0x004B	0x0BFD      	DECFSZ     R13, 1
0x004C	0x284B      	GOTO       L_main12
0x004D	0x0BFC      	DECFSZ     R12, 1
0x004E	0x284B      	GOTO       L_main12
0x004F	0x0000      	NOP
0x0050	0x0000      	NOP
;4th.c,25 :: 		if(rd1_bit==0&&f2==0){
0x0051	0x1888      	BTFSC      RD1_bit, BitPos(RD1_bit+0)
0x0052	0x285A      	GOTO       L_main15
0x0053	0x0824      	MOVF       main_f2_L0, 0
0x0054	0x3A00      	XORLW      0
0x0055	0x1D03      	BTFSS      STATUS, 2
0x0056	0x285A      	GOTO       L_main15
L__main48:
;4th.c,26 :: 		f2=1;
0x0057	0x3001      	MOVLW      1
0x0058	0x00A4      	MOVWF      main_f2_L0
;4th.c,27 :: 		c2++;
0x0059	0x0AA5      	INCF       main_c2_L0, 1
;4th.c,28 :: 		}
L_main15:
;4th.c,29 :: 		}
L_main11:
;4th.c,31 :: 		if(rd0_bit==1){f=0;}
0x005A	0x1C08      	BTFSS      RD0_bit, BitPos(RD0_bit+0)
0x005B	0x285D      	GOTO       L_main16
0x005C	0x01A2      	CLRF       main_f_L0
L_main16:
;4th.c,32 :: 		if(rd1_bit==1){f2=0;}
0x005D	0x1C88      	BTFSS      RD1_bit, BitPos(RD1_bit+0)
0x005E	0x2860      	GOTO       L_main17
0x005F	0x01A4      	CLRF       main_f2_L0
L_main17:
;4th.c,33 :: 		if(c2==1||c==1){portb=255;}
0x0060	0x0825      	MOVF       main_c2_L0, 0
0x0061	0x3A01      	XORLW      1
0x0062	0x1903      	BTFSC      STATUS, 2
0x0063	0x2869      	GOTO       L__main47
0x0064	0x0823      	MOVF       main_c_L0, 0
0x0065	0x3A01      	XORLW      1
0x0066	0x1903      	BTFSC      STATUS, 2
0x0067	0x2869      	GOTO       L__main47
0x0068	0x286B      	GOTO       L_main20
L__main47:
0x0069	0x30FF      	MOVLW      255
0x006A	0x0086      	MOVWF      PORTB
L_main20:
;4th.c,34 :: 		if(c2==2||c==2){portb=0b10101010;}
0x006B	0x0825      	MOVF       main_c2_L0, 0
0x006C	0x3A02      	XORLW      2
0x006D	0x1903      	BTFSC      STATUS, 2
0x006E	0x2874      	GOTO       L__main46
0x006F	0x0823      	MOVF       main_c_L0, 0
0x0070	0x3A02      	XORLW      2
0x0071	0x1903      	BTFSC      STATUS, 2
0x0072	0x2874      	GOTO       L__main46
0x0073	0x2876      	GOTO       L_main23
L__main46:
0x0074	0x30AA      	MOVLW      170
0x0075	0x0086      	MOVWF      PORTB
L_main23:
;4th.c,35 :: 		if(c2==3||c==3){portb=0b11000011;}
0x0076	0x0825      	MOVF       main_c2_L0, 0
0x0077	0x3A03      	XORLW      3
0x0078	0x1903      	BTFSC      STATUS, 2
0x0079	0x287F      	GOTO       L__main45
0x007A	0x0823      	MOVF       main_c_L0, 0
0x007B	0x3A03      	XORLW      3
0x007C	0x1903      	BTFSC      STATUS, 2
0x007D	0x287F      	GOTO       L__main45
0x007E	0x2881      	GOTO       L_main26
L__main45:
0x007F	0x30C3      	MOVLW      195
0x0080	0x0086      	MOVWF      PORTB
L_main26:
;4th.c,36 :: 		if(c2==4||c==4){portb=0b00111100;}
0x0081	0x0825      	MOVF       main_c2_L0, 0
0x0082	0x3A04      	XORLW      4
0x0083	0x1903      	BTFSC      STATUS, 2
0x0084	0x288A      	GOTO       L__main44
0x0085	0x0823      	MOVF       main_c_L0, 0
0x0086	0x3A04      	XORLW      4
0x0087	0x1903      	BTFSC      STATUS, 2
0x0088	0x288A      	GOTO       L__main44
0x0089	0x288C      	GOTO       L_main29
L__main44:
0x008A	0x303C      	MOVLW      60
0x008B	0x0086      	MOVWF      PORTB
L_main29:
;4th.c,37 :: 		if(c2==5||c==5){portb=0;}
0x008C	0x0825      	MOVF       main_c2_L0, 0
0x008D	0x3A05      	XORLW      5
0x008E	0x1903      	BTFSC      STATUS, 2
0x008F	0x2895      	GOTO       L__main43
0x0090	0x0823      	MOVF       main_c_L0, 0
0x0091	0x3A05      	XORLW      5
0x0092	0x1903      	BTFSC      STATUS, 2
0x0093	0x2895      	GOTO       L__main43
0x0094	0x2896      	GOTO       L_main32
L__main43:
0x0095	0x0186      	CLRF       PORTB
L_main32:
;4th.c,38 :: 		if(c2==6||c==6){c=1;c2=1;}
0x0096	0x0825      	MOVF       main_c2_L0, 0
0x0097	0x3A06      	XORLW      6
0x0098	0x1903      	BTFSC      STATUS, 2
0x0099	0x289F      	GOTO       L__main42
0x009A	0x0823      	MOVF       main_c_L0, 0
0x009B	0x3A06      	XORLW      6
0x009C	0x1903      	BTFSC      STATUS, 2
0x009D	0x289F      	GOTO       L__main42
0x009E	0x28A3      	GOTO       L_main35
L__main42:
0x009F	0x3001      	MOVLW      1
0x00A0	0x00A3      	MOVWF      main_c_L0
0x00A1	0x3001      	MOVLW      1
0x00A2	0x00A5      	MOVWF      main_c2_L0
L_main35:
;4th.c,40 :: 		if(rd1_bit==1){f2=0;}
0x00A3	0x1C88      	BTFSS      RD1_bit, BitPos(RD1_bit+0)
0x00A4	0x28A6      	GOTO       L_main36
0x00A5	0x01A4      	CLRF       main_f2_L0
L_main36:
;4th.c,41 :: 		if(c2==1){rd2_bit==0b0; rd3_bit==0b1;}
0x00A6	0x0825      	MOVF       main_c2_L0, 0
0x00A7	0x3A01      	XORLW      1
0x00A8	0x1D03      	BTFSS      STATUS, 2
0x00A9	0x28AA      	GOTO       L_main37
L_main37:
;4th.c,42 :: 		if(c2==2){rd2_bit==0b0; rd3_bit==0b0;}
0x00AA	0x0825      	MOVF       main_c2_L0, 0
0x00AB	0x3A02      	XORLW      2
0x00AC	0x1D03      	BTFSS      STATUS, 2
0x00AD	0x28AE      	GOTO       L_main38
L_main38:
;4th.c,43 :: 		if(c2==3){rd2_bit==0b1; rd3_bit==0b0;}
0x00AE	0x0825      	MOVF       main_c2_L0, 0
0x00AF	0x3A03      	XORLW      3
0x00B0	0x1D03      	BTFSS      STATUS, 2
0x00B1	0x28B2      	GOTO       L_main39
L_main39:
;4th.c,44 :: 		if(c2==4){rd2_bit==0b1; rd3_bit==0b1;}
0x00B2	0x0825      	MOVF       main_c2_L0, 0
0x00B3	0x3A04      	XORLW      4
0x00B4	0x1D03      	BTFSS      STATUS, 2
0x00B5	0x28B6      	GOTO       L_main40
L_main40:
;4th.c,45 :: 		if(c2==5){c2==1;}
0x00B6	0x0825      	MOVF       main_c2_L0, 0
0x00B7	0x3A05      	XORLW      5
0x00B8	0x1D03      	BTFSS      STATUS, 2
0x00B9	0x28BA      	GOTO       L_main41
L_main41:
;4th.c,47 :: 		}
0x00BA	0x2828      	GOTO       L_main0
;4th.c,48 :: 		}
L_end_main:
0x00BB	0x28BB      	GOTO       $+0
; end of _main
Symbol List:
//** Routines locations **
//ADDRESS    SIZE    PROCEDURE
//----------------------------------------------
0x0003       [7]    _____DoICP
0x000A      [12]    ___CC2DW
0x0016     [166]    _main
//** Variables locations ** 
//ADDRESS    SIZE    VARIABLE
//----------------------------------------------
0x0000       [1]    INDF
0x0002       [1]    PCL
0x0003       [1]    STATUS
0x0004       [1]    FSR
0x0006       [1]    PORTB
0x0008       [0]    RD1_bit
0x0008       [0]    RD0_bit
0x0008       [0]    RD2_bit
0x0008       [0]    RD3_bit
0x000A       [1]    PCLATH
0x0020       [2]    ___DoICPAddr
0x0022       [1]    main_f_L0
0x0023       [1]    main_c_L0
0x0024       [1]    main_f2_L0
0x0025       [1]    main_c2_L0
0x0070       [1]    R0
0x0071       [1]    R1
0x0072       [1]    R2
0x0073       [1]    R3
0x0074       [1]    R4
0x0075       [1]    R5
0x0076       [1]    R6
0x0077       [1]    R7
0x0078       [1]    R8
0x0079       [1]    R9
0x007A       [1]    R10
0x007B       [1]    R11
0x007C       [1]    R12
0x007D       [1]    R13
0x007E       [1]    R14
0x007F       [1]    R15
0x0086       [1]    TRISB
0x0088       [0]    TRISD3_bit
0x0088       [0]    TRISD2_bit
0x0088       [0]    TRISD0_bit
0x0088       [0]    TRISD1_bit
//** Label List: ** 
//----------------------------------------------
  L_main0
  L_main1
  L_main2
  L_main3
  L_main4
  L_main5
  L_main6
  L_main7
  L_main8
  L_main9
  L_main10
  L_main11
  L_main12
  L_main13
  L_main14
  L_main15
  L_main16
  L_main17
  L_main18
  L_main19
  L_main20
  L_main21
  L_main22
  L_main23
  L_main24
  L_main25
  L_main26
  L_main27
  L_main28
  L_main29
  L_main30
  L_main31
  L_main32
  L_main33
  L_main34
  L_main35
  L_main36
  L_main37
  L_main38
  L_main39
  L_main40
  L_main41
  L__main42
  L__main43
  L__main44
  L__main45
  L__main46
  L__main47
  L__main48
  L__main49
  L__main50
  L__main51
  L_end_main
  _main
  L_loopCA2AWs
  L_CA2AWend
  _CCA2AW_Loop1
  L_loopCS2Ss
  L_CS2Send
  _CCS2S_Loop1
  L_CCS2Send
  L_loopFZinSWs
  L_FZinSend
  _CC2D_Loop1
  L_end_____DoICP
  _____DoICP
  L_end_____DoIFC
  _____DoIFC
  L_end___CA2AW
  ___CA2AW
  L_end___CCA2AW
  ___CCA2AW
  L_end___CS2S
  ___CS2S
  L_end___CCS2S
  ___CCS2S
  L_end___FZinS
  ___FZinS
  L_end___CC2DW
  ___CC2DW
  L_end_Swap
  _Swap
