;  LST file generated by mikroListExporter - v.2.0 
; Date/Time: 24-Aug-15 1:44:22 PM
;----------------------------------------------

;Address Opcode 	ASM
0x0000	0x297C      	GOTO       380
_RES032:
;__Lib_MathDouble.c,123 :: 		
;__Lib_MathDouble.c,128 :: 		
0x0003	0x01F2      	CLRF       R2
;__Lib_MathDouble.c,129 :: 		
0x0004	0x01F1      	CLRF       R1
;__Lib_MathDouble.c,130 :: 		
0x0005	0x01F0      	CLRF       R0
;__Lib_MathDouble.c,131 :: 		
0x0006	0x01F8      	CLRF       R8
;__Lib_MathDouble.c,132 :: 		
0x0007	0x01F3      	CLRF       R3
;__Lib_MathDouble.c,133 :: 		
0x0008	0x3000      	MOVLW      0
;__Lib_MathDouble.c,135 :: 		
L_end_RES032:
0x0009	0x0008      	RETURN
; end of _RES032
_SETFUN32:
;__Lib_MathDouble.c,138 :: 		
;__Lib_MathDouble.c,145 :: 		
0x000A	0x157B      	BSF        R11, 2
;__Lib_MathDouble.c,146 :: 		
0x000B	0x1FFB      	BTFSS      R11, 7
;__Lib_MathDouble.c,147 :: 		
0x000C	0x2814      	GOTO       SETFUN32EEE
;__Lib_MathDouble.c,148 :: 		
0x000D	0x3001      	MOVLW      1
;__Lib_MathDouble.c,149 :: 		
0x000E	0x00F3      	MOVWF      R3
;__Lib_MathDouble.c,150 :: 		
0x000F	0x01F2      	CLRF       R2
;__Lib_MathDouble.c,151 :: 		
0x0010	0x01F1      	CLRF       R1
;__Lib_MathDouble.c,152 :: 		
0x0011	0x01F0      	CLRF       R0
;__Lib_MathDouble.c,153 :: 		
0x0012	0x0DFA      	RLF        R10, 1
;__Lib_MathDouble.c,154 :: 		
0x0013	0x0CF2      	RRF        R2, 1
;__Lib_MathDouble.c,155 :: 		
SETFUN32EEE:
;__Lib_MathDouble.c,156 :: 		
0x0014	0x30FF      	MOVLW      255
;__Lib_MathDouble.c,158 :: 		
L_end_SETFUN32:
0x0015	0x0008      	RETURN
; end of _SETFUN32
_FIXSIGN32:
;__Lib_MathDouble.c,112 :: 		
;__Lib_MathDouble.c,116 :: 		
0x0016	0x1FFA      	BTFSS      R10, 7
;__Lib_MathDouble.c,117 :: 		
0x0017	0x13F2      	BCF        R2, 7
;__Lib_MathDouble.c,118 :: 		
0x0018	0x3000      	MOVLW      0
;__Lib_MathDouble.c,120 :: 		
L_end_FIXSIGN32:
0x0019	0x0008      	RETURN
; end of _FIXSIGN32
_SETFOV32:
;__Lib_MathDouble.c,79 :: 		
;__Lib_MathDouble.c,86 :: 		
0x001A	0x14FB      	BSF        R11, 1
;__Lib_MathDouble.c,87 :: 		
0x001B	0x1FFB      	BTFSS      R11, 7
;__Lib_MathDouble.c,88 :: 		
0x001C	0x2824      	GOTO       SETFOV32EEE
;__Lib_MathDouble.c,89 :: 		
0x001D	0x30FF      	MOVLW      255
;__Lib_MathDouble.c,90 :: 		
0x001E	0x00F3      	MOVWF      R3
;__Lib_MathDouble.c,91 :: 		
0x001F	0x00F2      	MOVWF      R2
;__Lib_MathDouble.c,92 :: 		
0x0020	0x00F1      	MOVWF      R1
;__Lib_MathDouble.c,93 :: 		
0x0021	0x00F0      	MOVWF      R0
;__Lib_MathDouble.c,94 :: 		
0x0022	0x0DFA      	RLF        R10, 1
;__Lib_MathDouble.c,95 :: 		
0x0023	0x0CF2      	RRF        R2, 1
;__Lib_MathDouble.c,96 :: 		
SETFOV32EEE:
;__Lib_MathDouble.c,97 :: 		
0x0024	0x30FF      	MOVLW      255
;__Lib_MathDouble.c,99 :: 		
L_end_SETFOV32:
0x0025	0x0008      	RETURN
; end of _SETFOV32
_NRM3232:
;__Lib_MathDouble.c,167 :: 		
;__Lib_MathDouble.c,173 :: 		
;__Lib_MathDouble.c,175 :: 		
0x0026	0x01A0      	CLRF       __math_tempbD
;__Lib_MathDouble.c,176 :: 		
0x0027	0x0872      	MOVF       R2, 0
;__Lib_MathDouble.c,177 :: 		
0x0028	0x1D03      	BTFSS      STATUS, 2
;__Lib_MathDouble.c,178 :: 		
0x0029	0x283B      	GOTO       NORM3232
;__Lib_MathDouble.c,179 :: 		
0x002A	0x0871      	MOVF       R1, 0
;__Lib_MathDouble.c,180 :: 		
0x002B	0x00F2      	MOVWF      R2
;__Lib_MathDouble.c,181 :: 		
0x002C	0x0870      	MOVF       R0, 0
;__Lib_MathDouble.c,182 :: 		
0x002D	0x00F1      	MOVWF      R1
;__Lib_MathDouble.c,183 :: 		
0x002E	0x01F0      	CLRF       R0
;__Lib_MathDouble.c,184 :: 		
0x002F	0x15A0      	BSF        __math_tempbD, 3
;__Lib_MathDouble.c,186 :: 		
0x0030	0x0872      	MOVF       R2, 0
;__Lib_MathDouble.c,187 :: 		
0x0031	0x1D03      	BTFSS      STATUS, 2
;__Lib_MathDouble.c,188 :: 		
0x0032	0x283B      	GOTO       NORM3232
;__Lib_MathDouble.c,189 :: 		
0x0033	0x0871      	MOVF       R1, 0
;__Lib_MathDouble.c,190 :: 		
0x0034	0x00F2      	MOVWF      R2
;__Lib_MathDouble.c,191 :: 		
0x0035	0x01F1      	CLRF       R1
;__Lib_MathDouble.c,192 :: 		
0x0036	0x11A0      	BCF        __math_tempbD, 3
;__Lib_MathDouble.c,193 :: 		
0x0037	0x1620      	BSF        __math_tempbD, 4
;__Lib_MathDouble.c,195 :: 		
0x0038	0x0872      	MOVF       R2, 0
;__Lib_MathDouble.c,196 :: 		
0x0039	0x1903      	BTFSC      STATUS, 2
;__Lib_MathDouble.c,197 :: 		
0x003A	0x2849      	GOTO       JPNRES032
;__Lib_MathDouble.c,198 :: 		
NORM3232:
;__Lib_MathDouble.c,199 :: 		
0x003B	0x0820      	MOVF       __math_tempbD, 0
;__Lib_MathDouble.c,200 :: 		
0x003C	0x02F3      	SUBWF      R3, 1
;__Lib_MathDouble.c,201 :: 		
0x003D	0x1D03      	BTFSS      STATUS, 2
;__Lib_MathDouble.c,202 :: 		
0x003E	0x1C03      	BTFSS      STATUS, 0
;__Lib_MathDouble.c,203 :: 		
0x003F	0x284D      	GOTO       JPNSETFUN32
;__Lib_MathDouble.c,204 :: 		
0x0040	0x1003      	BCF        STATUS, 0
;__Lib_MathDouble.c,205 :: 		
NORM3232A:
;__Lib_MathDouble.c,206 :: 		
0x0041	0x1BF2      	BTFSC      R2, 7
;__Lib_MathDouble.c,207 :: 		
0x0042	0x2851      	GOTO       JMPNFIXSIGN32
;__Lib_MathDouble.c,208 :: 		
0x0043	0x0DF0      	RLF        R0, 1
;__Lib_MathDouble.c,209 :: 		
0x0044	0x0DF1      	RLF        R1, 1
;__Lib_MathDouble.c,210 :: 		
0x0045	0x0DF2      	RLF        R2, 1
;__Lib_MathDouble.c,211 :: 		
0x0046	0x0BF3      	DECFSZ     R3, 1
;__Lib_MathDouble.c,212 :: 		
0x0047	0x2841      	GOTO       NORM3232A
;__Lib_MathDouble.c,213 :: 		
0x0048	0x284D      	GOTO       JPNSETFUN32
;__Lib_MathDouble.c,214 :: 		
JPNRES032:
;__Lib_MathDouble.c,215 :: 		
0x0049	0x3001      	MOVLW      1
;__Lib_MathDouble.c,216 :: 		
0x004A	0x00FC      	MOVWF      R12
;__Lib_MathDouble.c,218 :: 		
0x004B	0x2003      	CALL       _RES032
;__Lib_MathDouble.c,220 :: 		
0x004C	0x2854      	GOTO       NORM32EEE
;__Lib_MathDouble.c,221 :: 		
JPNSETFUN32:
;__Lib_MathDouble.c,222 :: 		
0x004D	0x3002      	MOVLW      2
;__Lib_MathDouble.c,223 :: 		
0x004E	0x00FC      	MOVWF      R12
;__Lib_MathDouble.c,225 :: 		
0x004F	0x200A      	CALL       _SETFUN32
;__Lib_MathDouble.c,227 :: 		
0x0050	0x2854      	GOTO       NORM32EEE
;__Lib_MathDouble.c,228 :: 		
JMPNFIXSIGN32:
;__Lib_MathDouble.c,229 :: 		
0x0051	0x3004      	MOVLW      4
;__Lib_MathDouble.c,230 :: 		
0x0052	0x00FC      	MOVWF      R12
;__Lib_MathDouble.c,232 :: 		
0x0053	0x2016      	CALL       _FIXSIGN32
;__Lib_MathDouble.c,234 :: 		
NORM32EEE:
;__Lib_MathDouble.c,236 :: 		
L_end_NRM3232:
0x0054	0x0008      	RETURN
; end of _NRM3232
_SETIOV3224:
;__Lib_MathDouble.c,1000 :: 		
;__Lib_MathDouble.c,1006 :: 		
0x0055	0x147B      	BSF        R11, 0
;__Lib_MathDouble.c,1007 :: 		
0x0056	0x1FFB      	BTFSS      R11, 7
;__Lib_MathDouble.c,1008 :: 		
0x0057	0x2860      	GOTO       SETIOV3224EEE
;__Lib_MathDouble.c,1010 :: 		
0x0058	0x01F2      	CLRF       R2
;__Lib_MathDouble.c,1011 :: 		
0x0059	0x1FFA      	BTFSS      R10, 7
;__Lib_MathDouble.c,1012 :: 		
0x005A	0x30FF      	MOVLW      255
;__Lib_MathDouble.c,1013 :: 		
0x005B	0x00F2      	MOVWF      R2
;__Lib_MathDouble.c,1014 :: 		
0x005C	0x00F1      	MOVWF      R1
;__Lib_MathDouble.c,1015 :: 		
0x005D	0x00F0      	MOVWF      R0
;__Lib_MathDouble.c,1016 :: 		
0x005E	0x0DFA      	RLF        R10, 1
;__Lib_MathDouble.c,1017 :: 		
0x005F	0x0CF2      	RRF        R2, 1
;__Lib_MathDouble.c,1018 :: 		
SETIOV3224EEE:
;__Lib_MathDouble.c,1019 :: 		
0x0060	0x30FF      	MOVLW      255
;__Lib_MathDouble.c,1021 :: 		
L_end_SETIOV3224:
0x0061	0x0008      	RETURN
; end of _SETIOV3224
_Delay_22us:
;__Lib_Delays.c,15 :: 		void Delay_22us() {
;__Lib_Delays.c,16 :: 		Delay_us(22);
0x0062	0x3007      	MOVLW      7
0x0063	0x1283      	BCF        STATUS, 5
0x0064	0x1303      	BCF        STATUS, 6
0x0065	0x00FD      	MOVWF      R13
L_Delay_22us1:
0x0066	0x0BFD      	DECFSZ     R13, 1
0x0067	0x2866      	GOTO       L_Delay_22us1
;__Lib_Delays.c,17 :: 		}
L_end_Delay_22us:
0x0068	0x0008      	RETURN
; end of _Delay_22us
_____DoICP:
;__Lib_System.c,6 :: 		
;__Lib_System.c,9 :: 		
0x0069	0x1283      	BCF        STATUS, 5
0x006A	0x1303      	BCF        STATUS, 6
0x006B	0x0822      	MOVF       ___DoICPAddr+1, 0
0x006C	0x008A      	MOVWF      PCLATH
;__Lib_System.c,10 :: 		
0x006D	0x0821      	MOVF       ___DoICPAddr, 0
0x006E	0x0082      	MOVWF      PCL
;__Lib_System.c,12 :: 		
L_end_____DoICP:
0x006F	0x0008      	RETURN
; end of _____DoICP
___CC2DW:
;__Lib_System.c,134 :: 		
;__Lib_System.c,137 :: 		
_CC2D_Loop1:
;__Lib_System.c,139 :: 		
0x0070	0x2069      	CALL       _____DoICP
0x0071	0x118A      	BCF        PCLATH, 3
0x0072	0x120A      	BCF        PCLATH, 4
;__Lib_System.c,141 :: 		
0x0073	0x0080      	MOVWF      INDF
;__Lib_System.c,142 :: 		
0x0074	0x0A84      	INCF       FSR, 1
;__Lib_System.c,143 :: 		
0x0075	0x0AA1      	INCF       ___DoICPAddr, 1
;__Lib_System.c,145 :: 		
0x0076	0x1903      	BTFSC      STATUS, 2
;__Lib_System.c,146 :: 		
0x0077	0x0AA2      	INCF       ___DoICPAddr+1, 1
;__Lib_System.c,147 :: 		
0x0078	0x03F0      	DECF       R0, 1
;__Lib_System.c,149 :: 		
0x0079	0x1D03      	BTFSS      STATUS, 2
;__Lib_System.c,150 :: 		
0x007A	0x2870      	GOTO       _CC2D_Loop1
;__Lib_System.c,152 :: 		
L_end___CC2DW:
0x007B	0x0008      	RETURN
; end of ___CC2DW
_Mul_32x32_FP:
;__Lib_MathDouble.c,610 :: 		
;__Lib_MathDouble.c,622 :: 		
;__Lib_MathDouble.c,624 :: 		
0x007C	0x1283      	BCF        STATUS, 5
;__Lib_MathDouble.c,625 :: 		
0x007D	0x1303      	BCF        STATUS, 6
;__Lib_MathDouble.c,627 :: 		
0x007E	0x01FB      	CLRF       R11
;__Lib_MathDouble.c,628 :: 		
0x007F	0x0873      	MOVF       R3, 0
;__Lib_MathDouble.c,629 :: 		
0x0080	0x1D03      	BTFSS      STATUS, 2
;__Lib_MathDouble.c,630 :: 		
0x0081	0x0877      	MOVF       R7, 0
;__Lib_MathDouble.c,631 :: 		
0x0082	0x1903      	BTFSC      STATUS, 2
;__Lib_MathDouble.c,632 :: 		
0x0083	0x28D3      	GOTO       JPMRES032
;__Lib_MathDouble.c,634 :: 		
0x0084	0x0872      	MOVF       R2, 0
;__Lib_MathDouble.c,635 :: 		
0x0085	0x0676      	XORWF      R6, 0
;__Lib_MathDouble.c,636 :: 		
0x0086	0x00FA      	MOVWF      R10
;__Lib_MathDouble.c,637 :: 		
0x0087	0x0877      	MOVF       R7, 0
;__Lib_MathDouble.c,638 :: 		
0x0088	0x07F3      	ADDWF      R3, 1
;__Lib_MathDouble.c,639 :: 		
0x0089	0x307E      	MOVLW      126
;__Lib_MathDouble.c,640 :: 		
0x008A	0x1C03      	BTFSS      STATUS, 0
;__Lib_MathDouble.c,641 :: 		
0x008B	0x2890      	GOTO       MTUN32
;__Lib_MathDouble.c,642 :: 		
0x008C	0x02F3      	SUBWF      R3, 1
;__Lib_MathDouble.c,643 :: 		
0x008D	0x1803      	BTFSC      STATUS, 0
;__Lib_MathDouble.c,644 :: 		
0x008E	0x28D6      	GOTO       JPMSETFOV32
;__Lib_MathDouble.c,645 :: 		
0x008F	0x2893      	GOTO       MOK32
;__Lib_MathDouble.c,646 :: 		
MTUN32:
;__Lib_MathDouble.c,647 :: 		
0x0090	0x02F3      	SUBWF      R3, 1
;__Lib_MathDouble.c,648 :: 		
0x0091	0x1C03      	BTFSS      STATUS, 0
;__Lib_MathDouble.c,649 :: 		
0x0092	0x28D9      	GOTO       JPMSETFUN32
;__Lib_MathDouble.c,650 :: 		
MOK32:
;__Lib_MathDouble.c,651 :: 		
0x0093	0x0872      	MOVF       R2, 0
;__Lib_MathDouble.c,652 :: 		
0x0094	0x00F8      	MOVWF      R8
;__Lib_MathDouble.c,653 :: 		
0x0095	0x0871      	MOVF       R1, 0
;__Lib_MathDouble.c,654 :: 		
0x0096	0x00FC      	MOVWF      R12
;__Lib_MathDouble.c,655 :: 		
0x0097	0x0870      	MOVF       R0, 0
;__Lib_MathDouble.c,656 :: 		
0x0098	0x00FD      	MOVWF      R13
;__Lib_MathDouble.c,657 :: 		
0x0099	0x17F8      	BSF        R8, 7
;__Lib_MathDouble.c,658 :: 		
0x009A	0x17F6      	BSF        R6, 7
;__Lib_MathDouble.c,659 :: 		
0x009B	0x1003      	BCF        STATUS, 0
;__Lib_MathDouble.c,660 :: 		
0x009C	0x01F2      	CLRF       R2
;__Lib_MathDouble.c,661 :: 		
0x009D	0x01F1      	CLRF       R1
;__Lib_MathDouble.c,662 :: 		
0x009E	0x01F0      	CLRF       R0
;__Lib_MathDouble.c,663 :: 		
0x009F	0x3018      	MOVLW      24
;__Lib_MathDouble.c,664 :: 		
0x00A0	0x00A0      	MOVWF      __math_tempbD
;__Lib_MathDouble.c,665 :: 		
MLOOP32:
;__Lib_MathDouble.c,666 :: 		
0x00A1	0x1C7D      	BTFSS      R13, 0
;__Lib_MathDouble.c,667 :: 		
0x00A2	0x28AD      	GOTO       MNOADD32
;__Lib_MathDouble.c,669 :: 		
0x00A3	0x0874      	MOVF       R4, 0
;__Lib_MathDouble.c,670 :: 		
0x00A4	0x07F0      	ADDWF      R0, 1
;__Lib_MathDouble.c,671 :: 		
0x00A5	0x0875      	MOVF       R5, 0
;__Lib_MathDouble.c,672 :: 		
0x00A6	0x1803      	BTFSC      STATUS, 0
;__Lib_MathDouble.c,673 :: 		
0x00A7	0x0F75      	INCFSZ     R5, 0
;__Lib_MathDouble.c,674 :: 		
0x00A8	0x07F1      	ADDWF      R1, 1
;__Lib_MathDouble.c,675 :: 		
0x00A9	0x0876      	MOVF       R6, 0
;__Lib_MathDouble.c,676 :: 		
0x00AA	0x1803      	BTFSC      STATUS, 0
;__Lib_MathDouble.c,677 :: 		
0x00AB	0x0F76      	INCFSZ     R6, 0
;__Lib_MathDouble.c,678 :: 		
0x00AC	0x07F2      	ADDWF      R2, 1
;__Lib_MathDouble.c,679 :: 		
MNOADD32:
;__Lib_MathDouble.c,680 :: 		
0x00AD	0x0CF2      	RRF        R2, 1
;__Lib_MathDouble.c,681 :: 		
0x00AE	0x0CF1      	RRF        R1, 1
;__Lib_MathDouble.c,682 :: 		
0x00AF	0x0CF0      	RRF        R0, 1
;__Lib_MathDouble.c,683 :: 		
0x00B0	0x0CF8      	RRF        R8, 1
;__Lib_MathDouble.c,684 :: 		
0x00B1	0x0CFC      	RRF        R12, 1
;__Lib_MathDouble.c,685 :: 		
0x00B2	0x0CFD      	RRF        R13, 1
;__Lib_MathDouble.c,686 :: 		
0x00B3	0x1003      	BCF        STATUS, 0
;__Lib_MathDouble.c,687 :: 		
0x00B4	0x0BA0      	DECFSZ     __math_tempbD, 1
;__Lib_MathDouble.c,688 :: 		
0x00B5	0x28A1      	GOTO       MLOOP32
;__Lib_MathDouble.c,689 :: 		
0x00B6	0x1BF2      	BTFSC      R2, 7
;__Lib_MathDouble.c,690 :: 		
0x00B7	0x28BD      	GOTO       MROUND32
;__Lib_MathDouble.c,691 :: 		
0x00B8	0x0DF8      	RLF        R8, 1
;__Lib_MathDouble.c,692 :: 		
0x00B9	0x0DF0      	RLF        R0, 1
;__Lib_MathDouble.c,693 :: 		
0x00BA	0x0DF1      	RLF        R1, 1
;__Lib_MathDouble.c,694 :: 		
0x00BB	0x0DF2      	RLF        R2, 1
;__Lib_MathDouble.c,695 :: 		
0x00BC	0x03F3      	DECF       R3, 1
;__Lib_MathDouble.c,696 :: 		
MROUND32:
;__Lib_MathDouble.c,697 :: 		
0x00BD	0x1B7B      	BTFSC      R11, 6
;__Lib_MathDouble.c,698 :: 		
0x00BE	0x1C70      	BTFSS      R0, 0
;__Lib_MathDouble.c,699 :: 		
0x00BF	0x28CF      	GOTO       MUL32OK
;__Lib_MathDouble.c,700 :: 		
0x00C0	0x1FF8      	BTFSS      R8, 7
;__Lib_MathDouble.c,701 :: 		
0x00C1	0x28CF      	GOTO       MUL32OK
;__Lib_MathDouble.c,702 :: 		
0x00C2	0x0AF0      	INCF       R0, 1
;__Lib_MathDouble.c,703 :: 		
0x00C3	0x1903      	BTFSC      STATUS, 2
;__Lib_MathDouble.c,704 :: 		
0x00C4	0x0AF1      	INCF       R1, 1
;__Lib_MathDouble.c,705 :: 		
0x00C5	0x1903      	BTFSC      STATUS, 2
;__Lib_MathDouble.c,706 :: 		
0x00C6	0x0AF2      	INCF       R2, 1
;__Lib_MathDouble.c,707 :: 		
0x00C7	0x1D03      	BTFSS      STATUS, 2
;__Lib_MathDouble.c,708 :: 		
0x00C8	0x28CF      	GOTO       MUL32OK
;__Lib_MathDouble.c,709 :: 		
0x00C9	0x0CF2      	RRF        R2, 1
;__Lib_MathDouble.c,710 :: 		
0x00CA	0x0CF1      	RRF        R1, 1
;__Lib_MathDouble.c,711 :: 		
0x00CB	0x0CF0      	RRF        R0, 1
;__Lib_MathDouble.c,712 :: 		
0x00CC	0x0AF3      	INCF       R3, 1
;__Lib_MathDouble.c,713 :: 		
0x00CD	0x1903      	BTFSC      STATUS, 2
;__Lib_MathDouble.c,714 :: 		
0x00CE	0x28D6      	GOTO       JPMSETFOV32
;__Lib_MathDouble.c,715 :: 		
MUL32OK:
;__Lib_MathDouble.c,716 :: 		
0x00CF	0x1FFA      	BTFSS      R10, 7
;__Lib_MathDouble.c,717 :: 		
0x00D0	0x13F2      	BCF        R2, 7
;__Lib_MathDouble.c,718 :: 		
0x00D1	0x3000      	MOVLW      0
;__Lib_MathDouble.c,720 :: 		
0x00D2	0x28DB      	GOTO       MUL32EEE
;__Lib_MathDouble.c,721 :: 		
JPMRES032:
;__Lib_MathDouble.c,722 :: 		
0x00D3	0x3001      	MOVLW      1
;__Lib_MathDouble.c,725 :: 		
0x00D4	0x2003      	CALL       _RES032
;__Lib_MathDouble.c,727 :: 		
0x00D5	0x28DB      	GOTO       MUL32EEE
;__Lib_MathDouble.c,728 :: 		
JPMSETFOV32:
;__Lib_MathDouble.c,729 :: 		
0x00D6	0x3002      	MOVLW      2
;__Lib_MathDouble.c,732 :: 		
0x00D7	0x201A      	CALL       _SETFOV32
;__Lib_MathDouble.c,734 :: 		
0x00D8	0x28DB      	GOTO       MUL32EEE
;__Lib_MathDouble.c,735 :: 		
JPMSETFUN32:
;__Lib_MathDouble.c,736 :: 		
0x00D9	0x3004      	MOVLW      4
;__Lib_MathDouble.c,739 :: 		
0x00DA	0x200A      	CALL       _SETFUN32
;__Lib_MathDouble.c,741 :: 		
MUL32EEE:
;__Lib_MathDouble.c,742 :: 		
0x00DB	0x0000      	NOP
;__Lib_MathDouble.c,749 :: 		
L_end_Mul_32x32_FP:
0x00DC	0x0008      	RETURN
; end of _Mul_32x32_FP
_Int2Double:
;__Lib_MathDouble.c,1812 :: 		
;__Lib_MathDouble.c,1818 :: 		
0x00DD	0x1283      	BCF        STATUS, 5
;__Lib_MathDouble.c,1819 :: 		
0x00DE	0x1303      	BCF        STATUS, 6
;__Lib_MathDouble.c,1820 :: 		
0x00DF	0x0870      	MOVF       R0, 0
;__Lib_MathDouble.c,1821 :: 		
0x00E0	0x00F8      	MOVWF      R8
;__Lib_MathDouble.c,1822 :: 		
0x00E1	0x0871      	MOVF       R1, 0
;__Lib_MathDouble.c,1823 :: 		
0x00E2	0x00F0      	MOVWF      R0
;__Lib_MathDouble.c,1824 :: 		
0x00E3	0x01F1      	CLRF       R1
;__Lib_MathDouble.c,1825 :: 		
0x00E4	0x01F2      	CLRF       R2
;__Lib_MathDouble.c,1826 :: 		
0x00E5	0x01F3      	CLRF       R3
;__Lib_MathDouble.c,1829 :: 		
0x00E6	0x01FB      	CLRF       R11
;__Lib_MathDouble.c,1830 :: 		
0x00E7	0x01FC      	CLRF       R12
;__Lib_MathDouble.c,1832 :: 		
0x00E8	0x3096      	MOVLW      150
;__Lib_MathDouble.c,1833 :: 		
0x00E9	0x00F3      	MOVWF      R3
;__Lib_MathDouble.c,1834 :: 		
0x00EA	0x01FA      	CLRF       R10
;__Lib_MathDouble.c,1835 :: 		
0x00EB	0x1FF0      	BTFSS      R0, 7
;__Lib_MathDouble.c,1836 :: 		
0x00EC	0x28F3      	GOTO       FLO1632EEE
;__Lib_MathDouble.c,1838 :: 		
0x00ED	0x09F8      	COMF       R8, 1
;__Lib_MathDouble.c,1839 :: 		
0x00EE	0x09F0      	COMF       R0, 1
;__Lib_MathDouble.c,1841 :: 		
0x00EF	0x0AF8      	INCF       R8, 1
;__Lib_MathDouble.c,1842 :: 		
0x00F0	0x1903      	BTFSC      STATUS, 2
;__Lib_MathDouble.c,1843 :: 		
0x00F1	0x0AF0      	INCF       R0, 1
;__Lib_MathDouble.c,1845 :: 		
0x00F2	0x17FA      	BSF        R10, 7
;__Lib_MathDouble.c,1846 :: 		
FLO1632EEE:
;__Lib_MathDouble.c,1847 :: 		
0x00F3	0x0870      	MOVF       R0, 0
;__Lib_MathDouble.c,1848 :: 		
0x00F4	0x00F1      	MOVWF      R1
;__Lib_MathDouble.c,1849 :: 		
0x00F5	0x0878      	MOVF       R8, 0
;__Lib_MathDouble.c,1850 :: 		
0x00F6	0x00F0      	MOVWF      R0
;__Lib_MathDouble.c,1851 :: 		
0x00F7	0x01F8      	CLRF       R8
;__Lib_MathDouble.c,1852 :: 		
0x00F8	0x01F2      	CLRF       R2
;__Lib_MathDouble.c,1854 :: 		
0x00F9	0x2026      	CALL       _NRM3232
;__Lib_MathDouble.c,1855 :: 		
L_end_Int2Double:
0x00FA	0x0008      	RETURN
; end of _Int2Double
_Double2Int:
;__Lib_MathDouble.c,1391 :: 		
;__Lib_MathDouble.c,1399 :: 		
0x00FB	0x1283      	BCF        STATUS, 5
;__Lib_MathDouble.c,1400 :: 		
0x00FC	0x1303      	BCF        STATUS, 6
;__Lib_MathDouble.c,1402 :: 		
0x00FD	0x01FB      	CLRF       R11
;__Lib_MathDouble.c,1403 :: 		
0x00FE	0x0873      	MOVF       R3, 0
;__Lib_MathDouble.c,1404 :: 		
0x00FF	0x1903      	BTFSC      STATUS, 2
;__Lib_MathDouble.c,1405 :: 		
0x0100	0x2938      	GOTO       IRES016
;__Lib_MathDouble.c,1407 :: 		
0x0101	0x0872      	MOVF       R2, 0
;__Lib_MathDouble.c,1408 :: 		
0x0102	0x00FA      	MOVWF      R10
;__Lib_MathDouble.c,1409 :: 		
0x0103	0x17F2      	BSF        R2, 7
;__Lib_MathDouble.c,1411 :: 		
0x0104	0x308E      	MOVLW      142
;__Lib_MathDouble.c,1412 :: 		
0x0105	0x02F3      	SUBWF      R3, 1
;__Lib_MathDouble.c,1413 :: 		
0x0106	0x1FF3      	BTFSS      R3, 7
;__Lib_MathDouble.c,1414 :: 		
0x0107	0x293B      	GOTO       SETIOV16
;__Lib_MathDouble.c,1415 :: 		
0x0108	0x09F3      	COMF       R3, 1
;__Lib_MathDouble.c,1416 :: 		
0x0109	0x0AF3      	INCF       R3, 1
;__Lib_MathDouble.c,1418 :: 		
0x010A	0x3008      	MOVLW      8
;__Lib_MathDouble.c,1419 :: 		
0x010B	0x0273      	SUBWF      R3, 0
;__Lib_MathDouble.c,1420 :: 		
0x010C	0x1C03      	BTFSS      STATUS, 0
;__Lib_MathDouble.c,1421 :: 		
0x010D	0x291E      	GOTO       TSHIFT3216
;__Lib_MathDouble.c,1422 :: 		
0x010E	0x00F3      	MOVWF      R3
;__Lib_MathDouble.c,1423 :: 		
0x010F	0x0DF1      	RLF        R1, 1
;__Lib_MathDouble.c,1424 :: 		
0x0110	0x0872      	MOVF       R2, 0
;__Lib_MathDouble.c,1425 :: 		
0x0111	0x00F1      	MOVWF      R1
;__Lib_MathDouble.c,1426 :: 		
0x0112	0x01F2      	CLRF       R2
;__Lib_MathDouble.c,1428 :: 		
0x0113	0x3008      	MOVLW      8
;__Lib_MathDouble.c,1429 :: 		
0x0114	0x0273      	SUBWF      R3, 0
;__Lib_MathDouble.c,1430 :: 		
0x0115	0x1C03      	BTFSS      STATUS, 0
;__Lib_MathDouble.c,1431 :: 		
0x0116	0x291E      	GOTO       TSHIFT3216
;__Lib_MathDouble.c,1432 :: 		
0x0117	0x00F3      	MOVWF      R3
;__Lib_MathDouble.c,1433 :: 		
0x0118	0x0DF1      	RLF        R1, 1
;__Lib_MathDouble.c,1434 :: 		
0x0119	0x01F1      	CLRF       R1
;__Lib_MathDouble.c,1436 :: 		
0x011A	0x0873      	MOVF       R3, 0
;__Lib_MathDouble.c,1437 :: 		
0x011B	0x1D03      	BTFSS      STATUS, 2
;__Lib_MathDouble.c,1438 :: 		
0x011C	0x1003      	BCF        STATUS, 0
;__Lib_MathDouble.c,1439 :: 		
0x011D	0x2926      	GOTO       SHIFT3216OK
;__Lib_MathDouble.c,1440 :: 		
TSHIFT3216:
;__Lib_MathDouble.c,1441 :: 		
0x011E	0x0873      	MOVF       R3, 0
;__Lib_MathDouble.c,1442 :: 		
0x011F	0x1903      	BTFSC      STATUS, 2
;__Lib_MathDouble.c,1443 :: 		
0x0120	0x2926      	GOTO       SHIFT3216OK
;__Lib_MathDouble.c,1444 :: 		
SHIFT3216:
;__Lib_MathDouble.c,1445 :: 		
0x0121	0x1003      	BCF        STATUS, 0
;__Lib_MathDouble.c,1446 :: 		
0x0122	0x0CF2      	RRF        R2, 1
;__Lib_MathDouble.c,1447 :: 		
0x0123	0x0CF1      	RRF        R1, 1
;__Lib_MathDouble.c,1448 :: 		
0x0124	0x0BF3      	DECFSZ     R3, 1
;__Lib_MathDouble.c,1449 :: 		
0x0125	0x2921      	GOTO       SHIFT3216
;__Lib_MathDouble.c,1450 :: 		
SHIFT3216OK:
;__Lib_MathDouble.c,1451 :: 		
0x0126	0x1B7B      	BTFSC      R11, 6
;__Lib_MathDouble.c,1452 :: 		
0x0127	0x1C71      	BTFSS      R1, 0
;__Lib_MathDouble.c,1453 :: 		
0x0128	0x2930      	GOTO       INT3216OK
;__Lib_MathDouble.c,1454 :: 		
0x0129	0x1C03      	BTFSS      STATUS, 0
;__Lib_MathDouble.c,1455 :: 		
0x012A	0x2930      	GOTO       INT3216OK
;__Lib_MathDouble.c,1456 :: 		
0x012B	0x0AF1      	INCF       R1, 1
;__Lib_MathDouble.c,1457 :: 		
0x012C	0x1903      	BTFSC      STATUS, 2
;__Lib_MathDouble.c,1458 :: 		
0x012D	0x0AF2      	INCF       R2, 1
;__Lib_MathDouble.c,1459 :: 		
0x012E	0x1BF2      	BTFSC      R2, 7
;__Lib_MathDouble.c,1460 :: 		
0x012F	0x2947      	GOTO       JPJSETIOV3224
;__Lib_MathDouble.c,1461 :: 		
INT3216OK:
;__Lib_MathDouble.c,1462 :: 		
0x0130	0x1FFA      	BTFSS      R10, 7
;__Lib_MathDouble.c,1463 :: 		
0x0131	0x294A      	GOTO       INT3216EOK
;__Lib_MathDouble.c,1465 :: 		
0x0132	0x09F2      	COMF       R2, 1
;__Lib_MathDouble.c,1466 :: 		
0x0133	0x09F1      	COMF       R1, 1
;__Lib_MathDouble.c,1467 :: 		
0x0134	0x0AF1      	INCF       R1, 1
;__Lib_MathDouble.c,1468 :: 		
0x0135	0x1903      	BTFSC      STATUS, 2
;__Lib_MathDouble.c,1469 :: 		
0x0136	0x0AF2      	INCF       R2, 1
;__Lib_MathDouble.c,1470 :: 		
0x0137	0x294A      	GOTO       INT3216EOK
;__Lib_MathDouble.c,1472 :: 		
IRES016:
;__Lib_MathDouble.c,1473 :: 		
0x0138	0x01F2      	CLRF       R2
;__Lib_MathDouble.c,1474 :: 		
0x0139	0x01F1      	CLRF       R1
;__Lib_MathDouble.c,1475 :: 		
0x013A	0x294A      	GOTO       INT3216EOK
;__Lib_MathDouble.c,1476 :: 		
SETIOV16:
;__Lib_MathDouble.c,1477 :: 		
0x013B	0x147B      	BSF        R11, 0
;__Lib_MathDouble.c,1478 :: 		
0x013C	0x1FFB      	BTFSS      R11, 7
;__Lib_MathDouble.c,1479 :: 		
0x013D	0x294D      	GOTO       INT3216EER
;__Lib_MathDouble.c,1481 :: 		
0x013E	0x01F2      	CLRF       R2
;__Lib_MathDouble.c,1482 :: 		
0x013F	0x1FFA      	BTFSS      R10, 7
;__Lib_MathDouble.c,1483 :: 		
0x0140	0x294D      	GOTO       INT3216EER
;__Lib_MathDouble.c,1484 :: 		
0x0141	0x30FF      	MOVLW      255
;__Lib_MathDouble.c,1485 :: 		
0x0142	0x00F2      	MOVWF      R2
;__Lib_MathDouble.c,1486 :: 		
0x0143	0x00F1      	MOVWF      R1
;__Lib_MathDouble.c,1487 :: 		
0x0144	0x0DFA      	RLF        R10, 1
;__Lib_MathDouble.c,1488 :: 		
0x0145	0x0CF2      	RRF        R2, 1
;__Lib_MathDouble.c,1489 :: 		
0x0146	0x294D      	GOTO       INT3216EER
;__Lib_MathDouble.c,1491 :: 		
JPJSETIOV3224:
;__Lib_MathDouble.c,1492 :: 		
0x0147	0x3001      	MOVLW      1
;__Lib_MathDouble.c,1493 :: 		
0x0148	0x00FC      	MOVWF      R12
;__Lib_MathDouble.c,1494 :: 		
0x0149	0x294F      	GOTO       INT3216EEE
;__Lib_MathDouble.c,1495 :: 		
INT3216EOK:
;__Lib_MathDouble.c,1496 :: 		
0x014A	0x3000      	MOVLW      0
;__Lib_MathDouble.c,1497 :: 		
0x014B	0x00FC      	MOVWF      R12
;__Lib_MathDouble.c,1498 :: 		
0x014C	0x294F      	GOTO       INT3216EEE
;__Lib_MathDouble.c,1499 :: 		
INT3216EER:
;__Lib_MathDouble.c,1500 :: 		
0x014D	0x30FF      	MOVLW      255
;__Lib_MathDouble.c,1501 :: 		
0x014E	0x00FC      	MOVWF      R12
;__Lib_MathDouble.c,1502 :: 		
INT3216EEE:
;__Lib_MathDouble.c,1505 :: 		
0x014F	0x08FC      	MOVF       R12, 1
;__Lib_MathDouble.c,1507 :: 		
0x0150	0x1903      	BTFSC      STATUS, 2
;__Lib_MathDouble.c,1508 :: 		
0x0151	0x2953      	GOTO       L_Double2Int_0
;__Lib_MathDouble.c,1510 :: 		
0x0152	0x2055      	CALL       _SETIOV3224
;__Lib_MathDouble.c,1512 :: 		
L_Double2Int_0:
;__Lib_MathDouble.c,1513 :: 		
0x0153	0x0871      	MOVF       R1, 0
;__Lib_MathDouble.c,1514 :: 		
0x0154	0x00F0      	MOVWF      R0
;__Lib_MathDouble.c,1515 :: 		
0x0155	0x0872      	MOVF       R2, 0
;__Lib_MathDouble.c,1516 :: 		
0x0156	0x00F1      	MOVWF      R1
;__Lib_MathDouble.c,1520 :: 		
L_end_Double2Int:
0x0157	0x0008      	RETURN
; end of _Double2Int
_ADC_Read:
;__Lib_ADC_A_C.c,45 :: 		
;__Lib_ADC_A_C.c,47 :: 		
0x0158	0x1283      	BCF        STATUS, 5
0x0159	0x1303      	BCF        STATUS, 6
0x015A	0x019F      	CLRF       ADCON0
;__Lib_ADC_A_C.c,48 :: 		
0x015B	0x30C0      	MOVLW      192
0x015C	0x049F      	IORWF      ADCON0, 1
;__Lib_ADC_A_C.c,49 :: 		
0x015D	0x1683      	BSF        STATUS, 5
0x015E	0x171F      	BSF        ADCON1, 6
;__Lib_ADC_A_C.c,50 :: 		
0x015F	0x179F      	BSF        ADCON1, 7
;__Lib_ADC_A_C.c,51 :: 		
0x0160	0x1283      	BCF        STATUS, 5
0x0161	0x0824      	MOVF       FARG_ADC_Read_channel, 0
0x0162	0x00F0      	MOVWF      R0
0x0163	0x0DF0      	RLF        R0, 1
0x0164	0x1070      	BCF        R0, 0
0x0165	0x0DF0      	RLF        R0, 1
0x0166	0x1070      	BCF        R0, 0
0x0167	0x0DF0      	RLF        R0, 1
0x0168	0x1070      	BCF        R0, 0
0x0169	0x0870      	MOVF       R0, 0
0x016A	0x049F      	IORWF      ADCON0, 1
;__Lib_ADC_A_C.c,54 :: 		
0x016B	0x141F      	BSF        ADCON0, 0
;__Lib_ADC_A_C.c,57 :: 		
0x016C	0x2062      	CALL       _Delay_22us
;__Lib_ADC_A_C.c,60 :: 		
0x016D	0x151F      	BSF        ADCON0, 2
;__Lib_ADC_A_C.c,63 :: 		
L_ADC_Read2:
0x016E	0x1D1F      	BTFSS      ADCON0, 2
0x016F	0x2972      	GOTO       L_ADC_Read3
;__Lib_ADC_A_C.c,64 :: 		
0x0170	0x0000      	NOP
0x0171	0x296E      	GOTO       L_ADC_Read2
L_ADC_Read3:
;__Lib_ADC_A_C.c,67 :: 		
0x0172	0x101F      	BCF        ADCON0, 0
;__Lib_ADC_A_C.c,70 :: 		
0x0173	0x081E      	MOVF       ADRESH, 0
0x0174	0x00F1      	MOVWF      R0+1
0x0175	0x01F0      	CLRF       R0
0x0176	0x1683      	BSF        STATUS, 5
0x0177	0x081E      	MOVF       ADRESL, 0
0x0178	0x04F0      	IORWF      R0, 1
0x0179	0x3000      	MOVLW      0
0x017A	0x04F1      	IORWF      R0+1, 1
;__Lib_ADC_A_C.c,71 :: 		
L_end_ADC_Read:
0x017B	0x0008      	RETURN
; end of _ADC_Read
_main:
;6th.c,1 :: 		void main() {
;6th.c,4 :: 		trisb0_bit=0;
0x017C	0x1683      	BSF        STATUS, 5
0x017D	0x1303      	BCF        STATUS, 6
0x017E	0x1006      	BCF        TRISB0_bit, BitPos(TRISB0_bit+0)
;6th.c,5 :: 		rb0_bit=0;
0x017F	0x1283      	BCF        STATUS, 5
0x0180	0x1006      	BCF        RB0_bit, BitPos(RB0_bit+0)
;6th.c,6 :: 		while(1){
L_main0:
;6th.c,7 :: 		x=adc_read(3);
0x0181	0x3003      	MOVLW      3
0x0182	0x00A4      	MOVWF      FARG_ADC_Read_channel
0x0183	0x2158      	CALL       _ADC_Read
;6th.c,8 :: 		temp=x*0.4887;
0x0184	0x20DD      	CALL       _Int2Double
0x0185	0x30E3      	MOVLW      227
0x0186	0x00F4      	MOVWF      R4
0x0187	0x3036      	MOVLW      54
0x0188	0x00F5      	MOVWF      R4+1
0x0189	0x307A      	MOVLW      122
0x018A	0x00F6      	MOVWF      R4+2
0x018B	0x307D      	MOVLW      125
0x018C	0x00F7      	MOVWF      R4+3
0x018D	0x207C      	CALL       _Mul_32x32_FP
0x018E	0x20FB      	CALL       _Double2Int
0x018F	0x0870      	MOVF       R0, 0
0x0190	0x00A3      	MOVWF      main_temp_L0
;6th.c,9 :: 		if(temp>30){
0x0191	0x3080      	MOVLW      128
0x0192	0x3A1E      	XORLW      30
0x0193	0x00F1      	MOVWF      R1
0x0194	0x3080      	MOVLW      128
0x0195	0x0670      	XORWF      R0, 0
0x0196	0x0271      	SUBWF      R1, 0
0x0197	0x1803      	BTFSC      STATUS, 0
0x0198	0x299A      	GOTO       L_main2
;6th.c,10 :: 		rb0_bit=1;
0x0199	0x1406      	BSF        RB0_bit, BitPos(RB0_bit+0)
;6th.c,11 :: 		}
L_main2:
;6th.c,12 :: 		if(temp<30){
0x019A	0x3080      	MOVLW      128
0x019B	0x0623      	XORWF      main_temp_L0, 0
0x019C	0x00F0      	MOVWF      R0
0x019D	0x3080      	MOVLW      128
0x019E	0x3A1E      	XORLW      30
0x019F	0x0270      	SUBWF      R0, 0
0x01A0	0x1803      	BTFSC      STATUS, 0
0x01A1	0x29A3      	GOTO       L_main3
;6th.c,13 :: 		rb0_bit=0;
0x01A2	0x1006      	BCF        RB0_bit, BitPos(RB0_bit+0)
;6th.c,14 :: 		}
L_main3:
;6th.c,15 :: 		}
0x01A3	0x2981      	GOTO       L_main0
;6th.c,16 :: 		}
L_end_main:
0x01A4	0x29A4      	GOTO       $+0
; end of _main
Symbol List:
//** Routines locations **
//ADDRESS    SIZE    PROCEDURE
//----------------------------------------------
0x0003       [7]    _RES032
0x000A      [12]    _SETFUN32
0x0016       [4]    _FIXSIGN32
0x001A      [12]    _SETFOV32
0x0026      [47]    _NRM3232
0x0055      [13]    _SETIOV3224
0x0062       [7]    _Delay_22us
0x0069       [7]    _____DoICP
0x0070      [12]    ___CC2DW
0x007C      [97]    _Mul_32x32_FP
0x00DD      [30]    _Int2Double
0x00FB      [93]    _Double2Int
0x0158      [36]    _ADC_Read
0x017C      [41]    _main
//** Variables locations ** 
//ADDRESS    SIZE    VARIABLE
//----------------------------------------------
0x0000       [1]    INDF
0x0002       [1]    PCL
0x0003       [1]    STATUS
0x0004       [1]    FSR
0x0006       [0]    RB0_bit
0x000A       [1]    PCLATH
0x001E       [1]    ADRESH
0x001F       [1]    ADCON0
0x0020       [1]    __math_tempbD
0x0021       [2]    ___DoICPAddr
0x0023       [1]    main_temp_L0
0x0024       [1]    FARG_ADC_Read_channel
0x0070       [1]    R0
0x0071       [1]    R1
0x0072       [1]    R2
0x0073       [1]    R3
0x0074       [1]    R4
0x0075       [1]    R5
0x0076       [1]    R6
0x0077       [1]    R7
0x0078       [1]    R8
0x0079       [1]    R9
0x007A       [1]    R10
0x007B       [1]    R11
0x007C       [1]    R12
0x007D       [1]    R13
0x007E       [1]    R14
0x007F       [1]    R15
0x0086       [0]    TRISB0_bit
0x009E       [1]    ADRESL
0x009F       [1]    ADCON1
//** Label List: ** 
//----------------------------------------------
  L_main0
  L_main1
  L_main2
  L_main3
  L_end_main
  _main
  L_ADC_Get_Sample0
  L_ADC_Get_Sample1
  L_ADC_Read2
  L_ADC_Read3
  L_end_ADC_Init
  _ADC_Init
  L_end_ADC_Get_Sample
  _ADC_Get_Sample
  L_end_ADC_Read
  _ADC_Read
  L_Delay_10us0
  L_Delay_22us1
  L_Delay_50us2
  L_Delay_80us3
  L_Delay_500us4
  L_Delay_5500us5
  L_Delay_1ms6
  L_Delay_5ms7
  L_Delay_8ms8
  L_Delay_10ms9
  L_Delay_100ms10
  L_Delay_1sec11
  L_boot16_Delay_5ms12
  L_Delay_Cyc13
  L_Delay_Cyc14
  L_VDelay_ms15
  L_VDelay_ms16
  L_VDelay_ms17
  L_VDelay_Advanced_ms18
  L_VDelay_Advanced_ms19
  L_VDelay_Advanced_ms20
  L_end_Get_Fosc_kHz
  _Get_Fosc_kHz
  L_end_Delay_1us
  _Delay_1us
  L_end_Delay_10us
  _Delay_10us
  L_end_Delay_22us
  _Delay_22us
  L_end_Delay_50us
  _Delay_50us
  L_end_Delay_80us
  _Delay_80us
  L_end_Delay_500us
  _Delay_500us
  L_end_Delay_5500us
  _Delay_5500us
  L_end_Delay_1ms
  _Delay_1ms
  L_end_Delay_5ms
  _Delay_5ms
  L_end_Delay_8ms
  _Delay_8ms
  L_end_Delay_10ms
  _Delay_10ms
  L_end_Delay_100ms
  _Delay_100ms
  L_end_Delay_1sec
  _Delay_1sec
  L_end_boot16_Delay_5ms
  _boot16_Delay_5ms
  L_end_Delay_Cyc
  _Delay_Cyc
  L_end_VDelay_ms
  _VDelay_ms
  L__VDelay_ms38
  L__VDelay_ms39
  L__VDelay_ms40
  L_end_VDelay_Advanced_ms
  _VDelay_Advanced_ms
  L__VDelay_Advanced_ms42
  L__VDelay_Advanced_ms43
  L__VDelay_Advanced_ms44
  SETFOV32EEE
  SETFUN32EEE
  NORM3232
  JPNRES032
  JPNSETFUN32
  NORM3232A
  JMPNFIXSIGN32
  NORM32EEE
  NRMRND4032
  NRM4032
  JMPSETFOV32
  NORM4032
  JMPRES032
  JMPSETFUN32
  NORM4032A
  JMPFIXSIGN32
  NRM4032EEE
  USEA32
  JMPEEE
  ALIGNED32
  ALIGNB32
  ALOOPB32
  AOK32
  ACOMP32
  JMPNRMRND4032
  ADD_JMPSETFOV32
  JMPNRM4032
  JMPNRM32
  ADD32EEE
  FPM32
  JPMRES032
  M32BNE0
  MTUN32
  JPMSETFOV32
  MOK32
  JPMSETFUN32
  MLOOP32
  MNOADD32
  MADD32
  MROUND32
  MUL32OK
  MUL32EEE
  L_Div_32x32_FP7
  L_Div_32x32_FP8
  L_Div_32x32_FP9
  L_Div_32x32_FP10
  FPD32
  JPDSETFDZ32
  JPDRES032
  D32BNE0
  TALIGN32
  TS1ALIGN32
  TS2ALIGN32
  DALIGN32OK
  ALTB32
  AGEB32
  JPDSETFOV32
  DARGOK32
  JPDSETFUN32
  DLOOP32
  DS132
  DS232
  DREST32
  DOK32
  DAREST32
  DROUND32
  DIV32OK
  DIV32EEE
  SETIOV3224EEE
  INT3232U
  INT3232UEOK
  SETEXP32U
  SETIOV32U
  TSHIFT3232U
  SHIFT3232UOK
  SHIFT3232U
  INT3232UOK
  JPLSETIOV3224
  IRES032U
  INT3232UEER
  INT3232UEEE
  L_Double2Longword_0
  INT3232
  INT3232EOK
  SETIOV32
  TSHIFT3232
  SHIFT3232OK
  SHIFT3232
  INT3232OK
  JPISETIOV3224
  IRES032
  INT3232EER
  INT3232EEE
  L_Double2Longint_0
  INT3216
  IRES016
  SETIOV16
  TSHIFT3216
  SHIFT3216OK
  SHIFT3216
  INT3216OK
  JPJSETIOV3224
  INT3216EOK
  INT3216EER
  INT3216EEE
  L_Double2Int_0
  INT3216U
  IRES016U
  SETEXP16U
  SETIOV16U
  TSHIFT3216U
  SHIFT3216UOK
  SHIFT3216U
  INT3216UOK
  JPKSETIOV3224
  INT3216UEOK
  INT3216UEER
  INT3216UEEE
  L_Double2Word_0
  INT32U08
  IRES008
  SETEXP08
  SETIOV08
  TSHIFT3208
  SHIFT3208OK
  SHIFT3208
  INT3208OK
  D2B_JPKSETIOV3224
  INT3208EOK
  INT3208EER
  INT3208EEE
  L_Double2Byte_0
  FLO08U32
  FLO1632
  FLO1632EEE
  FLO16U32
  FLO3232
  FLO3232EEE
  FLO32U32
  EQU_FALSE
  COMPARE_EQU
  COMPARE_NOTZERO
  COMPARE_XNOTZERO
  COMPARE_YNOTZERO
  COMPARE_LT
  COMPARE_GT
  COMPARE_TESTALL
  COMPARE_C1
  GT_FALSE
  GT_TRUE
  COMPARE_C2
  COMPARE_C3
  L_end_SETFOV32
  _SETFOV32
  L_end_SETFDZ32
  _SETFDZ32
  L_end_FIXSIGN32
  _FIXSIGN32
  L_end_RES032
  _RES032
  L_end_SETFUN32
  _SETFUN32
  L_end_NRM3232
  _NRM3232
  L_end_NRM4032
  _NRM4032
  L_end_Add_32x32_FP
  _Add_32x32_FP
  L_end_Sub_32x32_FP
  _Sub_32x32_FP
  L_end_Mul_32x32_FP
  _Mul_32x32_FP
  L_end_Div_32x32_FP
  _Div_32x32_FP
  L_end_SETIOV3224
  _SETIOV3224
  L_end_Double2Longword
  _Double2Longword
  L_end_Double2Longint
  _Double2Longint
  L_end_Double2Int
  _Double2Int
  L_end_Double2Word
  _Double2Word
  L_end_Double2Byte
  _Double2Byte
  L_end_Byte2Double
  _Byte2Double
  L_end_Int2Double
  _Int2Double
  L_end_Word2Double
  _Word2Double
  L_end_Longint2Double
  _Longint2Double
  L_end_Longword2Double
  _Longword2Double
  L_end_Equals_Double
  _Equals_Double
  L_end_Compare_Double
  _Compare_Double
  L_loopCA2AWs
  L_CA2AWend
  _CCA2AW_Loop1
  L_loopCS2Ss
  L_CS2Send
  _CCS2S_Loop1
  L_CCS2Send
  L_loopFZinSWs
  L_FZinSend
  _CC2D_Loop1
  L_end_____DoICP
  _____DoICP
  L_end_____DoIFC
  _____DoIFC
  L_end___CA2AW
  ___CA2AW
  L_end___CCA2AW
  ___CCA2AW
  L_end___CS2S
  ___CS2S
  L_end___CCS2S
  ___CCS2S
  L_end___FZinS
  ___FZinS
  L_end___CC2DW
  ___CC2DW
  L_end_Swap
  _Swap
