;  LST file generated by mikroListExporter - v.2.0 
; Date/Time: 05-Oct-15 9:17:05 AM
;----------------------------------------------

;Address Opcode 	ASM
0x0000	0x2B5D      	GOTO       861
_Delay_10us:
;__Lib_Delays.c,11 :: 		void Delay_10us() {
;__Lib_Delays.c,12 :: 		Delay_us(10);
0x0003	0x3003      	MOVLW      3
0x0004	0x1283      	BCF        STATUS, 5
0x0005	0x1303      	BCF        STATUS, 6
0x0006	0x00FD      	MOVWF      R13
L_Delay_10us0:
0x0007	0x0BFD      	DECFSZ     R13, 1
0x0008	0x2807      	GOTO       L_Delay_10us0
;__Lib_Delays.c,13 :: 		}
L_end_Delay_10us:
0x0009	0x0008      	RETURN
; end of _Delay_10us
__Lib_Glcd_Strobe:
;__Lib_Glcd.c,29 :: 		
;__Lib_Glcd.c,30 :: 		
0x000A	0x2003      	CALL       _Delay_10us
;__Lib_Glcd.c,31 :: 		
0x000B	0x1487      	BSF        GLCD_EN, BitPos(GLCD_EN+0)
;__Lib_Glcd.c,32 :: 		
0x000C	0x2003      	CALL       _Delay_10us
;__Lib_Glcd.c,33 :: 		
0x000D	0x1087      	BCF        GLCD_EN, BitPos(GLCD_EN+0)
;__Lib_Glcd.c,34 :: 		
L_end_Strobe:
0x000E	0x0008      	RETURN
; end of __Lib_Glcd_Strobe
_Delay_1us:
;__Lib_Delays.c,7 :: 		void Delay_1us() {
;__Lib_Delays.c,8 :: 		Delay_us(1);
0x000F	0x0000      	NOP
;__Lib_Delays.c,9 :: 		}
L_end_Delay_1us:
0x0010	0x0008      	RETURN
; end of _Delay_1us
_Glcd_Set_Page:
;__Lib_Glcd.c,37 :: 		
;__Lib_Glcd.c,39 :: 		
0x0011	0x1283      	BCF        STATUS, 5
0x0012	0x1303      	BCF        STATUS, 6
0x0013	0x1187      	BCF        GLCD_RS, BitPos(GLCD_RS+0)
;__Lib_Glcd.c,40 :: 		
0x0014	0x1107      	BCF        GLCD_RW, BitPos(GLCD_RW+0)
;__Lib_Glcd.c,41 :: 		
0x0015	0x30B8      	MOVLW      184
0x0016	0x0442      	IORWF      FARG_Glcd_Set_Page_page, 0
0x0017	0x0088      	MOVWF      GLCD_DataPort
;__Lib_Glcd.c,42 :: 		
0x0018	0x200A      	CALL       __Lib_Glcd_Strobe
;__Lib_Glcd.c,43 :: 		
L_end_Glcd_Set_Page:
0x0019	0x0008      	RETURN
; end of _Glcd_Set_Page
_Glcd_Write_Data:
;__Lib_Glcd.c,111 :: 		
;__Lib_Glcd.c,113 :: 		
0x001A	0x1283      	BCF        STATUS, 5
0x001B	0x1303      	BCF        STATUS, 6
0x001C	0x1087      	BCF        GLCD_EN, BitPos(GLCD_EN+0)
;__Lib_Glcd.c,114 :: 		
0x001D	0x1587      	BSF        GLCD_RS, BitPos(GLCD_RS+0)
;__Lib_Glcd.c,115 :: 		
0x001E	0x1107      	BCF        GLCD_RW, BitPos(GLCD_RW+0)
;__Lib_Glcd.c,117 :: 		
0x001F	0x0842      	MOVF       FARG_Glcd_Write_Data_ddata, 0
0x0020	0x0088      	MOVWF      GLCD_DataPort
;__Lib_Glcd.c,118 :: 		
0x0021	0x200A      	CALL       __Lib_Glcd_Strobe
;__Lib_Glcd.c,119 :: 		
L_end_Glcd_Write_Data:
0x0022	0x0008      	RETURN
; end of _Glcd_Write_Data
_Glcd_Set_Side:
;__Lib_Glcd.c,46 :: 		
;__Lib_Glcd.c,47 :: 		
0x0023	0x307F      	MOVLW      127
0x0024	0x1283      	BCF        STATUS, 5
0x0025	0x1303      	BCF        STATUS, 6
0x0026	0x0542      	ANDWF      FARG_Glcd_Set_Side_x_pos, 0
0x0027	0x00F1      	MOVWF      R1
0x0028	0x0871      	MOVF       R1, 0
0x0029	0x00C2      	MOVWF      FARG_Glcd_Set_Side_x_pos
;__Lib_Glcd.c,48 :: 		
0x002A	0x1F71      	BTFSS      R1, 6
0x002B	0x282F      	GOTO       L_Glcd_Set_Side0
;__Lib_Glcd.c,49 :: 		
0x002C	0x1687      	BSF        GLCD_CS1, BitPos(GLCD_CS1+0)
;__Lib_Glcd.c,50 :: 		
0x002D	0x1207      	BCF        GLCD_CS2, BitPos(GLCD_CS2+0)
;__Lib_Glcd.c,51 :: 		
0x002E	0x2831      	GOTO       L_Glcd_Set_Side1
L_Glcd_Set_Side0:
;__Lib_Glcd.c,52 :: 		
0x002F	0x1287      	BCF        GLCD_CS1, BitPos(GLCD_CS1+0)
;__Lib_Glcd.c,53 :: 		
0x0030	0x1607      	BSF        GLCD_CS2, BitPos(GLCD_CS2+0)
;__Lib_Glcd.c,54 :: 		
L_Glcd_Set_Side1:
;__Lib_Glcd.c,55 :: 		
L_end_Glcd_Set_Side:
0x0031	0x0008      	RETURN
; end of _Glcd_Set_Side
_Glcd_Set_X:
;__Lib_Glcd.c,58 :: 		
;__Lib_Glcd.c,60 :: 		
0x0032	0x307F      	MOVLW      127
0x0033	0x1283      	BCF        STATUS, 5
0x0034	0x1303      	BCF        STATUS, 6
0x0035	0x0542      	ANDWF      FARG_Glcd_Set_X_x_pos, 0
0x0036	0x00F0      	MOVWF      R0
0x0037	0x0870      	MOVF       R0, 0
0x0038	0x00C2      	MOVWF      FARG_Glcd_Set_X_x_pos
;__Lib_Glcd.c,61 :: 		
0x0039	0x1187      	BCF        GLCD_RS, BitPos(GLCD_RS+0)
;__Lib_Glcd.c,62 :: 		
0x003A	0x1107      	BCF        GLCD_RW, BitPos(GLCD_RW+0)
;__Lib_Glcd.c,64 :: 		
0x003B	0x30BF      	MOVLW      191
0x003C	0x05F0      	ANDWF      R0, 1
0x003D	0x0870      	MOVF       R0, 0
0x003E	0x00C2      	MOVWF      FARG_Glcd_Set_X_x_pos
;__Lib_Glcd.c,65 :: 		
0x003F	0x1770      	BSF        R0, 6
0x0040	0x0870      	MOVF       R0, 0
0x0041	0x00C2      	MOVWF      FARG_Glcd_Set_X_x_pos
;__Lib_Glcd.c,67 :: 		
0x0042	0x0870      	MOVF       R0, 0
0x0043	0x0088      	MOVWF      GLCD_DataPort
;__Lib_Glcd.c,68 :: 		
0x0044	0x200A      	CALL       __Lib_Glcd_Strobe
;__Lib_Glcd.c,69 :: 		
L_end_Glcd_Set_X:
0x0045	0x0008      	RETURN
; end of _Glcd_Set_X
_Glcd_Read_Data:
;__Lib_Glcd.c,72 :: 		
;__Lib_Glcd.c,77 :: 		
0x0046	0x30FF      	MOVLW      255
0x0047	0x1683      	BSF        STATUS, 5
0x0048	0x1303      	BCF        STATUS, 6
0x0049	0x0088      	MOVWF      GLCD_DataPort+128
;__Lib_Glcd.c,79 :: 		
0x004A	0x200F      	CALL       _Delay_1us
;__Lib_Glcd.c,80 :: 		
0x004B	0x200F      	CALL       _Delay_1us
;__Lib_Glcd.c,82 :: 		
0x004C	0x1283      	BCF        STATUS, 5
0x004D	0x1587      	BSF        GLCD_RS, BitPos(GLCD_RS+0)
;__Lib_Glcd.c,83 :: 		
0x004E	0x1087      	BCF        GLCD_EN, BitPos(GLCD_EN+0)
;__Lib_Glcd.c,84 :: 		
0x004F	0x1507      	BSF        GLCD_RW, BitPos(GLCD_RW+0)
;__Lib_Glcd.c,86 :: 		
0x0050	0x1487      	BSF        GLCD_EN, BitPos(GLCD_EN+0)
;__Lib_Glcd.c,88 :: 		
0x0051	0x2003      	CALL       _Delay_10us
;__Lib_Glcd.c,96 :: 		
0x0052	0x0808      	MOVF       GLCD_DataPort, 0
0x0053	0x00C2      	MOVWF      Glcd_Read_Data_local_L0
;__Lib_Glcd.c,98 :: 		
0x0054	0x1087      	BCF        GLCD_EN, BitPos(GLCD_EN+0)
;__Lib_Glcd.c,99 :: 		
0x0055	0x1107      	BCF        GLCD_RW, BitPos(GLCD_RW+0)
;__Lib_Glcd.c,101 :: 		
0x0056	0x200F      	CALL       _Delay_1us
;__Lib_Glcd.c,102 :: 		
0x0057	0x200F      	CALL       _Delay_1us
;__Lib_Glcd.c,105 :: 		
0x0058	0x1683      	BSF        STATUS, 5
0x0059	0x0188      	CLRF       GLCD_DataPort+128
;__Lib_Glcd.c,107 :: 		
0x005A	0x1283      	BCF        STATUS, 5
0x005B	0x0842      	MOVF       Glcd_Read_Data_local_L0, 0
0x005C	0x00F0      	MOVWF      R0
;__Lib_Glcd.c,108 :: 		
L_end_Glcd_Read_Data:
0x005D	0x0008      	RETURN
; end of _Glcd_Read_Data
_Glcd_Dot:
;__Lib_Glcd.c,317 :: 		
;__Lib_Glcd.c,321 :: 		
0x005E	0x3000      	MOVLW      0
0x005F	0x1283      	BCF        STATUS, 5
0x0060	0x1303      	BCF        STATUS, 6
0x0061	0x023C      	SUBWF      FARG_Glcd_Dot_x_pos, 0
0x0062	0x1C03      	BTFSS      STATUS, 0
0x0063	0x2871      	GOTO       L__Glcd_Dot209
0x0064	0x083C      	MOVF       FARG_Glcd_Dot_x_pos, 0
0x0065	0x3C7F      	SUBLW      127
0x0066	0x1C03      	BTFSS      STATUS, 0
0x0067	0x2871      	GOTO       L__Glcd_Dot209
0x0068	0x3000      	MOVLW      0
0x0069	0x023D      	SUBWF      FARG_Glcd_Dot_y_pos, 0
0x006A	0x1C03      	BTFSS      STATUS, 0
0x006B	0x2871      	GOTO       L__Glcd_Dot209
0x006C	0x083D      	MOVF       FARG_Glcd_Dot_y_pos, 0
0x006D	0x3C3F      	SUBLW      63
0x006E	0x1C03      	BTFSS      STATUS, 0
0x006F	0x2871      	GOTO       L__Glcd_Dot209
0x0070	0x2872      	GOTO       L_Glcd_Dot36
L__Glcd_Dot209:
;__Lib_Glcd.c,322 :: 		
0x0071	0x28C0      	GOTO       L_end_Glcd_Dot
L_Glcd_Dot36:
;__Lib_Glcd.c,325 :: 		
0x0072	0x083C      	MOVF       FARG_Glcd_Dot_x_pos, 0
0x0073	0x00C2      	MOVWF      FARG_Glcd_Set_Side_x_pos
0x0074	0x2023      	CALL       _Glcd_Set_Side
;__Lib_Glcd.c,326 :: 		
0x0075	0x083D      	MOVF       FARG_Glcd_Dot_y_pos, 0
0x0076	0x00C2      	MOVWF      FARG_Glcd_Set_Page_page
0x0077	0x0CC2      	RRF        FARG_Glcd_Set_Page_page, 1
0x0078	0x13C2      	BCF        FARG_Glcd_Set_Page_page, 7
0x0079	0x0CC2      	RRF        FARG_Glcd_Set_Page_page, 1
0x007A	0x13C2      	BCF        FARG_Glcd_Set_Page_page, 7
0x007B	0x0CC2      	RRF        FARG_Glcd_Set_Page_page, 1
0x007C	0x13C2      	BCF        FARG_Glcd_Set_Page_page, 7
0x007D	0x2011      	CALL       _Glcd_Set_Page
;__Lib_Glcd.c,327 :: 		
0x007E	0x083C      	MOVF       FARG_Glcd_Dot_x_pos, 0
0x007F	0x00C2      	MOVWF      FARG_Glcd_Set_X_x_pos
0x0080	0x2032      	CALL       _Glcd_Set_X
;__Lib_Glcd.c,330 :: 		
0x0081	0x2046      	CALL       _Glcd_Read_Data
0x0082	0x0870      	MOVF       R0, 0
0x0083	0x00C1      	MOVWF      Glcd_Dot_ddata_L0
;__Lib_Glcd.c,331 :: 		
0x0084	0x2046      	CALL       _Glcd_Read_Data
0x0085	0x0870      	MOVF       R0, 0
0x0086	0x00C1      	MOVWF      Glcd_Dot_ddata_L0
;__Lib_Glcd.c,333 :: 		
0x0087	0x083D      	MOVF       FARG_Glcd_Dot_y_pos, 0
0x0088	0x00C2      	MOVWF      FARG_Glcd_Set_Page_page
0x0089	0x0CC2      	RRF        FARG_Glcd_Set_Page_page, 1
0x008A	0x13C2      	BCF        FARG_Glcd_Set_Page_page, 7
0x008B	0x0CC2      	RRF        FARG_Glcd_Set_Page_page, 1
0x008C	0x13C2      	BCF        FARG_Glcd_Set_Page_page, 7
0x008D	0x0CC2      	RRF        FARG_Glcd_Set_Page_page, 1
0x008E	0x13C2      	BCF        FARG_Glcd_Set_Page_page, 7
0x008F	0x2011      	CALL       _Glcd_Set_Page
;__Lib_Glcd.c,334 :: 		
0x0090	0x083C      	MOVF       FARG_Glcd_Dot_x_pos, 0
0x0091	0x00C2      	MOVWF      FARG_Glcd_Set_X_x_pos
0x0092	0x2032      	CALL       _Glcd_Set_X
;__Lib_Glcd.c,336 :: 		
0x0093	0x3007      	MOVLW      7
0x0094	0x053D      	ANDWF      FARG_Glcd_Dot_y_pos, 0
0x0095	0x00F0      	MOVWF      R0
0x0096	0x0870      	MOVF       R0, 0
0x0097	0x00BF      	MOVWF      Glcd_Dot_bit_mask1_L0
;__Lib_Glcd.c,337 :: 		
0x0098	0x0870      	MOVF       R0, 0
0x0099	0x00F1      	MOVWF      R1
0x009A	0x3001      	MOVLW      1
0x009B	0x00F0      	MOVWF      R0
0x009C	0x0871      	MOVF       R1, 0
L__Glcd_Dot228:
0x009D	0x1903      	BTFSC      STATUS, 2
0x009E	0x28A3      	GOTO       L__Glcd_Dot229
0x009F	0x0DF0      	RLF        R0, 1
0x00A0	0x1070      	BCF        R0, 0
0x00A1	0x3EFF      	ADDLW      255
0x00A2	0x289D      	GOTO       L__Glcd_Dot228
L__Glcd_Dot229:
0x00A3	0x0870      	MOVF       R0, 0
0x00A4	0x00BF      	MOVWF      Glcd_Dot_bit_mask1_L0
;__Lib_Glcd.c,338 :: 		
0x00A5	0x0970      	COMF       R0, 0
0x00A6	0x00C0      	MOVWF      Glcd_Dot_bit_mask0_L0
;__Lib_Glcd.c,341 :: 		
0x00A7	0x28B1      	GOTO       L_Glcd_Dot37
;__Lib_Glcd.c,342 :: 		
L_Glcd_Dot39:
;__Lib_Glcd.c,343 :: 		
0x00A8	0x0840      	MOVF       Glcd_Dot_bit_mask0_L0, 0
0x00A9	0x05C1      	ANDWF      Glcd_Dot_ddata_L0, 1
;__Lib_Glcd.c,344 :: 		
0x00AA	0x28BD      	GOTO       L_Glcd_Dot38
;__Lib_Glcd.c,345 :: 		
L_Glcd_Dot40:
;__Lib_Glcd.c,346 :: 		
0x00AB	0x083F      	MOVF       Glcd_Dot_bit_mask1_L0, 0
0x00AC	0x04C1      	IORWF      Glcd_Dot_ddata_L0, 1
;__Lib_Glcd.c,347 :: 		
0x00AD	0x28BD      	GOTO       L_Glcd_Dot38
;__Lib_Glcd.c,348 :: 		
L_Glcd_Dot41:
;__Lib_Glcd.c,349 :: 		
0x00AE	0x083F      	MOVF       Glcd_Dot_bit_mask1_L0, 0
0x00AF	0x06C1      	XORWF      Glcd_Dot_ddata_L0, 1
;__Lib_Glcd.c,350 :: 		
0x00B0	0x28BD      	GOTO       L_Glcd_Dot38
L_Glcd_Dot37:
0x00B1	0x083E      	MOVF       FARG_Glcd_Dot_color, 0
0x00B2	0x3A00      	XORLW      0
0x00B3	0x1903      	BTFSC      STATUS, 2
0x00B4	0x28A8      	GOTO       L_Glcd_Dot39
0x00B5	0x083E      	MOVF       FARG_Glcd_Dot_color, 0
0x00B6	0x3A01      	XORLW      1
0x00B7	0x1903      	BTFSC      STATUS, 2
0x00B8	0x28AB      	GOTO       L_Glcd_Dot40
0x00B9	0x083E      	MOVF       FARG_Glcd_Dot_color, 0
0x00BA	0x3A02      	XORLW      2
0x00BB	0x1903      	BTFSC      STATUS, 2
0x00BC	0x28AE      	GOTO       L_Glcd_Dot41
L_Glcd_Dot38:
;__Lib_Glcd.c,352 :: 		
0x00BD	0x0841      	MOVF       Glcd_Dot_ddata_L0, 0
0x00BE	0x00C2      	MOVWF      FARG_Glcd_Write_Data_ddata
0x00BF	0x201A      	CALL       _Glcd_Write_Data
;__Lib_Glcd.c,353 :: 		
L_end_Glcd_Dot:
0x00C0	0x0008      	RETURN
; end of _Glcd_Dot
_Delay_22us:
;__Lib_Delays.c,15 :: 		void Delay_22us() {
;__Lib_Delays.c,16 :: 		Delay_us(22);
0x00C1	0x3007      	MOVLW      7
0x00C2	0x1283      	BCF        STATUS, 5
0x00C3	0x1303      	BCF        STATUS, 6
0x00C4	0x00FD      	MOVWF      R13
L_Delay_22us1:
0x00C5	0x0BFD      	DECFSZ     R13, 1
0x00C6	0x28C5      	GOTO       L_Delay_22us1
;__Lib_Delays.c,17 :: 		}
L_end_Delay_22us:
0x00C7	0x0008      	RETURN
; end of _Delay_22us
_____DoICP:
;__Lib_System.c,6 :: 		
;__Lib_System.c,9 :: 		
0x00C8	0x1283      	BCF        STATUS, 5
0x00C9	0x1303      	BCF        STATUS, 6
0x00CA	0x0828      	MOVF       ___DoICPAddr+1, 0
0x00CB	0x008A      	MOVWF      PCLATH
;__Lib_System.c,10 :: 		
0x00CC	0x0827      	MOVF       ___DoICPAddr, 0
0x00CD	0x0082      	MOVWF      PCL
;__Lib_System.c,12 :: 		
L_end_____DoICP:
0x00CE	0x0008      	RETURN
; end of _____DoICP
_Glcd_Line:
;__Lib_Glcd.c,359 :: 		
;__Lib_Glcd.c,364 :: 		
0x00CF	0x3080      	MOVLW      128
0x00D0	0x1283      	BCF        STATUS, 5
0x00D1	0x1303      	BCF        STATUS, 6
0x00D2	0x062A      	XORWF      FARG_Glcd_Line_x_start+1, 0
0x00D3	0x00F0      	MOVWF      R0
0x00D4	0x3080      	MOVLW      128
0x00D5	0x0270      	SUBWF      R0, 0
0x00D6	0x1D03      	BTFSS      STATUS, 2
0x00D7	0x28DA      	GOTO       L__Glcd_Line231
0x00D8	0x3000      	MOVLW      0
0x00D9	0x0229      	SUBWF      FARG_Glcd_Line_x_start, 0
L__Glcd_Line231:
0x00DA	0x1803      	BTFSC      STATUS, 0
0x00DB	0x28DE      	GOTO       L_Glcd_Line42
;__Lib_Glcd.c,365 :: 		
0x00DC	0x01A9      	CLRF       FARG_Glcd_Line_x_start
0x00DD	0x01AA      	CLRF       FARG_Glcd_Line_x_start+1
L_Glcd_Line42:
;__Lib_Glcd.c,366 :: 		
0x00DE	0x3080      	MOVLW      128
0x00DF	0x00F0      	MOVWF      R0
0x00E0	0x3080      	MOVLW      128
0x00E1	0x062A      	XORWF      FARG_Glcd_Line_x_start+1, 0
0x00E2	0x0270      	SUBWF      R0, 0
0x00E3	0x1D03      	BTFSS      STATUS, 2
0x00E4	0x28E7      	GOTO       L__Glcd_Line232
0x00E5	0x0829      	MOVF       FARG_Glcd_Line_x_start, 0
0x00E6	0x3C7F      	SUBLW      127
L__Glcd_Line232:
0x00E7	0x1803      	BTFSC      STATUS, 0
0x00E8	0x28ED      	GOTO       L_Glcd_Line43
;__Lib_Glcd.c,367 :: 		
0x00E9	0x307F      	MOVLW      127
0x00EA	0x00A9      	MOVWF      FARG_Glcd_Line_x_start
0x00EB	0x3000      	MOVLW      0
0x00EC	0x00AA      	MOVWF      FARG_Glcd_Line_x_start+1
L_Glcd_Line43:
;__Lib_Glcd.c,369 :: 		
0x00ED	0x3080      	MOVLW      128
0x00EE	0x062E      	XORWF      FARG_Glcd_Line_x_end+1, 0
0x00EF	0x00F0      	MOVWF      R0
0x00F0	0x3080      	MOVLW      128
0x00F1	0x0270      	SUBWF      R0, 0
0x00F2	0x1D03      	BTFSS      STATUS, 2
0x00F3	0x28F6      	GOTO       L__Glcd_Line233
0x00F4	0x3000      	MOVLW      0
0x00F5	0x022D      	SUBWF      FARG_Glcd_Line_x_end, 0
L__Glcd_Line233:
0x00F6	0x1803      	BTFSC      STATUS, 0
0x00F7	0x28FA      	GOTO       L_Glcd_Line44
;__Lib_Glcd.c,370 :: 		
0x00F8	0x01AD      	CLRF       FARG_Glcd_Line_x_end
0x00F9	0x01AE      	CLRF       FARG_Glcd_Line_x_end+1
L_Glcd_Line44:
;__Lib_Glcd.c,371 :: 		
0x00FA	0x3080      	MOVLW      128
0x00FB	0x00F0      	MOVWF      R0
0x00FC	0x3080      	MOVLW      128
0x00FD	0x062E      	XORWF      FARG_Glcd_Line_x_end+1, 0
0x00FE	0x0270      	SUBWF      R0, 0
0x00FF	0x1D03      	BTFSS      STATUS, 2
0x0100	0x2903      	GOTO       L__Glcd_Line234
0x0101	0x082D      	MOVF       FARG_Glcd_Line_x_end, 0
0x0102	0x3C7F      	SUBLW      127
L__Glcd_Line234:
0x0103	0x1803      	BTFSC      STATUS, 0
0x0104	0x2909      	GOTO       L_Glcd_Line45
;__Lib_Glcd.c,372 :: 		
0x0105	0x307F      	MOVLW      127
0x0106	0x00AD      	MOVWF      FARG_Glcd_Line_x_end
0x0107	0x3000      	MOVLW      0
0x0108	0x00AE      	MOVWF      FARG_Glcd_Line_x_end+1
L_Glcd_Line45:
;__Lib_Glcd.c,374 :: 		
0x0109	0x3080      	MOVLW      128
0x010A	0x062C      	XORWF      FARG_Glcd_Line_y_start+1, 0
0x010B	0x00F0      	MOVWF      R0
0x010C	0x3080      	MOVLW      128
0x010D	0x0270      	SUBWF      R0, 0
0x010E	0x1D03      	BTFSS      STATUS, 2
0x010F	0x2912      	GOTO       L__Glcd_Line235
0x0110	0x3000      	MOVLW      0
0x0111	0x022B      	SUBWF      FARG_Glcd_Line_y_start, 0
L__Glcd_Line235:
0x0112	0x1803      	BTFSC      STATUS, 0
0x0113	0x2916      	GOTO       L_Glcd_Line46
;__Lib_Glcd.c,375 :: 		
0x0114	0x01AB      	CLRF       FARG_Glcd_Line_y_start
0x0115	0x01AC      	CLRF       FARG_Glcd_Line_y_start+1
L_Glcd_Line46:
;__Lib_Glcd.c,376 :: 		
0x0116	0x3080      	MOVLW      128
0x0117	0x00F0      	MOVWF      R0
0x0118	0x3080      	MOVLW      128
0x0119	0x062C      	XORWF      FARG_Glcd_Line_y_start+1, 0
0x011A	0x0270      	SUBWF      R0, 0
0x011B	0x1D03      	BTFSS      STATUS, 2
0x011C	0x291F      	GOTO       L__Glcd_Line236
0x011D	0x082B      	MOVF       FARG_Glcd_Line_y_start, 0
0x011E	0x3C3F      	SUBLW      63
L__Glcd_Line236:
0x011F	0x1803      	BTFSC      STATUS, 0
0x0120	0x2925      	GOTO       L_Glcd_Line47
;__Lib_Glcd.c,377 :: 		
0x0121	0x303F      	MOVLW      63
0x0122	0x00AB      	MOVWF      FARG_Glcd_Line_y_start
0x0123	0x3000      	MOVLW      0
0x0124	0x00AC      	MOVWF      FARG_Glcd_Line_y_start+1
L_Glcd_Line47:
;__Lib_Glcd.c,379 :: 		
0x0125	0x3080      	MOVLW      128
0x0126	0x0630      	XORWF      FARG_Glcd_Line_y_end+1, 0
0x0127	0x00F0      	MOVWF      R0
0x0128	0x3080      	MOVLW      128
0x0129	0x0270      	SUBWF      R0, 0
0x012A	0x1D03      	BTFSS      STATUS, 2
0x012B	0x292E      	GOTO       L__Glcd_Line237
0x012C	0x3000      	MOVLW      0
0x012D	0x022F      	SUBWF      FARG_Glcd_Line_y_end, 0
L__Glcd_Line237:
0x012E	0x1803      	BTFSC      STATUS, 0
0x012F	0x2932      	GOTO       L_Glcd_Line48
;__Lib_Glcd.c,380 :: 		
0x0130	0x01AF      	CLRF       FARG_Glcd_Line_y_end
0x0131	0x01B0      	CLRF       FARG_Glcd_Line_y_end+1
L_Glcd_Line48:
;__Lib_Glcd.c,381 :: 		
0x0132	0x3080      	MOVLW      128
0x0133	0x00F0      	MOVWF      R0
0x0134	0x3080      	MOVLW      128
0x0135	0x0630      	XORWF      FARG_Glcd_Line_y_end+1, 0
0x0136	0x0270      	SUBWF      R0, 0
0x0137	0x1D03      	BTFSS      STATUS, 2
0x0138	0x293B      	GOTO       L__Glcd_Line238
0x0139	0x082F      	MOVF       FARG_Glcd_Line_y_end, 0
0x013A	0x3C3F      	SUBLW      63
L__Glcd_Line238:
0x013B	0x1803      	BTFSC      STATUS, 0
0x013C	0x2941      	GOTO       L_Glcd_Line49
;__Lib_Glcd.c,382 :: 		
0x013D	0x303F      	MOVLW      63
0x013E	0x00AF      	MOVWF      FARG_Glcd_Line_y_end
0x013F	0x3000      	MOVLW      0
0x0140	0x00B0      	MOVWF      FARG_Glcd_Line_y_end+1
L_Glcd_Line49:
;__Lib_Glcd.c,385 :: 		
0x0141	0x0829      	MOVF       FARG_Glcd_Line_x_start, 0
0x0142	0x022D      	SUBWF      FARG_Glcd_Line_x_end, 0
0x0143	0x00F1      	MOVWF      R1
0x0144	0x082A      	MOVF       FARG_Glcd_Line_x_start+1, 0
0x0145	0x1C03      	BTFSS      STATUS, 0
0x0146	0x3E01      	ADDLW      1
0x0147	0x022E      	SUBWF      FARG_Glcd_Line_x_end+1, 0
0x0148	0x00F2      	MOVWF      R1+1
0x0149	0x0871      	MOVF       R1, 0
0x014A	0x00B2      	MOVWF      Glcd_Line_dx_L0
0x014B	0x0872      	MOVF       R1+1, 0
0x014C	0x00B3      	MOVWF      Glcd_Line_dx_L0+1
;__Lib_Glcd.c,386 :: 		
0x014D	0x082B      	MOVF       FARG_Glcd_Line_y_start, 0
0x014E	0x022F      	SUBWF      FARG_Glcd_Line_y_end, 0
0x014F	0x00B4      	MOVWF      Glcd_Line_dy_L0
0x0150	0x082C      	MOVF       FARG_Glcd_Line_y_start+1, 0
0x0151	0x1C03      	BTFSS      STATUS, 0
0x0152	0x3E01      	ADDLW      1
0x0153	0x0230      	SUBWF      FARG_Glcd_Line_y_end+1, 0
0x0154	0x00B5      	MOVWF      Glcd_Line_dy_L0+1
;__Lib_Glcd.c,389 :: 		
0x0155	0x3080      	MOVLW      128
0x0156	0x0672      	XORWF      R1+1, 0
0x0157	0x00F0      	MOVWF      R0
0x0158	0x3080      	MOVLW      128
0x0159	0x0270      	SUBWF      R0, 0
0x015A	0x1D03      	BTFSS      STATUS, 2
0x015B	0x295E      	GOTO       L__Glcd_Line239
0x015C	0x3000      	MOVLW      0
0x015D	0x0271      	SUBWF      R1, 0
L__Glcd_Line239:
0x015E	0x1803      	BTFSC      STATUS, 0
0x015F	0x296D      	GOTO       L_Glcd_Line50
;__Lib_Glcd.c,390 :: 		
0x0160	0x0832      	MOVF       Glcd_Line_dx_L0, 0
0x0161	0x3C00      	SUBLW      0
0x0162	0x00B2      	MOVWF      Glcd_Line_dx_L0
0x0163	0x0833      	MOVF       Glcd_Line_dx_L0+1, 0
0x0164	0x1C03      	BTFSS      STATUS, 0
0x0165	0x3E01      	ADDLW      1
0x0166	0x01B3      	CLRF       Glcd_Line_dx_L0+1
0x0167	0x02B3      	SUBWF      Glcd_Line_dx_L0+1, 1
;__Lib_Glcd.c,391 :: 		
0x0168	0x30FF      	MOVLW      255
0x0169	0x00B6      	MOVWF      Glcd_Line_stepx_L0
0x016A	0x30FF      	MOVLW      255
0x016B	0x00B7      	MOVWF      Glcd_Line_stepx_L0+1
;__Lib_Glcd.c,392 :: 		
0x016C	0x2971      	GOTO       L_Glcd_Line51
L_Glcd_Line50:
;__Lib_Glcd.c,393 :: 		
0x016D	0x3001      	MOVLW      1
0x016E	0x00B6      	MOVWF      Glcd_Line_stepx_L0
0x016F	0x3000      	MOVLW      0
0x0170	0x00B7      	MOVWF      Glcd_Line_stepx_L0+1
;__Lib_Glcd.c,394 :: 		
L_Glcd_Line51:
;__Lib_Glcd.c,396 :: 		
0x0171	0x3080      	MOVLW      128
0x0172	0x0635      	XORWF      Glcd_Line_dy_L0+1, 0
0x0173	0x00F0      	MOVWF      R0
0x0174	0x3080      	MOVLW      128
0x0175	0x0270      	SUBWF      R0, 0
0x0176	0x1D03      	BTFSS      STATUS, 2
0x0177	0x297A      	GOTO       L__Glcd_Line240
0x0178	0x3000      	MOVLW      0
0x0179	0x0234      	SUBWF      Glcd_Line_dy_L0, 0
L__Glcd_Line240:
0x017A	0x1803      	BTFSC      STATUS, 0
0x017B	0x2989      	GOTO       L_Glcd_Line52
;__Lib_Glcd.c,397 :: 		
0x017C	0x0834      	MOVF       Glcd_Line_dy_L0, 0
0x017D	0x3C00      	SUBLW      0
0x017E	0x00B4      	MOVWF      Glcd_Line_dy_L0
0x017F	0x0835      	MOVF       Glcd_Line_dy_L0+1, 0
0x0180	0x1C03      	BTFSS      STATUS, 0
0x0181	0x3E01      	ADDLW      1
0x0182	0x01B5      	CLRF       Glcd_Line_dy_L0+1
0x0183	0x02B5      	SUBWF      Glcd_Line_dy_L0+1, 1
;__Lib_Glcd.c,398 :: 		
0x0184	0x30FF      	MOVLW      255
0x0185	0x00B8      	MOVWF      Glcd_Line_stepy_L0
0x0186	0x30FF      	MOVLW      255
0x0187	0x00B9      	MOVWF      Glcd_Line_stepy_L0+1
;__Lib_Glcd.c,399 :: 		
0x0188	0x298D      	GOTO       L_Glcd_Line53
L_Glcd_Line52:
;__Lib_Glcd.c,401 :: 		
0x0189	0x3001      	MOVLW      1
0x018A	0x00B8      	MOVWF      Glcd_Line_stepy_L0
0x018B	0x3000      	MOVLW      0
0x018C	0x00B9      	MOVWF      Glcd_Line_stepy_L0+1
;__Lib_Glcd.c,402 :: 		
L_Glcd_Line53:
;__Lib_Glcd.c,404 :: 		
0x018D	0x0DB2      	RLF        Glcd_Line_dx_L0, 1
0x018E	0x0DB3      	RLF        Glcd_Line_dx_L0+1, 1
0x018F	0x1032      	BCF        Glcd_Line_dx_L0, 0
;__Lib_Glcd.c,405 :: 		
0x0190	0x0DB4      	RLF        Glcd_Line_dy_L0, 1
0x0191	0x0DB5      	RLF        Glcd_Line_dy_L0+1, 1
0x0192	0x1034      	BCF        Glcd_Line_dy_L0, 0
;__Lib_Glcd.c,407 :: 		
0x0193	0x0829      	MOVF       FARG_Glcd_Line_x_start, 0
0x0194	0x00BC      	MOVWF      FARG_Glcd_Dot_x_pos
0x0195	0x082B      	MOVF       FARG_Glcd_Line_y_start, 0
0x0196	0x00BD      	MOVWF      FARG_Glcd_Dot_y_pos
0x0197	0x0831      	MOVF       FARG_Glcd_Line_color, 0
0x0198	0x00BE      	MOVWF      FARG_Glcd_Dot_color
0x0199	0x205E      	CALL       _Glcd_Dot
;__Lib_Glcd.c,410 :: 		
0x019A	0x3080      	MOVLW      128
0x019B	0x0635      	XORWF      Glcd_Line_dy_L0+1, 0
0x019C	0x00F0      	MOVWF      R0
0x019D	0x3080      	MOVLW      128
0x019E	0x0633      	XORWF      Glcd_Line_dx_L0+1, 0
0x019F	0x0270      	SUBWF      R0, 0
0x01A0	0x1D03      	BTFSS      STATUS, 2
0x01A1	0x29A4      	GOTO       L__Glcd_Line241
0x01A2	0x0832      	MOVF       Glcd_Line_dx_L0, 0
0x01A3	0x0234      	SUBWF      Glcd_Line_dy_L0, 0
L__Glcd_Line241:
0x01A4	0x1803      	BTFSC      STATUS, 0
0x01A5	0x29F1      	GOTO       L_Glcd_Line54
;__Lib_Glcd.c,411 :: 		
0x01A6	0x0832      	MOVF       Glcd_Line_dx_L0, 0
0x01A7	0x00F0      	MOVWF      R0
0x01A8	0x0833      	MOVF       Glcd_Line_dx_L0+1, 0
0x01A9	0x00F1      	MOVWF      R0+1
0x01AA	0x0CF1      	RRF        R0+1, 1
0x01AB	0x0CF0      	RRF        R0, 1
0x01AC	0x13F1      	BCF        R0+1, 7
0x01AD	0x1B71      	BTFSC      R0+1, 6
0x01AE	0x17F1      	BSF        R0+1, 7
0x01AF	0x0870      	MOVF       R0, 0
0x01B0	0x0234      	SUBWF      Glcd_Line_dy_L0, 0
0x01B1	0x00BA      	MOVWF      Glcd_Line_fraction_L0
0x01B2	0x0871      	MOVF       R0+1, 0
0x01B3	0x1C03      	BTFSS      STATUS, 0
0x01B4	0x3E01      	ADDLW      1
0x01B5	0x0235      	SUBWF      Glcd_Line_dy_L0+1, 0
0x01B6	0x00BB      	MOVWF      Glcd_Line_fraction_L0+1
;__Lib_Glcd.c,412 :: 		
L_Glcd_Line55:
0x01B7	0x082A      	MOVF       FARG_Glcd_Line_x_start+1, 0
0x01B8	0x062E      	XORWF      FARG_Glcd_Line_x_end+1, 0
0x01B9	0x1D03      	BTFSS      STATUS, 2
0x01BA	0x29BD      	GOTO       L__Glcd_Line242
0x01BB	0x082D      	MOVF       FARG_Glcd_Line_x_end, 0
0x01BC	0x0629      	XORWF      FARG_Glcd_Line_x_start, 0
L__Glcd_Line242:
0x01BD	0x1903      	BTFSC      STATUS, 2
0x01BE	0x29F0      	GOTO       L_Glcd_Line56
;__Lib_Glcd.c,413 :: 		
0x01BF	0x3080      	MOVLW      128
0x01C0	0x063B      	XORWF      Glcd_Line_fraction_L0+1, 0
0x01C1	0x00F0      	MOVWF      R0
0x01C2	0x3080      	MOVLW      128
0x01C3	0x0270      	SUBWF      R0, 0
0x01C4	0x1D03      	BTFSS      STATUS, 2
0x01C5	0x29C8      	GOTO       L__Glcd_Line243
0x01C6	0x3000      	MOVLW      0
0x01C7	0x023A      	SUBWF      Glcd_Line_fraction_L0, 0
L__Glcd_Line243:
0x01C8	0x1C03      	BTFSS      STATUS, 0
0x01C9	0x29D6      	GOTO       L_Glcd_Line57
;__Lib_Glcd.c,414 :: 		
0x01CA	0x0838      	MOVF       Glcd_Line_stepy_L0, 0
0x01CB	0x07AB      	ADDWF      FARG_Glcd_Line_y_start, 1
0x01CC	0x0839      	MOVF       Glcd_Line_stepy_L0+1, 0
0x01CD	0x1803      	BTFSC      STATUS, 0
0x01CE	0x3E01      	ADDLW      1
0x01CF	0x07AC      	ADDWF      FARG_Glcd_Line_y_start+1, 1
;__Lib_Glcd.c,415 :: 		
0x01D0	0x0832      	MOVF       Glcd_Line_dx_L0, 0
0x01D1	0x02BA      	SUBWF      Glcd_Line_fraction_L0, 1
0x01D2	0x1C03      	BTFSS      STATUS, 0
0x01D3	0x03BB      	DECF       Glcd_Line_fraction_L0+1, 1
0x01D4	0x0833      	MOVF       Glcd_Line_dx_L0+1, 0
0x01D5	0x02BB      	SUBWF      Glcd_Line_fraction_L0+1, 1
;__Lib_Glcd.c,416 :: 		
L_Glcd_Line57:
;__Lib_Glcd.c,417 :: 		
0x01D6	0x0836      	MOVF       Glcd_Line_stepx_L0, 0
0x01D7	0x0729      	ADDWF      FARG_Glcd_Line_x_start, 0
0x01D8	0x00F0      	MOVWF      R0
0x01D9	0x082A      	MOVF       FARG_Glcd_Line_x_start+1, 0
0x01DA	0x1803      	BTFSC      STATUS, 0
0x01DB	0x3E01      	ADDLW      1
0x01DC	0x0737      	ADDWF      Glcd_Line_stepx_L0+1, 0
0x01DD	0x00F1      	MOVWF      R0+1
0x01DE	0x0870      	MOVF       R0, 0
0x01DF	0x00A9      	MOVWF      FARG_Glcd_Line_x_start
0x01E0	0x0871      	MOVF       R0+1, 0
0x01E1	0x00AA      	MOVWF      FARG_Glcd_Line_x_start+1
;__Lib_Glcd.c,418 :: 		
0x01E2	0x0834      	MOVF       Glcd_Line_dy_L0, 0
0x01E3	0x07BA      	ADDWF      Glcd_Line_fraction_L0, 1
0x01E4	0x0835      	MOVF       Glcd_Line_dy_L0+1, 0
0x01E5	0x1803      	BTFSC      STATUS, 0
0x01E6	0x3E01      	ADDLW      1
0x01E7	0x07BB      	ADDWF      Glcd_Line_fraction_L0+1, 1
;__Lib_Glcd.c,420 :: 		
0x01E8	0x0870      	MOVF       R0, 0
0x01E9	0x00BC      	MOVWF      FARG_Glcd_Dot_x_pos
0x01EA	0x082B      	MOVF       FARG_Glcd_Line_y_start, 0
0x01EB	0x00BD      	MOVWF      FARG_Glcd_Dot_y_pos
0x01EC	0x0831      	MOVF       FARG_Glcd_Line_color, 0
0x01ED	0x00BE      	MOVWF      FARG_Glcd_Dot_color
0x01EE	0x205E      	CALL       _Glcd_Dot
;__Lib_Glcd.c,421 :: 		
0x01EF	0x29B7      	GOTO       L_Glcd_Line55
L_Glcd_Line56:
;__Lib_Glcd.c,422 :: 		
0x01F0	0x2A3B      	GOTO       L_Glcd_Line58
L_Glcd_Line54:
;__Lib_Glcd.c,425 :: 		
0x01F1	0x0834      	MOVF       Glcd_Line_dy_L0, 0
0x01F2	0x00F0      	MOVWF      R0
0x01F3	0x0835      	MOVF       Glcd_Line_dy_L0+1, 0
0x01F4	0x00F1      	MOVWF      R0+1
0x01F5	0x0CF1      	RRF        R0+1, 1
0x01F6	0x0CF0      	RRF        R0, 1
0x01F7	0x13F1      	BCF        R0+1, 7
0x01F8	0x1B71      	BTFSC      R0+1, 6
0x01F9	0x17F1      	BSF        R0+1, 7
0x01FA	0x0870      	MOVF       R0, 0
0x01FB	0x0232      	SUBWF      Glcd_Line_dx_L0, 0
0x01FC	0x00BA      	MOVWF      Glcd_Line_fraction_L0
0x01FD	0x0871      	MOVF       R0+1, 0
0x01FE	0x1C03      	BTFSS      STATUS, 0
0x01FF	0x3E01      	ADDLW      1
0x0200	0x0233      	SUBWF      Glcd_Line_dx_L0+1, 0
0x0201	0x00BB      	MOVWF      Glcd_Line_fraction_L0+1
;__Lib_Glcd.c,426 :: 		
L_Glcd_Line59:
0x0202	0x082C      	MOVF       FARG_Glcd_Line_y_start+1, 0
0x0203	0x0630      	XORWF      FARG_Glcd_Line_y_end+1, 0
0x0204	0x1D03      	BTFSS      STATUS, 2
0x0205	0x2A08      	GOTO       L__Glcd_Line244
0x0206	0x082F      	MOVF       FARG_Glcd_Line_y_end, 0
0x0207	0x062B      	XORWF      FARG_Glcd_Line_y_start, 0
L__Glcd_Line244:
0x0208	0x1903      	BTFSC      STATUS, 2
0x0209	0x2A3B      	GOTO       L_Glcd_Line60
;__Lib_Glcd.c,427 :: 		
0x020A	0x3080      	MOVLW      128
0x020B	0x063B      	XORWF      Glcd_Line_fraction_L0+1, 0
0x020C	0x00F0      	MOVWF      R0
0x020D	0x3080      	MOVLW      128
0x020E	0x0270      	SUBWF      R0, 0
0x020F	0x1D03      	BTFSS      STATUS, 2
0x0210	0x2A13      	GOTO       L__Glcd_Line245
0x0211	0x3000      	MOVLW      0
0x0212	0x023A      	SUBWF      Glcd_Line_fraction_L0, 0
L__Glcd_Line245:
0x0213	0x1C03      	BTFSS      STATUS, 0
0x0214	0x2A21      	GOTO       L_Glcd_Line61
;__Lib_Glcd.c,428 :: 		
0x0215	0x0836      	MOVF       Glcd_Line_stepx_L0, 0
0x0216	0x07A9      	ADDWF      FARG_Glcd_Line_x_start, 1
0x0217	0x0837      	MOVF       Glcd_Line_stepx_L0+1, 0
0x0218	0x1803      	BTFSC      STATUS, 0
0x0219	0x3E01      	ADDLW      1
0x021A	0x07AA      	ADDWF      FARG_Glcd_Line_x_start+1, 1
;__Lib_Glcd.c,429 :: 		
0x021B	0x0834      	MOVF       Glcd_Line_dy_L0, 0
0x021C	0x02BA      	SUBWF      Glcd_Line_fraction_L0, 1
0x021D	0x1C03      	BTFSS      STATUS, 0
0x021E	0x03BB      	DECF       Glcd_Line_fraction_L0+1, 1
0x021F	0x0835      	MOVF       Glcd_Line_dy_L0+1, 0
0x0220	0x02BB      	SUBWF      Glcd_Line_fraction_L0+1, 1
;__Lib_Glcd.c,430 :: 		
L_Glcd_Line61:
;__Lib_Glcd.c,431 :: 		
0x0221	0x0838      	MOVF       Glcd_Line_stepy_L0, 0
0x0222	0x072B      	ADDWF      FARG_Glcd_Line_y_start, 0
0x0223	0x00F0      	MOVWF      R0
0x0224	0x082C      	MOVF       FARG_Glcd_Line_y_start+1, 0
0x0225	0x1803      	BTFSC      STATUS, 0
0x0226	0x3E01      	ADDLW      1
0x0227	0x0739      	ADDWF      Glcd_Line_stepy_L0+1, 0
0x0228	0x00F1      	MOVWF      R0+1
0x0229	0x0870      	MOVF       R0, 0
0x022A	0x00AB      	MOVWF      FARG_Glcd_Line_y_start
0x022B	0x0871      	MOVF       R0+1, 0
0x022C	0x00AC      	MOVWF      FARG_Glcd_Line_y_start+1
;__Lib_Glcd.c,432 :: 		
0x022D	0x0832      	MOVF       Glcd_Line_dx_L0, 0
0x022E	0x07BA      	ADDWF      Glcd_Line_fraction_L0, 1
0x022F	0x0833      	MOVF       Glcd_Line_dx_L0+1, 0
0x0230	0x1803      	BTFSC      STATUS, 0
0x0231	0x3E01      	ADDLW      1
0x0232	0x07BB      	ADDWF      Glcd_Line_fraction_L0+1, 1
;__Lib_Glcd.c,433 :: 		
0x0233	0x0829      	MOVF       FARG_Glcd_Line_x_start, 0
0x0234	0x00BC      	MOVWF      FARG_Glcd_Dot_x_pos
0x0235	0x0870      	MOVF       R0, 0
0x0236	0x00BD      	MOVWF      FARG_Glcd_Dot_y_pos
0x0237	0x0831      	MOVF       FARG_Glcd_Line_color, 0
0x0238	0x00BE      	MOVWF      FARG_Glcd_Dot_color
0x0239	0x205E      	CALL       _Glcd_Dot
;__Lib_Glcd.c,434 :: 		
0x023A	0x2A02      	GOTO       L_Glcd_Line59
L_Glcd_Line60:
;__Lib_Glcd.c,435 :: 		
L_Glcd_Line58:
;__Lib_Glcd.c,436 :: 		
L_end_Glcd_Line:
0x023B	0x0008      	RETURN
; end of _Glcd_Line
_Glcd_H_Line:
;__Lib_Glcd.c,440 :: 		
;__Lib_Glcd.c,442 :: 		
0x023C	0x3000      	MOVLW      0
0x023D	0x1283      	BCF        STATUS, 5
0x023E	0x1303      	BCF        STATUS, 6
0x023F	0x022B      	SUBWF      FARG_Glcd_H_Line_y_pos, 0
0x0240	0x1C03      	BTFSS      STATUS, 0
0x0241	0x2A47      	GOTO       L__Glcd_H_Line210
0x0242	0x082B      	MOVF       FARG_Glcd_H_Line_y_pos, 0
0x0243	0x3C3F      	SUBLW      63
0x0244	0x1C03      	BTFSS      STATUS, 0
0x0245	0x2A47      	GOTO       L__Glcd_H_Line210
0x0246	0x2A48      	GOTO       L_Glcd_H_Line64
L__Glcd_H_Line210:
;__Lib_Glcd.c,443 :: 		
0x0247	0x2A75      	GOTO       L_end_Glcd_H_Line
L_Glcd_H_Line64:
;__Lib_Glcd.c,445 :: 		
0x0248	0x3000      	MOVLW      0
0x0249	0x0229      	SUBWF      FARG_Glcd_H_Line_x_start, 0
0x024A	0x1803      	BTFSC      STATUS, 0
0x024B	0x2A4D      	GOTO       L_Glcd_H_Line65
;__Lib_Glcd.c,446 :: 		
0x024C	0x01A9      	CLRF       FARG_Glcd_H_Line_x_start
L_Glcd_H_Line65:
;__Lib_Glcd.c,447 :: 		
0x024D	0x0829      	MOVF       FARG_Glcd_H_Line_x_start, 0
0x024E	0x3C7F      	SUBLW      127
0x024F	0x1803      	BTFSC      STATUS, 0
0x0250	0x2A53      	GOTO       L_Glcd_H_Line66
;__Lib_Glcd.c,448 :: 		
0x0251	0x307F      	MOVLW      127
0x0252	0x00A9      	MOVWF      FARG_Glcd_H_Line_x_start
L_Glcd_H_Line66:
;__Lib_Glcd.c,450 :: 		
0x0253	0x3000      	MOVLW      0
0x0254	0x022A      	SUBWF      FARG_Glcd_H_Line_x_end, 0
0x0255	0x1803      	BTFSC      STATUS, 0
0x0256	0x2A58      	GOTO       L_Glcd_H_Line67
;__Lib_Glcd.c,451 :: 		
0x0257	0x01AA      	CLRF       FARG_Glcd_H_Line_x_end
L_Glcd_H_Line67:
;__Lib_Glcd.c,452 :: 		
0x0258	0x082A      	MOVF       FARG_Glcd_H_Line_x_end, 0
0x0259	0x3C7F      	SUBLW      127
0x025A	0x1803      	BTFSC      STATUS, 0
0x025B	0x2A5E      	GOTO       L_Glcd_H_Line68
;__Lib_Glcd.c,453 :: 		
0x025C	0x307F      	MOVLW      127
0x025D	0x00AA      	MOVWF      FARG_Glcd_H_Line_x_end
L_Glcd_H_Line68:
;__Lib_Glcd.c,455 :: 		
0x025E	0x0829      	MOVF       FARG_Glcd_H_Line_x_start, 0
0x025F	0x022A      	SUBWF      FARG_Glcd_H_Line_x_end, 0
0x0260	0x1803      	BTFSC      STATUS, 0
0x0261	0x2A68      	GOTO       L_Glcd_H_Line69
;__Lib_Glcd.c,456 :: 		
0x0262	0x0829      	MOVF       FARG_Glcd_H_Line_x_start, 0
0x0263	0x00AD      	MOVWF      Glcd_H_Line_loc_L0
;__Lib_Glcd.c,457 :: 		
0x0264	0x082A      	MOVF       FARG_Glcd_H_Line_x_end, 0
0x0265	0x00A9      	MOVWF      FARG_Glcd_H_Line_x_start
;__Lib_Glcd.c,458 :: 		
0x0266	0x082D      	MOVF       Glcd_H_Line_loc_L0, 0
0x0267	0x00AA      	MOVWF      FARG_Glcd_H_Line_x_end
;__Lib_Glcd.c,459 :: 		
L_Glcd_H_Line69:
;__Lib_Glcd.c,461 :: 		
L_Glcd_H_Line70:
0x0268	0x0829      	MOVF       FARG_Glcd_H_Line_x_start, 0
0x0269	0x022A      	SUBWF      FARG_Glcd_H_Line_x_end, 0
0x026A	0x1C03      	BTFSS      STATUS, 0
0x026B	0x2A75      	GOTO       L_Glcd_H_Line71
;__Lib_Glcd.c,462 :: 		
0x026C	0x0829      	MOVF       FARG_Glcd_H_Line_x_start, 0
0x026D	0x00BC      	MOVWF      FARG_Glcd_Dot_x_pos
0x026E	0x082B      	MOVF       FARG_Glcd_H_Line_y_pos, 0
0x026F	0x00BD      	MOVWF      FARG_Glcd_Dot_y_pos
0x0270	0x082C      	MOVF       FARG_Glcd_H_Line_color, 0
0x0271	0x00BE      	MOVWF      FARG_Glcd_Dot_color
0x0272	0x205E      	CALL       _Glcd_Dot
;__Lib_Glcd.c,463 :: 		
0x0273	0x0AA9      	INCF       FARG_Glcd_H_Line_x_start, 1
;__Lib_Glcd.c,464 :: 		
0x0274	0x2A68      	GOTO       L_Glcd_H_Line70
L_Glcd_H_Line71:
;__Lib_Glcd.c,465 :: 		
L_end_Glcd_H_Line:
0x0275	0x0008      	RETURN
; end of _Glcd_H_Line
_ADC_Read:
;__Lib_ADC_A_C.c,45 :: 		
;__Lib_ADC_A_C.c,47 :: 		
0x0276	0x1283      	BCF        STATUS, 5
0x0277	0x1303      	BCF        STATUS, 6
0x0278	0x019F      	CLRF       ADCON0
;__Lib_ADC_A_C.c,48 :: 		
0x0279	0x30C0      	MOVLW      192
0x027A	0x049F      	IORWF      ADCON0, 1
;__Lib_ADC_A_C.c,49 :: 		
0x027B	0x1683      	BSF        STATUS, 5
0x027C	0x171F      	BSF        ADCON1, 6
;__Lib_ADC_A_C.c,50 :: 		
0x027D	0x179F      	BSF        ADCON1, 7
;__Lib_ADC_A_C.c,51 :: 		
0x027E	0x1283      	BCF        STATUS, 5
0x027F	0x0829      	MOVF       FARG_ADC_Read_channel, 0
0x0280	0x00F0      	MOVWF      R0
0x0281	0x0DF0      	RLF        R0, 1
0x0282	0x1070      	BCF        R0, 0
0x0283	0x0DF0      	RLF        R0, 1
0x0284	0x1070      	BCF        R0, 0
0x0285	0x0DF0      	RLF        R0, 1
0x0286	0x1070      	BCF        R0, 0
0x0287	0x0870      	MOVF       R0, 0
0x0288	0x049F      	IORWF      ADCON0, 1
;__Lib_ADC_A_C.c,54 :: 		
0x0289	0x141F      	BSF        ADCON0, 0
;__Lib_ADC_A_C.c,57 :: 		
0x028A	0x20C1      	CALL       _Delay_22us
;__Lib_ADC_A_C.c,60 :: 		
0x028B	0x151F      	BSF        ADCON0, 2
;__Lib_ADC_A_C.c,63 :: 		
L_ADC_Read2:
0x028C	0x1D1F      	BTFSS      ADCON0, 2
0x028D	0x2A90      	GOTO       L_ADC_Read3
;__Lib_ADC_A_C.c,64 :: 		
0x028E	0x0000      	NOP
0x028F	0x2A8C      	GOTO       L_ADC_Read2
L_ADC_Read3:
;__Lib_ADC_A_C.c,67 :: 		
0x0290	0x101F      	BCF        ADCON0, 0
;__Lib_ADC_A_C.c,70 :: 		
0x0291	0x081E      	MOVF       ADRESH, 0
0x0292	0x00F1      	MOVWF      R0+1
0x0293	0x01F0      	CLRF       R0
0x0294	0x1683      	BSF        STATUS, 5
0x0295	0x081E      	MOVF       ADRESL, 0
0x0296	0x04F0      	IORWF      R0, 1
0x0297	0x3000      	MOVLW      0
0x0298	0x04F1      	IORWF      R0+1, 1
;__Lib_ADC_A_C.c,71 :: 		
L_end_ADC_Read:
0x0299	0x0008      	RETURN
; end of _ADC_Read
_Mul_16x16_U:
;__Lib_Math.c,136 :: 		
;__Lib_Math.c,143 :: 		
0x029A	0x1283      	BCF        STATUS, 5
;__Lib_Math.c,144 :: 		
0x029B	0x1303      	BCF        STATUS, 6
;__Lib_Math.c,145 :: 		
0x029C	0x01FB      	CLRF       R11
;__Lib_Math.c,146 :: 		
0x029D	0x01FA      	CLRF       R10
;__Lib_Math.c,147 :: 		
0x029E	0x01F9      	CLRF       R9
;__Lib_Math.c,148 :: 		
0x029F	0x3080      	MOVLW      128
;__Lib_Math.c,149 :: 		
0x02A0	0x00F8      	MOVWF      R8
;__Lib_Math.c,150 :: 		
0x02A1	0x0CF1      	RRF        R1, 1
;__Lib_Math.c,151 :: 		
0x02A2	0x0CF0      	RRF        R0, 1
;__Lib_Math.c,152 :: 		
0x02A3	0x1C03      	BTFSS      STATUS, 0
;__Lib_Math.c,153 :: 		
0x02A4	0x2AAE      	GOTO       $+10
;__Lib_Math.c,154 :: 		
0x02A5	0x0874      	MOVF       R4, 0
;__Lib_Math.c,155 :: 		
0x02A6	0x07F9      	ADDWF      R9, 1
;__Lib_Math.c,156 :: 		
0x02A7	0x0875      	MOVF       R5, 0
;__Lib_Math.c,157 :: 		
0x02A8	0x1803      	BTFSC      STATUS, 0
;__Lib_Math.c,158 :: 		
0x02A9	0x0F75      	INCFSZ     R5, 0
;__Lib_Math.c,159 :: 		
0x02AA	0x07FA      	ADDWF      R10, 1
;__Lib_Math.c,160 :: 		
0x02AB	0x1803      	BTFSC      STATUS, 0
;__Lib_Math.c,161 :: 		
0x02AC	0x0AFB      	INCF       R11, 1
;__Lib_Math.c,162 :: 		
0x02AD	0x1003      	BCF        STATUS, 0
;__Lib_Math.c,163 :: 		
0x02AE	0x1FF0      	BTFSS      R0, 7
;__Lib_Math.c,164 :: 		
0x02AF	0x2AB6      	GOTO       $+7
;__Lib_Math.c,165 :: 		
0x02B0	0x0874      	MOVF       R4, 0
;__Lib_Math.c,166 :: 		
0x02B1	0x07FA      	ADDWF      R10, 1
;__Lib_Math.c,167 :: 		
0x02B2	0x0875      	MOVF       R5, 0
;__Lib_Math.c,168 :: 		
0x02B3	0x1803      	BTFSC      STATUS, 0
;__Lib_Math.c,169 :: 		
0x02B4	0x0F75      	INCFSZ     R5, 0
;__Lib_Math.c,170 :: 		
0x02B5	0x07FB      	ADDWF      R11, 1
;__Lib_Math.c,171 :: 		
0x02B6	0x0CFB      	RRF        R11, 1
;__Lib_Math.c,172 :: 		
0x02B7	0x0CFA      	RRF        R10, 1
;__Lib_Math.c,173 :: 		
0x02B8	0x0CF9      	RRF        R9, 1
;__Lib_Math.c,174 :: 		
0x02B9	0x0CF8      	RRF        R8, 1
;__Lib_Math.c,175 :: 		
0x02BA	0x1C03      	BTFSS      STATUS, 0
;__Lib_Math.c,176 :: 		
0x02BB	0x2AA1      	GOTO       $-26
;__Lib_Math.c,177 :: 		
0x02BC	0x087B      	MOVF       R11, 0
;__Lib_Math.c,178 :: 		
0x02BD	0x00F3      	MOVWF      R3
;__Lib_Math.c,179 :: 		
0x02BE	0x087A      	MOVF       R10, 0
;__Lib_Math.c,180 :: 		
0x02BF	0x00F2      	MOVWF      R2
;__Lib_Math.c,181 :: 		
0x02C0	0x0879      	MOVF       R9, 0
;__Lib_Math.c,182 :: 		
0x02C1	0x00F1      	MOVWF      R1
;__Lib_Math.c,183 :: 		
0x02C2	0x0878      	MOVF       R8, 0
;__Lib_Math.c,184 :: 		
0x02C3	0x00F0      	MOVWF      R0
;__Lib_Math.c,187 :: 		
L_end_Mul_16x16_U:
0x02C4	0x0008      	RETURN
; end of _Mul_16x16_U
_Glcd_Init:
;__Lib_Glcd.c,144 :: 		
;__Lib_Glcd.c,145 :: 		
0x02C5	0x1283      	BCF        STATUS, 5
0x02C6	0x1303      	BCF        STATUS, 6
0x02C7	0x01A4      	CLRF       __Lib_Glcd_FontInitialized
;__Lib_Glcd.c,147 :: 		
0x02C8	0x1683      	BSF        STATUS, 5
0x02C9	0x1007      	BCF        GLCD_RST_Direction, BitPos(GLCD_RST_Direction+0)
;__Lib_Glcd.c,148 :: 		
0x02CA	0x1087      	BCF        GLCD_EN_Direction, BitPos(GLCD_EN_Direction+0)
;__Lib_Glcd.c,149 :: 		
0x02CB	0x1187      	BCF        GLCD_RS_Direction, BitPos(GLCD_RS_Direction+0)
;__Lib_Glcd.c,150 :: 		
0x02CC	0x1107      	BCF        GLCD_RW_Direction, BitPos(GLCD_RW_Direction+0)
;__Lib_Glcd.c,151 :: 		
0x02CD	0x1287      	BCF        GLCD_CS1_Direction, BitPos(GLCD_CS1_Direction+0)
;__Lib_Glcd.c,152 :: 		
0x02CE	0x1207      	BCF        GLCD_CS2_Direction, BitPos(GLCD_CS2_Direction+0)
;__Lib_Glcd.c,154 :: 		
0x02CF	0x1283      	BCF        STATUS, 5
0x02D0	0x1007      	BCF        GLCD_RST, BitPos(GLCD_RST+0)
;__Lib_Glcd.c,159 :: 		
0x02D1	0x1683      	BSF        STATUS, 5
0x02D2	0x0188      	CLRF       GLCD_DataPort+128
;__Lib_Glcd.c,169 :: 		
0x02D3	0x1283      	BCF        STATUS, 5
0x02D4	0x1187      	BCF        GLCD_RS, BitPos(GLCD_RS+0)
;__Lib_Glcd.c,170 :: 		
0x02D5	0x1107      	BCF        GLCD_RW, BitPos(GLCD_RW+0)
;__Lib_Glcd.c,172 :: 		
0x02D6	0x1287      	BCF        GLCD_CS1, BitPos(GLCD_CS1+0)
;__Lib_Glcd.c,173 :: 		
0x02D7	0x1607      	BSF        GLCD_CS2, BitPos(GLCD_CS2+0)
;__Lib_Glcd.c,175 :: 		
0x02D8	0x1407      	BSF        GLCD_RST, BitPos(GLCD_RST+0)
;__Lib_Glcd.c,182 :: 		
0x02D9	0x303F      	MOVLW      63
0x02DA	0x0088      	MOVWF      GLCD_DataPort
;__Lib_Glcd.c,183 :: 		
0x02DB	0x200A      	CALL       __Lib_Glcd_Strobe
;__Lib_Glcd.c,185 :: 		
0x02DC	0x30C0      	MOVLW      192
0x02DD	0x0088      	MOVWF      GLCD_DataPort
;__Lib_Glcd.c,186 :: 		
0x02DE	0x200A      	CALL       __Lib_Glcd_Strobe
;__Lib_Glcd.c,188 :: 		
0x02DF	0x1687      	BSF        GLCD_CS1, BitPos(GLCD_CS1+0)
;__Lib_Glcd.c,189 :: 		
0x02E0	0x1207      	BCF        GLCD_CS2, BitPos(GLCD_CS2+0)
;__Lib_Glcd.c,191 :: 		
0x02E1	0x303F      	MOVLW      63
0x02E2	0x0088      	MOVWF      GLCD_DataPort
;__Lib_Glcd.c,192 :: 		
0x02E3	0x200A      	CALL       __Lib_Glcd_Strobe
;__Lib_Glcd.c,194 :: 		
0x02E4	0x30C0      	MOVLW      192
0x02E5	0x0088      	MOVWF      GLCD_DataPort
;__Lib_Glcd.c,195 :: 		
0x02E6	0x200A      	CALL       __Lib_Glcd_Strobe
;__Lib_Glcd.c,197 :: 		
L_end_Glcd_Init:
0x02E7	0x0008      	RETURN
; end of _Glcd_Init
_Glcd_Fill:
;__Lib_Glcd.c,122 :: 		
;__Lib_Glcd.c,125 :: 		
0x02E8	0x1283      	BCF        STATUS, 5
0x02E9	0x1303      	BCF        STATUS, 6
0x02EA	0x1287      	BCF        GLCD_CS1, BitPos(GLCD_CS1+0)
0x02EB	0x1607      	BSF        GLCD_CS2, BitPos(GLCD_CS2+0)
;__Lib_Glcd.c,126 :: 		
0x02EC	0x01AB      	CLRF       Glcd_Fill_page_L0
L_Glcd_Fill2:
0x02ED	0x082B      	MOVF       Glcd_Fill_page_L0, 0
0x02EE	0x3C07      	SUBLW      7
0x02EF	0x1C03      	BTFSS      STATUS, 0
0x02F0	0x2B00      	GOTO       L_Glcd_Fill3
;__Lib_Glcd.c,127 :: 		
0x02F1	0x082B      	MOVF       Glcd_Fill_page_L0, 0
0x02F2	0x00C2      	MOVWF      FARG_Glcd_Set_Page_page
0x02F3	0x2011      	CALL       _Glcd_Set_Page
;__Lib_Glcd.c,129 :: 		
0x02F4	0x01AA      	CLRF       Glcd_Fill_yy_L0
L_Glcd_Fill5:
0x02F5	0x082A      	MOVF       Glcd_Fill_yy_L0, 0
0x02F6	0x3C3F      	SUBLW      63
0x02F7	0x1C03      	BTFSS      STATUS, 0
0x02F8	0x2AFE      	GOTO       L_Glcd_Fill6
;__Lib_Glcd.c,130 :: 		
0x02F9	0x0829      	MOVF       FARG_Glcd_Fill_pattern, 0
0x02FA	0x00C2      	MOVWF      FARG_Glcd_Write_Data_ddata
0x02FB	0x201A      	CALL       _Glcd_Write_Data
;__Lib_Glcd.c,129 :: 		
0x02FC	0x0AAA      	INCF       Glcd_Fill_yy_L0, 1
;__Lib_Glcd.c,132 :: 		
0x02FD	0x2AF5      	GOTO       L_Glcd_Fill5
L_Glcd_Fill6:
;__Lib_Glcd.c,126 :: 		
0x02FE	0x0AAB      	INCF       Glcd_Fill_page_L0, 1
;__Lib_Glcd.c,133 :: 		
0x02FF	0x2AED      	GOTO       L_Glcd_Fill2
L_Glcd_Fill3:
;__Lib_Glcd.c,135 :: 		
0x0300	0x1207      	BCF        GLCD_CS2, BitPos(GLCD_CS2+0)
0x0301	0x1687      	BSF        GLCD_CS1, BitPos(GLCD_CS1+0)
;__Lib_Glcd.c,136 :: 		
0x0302	0x01AB      	CLRF       Glcd_Fill_page_L0
L_Glcd_Fill8:
0x0303	0x082B      	MOVF       Glcd_Fill_page_L0, 0
0x0304	0x3C07      	SUBLW      7
0x0305	0x1C03      	BTFSS      STATUS, 0
0x0306	0x2B16      	GOTO       L_Glcd_Fill9
;__Lib_Glcd.c,137 :: 		
0x0307	0x082B      	MOVF       Glcd_Fill_page_L0, 0
0x0308	0x00C2      	MOVWF      FARG_Glcd_Set_Page_page
0x0309	0x2011      	CALL       _Glcd_Set_Page
;__Lib_Glcd.c,138 :: 		
0x030A	0x01AA      	CLRF       Glcd_Fill_yy_L0
L_Glcd_Fill11:
0x030B	0x082A      	MOVF       Glcd_Fill_yy_L0, 0
0x030C	0x3C3F      	SUBLW      63
0x030D	0x1C03      	BTFSS      STATUS, 0
0x030E	0x2B14      	GOTO       L_Glcd_Fill12
;__Lib_Glcd.c,139 :: 		
0x030F	0x0829      	MOVF       FARG_Glcd_Fill_pattern, 0
0x0310	0x00C2      	MOVWF      FARG_Glcd_Write_Data_ddata
0x0311	0x201A      	CALL       _Glcd_Write_Data
;__Lib_Glcd.c,138 :: 		
0x0312	0x0AAA      	INCF       Glcd_Fill_yy_L0, 1
;__Lib_Glcd.c,139 :: 		
0x0313	0x2B0B      	GOTO       L_Glcd_Fill11
L_Glcd_Fill12:
;__Lib_Glcd.c,136 :: 		
0x0314	0x0AAB      	INCF       Glcd_Fill_page_L0, 1
;__Lib_Glcd.c,140 :: 		
0x0315	0x2B03      	GOTO       L_Glcd_Fill8
L_Glcd_Fill9:
;__Lib_Glcd.c,141 :: 		
L_end_Glcd_Fill:
0x0316	0x0008      	RETURN
; end of _Glcd_Fill
_Glcd_V_Line:
;__Lib_Glcd.c,469 :: 		
;__Lib_Glcd.c,471 :: 		
0x0317	0x3000      	MOVLW      0
0x0318	0x1283      	BCF        STATUS, 5
0x0319	0x1303      	BCF        STATUS, 6
0x031A	0x022B      	SUBWF      FARG_Glcd_V_Line_x_pos, 0
0x031B	0x1C03      	BTFSS      STATUS, 0
0x031C	0x2B22      	GOTO       L__Glcd_V_Line211
0x031D	0x082B      	MOVF       FARG_Glcd_V_Line_x_pos, 0
0x031E	0x3C7F      	SUBLW      127
0x031F	0x1C03      	BTFSS      STATUS, 0
0x0320	0x2B22      	GOTO       L__Glcd_V_Line211
0x0321	0x2B23      	GOTO       L_Glcd_V_Line74
L__Glcd_V_Line211:
;__Lib_Glcd.c,472 :: 		
0x0322	0x2B50      	GOTO       L_end_Glcd_V_Line
L_Glcd_V_Line74:
;__Lib_Glcd.c,474 :: 		
0x0323	0x3000      	MOVLW      0
0x0324	0x0229      	SUBWF      FARG_Glcd_V_Line_y_start, 0
0x0325	0x1803      	BTFSC      STATUS, 0
0x0326	0x2B28      	GOTO       L_Glcd_V_Line75
;__Lib_Glcd.c,475 :: 		
0x0327	0x01A9      	CLRF       FARG_Glcd_V_Line_y_start
L_Glcd_V_Line75:
;__Lib_Glcd.c,476 :: 		
0x0328	0x0829      	MOVF       FARG_Glcd_V_Line_y_start, 0
0x0329	0x3C3F      	SUBLW      63
0x032A	0x1803      	BTFSC      STATUS, 0
0x032B	0x2B2E      	GOTO       L_Glcd_V_Line76
;__Lib_Glcd.c,477 :: 		
0x032C	0x303F      	MOVLW      63
0x032D	0x00A9      	MOVWF      FARG_Glcd_V_Line_y_start
L_Glcd_V_Line76:
;__Lib_Glcd.c,479 :: 		
0x032E	0x3000      	MOVLW      0
0x032F	0x022A      	SUBWF      FARG_Glcd_V_Line_y_end, 0
0x0330	0x1803      	BTFSC      STATUS, 0
0x0331	0x2B33      	GOTO       L_Glcd_V_Line77
;__Lib_Glcd.c,480 :: 		
0x0332	0x01AA      	CLRF       FARG_Glcd_V_Line_y_end
L_Glcd_V_Line77:
;__Lib_Glcd.c,481 :: 		
0x0333	0x082A      	MOVF       FARG_Glcd_V_Line_y_end, 0
0x0334	0x3C3F      	SUBLW      63
0x0335	0x1803      	BTFSC      STATUS, 0
0x0336	0x2B39      	GOTO       L_Glcd_V_Line78
;__Lib_Glcd.c,482 :: 		
0x0337	0x303F      	MOVLW      63
0x0338	0x00AA      	MOVWF      FARG_Glcd_V_Line_y_end
L_Glcd_V_Line78:
;__Lib_Glcd.c,484 :: 		
0x0339	0x0829      	MOVF       FARG_Glcd_V_Line_y_start, 0
0x033A	0x022A      	SUBWF      FARG_Glcd_V_Line_y_end, 0
0x033B	0x1803      	BTFSC      STATUS, 0
0x033C	0x2B43      	GOTO       L_Glcd_V_Line79
;__Lib_Glcd.c,485 :: 		
0x033D	0x0829      	MOVF       FARG_Glcd_V_Line_y_start, 0
0x033E	0x00AD      	MOVWF      Glcd_V_Line_loc_L0
;__Lib_Glcd.c,486 :: 		
0x033F	0x082A      	MOVF       FARG_Glcd_V_Line_y_end, 0
0x0340	0x00A9      	MOVWF      FARG_Glcd_V_Line_y_start
;__Lib_Glcd.c,487 :: 		
0x0341	0x082D      	MOVF       Glcd_V_Line_loc_L0, 0
0x0342	0x00AA      	MOVWF      FARG_Glcd_V_Line_y_end
;__Lib_Glcd.c,488 :: 		
L_Glcd_V_Line79:
;__Lib_Glcd.c,490 :: 		
L_Glcd_V_Line80:
0x0343	0x0829      	MOVF       FARG_Glcd_V_Line_y_start, 0
0x0344	0x022A      	SUBWF      FARG_Glcd_V_Line_y_end, 0
0x0345	0x1C03      	BTFSS      STATUS, 0
0x0346	0x2B50      	GOTO       L_Glcd_V_Line81
;__Lib_Glcd.c,491 :: 		
0x0347	0x082B      	MOVF       FARG_Glcd_V_Line_x_pos, 0
0x0348	0x00BC      	MOVWF      FARG_Glcd_Dot_x_pos
0x0349	0x0829      	MOVF       FARG_Glcd_V_Line_y_start, 0
0x034A	0x00BD      	MOVWF      FARG_Glcd_Dot_y_pos
0x034B	0x082C      	MOVF       FARG_Glcd_V_Line_color, 0
0x034C	0x00BE      	MOVWF      FARG_Glcd_Dot_color
0x034D	0x205E      	CALL       _Glcd_Dot
;__Lib_Glcd.c,492 :: 		
0x034E	0x0AA9      	INCF       FARG_Glcd_V_Line_y_start, 1
;__Lib_Glcd.c,493 :: 		
0x034F	0x2B43      	GOTO       L_Glcd_V_Line80
L_Glcd_V_Line81:
;__Lib_Glcd.c,494 :: 		
L_end_Glcd_V_Line:
0x0350	0x0008      	RETURN
; end of _Glcd_V_Line
___CC2DW:
;__Lib_System.c,134 :: 		
;__Lib_System.c,137 :: 		
_CC2D_Loop1:
;__Lib_System.c,139 :: 		
0x0351	0x20C8      	CALL       _____DoICP
0x0352	0x118A      	BCF        PCLATH, 3
0x0353	0x120A      	BCF        PCLATH, 4
;__Lib_System.c,141 :: 		
0x0354	0x0080      	MOVWF      INDF
;__Lib_System.c,142 :: 		
0x0355	0x0A84      	INCF       FSR, 1
;__Lib_System.c,143 :: 		
0x0356	0x0AA7      	INCF       ___DoICPAddr, 1
;__Lib_System.c,145 :: 		
0x0357	0x1903      	BTFSC      STATUS, 2
;__Lib_System.c,146 :: 		
0x0358	0x0AA8      	INCF       ___DoICPAddr+1, 1
;__Lib_System.c,147 :: 		
0x0359	0x03F0      	DECF       R0, 1
;__Lib_System.c,149 :: 		
0x035A	0x1D03      	BTFSS      STATUS, 2
;__Lib_System.c,150 :: 		
0x035B	0x2B51      	GOTO       _CC2D_Loop1
;__Lib_System.c,152 :: 		
L_end___CC2DW:
0x035C	0x0008      	RETURN
; end of ___CC2DW
_main:
0x035D	0x1283      	BCF        STATUS, 5
0x035E	0x1303      	BCF        STATUS, 6
0x035F	0x01A0      	CLRF       _temp
0x0360	0x01A1      	CLRF       33
0x0361	0x01A2      	CLRF       _i
0x0362	0x01A3      	CLRF       35
;ATD.c,113 :: 		void main() {
;ATD.c,114 :: 		ADCON1=0x80;
0x0363	0x3080      	MOVLW      128
0x0364	0x1683      	BSF        STATUS, 5
0x0365	0x009F      	MOVWF      ADCON1
;ATD.c,115 :: 		TRISA=0xff;
0x0366	0x30FF      	MOVLW      255
0x0367	0x0085      	MOVWF      TRISA
;ATD.c,116 :: 		Glcd_Init(); // you have to initialize the GLCD module
0x0368	0x22C5      	CALL       _Glcd_Init
;ATD.c,117 :: 		Glcd_Fill(0x00); //Clear GLCD
0x0369	0x01A9      	CLRF       FARG_Glcd_Fill_pattern
0x036A	0x22E8      	CALL       _Glcd_Fill
;ATD.c,118 :: 		GLCD_V_line(0,64,0,1);
0x036B	0x01A9      	CLRF       FARG_Glcd_V_Line_y_start
0x036C	0x3040      	MOVLW      64
0x036D	0x00AA      	MOVWF      FARG_Glcd_V_Line_y_end
0x036E	0x01AB      	CLRF       FARG_Glcd_V_Line_x_pos
0x036F	0x3001      	MOVLW      1
0x0370	0x00AC      	MOVWF      FARG_Glcd_V_Line_color
0x0371	0x2317      	CALL       _Glcd_V_Line
;ATD.c,119 :: 		GLCD_H_line(0,128,32,1);
0x0372	0x01A9      	CLRF       FARG_Glcd_H_Line_x_start
0x0373	0x3080      	MOVLW      128
0x0374	0x00AA      	MOVWF      FARG_Glcd_H_Line_x_end
0x0375	0x3020      	MOVLW      32
0x0376	0x00AB      	MOVWF      FARG_Glcd_H_Line_y_pos
0x0377	0x3001      	MOVLW      1
0x0378	0x00AC      	MOVWF      FARG_Glcd_H_Line_color
0x0379	0x223C      	CALL       _Glcd_H_Line
;ATD.c,120 :: 		while(1){
L_main0:
;ATD.c,121 :: 		i++;
0x037A	0x0AA2      	INCF       _i, 1
0x037B	0x1903      	BTFSC      STATUS, 2
0x037C	0x0AA3      	INCF       _i+1, 1
;ATD.c,122 :: 		if(i==127){
0x037D	0x3000      	MOVLW      0
0x037E	0x0623      	XORWF      _i+1, 0
0x037F	0x1D03      	BTFSS      STATUS, 2
0x0380	0x2B83      	GOTO       L__main4
0x0381	0x307F      	MOVLW      127
0x0382	0x0622      	XORWF      _i, 0
L__main4:
0x0383	0x1D03      	BTFSS      STATUS, 2
0x0384	0x2B89      	GOTO       L_main2
;ATD.c,123 :: 		i=1;
0x0385	0x3001      	MOVLW      1
0x0386	0x00A2      	MOVWF      _i
0x0387	0x3000      	MOVLW      0
0x0388	0x00A3      	MOVWF      _i+1
;ATD.c,124 :: 		}
L_main2:
;ATD.c,125 :: 		out=ADC_Read(2)*63/1024;
0x0389	0x3002      	MOVLW      2
0x038A	0x00A9      	MOVWF      FARG_ADC_Read_channel
0x038B	0x2276      	CALL       _ADC_Read
0x038C	0x303F      	MOVLW      63
0x038D	0x00F4      	MOVWF      R4
0x038E	0x3000      	MOVLW      0
0x038F	0x00F5      	MOVWF      R4+1
0x0390	0x229A      	CALL       _Mul_16x16_U
0x0391	0x300A      	MOVLW      10
0x0392	0x00F2      	MOVWF      R2
0x0393	0x0870      	MOVF       R0, 0
0x0394	0x00A5      	MOVWF      _out
0x0395	0x0871      	MOVF       R0+1, 0
0x0396	0x00A6      	MOVWF      _out+1
0x0397	0x0872      	MOVF       R2, 0
L__main5:
0x0398	0x1903      	BTFSC      STATUS, 2
0x0399	0x2B9F      	GOTO       L__main6
0x039A	0x0CA6      	RRF        _out+1, 1
0x039B	0x0CA5      	RRF        _out, 1
0x039C	0x13A6      	BCF        _out+1, 7
0x039D	0x3EFF      	ADDLW      255
0x039E	0x2B98      	GOTO       L__main5
L__main6:
;ATD.c,126 :: 		GLCD_V_line(0,64,i+1,0);
0x039F	0x01A9      	CLRF       FARG_Glcd_V_Line_y_start
0x03A0	0x3040      	MOVLW      64
0x03A1	0x00AA      	MOVWF      FARG_Glcd_V_Line_y_end
0x03A2	0x0A22      	INCF       _i, 0
0x03A3	0x00AB      	MOVWF      FARG_Glcd_V_Line_x_pos
0x03A4	0x01AC      	CLRF       FARG_Glcd_V_Line_color
0x03A5	0x2317      	CALL       _Glcd_V_Line
;ATD.c,127 :: 		GLCD_line(i-1,temp,i,64-(out),1);
0x03A6	0x3001      	MOVLW      1
0x03A7	0x0222      	SUBWF      _i, 0
0x03A8	0x00A9      	MOVWF      FARG_Glcd_Line_x_start
0x03A9	0x3000      	MOVLW      0
0x03AA	0x1C03      	BTFSS      STATUS, 0
0x03AB	0x3E01      	ADDLW      1
0x03AC	0x0223      	SUBWF      _i+1, 0
0x03AD	0x00AA      	MOVWF      FARG_Glcd_Line_x_start+1
0x03AE	0x0820      	MOVF       _temp, 0
0x03AF	0x00AB      	MOVWF      FARG_Glcd_Line_y_start
0x03B0	0x0821      	MOVF       _temp+1, 0
0x03B1	0x00AC      	MOVWF      FARG_Glcd_Line_y_start+1
0x03B2	0x0822      	MOVF       _i, 0
0x03B3	0x00AD      	MOVWF      FARG_Glcd_Line_x_end
0x03B4	0x0823      	MOVF       _i+1, 0
0x03B5	0x00AE      	MOVWF      FARG_Glcd_Line_x_end+1
0x03B6	0x0825      	MOVF       _out, 0
0x03B7	0x3C40      	SUBLW      64
0x03B8	0x00AF      	MOVWF      FARG_Glcd_Line_y_end
0x03B9	0x0826      	MOVF       _out+1, 0
0x03BA	0x1C03      	BTFSS      STATUS, 0
0x03BB	0x3E01      	ADDLW      1
0x03BC	0x01B0      	CLRF       FARG_Glcd_Line_y_end+1
0x03BD	0x02B0      	SUBWF      FARG_Glcd_Line_y_end+1, 1
0x03BE	0x3001      	MOVLW      1
0x03BF	0x00B1      	MOVWF      FARG_Glcd_Line_color
0x03C0	0x20CF      	CALL       _Glcd_Line
;ATD.c,128 :: 		temp=64-(out);
0x03C1	0x0825      	MOVF       _out, 0
0x03C2	0x3C40      	SUBLW      64
0x03C3	0x00A0      	MOVWF      _temp
0x03C4	0x0826      	MOVF       _out+1, 0
0x03C5	0x1C03      	BTFSS      STATUS, 0
0x03C6	0x3E01      	ADDLW      1
0x03C7	0x01A1      	CLRF       _temp+1
0x03C8	0x02A1      	SUBWF      _temp+1, 1
;ATD.c,129 :: 		GLCD_H_line(0,128,32,1);
0x03C9	0x01A9      	CLRF       FARG_Glcd_H_Line_x_start
0x03CA	0x3080      	MOVLW      128
0x03CB	0x00AA      	MOVWF      FARG_Glcd_H_Line_x_end
0x03CC	0x3020      	MOVLW      32
0x03CD	0x00AB      	MOVWF      FARG_Glcd_H_Line_y_pos
0x03CE	0x3001      	MOVLW      1
0x03CF	0x00AC      	MOVWF      FARG_Glcd_H_Line_color
0x03D0	0x223C      	CALL       _Glcd_H_Line
;ATD.c,130 :: 		delay_ms(4);
0x03D1	0x3006      	MOVLW      6
0x03D2	0x00FC      	MOVWF      R12
0x03D3	0x3030      	MOVLW      48
0x03D4	0x00FD      	MOVWF      R13
L_main3:
0x03D5	0x0BFD      	DECFSZ     R13, 1
0x03D6	0x2BD5      	GOTO       L_main3
0x03D7	0x0BFC      	DECFSZ     R12, 1
0x03D8	0x2BD5      	GOTO       L_main3
0x03D9	0x0000      	NOP
;ATD.c,131 :: 		}
0x03DA	0x2B7A      	GOTO       L_main0
;ATD.c,132 :: 		}
0x03DB	0x2BDB      	GOTO       $+0
; end of _main
Symbol List:
//** Routines locations **
//ADDRESS    SIZE    PROCEDURE
//----------------------------------------------
0x0003       [7]    _Delay_10us
0x000A       [5]    __Lib_Glcd_Strobe
0x000F       [2]    _Delay_1us
0x0011       [9]    _Glcd_Set_Page
0x001A       [9]    _Glcd_Write_Data
0x0023      [15]    _Glcd_Set_Side
0x0032      [20]    _Glcd_Set_X
0x0046      [24]    _Glcd_Read_Data
0x005E      [99]    _Glcd_Dot
0x00C1       [7]    _Delay_22us
0x00C8       [7]    _____DoICP
0x00CF     [365]    _Glcd_Line
0x023C      [58]    _Glcd_H_Line
0x0276      [36]    _ADC_Read
0x029A      [43]    _Mul_16x16_U
0x02C5      [35]    _Glcd_Init
0x02E8      [47]    _Glcd_Fill
0x0317      [58]    _Glcd_V_Line
0x0351      [12]    ___CC2DW
0x035D     [127]    _main
//** Variables locations ** 
//ADDRESS    SIZE    VARIABLE
//----------------------------------------------
0x0000       [1]    INDF
0x0001       [1]    TMR0
0x0002       [1]    PCL
0x0003       [0]    NOT_TO_bit
0x0003       [0]    IRP_bit
0x0003       [0]    NOT_PD_bit
0x0003       [0]    Z_bit
0x0003       [0]    C_bit
0x0003       [1]    STATUS
0x0003       [0]    RP1_bit
0x0003       [0]    DC_bit
0x0003       [0]    RP0_bit
0x0004       [1]    FSR
0x0004       [1]    FSRPTR
0x0005       [0]    RA3_bit
0x0005       [0]    RA0_bit
0x0005       [0]    RA5_bit
0x0005       [0]    RA4_bit
0x0005       [0]    RA1_bit
0x0005       [1]    PORTA
0x0005       [0]    RA2_bit
0x0006       [0]    RB1_bit
0x0006       [0]    RB5_bit
0x0006       [0]    RB0_bit
0x0006       [0]    RB6_bit
0x0006       [0]    RB2_bit
0x0006       [0]    RB3_bit
0x0006       [1]    PORTB
0x0006       [0]    RB7_bit
0x0006       [0]    RB4_bit
0x0007       [0]    RC3_bit
0x0007       [0]    GLCD_CS1
0x0007       [0]    RC6_bit
0x0007       [0]    RC7_bit
0x0007       [0]    RC1_bit
0x0007       [0]    RC0_bit
0x0007       [0]    GLCD_EN
0x0007       [0]    RC4_bit
0x0007       [0]    RC2_bit
0x0007       [0]    RC5_bit
0x0007       [0]    GLCD_CS2
0x0007       [0]    GLCD_RST
0x0007       [0]    GLCD_RW
0x0007       [0]    GLCD_RS
0x0007       [1]    PORTC
0x0008       [0]    RD4_bit
0x0008       [0]    RD1_bit
0x0008       [0]    RD2_bit
0x0008       [1]    PORTD
0x0008       [0]    RD7_bit
0x0008       [0]    RD3_bit
0x0008       [0]    RD6_bit
0x0008       [1]    GLCD_DataPort
0x0008       [0]    RD0_bit
0x0008       [0]    RD5_bit
0x0009       [0]    RE1_bit
0x0009       [1]    PORTE
0x0009       [0]    RE0_bit
0x0009       [0]    RE2_bit
0x000A       [1]    PCLATH
0x000B       [0]    T0IE_bit
0x000B       [0]    T0IF_bit
0x000B       [0]    GIE_bit
0x000B       [1]    INTCON
0x000B       [0]    INTE_bit
0x000B       [0]    TMR0IE_bit
0x000B       [0]    PEIE_bit
0x000B       [0]    RBIE_bit
0x000B       [0]    INTF_bit
0x000B       [0]    TMR0IF_bit
0x000B       [0]    RBIF_bit
0x000C       [0]    CCP1IF_bit
0x000C       [0]    SSPIF_bit
0x000C       [0]    TMR1IF_bit
0x000C       [0]    TMR2IF_bit
0x000C       [1]    PIR1
0x000C       [0]    RCIF_bit
0x000C       [0]    PSPIF_bit
0x000C       [0]    ADIF_bit
0x000C       [0]    TXIF_bit
0x000D       [0]    EEIF_bit
0x000D       [0]    BCLIF_bit
0x000D       [0]    CCP2IF_bit
0x000D       [1]    PIR2
0x000D       [0]    CMIF_bit
0x000E       [1]    TMR1L
0x000F       [1]    TMR1H
0x0010       [0]    T1SYNC_bit
0x0010       [0]    T1OSCEN_bit
0x0010       [0]    T1CKPS0_bit
0x0010       [0]    T1INSYNC_bit
0x0010       [0]    T1CKPS1_bit
0x0010       [0]    NOT_T1SYNC_bit
0x0010       [1]    T1CON
0x0010       [0]    TMR1ON_bit
0x0010       [0]    TMR1CS_bit
0x0011       [1]    TMR2
0x0012       [1]    T2CON
0x0012       [0]    T2CKPS1_bit
0x0012       [0]    T2CKPS0_bit
0x0012       [0]    TMR2ON_bit
0x0012       [0]    TOUTPS0_bit
0x0012       [0]    TOUTPS3_bit
0x0012       [0]    TOUTPS2_bit
0x0012       [0]    TOUTPS1_bit
0x0013       [1]    SSPBUF
0x0014       [0]    SSPM0_bit
0x0014       [1]    SSPCON
0x0014       [0]    SSPM1_bit
0x0014       [0]    SSPM2_bit
0x0014       [0]    SSPM3_bit
0x0014       [0]    CKP_bit
0x0014       [0]    SSPEN_bit
0x0014       [0]    SSPOV_bit
0x0014       [0]    WCOL_bit
0x0015       [2]    CCPR1
0x0015       [1]    CCPR1L
0x0016       [1]    CCPR1H
0x0017       [0]    CCP1M1_bit
0x0017       [0]    CCP1M2_bit
0x0017       [0]    CCP1M3_bit
0x0017       [0]    CCP1Y_bit
0x0017       [0]    CCP1X_bit
0x0017       [0]    CCP1M0_bit
0x0017       [1]    CCP1CON
0x0018       [0]    RC9_bit
0x0018       [0]    RCD8_bit
0x0018       [0]    SPEN_bit
0x0018       [0]    NOT_RC8_bit
0x0018       [0]    FERR_bit
0x0018       [0]    OERR_bit
0x0018       [0]    RX9D_bit
0x0018       [0]    RC8_9_bit
0x0018       [0]    SREN_bit
0x0018       [0]    RX9_bit
0x0018       [0]    ADDEN_bit
0x0018       [0]    CREN_bit
0x0018       [1]    RCSTA
0x0019       [1]    TXREG
0x001A       [1]    RCREG
0x001B       [1]    CCPR2L
0x001B       [2]    CCPR2
0x001C       [1]    CCPR2H
0x001D       [0]    CCP2M2_bit
0x001D       [0]    CCP2M3_bit
0x001D       [1]    CCP2CON
0x001D       [0]    CCP2M1_bit
0x001D       [0]    CCP2Y_bit
0x001D       [0]    CCP2X_bit
0x001D       [0]    CCP2M0_bit
0x001E       [1]    ADRESH
0x001F       [0]    CHS0_bit
0x001F       [0]    GO_bit
0x001F       [0]    ADCS1_bit
0x001F       [0]    GO_DONE_bit
0x001F       [0]    NOT_DONE_bit
0x001F       [0]    ADON_bit
0x001F       [0]    CHS2_bit
0x001F       [0]    ADCS0_bit
0x001F       [0]    GO_NOT_DONE_bit
0x001F       [0]    CHS1_bit
0x001F       [1]    ADCON0
0x0020       [2]    _temp
0x0022       [2]    _i
0x0024       [1]    __Lib_Glcd_FontInitialized
0x0025       [2]    _out
0x0027       [2]    ___DoICPAddr
0x0029       [1]    FARG_Glcd_Fill_pattern
0x0029       [1]    FARG_ADC_Read_channel
0x0029       [1]    FARG_Glcd_V_Line_y_start
0x0029       [2]    FARG_Glcd_Line_x_start
0x0029       [1]    FARG_Glcd_H_Line_x_start
0x002A       [1]    Glcd_Fill_yy_L0
0x002A       [1]    FARG_Glcd_V_Line_y_end
0x002A       [1]    FARG_Glcd_H_Line_x_end
0x002B       [2]    FARG_Glcd_Line_y_start
0x002B       [1]    Glcd_Fill_page_L0
0x002B       [1]    FARG_Glcd_H_Line_y_pos
0x002B       [1]    FARG_Glcd_V_Line_x_pos
0x002C       [1]    FARG_Glcd_V_Line_color
0x002C       [1]    FARG_Glcd_H_Line_color
0x002D       [1]    Glcd_H_Line_loc_L0
0x002D       [2]    FARG_Glcd_Line_x_end
0x002D       [1]    Glcd_V_Line_loc_L0
0x002F       [2]    FARG_Glcd_Line_y_end
0x0031       [1]    FARG_Glcd_Line_color
0x0032       [2]    Glcd_Line_dx_L0
0x0034       [2]    Glcd_Line_dy_L0
0x0036       [2]    Glcd_Line_stepx_L0
0x0038       [2]    Glcd_Line_stepy_L0
0x003A       [2]    Glcd_Line_fraction_L0
0x003C       [1]    FARG_Glcd_Dot_x_pos
0x003D       [1]    FARG_Glcd_Dot_y_pos
0x003E       [1]    FARG_Glcd_Dot_color
0x003F       [1]    Glcd_Dot_bit_mask1_L0
0x0040       [1]    Glcd_Dot_bit_mask0_L0
0x0041       [1]    Glcd_Dot_ddata_L0
0x0042       [1]    FARG_Glcd_Set_Side_x_pos
0x0042       [1]    FARG_Glcd_Set_Page_page
0x0042       [1]    FARG_Glcd_Set_X_x_pos
0x0042       [1]    FARG_Glcd_Write_Data_ddata
0x0042       [1]    Glcd_Read_Data_local_L0
0x0070       [1]    R0
0x0071       [1]    R1
0x0072       [1]    R2
0x0073       [1]    R3
0x0074       [1]    R4
0x0075       [1]    R5
0x0076       [1]    R6
0x0077       [1]    R7
0x0078       [1]    R8
0x0079       [1]    R9
0x007A       [1]    R10
0x007B       [1]    R11
0x007C       [1]    R12
0x007D       [1]    R13
0x007E       [1]    R14
0x007F       [1]    R15
0x0081       [0]    PSA_bit
0x0081       [1]    OPTION_REG
0x0081       [0]    T0SE_bit
0x0081       [0]    PS0_bit
0x0081       [0]    PS1_bit
0x0081       [0]    PS2_bit
0x0081       [0]    NOT_RBPU_bit
0x0081       [0]    T0CS_bit
0x0081       [0]    INTEDG_bit
0x0085       [0]    TRISA2_bit
0x0085       [0]    TRISA1_bit
0x0085       [0]    TRISA0_bit
0x0085       [0]    TRISA3_bit
0x0085       [1]    TRISA
0x0085       [0]    TRISA5_bit
0x0085       [0]    TRISA4_bit
0x0086       [0]    TRISB2_bit
0x0086       [0]    TRISB3_bit
0x0086       [0]    TRISB0_bit
0x0086       [0]    TRISB1_bit
0x0086       [0]    TRISB4_bit
0x0086       [0]    TRISB7_bit
0x0086       [1]    TRISB
0x0086       [0]    TRISB5_bit
0x0086       [0]    TRISB6_bit
0x0087       [0]    GLCD_RS_Direction
0x0087       [0]    GLCD_RW_Direction
0x0087       [0]    GLCD_EN_Direction
0x0087       [0]    GLCD_CS2_Direction
0x0087       [0]    GLCD_RST_Direction
0x0087       [1]    TRISC
0x0087       [0]    GLCD_CS1_Direction
0x0087       [0]    TRISC0_bit
0x0087       [0]    TRISC5_bit
0x0087       [0]    TRISC6_bit
0x0087       [0]    TRISC7_bit
0x0087       [0]    TRISC4_bit
0x0087       [0]    TRISC2_bit
0x0087       [0]    TRISC1_bit
0x0087       [0]    TRISC3_bit
0x0088       [1]    TRISD
0x0088       [0]    TRISD3_bit
0x0088       [0]    TRISD4_bit
0x0088       [0]    TRISD5_bit
0x0088       [0]    TRISD1_bit
0x0088       [0]    TRISD0_bit
0x0088       [0]    TRISD2_bit
0x0088       [0]    TRISD7_bit
0x0088       [0]    TRISD6_bit
0x0089       [0]    TRISE1_bit
0x0089       [0]    OBF_bit
0x0089       [0]    IBF_bit
0x0089       [0]    PSPMODE_bit
0x0089       [0]    IBOV_bit
0x0089       [0]    TRISE0_bit
0x0089       [1]    TRISE
0x0089       [0]    IBOV_TRISE_bit
0x0089       [0]    PSPMODE_TRISE_bit
0x0089       [0]    OBF_TRISE_bit
0x0089       [0]    IBF_TRISE_bit
0x0089       [0]    TRISE2_bit
0x008C       [0]    CCP1IE_bit
0x008C       [0]    TMR2IE_bit
0x008C       [0]    ADIE_bit
0x008C       [0]    PSPIE_bit
0x008C       [0]    RCIE_bit
0x008C       [0]    SSPIE_bit
0x008C       [0]    TXIE_bit
0x008C       [0]    TMR1IE_bit
0x008C       [1]    PIE1
0x008D       [0]    EEIE_bit
0x008D       [0]    CMIE_bit
0x008D       [0]    CCP2IE_bit
0x008D       [1]    PIE2
0x008D       [0]    BCLIE_bit
0x008E       [0]    NOT_BO_bit
0x008E       [0]    NOT_POR_bit
0x008E       [0]    NOT_BOR_bit
0x008E       [1]    PCON
0x0091       [0]    RCEN_bit
0x0091       [0]    PEN_bit
0x0091       [0]    ACKEN_bit
0x0091       [0]    GCEN_bit
0x0091       [0]    ACKSTAT_bit
0x0091       [0]    ACKDT_bit
0x0091       [1]    SSPCON2
0x0091       [0]    SEN_bit
0x0091       [0]    RSEN_bit
0x0092       [1]    PR2
0x0093       [1]    SSPADD
0x0094       [0]    UA_bit
0x0094       [0]    R_NOT_W_bit
0x0094       [1]    SSPSTAT
0x0094       [0]    BF_bit
0x0094       [0]    NOT_A_bit
0x0094       [0]    NOT_WRITE_bit
0x0094       [0]    I2C_DATA_bit
0x0094       [0]    NOT_W_bit
0x0094       [0]    NOT_ADDRESS_bit
0x0094       [0]    READ_WRITE_bit
0x0094       [0]    DATA_ADDRESS_bit
0x0094       [0]    R_W_bit
0x0094       [0]    D_A_bit
0x0094       [0]    I2C_STOP__bit
0x0094       [0]    D_NOT_A_bit
0x0094       [0]    CKE_bit
0x0094       [0]    S_bit
0x0094       [0]    P_bit
0x0094       [0]    SMP_bit
0x0094       [0]    I2C_READ_bit
0x0094       [0]    I2C_START__bit
0x0094       [0]    R_bit
0x0094       [0]    D_bit
0x0098       [0]    TXD8_bit
0x0098       [0]    CSRC_bit
0x0098       [0]    NOT_TX8_bit
0x0098       [1]    TXSTA
0x0098       [0]    TX8_9_bit
0x0098       [0]    TX9_bit
0x0098       [0]    TRMT_bit
0x0098       [0]    TX9D_bit
0x0098       [0]    BRGH_bit
0x0098       [0]    TXEN_bit
0x0098       [0]    SYNC_bit
0x0099       [1]    SPBRG
0x009C       [0]    CM1_bit
0x009C       [0]    CM2_bit
0x009C       [1]    CMCON
0x009C       [0]    CM0_bit
0x009C       [0]    C2INV_bit
0x009C       [0]    C1INV_bit
0x009C       [0]    CIS_bit
0x009C       [0]    C2OUT_bit
0x009C       [0]    C1OUT_bit
0x009D       [1]    CVRCON
0x009D       [0]    CVR3_bit
0x009D       [0]    CVR2_bit
0x009D       [0]    CVR1_bit
0x009D       [0]    CVRR_bit
0x009D       [0]    CVR0_bit
0x009D       [0]    CVROE_bit
0x009D       [0]    CVREN_bit
0x009E       [1]    ADRESL
0x009F       [0]    PCFG1_bit
0x009F       [0]    PCFG2_bit
0x009F       [0]    PCFG3_bit
0x009F       [0]    ADCS2_bit
0x009F       [0]    ADFM_bit
0x009F       [0]    PCFG0_bit
0x009F       [1]    ADCON1
0x010C       [1]    EEDATA
0x010D       [1]    EEADR
0x010E       [1]    EEDATH
0x010F       [1]    EEADRH
0x018C       [0]    WRERR_bit
0x018C       [0]    EEPGD_bit
0x018C       [1]    EECON1
0x018C       [0]    RD_bit
0x018C       [0]    WREN_bit
0x018C       [0]    WR_bit
0x018D       [1]    EECON2
//** Label List: ** 
//----------------------------------------------
  L_main0
  L_main1
  L_main2
  L_main3
  _main
  L__main4
  L__main5
  L__main6
  L_ADC_Get_Sample0
  L_ADC_Get_Sample1
  L_ADC_Read2
  L_ADC_Read3
  L_end_ADC_Init
  _ADC_Init
  L_end_ADC_Get_Sample
  _ADC_Get_Sample
  L_end_ADC_Read
  _ADC_Read
  L_Delay_10us0
  L_Delay_22us1
  L_Delay_50us2
  L_Delay_80us3
  L_Delay_500us4
  L_Delay_5500us5
  L_Delay_1ms6
  L_Delay_5ms7
  L_Delay_8ms8
  L_Delay_10ms9
  L_Delay_100ms10
  L_Delay_1sec11
  L_boot16_Delay_5ms12
  L_Delay_Cyc13
  L_Delay_Cyc14
  L_VDelay_ms15
  L_VDelay_ms16
  L_VDelay_ms17
  L_VDelay_Advanced_ms18
  L_VDelay_Advanced_ms19
  L_VDelay_Advanced_ms20
  L_end_Get_Fosc_kHz
  _Get_Fosc_kHz
  L_end_Delay_1us
  _Delay_1us
  L_end_Delay_10us
  _Delay_10us
  L_end_Delay_22us
  _Delay_22us
  L_end_Delay_50us
  _Delay_50us
  L_end_Delay_80us
  _Delay_80us
  L_end_Delay_500us
  _Delay_500us
  L_end_Delay_5500us
  _Delay_5500us
  L_end_Delay_1ms
  _Delay_1ms
  L_end_Delay_5ms
  _Delay_5ms
  L_end_Delay_8ms
  _Delay_8ms
  L_end_Delay_10ms
  _Delay_10ms
  L_end_Delay_100ms
  _Delay_100ms
  L_end_Delay_1sec
  _Delay_1sec
  L_end_boot16_Delay_5ms
  _boot16_Delay_5ms
  L_end_Delay_Cyc
  _Delay_Cyc
  L_end_VDelay_ms
  _VDelay_ms
  L__VDelay_ms38
  L__VDelay_ms39
  L__VDelay_ms40
  L_end_VDelay_Advanced_ms
  _VDelay_Advanced_ms
  L__VDelay_Advanced_ms42
  L__VDelay_Advanced_ms43
  L__VDelay_Advanced_ms44
  L_Glcd_Set_Side0
  L_Glcd_Set_Side1
  L_Glcd_Fill2
  L_Glcd_Fill3
  L_Glcd_Fill4
  L_Glcd_Fill5
  L_Glcd_Fill6
  L_Glcd_Fill7
  L_Glcd_Fill8
  L_Glcd_Fill9
  L_Glcd_Fill10
  L_Glcd_Fill11
  L_Glcd_Fill12
  L_Glcd_Fill13
  L_Glcd_Write_Char14
  L_Glcd_Write_Char15
  L_Glcd_Write_Char16
  L_Glcd_Write_Char17
  L_Glcd_Write_Char18
  L_Glcd_Write_Char19
  L_Glcd_Write_Char20
  L_Glcd_Write_Char21
  L_Glcd_Write_Char22
  L_Glcd_Write_Char23
  L_Glcd_Write_Char24
  L_Glcd_Write_Char25
  L_Glcd_Write_Char26
  L_Glcd_Write_Char27
  L_Glcd_Write_Text28
  L_Glcd_Write_Text29
  L_Glcd_Write_Text30
  L_Glcd_Write_Const_Text31
  L_Glcd_Write_Const_Text32
  L_Glcd_Write_Const_Text33
  L_Glcd_Dot34
  L_Glcd_Dot35
  L_Glcd_Dot36
  L_Glcd_Dot37
  L_Glcd_Dot38
  L_Glcd_Dot39
  L_Glcd_Dot40
  L_Glcd_Dot41
  L_Glcd_Line42
  L_Glcd_Line43
  L_Glcd_Line44
  L_Glcd_Line45
  L_Glcd_Line46
  L_Glcd_Line47
  L_Glcd_Line48
  L_Glcd_Line49
  L_Glcd_Line50
  L_Glcd_Line51
  L_Glcd_Line52
  L_Glcd_Line53
  L_Glcd_Line54
  L_Glcd_Line55
  L_Glcd_Line56
  L_Glcd_Line57
  L_Glcd_Line58
  L_Glcd_Line59
  L_Glcd_Line60
  L_Glcd_Line61
  L_Glcd_H_Line62
  L_Glcd_H_Line63
  L_Glcd_H_Line64
  L_Glcd_H_Line65
  L_Glcd_H_Line66
  L_Glcd_H_Line67
  L_Glcd_H_Line68
  L_Glcd_H_Line69
  L_Glcd_H_Line70
  L_Glcd_H_Line71
  L_Glcd_V_Line72
  L_Glcd_V_Line73
  L_Glcd_V_Line74
  L_Glcd_V_Line75
  L_Glcd_V_Line76
  L_Glcd_V_Line77
  L_Glcd_V_Line78
  L_Glcd_V_Line79
  L_Glcd_V_Line80
  L_Glcd_V_Line81
  L_Glcd_Circle82
  L_Glcd_Circle83
  L_Glcd_Circle84
  L_Glcd_Circle85
  L_Glcd_Circle86
  L_Glcd_Circle87
  L_Glcd_Circle88
  L_Glcd_Circle89
  L_Glcd_Circle_Fill90
  L_Glcd_Circle_Fill91
  L_Glcd_Circle_Fill92
  L_Glcd_Circle_Fill93
  L_Glcd_Circle_Fill94
  L_Glcd_Circle_Fill95
  L_Glcd_Circle_Fill96
  L_Glcd_Circle_Fill97
  L_Glcd_Circle_Fill98
  L_Glcd_Circle_Fill99
  L_Glcd_Image100
  L_Glcd_Image101
  L_Glcd_Image102
  L_Glcd_Image103
  L_Glcd_Image104
  L_Glcd_Image105
  L_Glcd_Image106
  L_Glcd_Image107
  L_Glcd_Rectangle_Round_Edges108
  L_Glcd_Rectangle_Round_Edges109
  L_Glcd_Rectangle_Round_Edges110
  L_Glcd_Rectangle_Round_Edges111
  L_Glcd_Rectangle_Round_Edges112
  L_Glcd_Rectangle_Round_Edges113
  L_Glcd_Rectangle_Round_Edges114
  L_Glcd_Rectangle_Round_Edges115
  L_Glcd_Rectangle_Round_Edges116
  L_Glcd_Rectangle_Round_Edges117
  L_Glcd_Rectangle_Round_Edges118
  L_Glcd_Rectangle_Round_Edges119
  L_Glcd_Rectangle_Round_Edges120
  L_Glcd_Box121
  L_Glcd_Box122
  L_Glcd_Box123
  L_Glcd_Rectangle_Round_Edges_Fill124
  L_Glcd_Rectangle_Round_Edges_Fill125
  L_Glcd_Rectangle_Round_Edges_Fill126
  L_Glcd_Rectangle_Round_Edges_Fill127
  L_Glcd_Rectangle_Round_Edges_Fill128
  L_Glcd_Rectangle_Round_Edges_Fill129
  L_Glcd_Rectangle_Round_Edges_Fill130
  L_Glcd_Rectangle_Round_Edges_Fill131
  L_Glcd_Rectangle_Round_Edges_Fill132
  L_Glcd_Rectangle_Round_Edges_Fill133
  L_Glcd_Rectangle_Round_Edges_Fill134
  L_Glcd_Rectangle_Round_Edges_Fill135
  L_Glcd_Rectangle_Round_Edges_Fill136
  L_Glcd_Rectangle_Round_Edges_Fill137
  L_Glcd_PartialImage138
  L_Glcd_PartialImage139
  L_Glcd_PartialImage140
  L_Glcd_PartialImage141
  L_Glcd_PartialImage142
  L_Glcd_PartialImage143
  L_Glcd_PartialImage144
  L_Glcd_PartialImage145
  L_Glcd_PartialImage146
  L_Glcd_PartialImage147
  L_Glcd_PartialImage148
  L_Glcd_PartialImage149
  L_Glcd_PartialImage150
  L_Glcd_PartialImage151
  L_Glcd_PartialImage152
  L_Glcd_PartialImage153
  L_Glcd_PartialImage154
  L_Glcd_PartialImage155
  L_Glcd_PartialImage156
  L_Glcd_PartialImage157
  L_Glcd_PartialImage158
  L_Glcd_PartialImage159
  L_Glcd_PartialImage160
  L_Glcd_PartialImage161
  L_Glcd_PartialImage162
  L_Glcd_PartialImage163
  L_Glcd_PartialImage164
  L_Glcd_PartialImage165
  L_Glcd_PartialImage166
  L___Lib_Glcd__Glcd_Write_Char_Adv167
  L___Lib_Glcd__Glcd_Write_Char_Adv168
  L___Lib_Glcd__Glcd_Write_Char_Adv169
  L___Lib_Glcd__Glcd_Write_Char_Adv170
  L___Lib_Glcd__Glcd_Write_Char_Adv171
  L___Lib_Glcd__Glcd_Write_Char_Adv172
  L___Lib_Glcd__Glcd_Write_Char_Adv173
  L___Lib_Glcd__Glcd_Write_Char_Adv174
  L___Lib_Glcd__Glcd_Write_Char_Adv175
  L___Lib_Glcd__Glcd_Write_Char_Adv176
  L___Lib_Glcd__Glcd_Write_Char_Adv177
  L___Lib_Glcd__Glcd_Write_Char_Adv178
  L___Lib_Glcd__Glcd_Write_Char_Adv179
  L___Lib_Glcd__Glcd_Write_Char_Adv180
  L___Lib_Glcd__Glcd_Write_Char_Adv181
  L___Lib_Glcd__Glcd_Write_Char_Adv182
  L___Lib_Glcd__Glcd_Write_Char_Adv183
  L___Lib_Glcd__Glcd_Write_Char_Adv184
  L___Lib_Glcd__Glcd_Write_Char_Adv185
  L___Lib_Glcd__Glcd_Write_Char_Adv186
  L___Lib_Glcd__Glcd_Write_Char_Adv187
  L___Lib_Glcd__Glcd_Write_Char_Return_Pos188
  L___Lib_Glcd__Glcd_Write_Char_Return_Pos189
  L___Lib_Glcd__Glcd_Write_Char_Return_Pos190
  L_Glcd_Write_Text_Return_Pos191
  L_Glcd_Write_Text_Return_Pos192
  L_Glcd_Write_Text_Return_Pos193
  L_Glcd_Write_Text_Return_Pos194
  L_Glcd_Write_Const_Text_Return_Pos195
  L_Glcd_Write_Const_Text_Return_Pos196
  L_Glcd_Write_Const_Text_Return_Pos197
  L_Glcd_Write_Const_Text_Return_Pos198
  L_Glcd_Write_Char_Adv199
  L_Glcd_Write_Char_Adv200
  L_Glcd_Write_Text_Adv201
  L_Glcd_Write_Text_Adv202
  L_Glcd_Write_Text_Adv203
  L_Glcd_Write_Text_Adv204
  L_Glcd_Write_Const_Text_Adv205
  L_Glcd_Write_Const_Text_Adv206
  L_Glcd_Write_Const_Text_Adv207
  L_Glcd_Write_Const_Text_Adv208
  L__Glcd_Dot209
  L__Glcd_H_Line210
  L__Glcd_V_Line211
  L__Glcd_PartialImage212
  L__Glcd_PartialImage213
  L__Glcd_PartialImage214
  L_end_Strobe
  __Lib_Glcd_Strobe
  L_end_Glcd_Set_Page
  _Glcd_Set_Page
  L_end_Glcd_Set_Side
  _Glcd_Set_Side
  L_end_Glcd_Set_X
  _Glcd_Set_X
  L_end_Glcd_Read_Data
  _Glcd_Read_Data
  L_end_Glcd_Write_Data
  _Glcd_Write_Data
  L_end_Glcd_Fill
  _Glcd_Fill
  L_end_Glcd_Init
  _Glcd_Init
  L_end_Glcd_Set_Font
  _Glcd_Set_Font
  L_end_Glcd_Write_Char
  _Glcd_Write_Char
  L_end_Glcd_Write_Text
  _Glcd_Write_Text
  L_end_Glcd_Write_Const_Text
  _Glcd_Write_Const_Text
  L_end_Glcd_Dot
  _Glcd_Dot
  L__Glcd_Dot228
  L__Glcd_Dot229
  L_end_Glcd_Line
  _Glcd_Line
  L__Glcd_Line231
  L__Glcd_Line232
  L__Glcd_Line233
  L__Glcd_Line234
  L__Glcd_Line235
  L__Glcd_Line236
  L__Glcd_Line237
  L__Glcd_Line238
  L__Glcd_Line239
  L__Glcd_Line240
  L__Glcd_Line241
  L__Glcd_Line242
  L__Glcd_Line243
  L__Glcd_Line244
  L__Glcd_Line245
  L_end_Glcd_H_Line
  _Glcd_H_Line
  L_end_Glcd_V_Line
  _Glcd_V_Line
  L_end_Glcd_Circle
  _Glcd_Circle
  L__Glcd_Circle249
  L__Glcd_Circle250
  L__Glcd_Circle251
  L__Glcd_Circle252
  L__Glcd_Circle253
  L__Glcd_Circle254
  L_end_Glcd_Circle_Fill
  _Glcd_Circle_Fill
  L__Glcd_Circle_Fill256
  L__Glcd_Circle_Fill257
  L__Glcd_Circle_Fill258
  L__Glcd_Circle_Fill259
  L__Glcd_Circle_Fill260
  L__Glcd_Circle_Fill261
  L__Glcd_Circle_Fill262
  L__Glcd_Circle_Fill263
  L_end_Glcd_Image
  _Glcd_Image
  L_end_Glcd_Rectangle
  _Glcd_Rectangle
  L_end_Glcd_Rectangle_Round_Edges
  _Glcd_Rectangle_Round_Edges
  L__Glcd_Rectangle_Round_Edges267
  L__Glcd_Rectangle_Round_Edges268
  L__Glcd_Rectangle_Round_Edges269
  L__Glcd_Rectangle_Round_Edges270
  L__Glcd_Rectangle_Round_Edges271
  L__Glcd_Rectangle_Round_Edges272
  L__Glcd_Rectangle_Round_Edges273
  L__Glcd_Rectangle_Round_Edges274
  L__Glcd_Rectangle_Round_Edges275
  L_end_Glcd_Box
  _Glcd_Box
  L_end_Glcd_Rectangle_Round_Edges_Fill
  _Glcd_Rectangle_Round_Edges_Fill
  L__Glcd_Rectangle_Round_Edges_Fill278
  L__Glcd_Rectangle_Round_Edges_Fill279
  L__Glcd_Rectangle_Round_Edges_Fill280
  L__Glcd_Rectangle_Round_Edges_Fill281
  L__Glcd_Rectangle_Round_Edges_Fill282
  L__Glcd_Rectangle_Round_Edges_Fill283
  L__Glcd_Rectangle_Round_Edges_Fill284
  L__Glcd_Rectangle_Round_Edges_Fill285
  L__Glcd_Rectangle_Round_Edges_Fill286
  L__Glcd_Rectangle_Round_Edges_Fill287
  L_end_Glcd_PartialImage
  _Glcd_PartialImage
  L__Glcd_PartialImage289
  L__Glcd_PartialImage290
  L__Glcd_PartialImage291
  L__Glcd_PartialImage292
  L__Glcd_PartialImage293
  L__Glcd_PartialImage294
  L__Glcd_PartialImage295
  L__Glcd_PartialImage296
  L__Glcd_PartialImage297
  L__Glcd_PartialImage298
  L__Glcd_PartialImage299
  L__Glcd_PartialImage300
  L__Glcd_PartialImage301
  L__Glcd_PartialImage302
  L__Glcd_PartialImage303
  L__Glcd_PartialImage304
  L__Glcd_PartialImage305
  L__Glcd_PartialImage306
  L__Glcd_PartialImage307
  L__Glcd_PartialImage308
  L__Glcd_PartialImage309
  L__Glcd_PartialImage310
  L__Glcd_PartialImage311
  L__Glcd_PartialImage312
  L__Glcd_PartialImage313
  L__Glcd_PartialImage314
  L_end_Glcd_Set_Font_Adv
  _Glcd_Set_Font_Adv
  L_end__Glcd_Write_Char_Adv
  __Lib_Glcd__Glcd_Write_Char_Adv
  L___Lib_Glcd__Glcd_Write_Char_Adv317
  L___Lib_Glcd__Glcd_Write_Char_Adv318
  L___Lib_Glcd__Glcd_Write_Char_Adv319
  L___Lib_Glcd__Glcd_Write_Char_Adv320
  L_end__Glcd_Write_Char_Return_Pos
  __Lib_Glcd__Glcd_Write_Char_Return_Pos
  L___Lib_Glcd__Glcd_Write_Char_Return_Pos322
  L___Lib_Glcd__Glcd_Write_Char_Return_Pos323
  L_end_Glcd_Move_Cursor
  __Lib_Glcd_Glcd_Move_Cursor
  L_end_Glcd_Write_Text_Return_Pos
  _Glcd_Write_Text_Return_Pos
  L__Glcd_Write_Text_Return_Pos326
  L__Glcd_Write_Text_Return_Pos327
  L_end_Glcd_Write_Const_Text_Return_Pos
  _Glcd_Write_Const_Text_Return_Pos
  L__Glcd_Write_Const_Text_Return_Pos329
  L__Glcd_Write_Const_Text_Return_Pos330
  L_end_Glcd_Write_Char_Adv
  _Glcd_Write_Char_Adv
  L__Glcd_Write_Char_Adv332
  L__Glcd_Write_Char_Adv333
  L_end_Glcd_Write_Text_Adv
  _Glcd_Write_Text_Adv
  L__Glcd_Write_Text_Adv335
  L__Glcd_Write_Text_Adv336
  L_end_Glcd_Write_Const_Text_Adv
  _Glcd_Write_Const_Text_Adv
  L__Glcd_Write_Const_Text_Adv338
  L__Glcd_Write_Const_Text_Adv339
  L_Div_16x16_S0
  L_Div_16x16_S1
  LOOPS3232A
  SADD22LA
  SOK22LA
  SADD22L8
  SOK22L8
  LOOPS3232B
  SADD22LB
  SOK22LB
  SADD22L16
  SOK22L16
  LOOPS3232C
  SADD22LC
  SOK22LC
  SADD22L24
  SOK22L24
  LOOPS3232D
  SADD22LD
  SOK22LD
  SOK22L
  L_Div_32x32_S6
  L_Div_32x32_S7
  L_Div_32x32_S8
  L_Div_32x32_S9
  FXD3232S
  END_ALL
  CA3232S
  C3232SX
  C3232SX1
  C3232S
  C3232S2
  C3232SX4
  C3232SOK
  C3232SX3
  C3232SX2
  avoid_comfrem
  LOOPU3232A
  UADD22LA
  UOK22LA
  UADD22L8
  UOK22L8
  LOOPU3232B
  UADD22LB
  UOK22LB
  UADD22L16
  UOK22L16
  LOOPU3232C
  UADD22LC
  UOK22LC
  UADD22L24
  UOK22L24
  LOOPU3232D
  UADD22LD
  UOK22LD
  UOK22L
  _NEXT
  _EXIT2
  _LOOP
  _EXIT1
  _IF_FIRST
  _IF_SECOND
  _INVERCE_FIRST
  _MULT
  _INBERSE_SECOND
  _EXIT
  L_end_Mul_8x8_U
  _Mul_8x8_U
  L_end_Mul_16x16_U
  _Mul_16x16_U
  L_end_Div_8x8_U
  _Div_8x8_U
  L_end_Div_16x16_U
  _Div_16x16_U
  L_end_Mul_8x8_S
  _Mul_8x8_S
  L_end_Mul_16x16_S
  _Mul_16x16_S
  L_end_Div_16x16_S_L
  _Div_16x16_S_L
  L_end_Div_16x16_S
  _Div_16x16_S
  L_end_Div_8x8_S
  _Div_8x8_S
  L_end_SDIV3232L
  _SDIV3232L
  L_end_COMFREM
  _COMFREM
  L_end_Div_32x32_S
  _Div_32x32_S
  L_end_Div_32x32_U
  _Div_32x32_U
  L_end_Mul_32x32_U
  _Mul_32x32_U
  L_end_Mul_32x32_S
  _Mul_32x32_S
  L_loopCA2AWs
  L_CA2AWend
  _CCA2AW_Loop1
  L_loopCS2Ss
  L_CS2Send
  _CCS2S_Loop1
  L_CCS2Send
  L_loopFZinSWs
  L_FZinSend
  _CC2D_Loop1
  L_end_____DoICP
  _____DoICP
  L_end_____DoIFC
  _____DoIFC
  L_end___CA2AW
  ___CA2AW
  L_end___CCA2AW
  ___CCA2AW
  L_end___CS2S
  ___CS2S
  L_end___CCS2S
  ___CCS2S
  L_end___FZinS
  ___FZinS
  L_end___CC2DW
  ___CC2DW
  L_end_Swap
  _Swap
