;  LST file generated by mikroListExporter - v.2.0 
; Date/Time: 05-Oct-15 12:11:10 PM
;----------------------------------------------

;Address Opcode 	ASM
0x0000	0x2838      	GOTO       56
_____DoICP:
;__Lib_System.c,6 :: 		
;__Lib_System.c,9 :: 		
0x0003	0x1283      	BCF        STATUS, 5
0x0004	0x1303      	BCF        STATUS, 6
0x0005	0x0822      	MOVF       ___DoICPAddr+1, 0
0x0006	0x008A      	MOVWF      PCLATH
;__Lib_System.c,10 :: 		
0x0007	0x0821      	MOVF       ___DoICPAddr, 0
0x0008	0x0082      	MOVWF      PCL
;__Lib_System.c,12 :: 		
L_end_____DoICP:
0x0009	0x0008      	RETURN
; end of _____DoICP
___CC2DW:
;__Lib_System.c,134 :: 		
;__Lib_System.c,137 :: 		
_CC2D_Loop1:
;__Lib_System.c,139 :: 		
0x000A	0x2003      	CALL       _____DoICP
0x000B	0x118A      	BCF        PCLATH, 3
0x000C	0x120A      	BCF        PCLATH, 4
;__Lib_System.c,141 :: 		
0x000D	0x0080      	MOVWF      INDF
;__Lib_System.c,142 :: 		
0x000E	0x0A84      	INCF       FSR, 1
;__Lib_System.c,143 :: 		
0x000F	0x0AA1      	INCF       ___DoICPAddr, 1
;__Lib_System.c,145 :: 		
0x0010	0x1903      	BTFSC      STATUS, 2
;__Lib_System.c,146 :: 		
0x0011	0x0AA2      	INCF       ___DoICPAddr+1, 1
;__Lib_System.c,147 :: 		
0x0012	0x03F0      	DECF       R0, 1
;__Lib_System.c,149 :: 		
0x0013	0x1D03      	BTFSS      STATUS, 2
;__Lib_System.c,150 :: 		
0x0014	0x280A      	GOTO       _CC2D_Loop1
;__Lib_System.c,152 :: 		
L_end___CC2DW:
0x0015	0x0008      	RETURN
; end of ___CC2DW
_UART1_Read:
;__Lib_UART_c67.c,21 :: 		
;__Lib_UART_c67.c,24 :: 		
0x0016	0x1283      	BCF        STATUS, 5
0x0017	0x1303      	BCF        STATUS, 6
0x0018	0x081A      	MOVF       RCREG, 0
0x0019	0x00F1      	MOVWF      R1
;__Lib_UART_c67.c,25 :: 		
0x001A	0x1C98      	BTFSS      RCSTA, 1
0x001B	0x281E      	GOTO       L_UART1_Read2
;__Lib_UART_c67.c,26 :: 		
0x001C	0x1218      	BCF        RCSTA, 4
;__Lib_UART_c67.c,27 :: 		
0x001D	0x1618      	BSF        RCSTA, 4
;__Lib_UART_c67.c,28 :: 		
L_UART1_Read2:
;__Lib_UART_c67.c,29 :: 		
0x001E	0x0871      	MOVF       R1, 0
0x001F	0x00F0      	MOVWF      R0
;__Lib_UART_c67.c,30 :: 		
L_end_UART1_Read:
0x0020	0x0008      	RETURN
; end of _UART1_Read
_UART1_Init:
;__Lib_UART_c67.c,2 :: 		
;__Lib_UART_c67.c,5 :: 		
0x0021	0x1683      	BSF        STATUS, 5
0x0022	0x1303      	BCF        STATUS, 6
0x0023	0x1698      	BSF        TXSTA, 5
;__Lib_UART_c67.c,6 :: 		
0x0024	0x3090      	MOVLW      144
0x0025	0x1283      	BCF        STATUS, 5
0x0026	0x0098      	MOVWF      RCSTA
;__Lib_UART_c67.c,7 :: 		
0x0027	0x1683      	BSF        STATUS, 5
0x0028	0x1787      	BSF        TRISC7_bit, BitPos(TRISC7_bit+0)
;__Lib_UART_c67.c,8 :: 		
0x0029	0x1307      	BCF        TRISC6_bit, BitPos(TRISC6_bit+0)
;__Lib_UART_c67.c,10 :: 		
L_UART1_Init0:
0x002A	0x1283      	BCF        STATUS, 5
0x002B	0x1E8C      	BTFSS      PIR1, 5
0x002C	0x2830      	GOTO       L_UART1_Init1
;__Lib_UART_c67.c,11 :: 		
0x002D	0x081A      	MOVF       RCREG, 0
0x002E	0x00F0      	MOVWF      R0
0x002F	0x282A      	GOTO       L_UART1_Init0
L_UART1_Init1:
;__Lib_UART_c67.c,12 :: 		
L_end_UART1_Init:
0x0030	0x0008      	RETURN
; end of _UART1_Init
_UART1_Data_Ready:
;__Lib_UART_c67.c,16 :: 		
;__Lib_UART_c67.c,17 :: 		
0x0031	0x3000      	MOVLW      0
0x0032	0x1283      	BCF        STATUS, 5
0x0033	0x1303      	BCF        STATUS, 6
0x0034	0x1A8C      	BTFSC      PIR1, 5
0x0035	0x3001      	MOVLW      1
0x0036	0x00F0      	MOVWF      R0
;__Lib_UART_c67.c,18 :: 		
L_end_UART1_Data_Ready:
0x0037	0x0008      	RETURN
; end of _UART1_Data_Ready
_main:
;blutooth1.c,4 :: 		void main(){
;blutooth1.c,5 :: 		TRISB=0;
0x0038	0x1683      	BSF        STATUS, 5
0x0039	0x1303      	BCF        STATUS, 6
0x003A	0x0186      	CLRF       TRISB
;blutooth1.c,6 :: 		PORTB=0b00000001;
0x003B	0x3001      	MOVLW      1
0x003C	0x1283      	BCF        STATUS, 5
0x003D	0x0086      	MOVWF      PORTB
;blutooth1.c,7 :: 		UART1_Init(9600);
0x003E	0x3019      	MOVLW      25
0x003F	0x1683      	BSF        STATUS, 5
0x0040	0x0099      	MOVWF      SPBRG
0x0041	0x1518      	BSF        TXSTA, 2
0x0042	0x2021      	CALL       _UART1_Init
;blutooth1.c,8 :: 		Delay_ms(100);
0x0043	0x3082      	MOVLW      130
0x0044	0x00FC      	MOVWF      R12
0x0045	0x30DD      	MOVLW      221
0x0046	0x00FD      	MOVWF      R13
L_main0:
0x0047	0x0BFD      	DECFSZ     R13, 1
0x0048	0x2847      	GOTO       L_main0
0x0049	0x0BFC      	DECFSZ     R12, 1
0x004A	0x2847      	GOTO       L_main0
0x004B	0x0000      	NOP
0x004C	0x0000      	NOP
;blutooth1.c,9 :: 		while(1){
L_main1:
;blutooth1.c,10 :: 		if(UART1_Data_Ready()){
0x004D	0x2031      	CALL       _UART1_Data_Ready
0x004E	0x0870      	MOVF       R0, 0
0x004F	0x1903      	BTFSC      STATUS, 2
0x0050	0x28E7      	GOTO       L_main3
;blutooth1.c,11 :: 		read=UART1_Read();
0x0051	0x2016      	CALL       _UART1_Read
0x0052	0x0870      	MOVF       R0, 0
0x0053	0x00A0      	MOVWF      _read
;blutooth1.c,12 :: 		Delay_ms(10);
0x0054	0x300D      	MOVLW      13
0x0055	0x00FC      	MOVWF      R12
0x0056	0x30FB      	MOVLW      251
0x0057	0x00FD      	MOVWF      R13
L_main4:
0x0058	0x0BFD      	DECFSZ     R13, 1
0x0059	0x2858      	GOTO       L_main4
0x005A	0x0BFC      	DECFSZ     R12, 1
0x005B	0x2858      	GOTO       L_main4
0x005C	0x0000      	NOP
0x005D	0x0000      	NOP
;blutooth1.c,13 :: 		if(read=='s'){
0x005E	0x0820      	MOVF       _read, 0
0x005F	0x3A73      	XORLW      115
0x0060	0x1D03      	BTFSS      STATUS, 2
0x0061	0x286E      	GOTO       L_main5
;blutooth1.c,14 :: 		PORTB=portb<<1;
0x0062	0x0806      	MOVF       PORTB, 0
0x0063	0x00F0      	MOVWF      R0
0x0064	0x0DF0      	RLF        R0, 1
0x0065	0x1070      	BCF        R0, 0
0x0066	0x0870      	MOVF       R0, 0
0x0067	0x0086      	MOVWF      PORTB
;blutooth1.c,15 :: 		if(PORTB==0b00000000){
0x0068	0x0806      	MOVF       PORTB, 0
0x0069	0x3A00      	XORLW      0
0x006A	0x1D03      	BTFSS      STATUS, 2
0x006B	0x286E      	GOTO       L_main6
;blutooth1.c,16 :: 		PORTB=0b00000001;
0x006C	0x3001      	MOVLW      1
0x006D	0x0086      	MOVWF      PORTB
;blutooth1.c,17 :: 		}
L_main6:
;blutooth1.c,18 :: 		}
L_main5:
;blutooth1.c,19 :: 		if(read=='b'){
0x006E	0x0820      	MOVF       _read, 0
0x006F	0x3A62      	XORLW      98
0x0070	0x1D03      	BTFSS      STATUS, 2
0x0071	0x28D1      	GOTO       L_main7
;blutooth1.c,20 :: 		PORTB=0b11111111;
0x0072	0x30FF      	MOVLW      255
0x0073	0x0086      	MOVWF      PORTB
;blutooth1.c,21 :: 		delay_ms (1000);
0x0074	0x3006      	MOVLW      6
0x0075	0x00FB      	MOVWF      R11
0x0076	0x3013      	MOVLW      19
0x0077	0x00FC      	MOVWF      R12
0x0078	0x30AD      	MOVLW      173
0x0079	0x00FD      	MOVWF      R13
L_main8:
0x007A	0x0BFD      	DECFSZ     R13, 1
0x007B	0x287A      	GOTO       L_main8
0x007C	0x0BFC      	DECFSZ     R12, 1
0x007D	0x287A      	GOTO       L_main8
0x007E	0x0BFB      	DECFSZ     R11, 1
0x007F	0x287A      	GOTO       L_main8
0x0080	0x0000      	NOP
0x0081	0x0000      	NOP
;blutooth1.c,22 :: 		PORTB=0b00000000;
0x0082	0x0186      	CLRF       PORTB
;blutooth1.c,23 :: 		delay_ms(1000);
0x0083	0x3006      	MOVLW      6
0x0084	0x00FB      	MOVWF      R11
0x0085	0x3013      	MOVLW      19
0x0086	0x00FC      	MOVWF      R12
0x0087	0x30AD      	MOVLW      173
0x0088	0x00FD      	MOVWF      R13
L_main9:
0x0089	0x0BFD      	DECFSZ     R13, 1
0x008A	0x2889      	GOTO       L_main9
0x008B	0x0BFC      	DECFSZ     R12, 1
0x008C	0x2889      	GOTO       L_main9
0x008D	0x0BFB      	DECFSZ     R11, 1
0x008E	0x2889      	GOTO       L_main9
0x008F	0x0000      	NOP
0x0090	0x0000      	NOP
;blutooth1.c,24 :: 		PORTB=0b11111111;
0x0091	0x30FF      	MOVLW      255
0x0092	0x0086      	MOVWF      PORTB
;blutooth1.c,25 :: 		delay_ms (1000);
0x0093	0x3006      	MOVLW      6
0x0094	0x00FB      	MOVWF      R11
0x0095	0x3013      	MOVLW      19
0x0096	0x00FC      	MOVWF      R12
0x0097	0x30AD      	MOVLW      173
0x0098	0x00FD      	MOVWF      R13
L_main10:
0x0099	0x0BFD      	DECFSZ     R13, 1
0x009A	0x2899      	GOTO       L_main10
0x009B	0x0BFC      	DECFSZ     R12, 1
0x009C	0x2899      	GOTO       L_main10
0x009D	0x0BFB      	DECFSZ     R11, 1
0x009E	0x2899      	GOTO       L_main10
0x009F	0x0000      	NOP
0x00A0	0x0000      	NOP
;blutooth1.c,26 :: 		PORTB=0b00000000;
0x00A1	0x0186      	CLRF       PORTB
;blutooth1.c,27 :: 		delay_ms(1000);
0x00A2	0x3006      	MOVLW      6
0x00A3	0x00FB      	MOVWF      R11
0x00A4	0x3013      	MOVLW      19
0x00A5	0x00FC      	MOVWF      R12
0x00A6	0x30AD      	MOVLW      173
0x00A7	0x00FD      	MOVWF      R13
L_main11:
0x00A8	0x0BFD      	DECFSZ     R13, 1
0x00A9	0x28A8      	GOTO       L_main11
0x00AA	0x0BFC      	DECFSZ     R12, 1
0x00AB	0x28A8      	GOTO       L_main11
0x00AC	0x0BFB      	DECFSZ     R11, 1
0x00AD	0x28A8      	GOTO       L_main11
0x00AE	0x0000      	NOP
0x00AF	0x0000      	NOP
;blutooth1.c,28 :: 		PORTB=0b11111111;
0x00B0	0x30FF      	MOVLW      255
0x00B1	0x0086      	MOVWF      PORTB
;blutooth1.c,29 :: 		delay_ms (1000);
0x00B2	0x3006      	MOVLW      6
0x00B3	0x00FB      	MOVWF      R11
0x00B4	0x3013      	MOVLW      19
0x00B5	0x00FC      	MOVWF      R12
0x00B6	0x30AD      	MOVLW      173
0x00B7	0x00FD      	MOVWF      R13
L_main12:
0x00B8	0x0BFD      	DECFSZ     R13, 1
0x00B9	0x28B8      	GOTO       L_main12
0x00BA	0x0BFC      	DECFSZ     R12, 1
0x00BB	0x28B8      	GOTO       L_main12
0x00BC	0x0BFB      	DECFSZ     R11, 1
0x00BD	0x28B8      	GOTO       L_main12
0x00BE	0x0000      	NOP
0x00BF	0x0000      	NOP
;blutooth1.c,30 :: 		PORTB=0b00000000;
0x00C0	0x0186      	CLRF       PORTB
;blutooth1.c,31 :: 		delay_ms(1000);
0x00C1	0x3006      	MOVLW      6
0x00C2	0x00FB      	MOVWF      R11
0x00C3	0x3013      	MOVLW      19
0x00C4	0x00FC      	MOVWF      R12
0x00C5	0x30AD      	MOVLW      173
0x00C6	0x00FD      	MOVWF      R13
L_main13:
0x00C7	0x0BFD      	DECFSZ     R13, 1
0x00C8	0x28C7      	GOTO       L_main13
0x00C9	0x0BFC      	DECFSZ     R12, 1
0x00CA	0x28C7      	GOTO       L_main13
0x00CB	0x0BFB      	DECFSZ     R11, 1
0x00CC	0x28C7      	GOTO       L_main13
0x00CD	0x0000      	NOP
0x00CE	0x0000      	NOP
;blutooth1.c,32 :: 		PORTB=0b00000001;
0x00CF	0x3001      	MOVLW      1
0x00D0	0x0086      	MOVWF      PORTB
;blutooth1.c,33 :: 		}
L_main7:
;blutooth1.c,34 :: 		if(read=='o'){
0x00D1	0x0820      	MOVF       _read, 0
0x00D2	0x3A6F      	XORLW      111
0x00D3	0x1D03      	BTFSS      STATUS, 2
0x00D4	0x28E7      	GOTO       L_main14
;blutooth1.c,35 :: 		PORTB=0b11111111;
0x00D5	0x30FF      	MOVLW      255
0x00D6	0x0086      	MOVWF      PORTB
;blutooth1.c,36 :: 		delay_ms(1000);
0x00D7	0x3006      	MOVLW      6
0x00D8	0x00FB      	MOVWF      R11
0x00D9	0x3013      	MOVLW      19
0x00DA	0x00FC      	MOVWF      R12
0x00DB	0x30AD      	MOVLW      173
0x00DC	0x00FD      	MOVWF      R13
L_main15:
0x00DD	0x0BFD      	DECFSZ     R13, 1
0x00DE	0x28DD      	GOTO       L_main15
0x00DF	0x0BFC      	DECFSZ     R12, 1
0x00E0	0x28DD      	GOTO       L_main15
0x00E1	0x0BFB      	DECFSZ     R11, 1
0x00E2	0x28DD      	GOTO       L_main15
0x00E3	0x0000      	NOP
0x00E4	0x0000      	NOP
;blutooth1.c,37 :: 		PORTB=0b00000001;
0x00E5	0x3001      	MOVLW      1
0x00E6	0x0086      	MOVWF      PORTB
;blutooth1.c,38 :: 		}
L_main14:
;blutooth1.c,39 :: 		}
L_main3:
;blutooth1.c,40 :: 		}
0x00E7	0x284D      	GOTO       L_main1
;blutooth1.c,41 :: 		}
0x00E8	0x28E8      	GOTO       $+0
; end of _main
Symbol List:
//** Routines locations **
//ADDRESS    SIZE    PROCEDURE
//----------------------------------------------
0x0003       [7]    _____DoICP
0x000A      [12]    ___CC2DW
0x0016      [11]    _UART1_Read
0x0021      [16]    _UART1_Init
0x0031       [7]    _UART1_Data_Ready
0x0038     [177]    _main
//** Variables locations ** 
//ADDRESS    SIZE    VARIABLE
//----------------------------------------------
0x0000       [1]    INDF
0x0001       [1]    TMR0
0x0002       [1]    PCL
0x0003       [0]    IRP_bit
0x0003       [0]    NOT_TO_bit
0x0003       [0]    RP0_bit
0x0003       [0]    DC_bit
0x0003       [0]    Z_bit
0x0003       [0]    RP1_bit
0x0003       [0]    C_bit
0x0003       [0]    NOT_PD_bit
0x0003       [1]    STATUS
0x0004       [1]    FSRPTR
0x0004       [1]    FSR
0x0005       [0]    RA3_bit
0x0005       [0]    RA2_bit
0x0005       [0]    RA1_bit
0x0005       [1]    PORTA
0x0005       [0]    RA5_bit
0x0005       [0]    RA4_bit
0x0005       [0]    RA0_bit
0x0006       [1]    PORTB
0x0006       [0]    RB6_bit
0x0006       [0]    RB1_bit
0x0006       [0]    RB5_bit
0x0006       [0]    RB4_bit
0x0006       [0]    RB3_bit
0x0006       [0]    RB7_bit
0x0006       [0]    RB2_bit
0x0006       [0]    RB0_bit
0x0007       [0]    RC2_bit
0x0007       [0]    RC1_bit
0x0007       [0]    RC0_bit
0x0007       [0]    RC3_bit
0x0007       [0]    RC7_bit
0x0007       [0]    RC6_bit
0x0007       [0]    RC5_bit
0x0007       [0]    RC4_bit
0x0007       [1]    PORTC
0x0008       [0]    RD1_bit
0x0008       [0]    RD0_bit
0x0008       [1]    PORTD
0x0008       [0]    RD2_bit
0x0008       [0]    RD6_bit
0x0008       [0]    RD5_bit
0x0008       [0]    RD7_bit
0x0008       [0]    RD3_bit
0x0008       [0]    RD4_bit
0x0009       [0]    RE2_bit
0x0009       [0]    RE1_bit
0x0009       [0]    RE0_bit
0x0009       [1]    PORTE
0x000A       [1]    PCLATH
0x000B       [0]    T0IF_bit
0x000B       [0]    PEIE_bit
0x000B       [0]    GIE_bit
0x000B       [0]    RBIF_bit
0x000B       [0]    T0IE_bit
0x000B       [1]    INTCON
0x000B       [0]    INTE_bit
0x000B       [0]    RBIE_bit
0x000B       [0]    INTF_bit
0x000B       [0]    TMR0IE_bit
0x000B       [0]    TMR0IF_bit
0x000C       [1]    PIR1
0x000C       [0]    TXIF_bit
0x000C       [0]    SSPIF_bit
0x000C       [0]    CCP1IF_bit
0x000C       [0]    TMR2IF_bit
0x000C       [0]    ADIF_bit
0x000C       [0]    PSPIF_bit
0x000C       [0]    TMR1IF_bit
0x000C       [0]    RCIF_bit
0x000D       [1]    PIR2
0x000D       [0]    EEIF_bit
0x000D       [0]    CMIF_bit
0x000D       [0]    CCP2IF_bit
0x000D       [0]    BCLIF_bit
0x000E       [1]    TMR1L
0x000F       [1]    TMR1H
0x0010       [0]    NOT_T1SYNC_bit
0x0010       [0]    TMR1CS_bit
0x0010       [1]    T1CON
0x0010       [0]    TMR1ON_bit
0x0010       [0]    T1CKPS1_bit
0x0010       [0]    T1INSYNC_bit
0x0010       [0]    T1CKPS0_bit
0x0010       [0]    T1OSCEN_bit
0x0010       [0]    T1SYNC_bit
0x0011       [1]    TMR2
0x0012       [0]    TOUTPS2_bit
0x0012       [0]    TOUTPS3_bit
0x0012       [1]    T2CON
0x0012       [0]    TOUTPS1_bit
0x0012       [0]    TMR2ON_bit
0x0012       [0]    T2CKPS0_bit
0x0012       [0]    TOUTPS0_bit
0x0012       [0]    T2CKPS1_bit
0x0013       [1]    SSPBUF
0x0014       [0]    SSPM2_bit
0x0014       [0]    SSPM1_bit
0x0014       [1]    SSPCON
0x0014       [0]    SSPM3_bit
0x0014       [0]    SSPOV_bit
0x0014       [0]    CKP_bit
0x0014       [0]    SSPEN_bit
0x0014       [0]    SSPM0_bit
0x0014       [0]    WCOL_bit
0x0015       [2]    CCPR1
0x0015       [1]    CCPR1L
0x0016       [1]    CCPR1H
0x0017       [0]    CCP1M2_bit
0x0017       [0]    CCP1M3_bit
0x0017       [0]    CCP1X_bit
0x0017       [0]    CCP1Y_bit
0x0017       [0]    CCP1M1_bit
0x0017       [0]    CCP1M0_bit
0x0017       [1]    CCP1CON
0x0018       [0]    RX9_bit
0x0018       [0]    SREN_bit
0x0018       [1]    RCSTA
0x0018       [0]    SPEN_bit
0x0018       [0]    NOT_RC8_bit
0x0018       [0]    RC8_9_bit
0x0018       [0]    RCD8_bit
0x0018       [0]    RC9_bit
0x0018       [0]    OERR_bit
0x0018       [0]    CREN_bit
0x0018       [0]    FERR_bit
0x0018       [0]    RX9D_bit
0x0018       [0]    ADDEN_bit
0x0019       [1]    TXREG
0x001A       [1]    RCREG
0x001B       [1]    CCPR2L
0x001B       [2]    CCPR2
0x001C       [1]    CCPR2H
0x001D       [0]    CCP2X_bit
0x001D       [0]    CCP2Y_bit
0x001D       [1]    CCP2CON
0x001D       [0]    CCP2M2_bit
0x001D       [0]    CCP2M3_bit
0x001D       [0]    CCP2M0_bit
0x001D       [0]    CCP2M1_bit
0x001E       [1]    ADRESH
0x001F       [0]    NOT_DONE_bit
0x001F       [0]    CHS1_bit
0x001F       [0]    CHS0_bit
0x001F       [0]    GO_bit
0x001F       [0]    GO_DONE_bit
0x001F       [0]    GO_NOT_DONE_bit
0x001F       [0]    CHS2_bit
0x001F       [0]    ADCS1_bit
0x001F       [1]    ADCON0
0x001F       [0]    ADON_bit
0x001F       [0]    ADCS0_bit
0x0020       [1]    _read
0x0021       [2]    ___DoICPAddr
0x0070       [1]    R0
0x0071       [1]    R1
0x0072       [1]    R2
0x0073       [1]    R3
0x0074       [1]    R4
0x0075       [1]    R5
0x0076       [1]    R6
0x0077       [1]    R7
0x0078       [1]    R8
0x0079       [1]    R9
0x007A       [1]    R10
0x007B       [1]    R11
0x007C       [1]    R12
0x007D       [1]    R13
0x007E       [1]    R14
0x007F       [1]    R15
0x0081       [0]    T0SE_bit
0x0081       [0]    PSA_bit
0x0081       [0]    T0CS_bit
0x0081       [0]    PS1_bit
0x0081       [0]    PS0_bit
0x0081       [0]    PS2_bit
0x0081       [1]    OPTION_REG
0x0081       [0]    INTEDG_bit
0x0081       [0]    NOT_RBPU_bit
0x0085       [0]    TRISA3_bit
0x0085       [0]    TRISA2_bit
0x0085       [1]    TRISA
0x0085       [0]    TRISA0_bit
0x0085       [0]    TRISA1_bit
0x0085       [0]    TRISA5_bit
0x0085       [0]    TRISA4_bit
0x0086       [0]    TRISB4_bit
0x0086       [0]    TRISB5_bit
0x0086       [0]    TRISB6_bit
0x0086       [0]    TRISB2_bit
0x0086       [1]    TRISB
0x0086       [0]    TRISB3_bit
0x0086       [0]    TRISB0_bit
0x0086       [0]    TRISB7_bit
0x0086       [0]    TRISB1_bit
0x0087       [0]    TRISC3_bit
0x0087       [1]    TRISC
0x0087       [0]    TRISC7_bit
0x0087       [0]    TRISC6_bit
0x0087       [0]    TRISC2_bit
0x0087       [0]    TRISC0_bit
0x0087       [0]    TRISC5_bit
0x0087       [0]    TRISC1_bit
0x0087       [0]    TRISC4_bit
0x0088       [0]    TRISD1_bit
0x0088       [0]    TRISD0_bit
0x0088       [0]    TRISD7_bit
0x0088       [1]    TRISD
0x0088       [0]    TRISD5_bit
0x0088       [0]    TRISD4_bit
0x0088       [0]    TRISD3_bit
0x0088       [0]    TRISD2_bit
0x0088       [0]    TRISD6_bit
0x0089       [1]    TRISE
0x0089       [0]    IBOV_TRISE_bit
0x0089       [0]    OBF_bit
0x0089       [0]    IBF_bit
0x0089       [0]    IBF_TRISE_bit
0x0089       [0]    OBF_TRISE_bit
0x0089       [0]    PSPMODE_TRISE_bit
0x0089       [0]    TRISE1_bit
0x0089       [0]    TRISE0_bit
0x0089       [0]    TRISE2_bit
0x0089       [0]    IBOV_bit
0x0089       [0]    PSPMODE_bit
0x008C       [0]    ADIE_bit
0x008C       [0]    RCIE_bit
0x008C       [1]    PIE1
0x008C       [0]    PSPIE_bit
0x008C       [0]    TXIE_bit
0x008C       [0]    TMR2IE_bit
0x008C       [0]    TMR1IE_bit
0x008C       [0]    SSPIE_bit
0x008C       [0]    CCP1IE_bit
0x008D       [0]    CMIE_bit
0x008D       [1]    PIE2
0x008D       [0]    CCP2IE_bit
0x008D       [0]    BCLIE_bit
0x008D       [0]    EEIE_bit
0x008E       [1]    PCON
0x008E       [0]    NOT_POR_bit
0x008E       [0]    NOT_BOR_bit
0x008E       [0]    NOT_BO_bit
0x0091       [0]    ACKSTAT_bit
0x0091       [0]    GCEN_bit
0x0091       [1]    SSPCON2
0x0091       [0]    PEN_bit
0x0091       [0]    RSEN_bit
0x0091       [0]    SEN_bit
0x0091       [0]    ACKDT_bit
0x0091       [0]    ACKEN_bit
0x0091       [0]    RCEN_bit
0x0092       [1]    PR2
0x0093       [1]    SSPADD
0x0094       [1]    SSPSTAT
0x0094       [0]    D_bit
0x0094       [0]    R_bit
0x0094       [0]    I2C_START__bit
0x0094       [0]    I2C_READ_bit
0x0094       [0]    D_NOT_A_bit
0x0094       [0]    P_bit
0x0094       [0]    SMP_bit
0x0094       [0]    CKE_bit
0x0094       [0]    NOT_ADDRESS_bit
0x0094       [0]    NOT_WRITE_bit
0x0094       [0]    D_A_bit
0x0094       [0]    R_W_bit
0x0094       [0]    I2C_DATA_bit
0x0094       [0]    I2C_STOP__bit
0x0094       [0]    NOT_A_bit
0x0094       [0]    NOT_W_bit
0x0094       [0]    BF_bit
0x0094       [0]    READ_WRITE_bit
0x0094       [0]    DATA_ADDRESS_bit
0x0094       [0]    S_bit
0x0094       [0]    R_NOT_W_bit
0x0094       [0]    UA_bit
0x0098       [0]    CSRC_bit
0x0098       [0]    TX9_bit
0x0098       [0]    TXD8_bit
0x0098       [0]    TX8_9_bit
0x0098       [0]    NOT_TX8_bit
0x0098       [0]    TRMT_bit
0x0098       [0]    TX9D_bit
0x0098       [0]    BRGH_bit
0x0098       [0]    TXEN_bit
0x0098       [0]    SYNC_bit
0x0098       [1]    TXSTA
0x0099       [1]    SPBRG
0x009C       [0]    C2INV_bit
0x009C       [0]    CIS_bit
0x009C       [0]    C1INV_bit
0x009C       [0]    CM1_bit
0x009C       [0]    CM2_bit
0x009C       [0]    CM0_bit
0x009C       [0]    C1OUT_bit
0x009C       [0]    C2OUT_bit
0x009C       [1]    CMCON
0x009D       [0]    CVREN_bit
0x009D       [0]    CVRR_bit
0x009D       [0]    CVROE_bit
0x009D       [0]    CVR2_bit
0x009D       [0]    CVR3_bit
0x009D       [0]    CVR0_bit
0x009D       [0]    CVR1_bit
0x009D       [1]    CVRCON
0x009E       [1]    ADRESL
0x009F       [0]    ADFM_bit
0x009F       [0]    ADCS2_bit
0x009F       [0]    PCFG2_bit
0x009F       [0]    PCFG3_bit
0x009F       [0]    PCFG0_bit
0x009F       [0]    PCFG1_bit
0x009F       [1]    ADCON1
0x010C       [1]    EEDATA
0x010D       [1]    EEADR
0x010E       [1]    EEDATH
0x010F       [1]    EEADRH
0x018C       [0]    WREN_bit
0x018C       [0]    WRERR_bit
0x018C       [0]    EEPGD_bit
0x018C       [0]    WR_bit
0x018C       [1]    EECON1
0x018C       [0]    RD_bit
0x018D       [1]    EECON2
//** Label List: ** 
//----------------------------------------------
  L_main0
  L_main1
  L_main2
  L_main3
  L_main4
  L_main5
  L_main6
  L_main7
  L_main8
  L_main9
  L_main10
  L_main11
  L_main12
  L_main13
  L_main14
  L_main15
  _main
  L_loopCA2AWs
  L_CA2AWend
  _CCA2AW_Loop1
  L_loopCS2Ss
  L_CS2Send
  _CCS2S_Loop1
  L_CCS2Send
  L_loopFZinSWs
  L_FZinSend
  _CC2D_Loop1
  L_end_____DoICP
  _____DoICP
  L_end_____DoIFC
  _____DoIFC
  L_end___CA2AW
  ___CA2AW
  L_end___CCA2AW
  ___CCA2AW
  L_end___CS2S
  ___CS2S
  L_end___CCS2S
  ___CCS2S
  L_end___FZinS
  ___FZinS
  L_end___CC2DW
  ___CC2DW
  L_end_Swap
  _Swap
  L_UART1_Init0
  L_UART1_Init1
  L_UART1_Read2
  L_UART1_Write3
  L_UART1_Write4
  L_UART1_Write_Text5
  L_UART1_Write_Text6
  L_UART1_Read_Text7
  L_UART1_Read_Text8
  L_UART1_Read_Text9
  L_UART1_Read_Text10
  L_UART1_Read_Text11
  L_UART1_Read_Text12
  L_UART1_Read_Text13
  L_UART1_Read_Text14
  L_UART1_Read_Text15
  L_end_UART1_Init
  _UART1_Init
  L_end_UART1_Data_Ready
  _UART1_Data_Ready
  L_end_UART1_Read
  _UART1_Read
  L_end_UART1_Tx_Idle
  _UART1_Tx_Idle
  L_end_UART1_Write
  _UART1_Write
  L_end_UART1_Write_Text
  _UART1_Write_Text
  L_end_UART1_Read_Text
  _UART1_Read_Text
