;  LST file generated by mikroListExporter - v.2.0 
; Date/Time: 12-Aug-15 7:14:37 PM
;----------------------------------------------

;Address Opcode 	ASM
0x0000	0x2816      	GOTO       22
_____DoICP:
;__Lib_System.c,6 :: 		
;__Lib_System.c,9 :: 		
0x0003	0x1283      	BCF        STATUS, 5
0x0004	0x1303      	BCF        STATUS, 6
0x0005	0x0821      	MOVF       ___DoICPAddr+1, 0
0x0006	0x008A      	MOVWF      PCLATH
;__Lib_System.c,10 :: 		
0x0007	0x0820      	MOVF       ___DoICPAddr, 0
0x0008	0x0082      	MOVWF      PCL
;__Lib_System.c,12 :: 		
L_end_____DoICP:
0x0009	0x0008      	RETURN
; end of _____DoICP
___CC2DW:
;__Lib_System.c,134 :: 		
;__Lib_System.c,137 :: 		
_CC2D_Loop1:
;__Lib_System.c,139 :: 		
0x000A	0x2003      	CALL       _____DoICP
0x000B	0x118A      	BCF        PCLATH, 3
0x000C	0x120A      	BCF        PCLATH, 4
;__Lib_System.c,141 :: 		
0x000D	0x0080      	MOVWF      INDF
;__Lib_System.c,142 :: 		
0x000E	0x0A84      	INCF       FSR, 1
;__Lib_System.c,143 :: 		
0x000F	0x0AA0      	INCF       ___DoICPAddr, 1
;__Lib_System.c,145 :: 		
0x0010	0x1903      	BTFSC      STATUS, 2
;__Lib_System.c,146 :: 		
0x0011	0x0AA1      	INCF       ___DoICPAddr+1, 1
;__Lib_System.c,147 :: 		
0x0012	0x03F0      	DECF       R0, 1
;__Lib_System.c,149 :: 		
0x0013	0x1D03      	BTFSS      STATUS, 2
;__Lib_System.c,150 :: 		
0x0014	0x280A      	GOTO       _CC2D_Loop1
;__Lib_System.c,152 :: 		
L_end___CC2DW:
0x0015	0x0008      	RETURN
; end of ___CC2DW
_main:
;first-hw2.c,1 :: 		void main() {
;first-hw2.c,3 :: 		unsigned x=0b00000001;
0x0016	0x3001      	MOVLW      1
0x0017	0x1283      	BCF        STATUS, 5
0x0018	0x1303      	BCF        STATUS, 6
0x0019	0x00A2      	MOVWF      main_x_L0
0x001A	0x3000      	MOVLW      0
0x001B	0x00A3      	MOVWF      main_x_L0+1
0x001C	0x3080      	MOVLW      128
0x001D	0x00A4      	MOVWF      main_y_L0
0x001E	0x3000      	MOVLW      0
0x001F	0x00A5      	MOVWF      main_y_L0+1
;first-hw2.c,5 :: 		trisb=0b00000000;
0x0020	0x1683      	BSF        STATUS, 5
0x0021	0x0186      	CLRF       TRISB
;first-hw2.c,6 :: 		portb=0b00000000;
0x0022	0x1283      	BCF        STATUS, 5
0x0023	0x0186      	CLRF       PORTB
;first-hw2.c,7 :: 		while(1){
L_main0:
;first-hw2.c,8 :: 		for(i=0;i<4;i++){
0x0024	0x01F5      	CLRF       R5
L_main2:
0x0025	0x3080      	MOVLW      128
0x0026	0x0675      	XORWF      R5, 0
0x0027	0x00F0      	MOVWF      R0
0x0028	0x3080      	MOVLW      128
0x0029	0x3A04      	XORLW      4
0x002A	0x0270      	SUBWF      R0, 0
0x002B	0x1803      	BTFSC      STATUS, 0
0x002C	0x2848      	GOTO       L_main3
;first-hw2.c,9 :: 		delay_ms(200);
0x002D	0x3002      	MOVLW      2
0x002E	0x00FB      	MOVWF      R11
0x002F	0x3004      	MOVLW      4
0x0030	0x00FC      	MOVWF      R12
0x0031	0x30BA      	MOVLW      186
0x0032	0x00FD      	MOVWF      R13
L_main5:
0x0033	0x0BFD      	DECFSZ     R13, 1
0x0034	0x2833      	GOTO       L_main5
0x0035	0x0BFC      	DECFSZ     R12, 1
0x0036	0x2833      	GOTO       L_main5
0x0037	0x0BFB      	DECFSZ     R11, 1
0x0038	0x2833      	GOTO       L_main5
0x0039	0x0000      	NOP
;first-hw2.c,10 :: 		portb=portb+x+y;
0x003A	0x0822      	MOVF       main_x_L0, 0
0x003B	0x0706      	ADDWF      PORTB, 0
0x003C	0x00F0      	MOVWF      R0
0x003D	0x0824      	MOVF       main_y_L0, 0
0x003E	0x0770      	ADDWF      R0, 0
0x003F	0x0086      	MOVWF      PORTB
;first-hw2.c,11 :: 		x=x<<1;
0x0040	0x0DA2      	RLF        main_x_L0, 1
0x0041	0x0DA3      	RLF        main_x_L0+1, 1
0x0042	0x1022      	BCF        main_x_L0, 0
;first-hw2.c,12 :: 		y=y>>1;
0x0043	0x0CA5      	RRF        main_y_L0+1, 1
0x0044	0x0CA4      	RRF        main_y_L0, 1
0x0045	0x13A5      	BCF        main_y_L0+1, 7
;first-hw2.c,8 :: 		for(i=0;i<4;i++){
0x0046	0x0AF5      	INCF       R5, 1
;first-hw2.c,13 :: 		}
0x0047	0x2825      	GOTO       L_main2
L_main3:
;first-hw2.c,14 :: 		for(i=0;i<4;i++){
0x0048	0x01F5      	CLRF       R5
L_main6:
0x0049	0x3080      	MOVLW      128
0x004A	0x0675      	XORWF      R5, 0
0x004B	0x00F0      	MOVWF      R0
0x004C	0x3080      	MOVLW      128
0x004D	0x3A04      	XORLW      4
0x004E	0x0270      	SUBWF      R0, 0
0x004F	0x1803      	BTFSC      STATUS, 0
0x0050	0x287A      	GOTO       L_main7
;first-hw2.c,15 :: 		delay_ms(200);
0x0051	0x3002      	MOVLW      2
0x0052	0x00FB      	MOVWF      R11
0x0053	0x3004      	MOVLW      4
0x0054	0x00FC      	MOVWF      R12
0x0055	0x30BA      	MOVLW      186
0x0056	0x00FD      	MOVWF      R13
L_main9:
0x0057	0x0BFD      	DECFSZ     R13, 1
0x0058	0x2857      	GOTO       L_main9
0x0059	0x0BFC      	DECFSZ     R12, 1
0x005A	0x2857      	GOTO       L_main9
0x005B	0x0BFB      	DECFSZ     R11, 1
0x005C	0x2857      	GOTO       L_main9
0x005D	0x0000      	NOP
;first-hw2.c,16 :: 		x=x>>1;
0x005E	0x0822      	MOVF       main_x_L0, 0
0x005F	0x00F3      	MOVWF      R3
0x0060	0x0823      	MOVF       main_x_L0+1, 0
0x0061	0x00F4      	MOVWF      R3+1
0x0062	0x0CF4      	RRF        R3+1, 1
0x0063	0x0CF3      	RRF        R3, 1
0x0064	0x13F4      	BCF        R3+1, 7
0x0065	0x0873      	MOVF       R3, 0
0x0066	0x00A2      	MOVWF      main_x_L0
0x0067	0x0874      	MOVF       R3+1, 0
0x0068	0x00A3      	MOVWF      main_x_L0+1
;first-hw2.c,17 :: 		y=y<<1;
0x0069	0x0824      	MOVF       main_y_L0, 0
0x006A	0x00F0      	MOVWF      R0
0x006B	0x0825      	MOVF       main_y_L0+1, 0
0x006C	0x00F1      	MOVWF      R0+1
0x006D	0x0DF0      	RLF        R0, 1
0x006E	0x0DF1      	RLF        R0+1, 1
0x006F	0x1070      	BCF        R0, 0
0x0070	0x0870      	MOVF       R0, 0
0x0071	0x00A4      	MOVWF      main_y_L0
0x0072	0x0871      	MOVF       R0+1, 0
0x0073	0x00A5      	MOVWF      main_y_L0+1
;first-hw2.c,18 :: 		portb=portb-(x+y);
0x0074	0x0873      	MOVF       R3, 0
0x0075	0x07F0      	ADDWF      R0, 1
0x0076	0x0870      	MOVF       R0, 0
0x0077	0x0286      	SUBWF      PORTB, 1
;first-hw2.c,14 :: 		for(i=0;i<4;i++){
0x0078	0x0AF5      	INCF       R5, 1
;first-hw2.c,19 :: 		}
0x0079	0x2849      	GOTO       L_main6
L_main7:
;first-hw2.c,20 :: 		}
0x007A	0x2824      	GOTO       L_main0
;first-hw2.c,22 :: 		}
L_end_main:
0x007B	0x287B      	GOTO       $+0
; end of _main
Symbol List:
//** Routines locations **
//ADDRESS    SIZE    PROCEDURE
//----------------------------------------------
0x0003       [7]    _____DoICP
0x000A      [12]    ___CC2DW
0x0016     [102]    _main
//** Variables locations ** 
//ADDRESS    SIZE    VARIABLE
//----------------------------------------------
0x0000       [1]    INDF
0x0002       [1]    PCL
0x0003       [1]    STATUS
0x0004       [1]    FSR
0x0006       [1]    PORTB
0x000A       [1]    PCLATH
0x0020       [2]    ___DoICPAddr
0x0022       [2]    main_x_L0
0x0024       [2]    main_y_L0
0x0070       [1]    R0
0x0071       [1]    R1
0x0072       [1]    R2
0x0073       [1]    R3
0x0074       [1]    R4
0x0075       [1]    R5
0x0076       [1]    R6
0x0077       [1]    R7
0x0078       [1]    R8
0x0079       [1]    R9
0x007A       [1]    R10
0x007B       [1]    R11
0x007C       [1]    R12
0x007D       [1]    R13
0x007E       [1]    R14
0x007F       [1]    R15
0x0086       [1]    TRISB
//** Label List: ** 
//----------------------------------------------
  L_main0
  L_main1
  L_main2
  L_main3
  L_main4
  L_main5
  L_main6
  L_main7
  L_main8
  L_main9
  L_end_main
  _main
  L_loopCA2AWs
  L_CA2AWend
  _CCA2AW_Loop1
  L_loopCS2Ss
  L_CS2Send
  _CCS2S_Loop1
  L_CCS2Send
  L_loopFZinSWs
  L_FZinSend
  _CC2D_Loop1
  L_end_____DoICP
  _____DoICP
  L_end_____DoIFC
  _____DoIFC
  L_end___CA2AW
  ___CA2AW
  L_end___CCA2AW
  ___CCA2AW
  L_end___CS2S
  ___CS2S
  L_end___CCS2S
  ___CCS2S
  L_end___FZinS
  ___FZinS
  L_end___CC2DW
  ___CC2DW
  L_end_Swap
  _Swap
