;  LST file generated by mikroListExporter - v.2.0 
; Date/Time: 25-Aug-15 1:00:13 PM
;----------------------------------------------

;Address Opcode 	ASM
0x0000	0x2886      	GOTO       134
_Delay_10us:
;__Lib_Delays.c,11 :: 		void Delay_10us() {
;__Lib_Delays.c,12 :: 		Delay_us(10);
0x0003	0x3003      	MOVLW      3
0x0004	0x1283      	BCF        STATUS, 5
0x0005	0x1303      	BCF        STATUS, 6
0x0006	0x00FD      	MOVWF      R13
L_Delay_10us0:
0x0007	0x0BFD      	DECFSZ     R13, 1
0x0008	0x2807      	GOTO       L_Delay_10us0
;__Lib_Delays.c,13 :: 		}
L_end_Delay_10us:
0x0009	0x0008      	RETURN
; end of _Delay_10us
__Lib_Glcd_Strobe:
;__Lib_Glcd.c,29 :: 		
;__Lib_Glcd.c,30 :: 		
0x000A	0x2003      	CALL       _Delay_10us
;__Lib_Glcd.c,31 :: 		
0x000B	0x1606      	BSF        GLCD_EN, BitPos(GLCD_EN+0)
;__Lib_Glcd.c,32 :: 		
0x000C	0x2003      	CALL       _Delay_10us
;__Lib_Glcd.c,33 :: 		
0x000D	0x1206      	BCF        GLCD_EN, BitPos(GLCD_EN+0)
;__Lib_Glcd.c,34 :: 		
L_end_Strobe:
0x000E	0x0008      	RETURN
; end of __Lib_Glcd_Strobe
_____DoICP:
;__Lib_System.c,6 :: 		
;__Lib_System.c,9 :: 		
0x000F	0x1283      	BCF        STATUS, 5
0x0010	0x1303      	BCF        STATUS, 6
0x0011	0x0822      	MOVF       ___DoICPAddr+1, 0
0x0012	0x008A      	MOVWF      PCLATH
;__Lib_System.c,10 :: 		
0x0013	0x0821      	MOVF       ___DoICPAddr, 0
0x0014	0x0082      	MOVWF      PCL
;__Lib_System.c,12 :: 		
L_end_____DoICP:
0x0015	0x0008      	RETURN
; end of _____DoICP
_Glcd_Write_Data:
;__Lib_Glcd.c,111 :: 		
;__Lib_Glcd.c,113 :: 		
0x0016	0x1283      	BCF        STATUS, 5
0x0017	0x1303      	BCF        STATUS, 6
0x0018	0x1206      	BCF        GLCD_EN, BitPos(GLCD_EN+0)
;__Lib_Glcd.c,114 :: 		
0x0019	0x1506      	BSF        GLCD_RS, BitPos(GLCD_RS+0)
;__Lib_Glcd.c,115 :: 		
0x001A	0x1186      	BCF        GLCD_RW, BitPos(GLCD_RW+0)
;__Lib_Glcd.c,117 :: 		
0x001B	0x0826      	MOVF       FARG_Glcd_Write_Data_ddata, 0
0x001C	0x0088      	MOVWF      GLCD_DataPort
;__Lib_Glcd.c,118 :: 		
0x001D	0x200A      	CALL       __Lib_Glcd_Strobe
;__Lib_Glcd.c,119 :: 		
L_end_Glcd_Write_Data:
0x001E	0x0008      	RETURN
; end of _Glcd_Write_Data
_Glcd_Set_Page:
;__Lib_Glcd.c,37 :: 		
;__Lib_Glcd.c,39 :: 		
0x001F	0x1283      	BCF        STATUS, 5
0x0020	0x1303      	BCF        STATUS, 6
0x0021	0x1106      	BCF        GLCD_RS, BitPos(GLCD_RS+0)
;__Lib_Glcd.c,40 :: 		
0x0022	0x1186      	BCF        GLCD_RW, BitPos(GLCD_RW+0)
;__Lib_Glcd.c,41 :: 		
0x0023	0x30B8      	MOVLW      184
0x0024	0x0426      	IORWF      FARG_Glcd_Set_Page_page, 0
0x0025	0x0088      	MOVWF      GLCD_DataPort
;__Lib_Glcd.c,42 :: 		
0x0026	0x200A      	CALL       __Lib_Glcd_Strobe
;__Lib_Glcd.c,43 :: 		
L_end_Glcd_Set_Page:
0x0027	0x0008      	RETURN
; end of _Glcd_Set_Page
___CC2DW:
;__Lib_System.c,134 :: 		
;__Lib_System.c,137 :: 		
_CC2D_Loop1:
;__Lib_System.c,139 :: 		
0x0028	0x200F      	CALL       _____DoICP
0x0029	0x118A      	BCF        PCLATH, 3
0x002A	0x120A      	BCF        PCLATH, 4
;__Lib_System.c,141 :: 		
0x002B	0x0080      	MOVWF      INDF
;__Lib_System.c,142 :: 		
0x002C	0x0A84      	INCF       FSR, 1
;__Lib_System.c,143 :: 		
0x002D	0x0AA1      	INCF       ___DoICPAddr, 1
;__Lib_System.c,145 :: 		
0x002E	0x1903      	BTFSC      STATUS, 2
;__Lib_System.c,146 :: 		
0x002F	0x0AA2      	INCF       ___DoICPAddr+1, 1
;__Lib_System.c,147 :: 		
0x0030	0x03F0      	DECF       R0, 1
;__Lib_System.c,149 :: 		
0x0031	0x1D03      	BTFSS      STATUS, 2
;__Lib_System.c,150 :: 		
0x0032	0x2828      	GOTO       _CC2D_Loop1
;__Lib_System.c,152 :: 		
L_end___CC2DW:
0x0033	0x0008      	RETURN
; end of ___CC2DW
_Glcd_Fill:
;__Lib_Glcd.c,122 :: 		
;__Lib_Glcd.c,125 :: 		
0x0034	0x1283      	BCF        STATUS, 5
0x0035	0x1303      	BCF        STATUS, 6
0x0036	0x1006      	BCF        GLCD_CS1, BitPos(GLCD_CS1+0)
0x0037	0x1486      	BSF        GLCD_CS2, BitPos(GLCD_CS2+0)
;__Lib_Glcd.c,126 :: 		
0x0038	0x01A5      	CLRF       Glcd_Fill_page_L0
L_Glcd_Fill2:
0x0039	0x0825      	MOVF       Glcd_Fill_page_L0, 0
0x003A	0x3C07      	SUBLW      7
0x003B	0x1C03      	BTFSS      STATUS, 0
0x003C	0x284C      	GOTO       L_Glcd_Fill3
;__Lib_Glcd.c,127 :: 		
0x003D	0x0825      	MOVF       Glcd_Fill_page_L0, 0
0x003E	0x00A6      	MOVWF      FARG_Glcd_Set_Page_page
0x003F	0x201F      	CALL       _Glcd_Set_Page
;__Lib_Glcd.c,129 :: 		
0x0040	0x01A4      	CLRF       Glcd_Fill_yy_L0
L_Glcd_Fill5:
0x0041	0x0824      	MOVF       Glcd_Fill_yy_L0, 0
0x0042	0x3C3F      	SUBLW      63
0x0043	0x1C03      	BTFSS      STATUS, 0
0x0044	0x284A      	GOTO       L_Glcd_Fill6
;__Lib_Glcd.c,130 :: 		
0x0045	0x0823      	MOVF       FARG_Glcd_Fill_pattern, 0
0x0046	0x00A6      	MOVWF      FARG_Glcd_Write_Data_ddata
0x0047	0x2016      	CALL       _Glcd_Write_Data
;__Lib_Glcd.c,129 :: 		
0x0048	0x0AA4      	INCF       Glcd_Fill_yy_L0, 1
;__Lib_Glcd.c,132 :: 		
0x0049	0x2841      	GOTO       L_Glcd_Fill5
L_Glcd_Fill6:
;__Lib_Glcd.c,126 :: 		
0x004A	0x0AA5      	INCF       Glcd_Fill_page_L0, 1
;__Lib_Glcd.c,133 :: 		
0x004B	0x2839      	GOTO       L_Glcd_Fill2
L_Glcd_Fill3:
;__Lib_Glcd.c,135 :: 		
0x004C	0x1086      	BCF        GLCD_CS2, BitPos(GLCD_CS2+0)
0x004D	0x1406      	BSF        GLCD_CS1, BitPos(GLCD_CS1+0)
;__Lib_Glcd.c,136 :: 		
0x004E	0x01A5      	CLRF       Glcd_Fill_page_L0
L_Glcd_Fill8:
0x004F	0x0825      	MOVF       Glcd_Fill_page_L0, 0
0x0050	0x3C07      	SUBLW      7
0x0051	0x1C03      	BTFSS      STATUS, 0
0x0052	0x2862      	GOTO       L_Glcd_Fill9
;__Lib_Glcd.c,137 :: 		
0x0053	0x0825      	MOVF       Glcd_Fill_page_L0, 0
0x0054	0x00A6      	MOVWF      FARG_Glcd_Set_Page_page
0x0055	0x201F      	CALL       _Glcd_Set_Page
;__Lib_Glcd.c,138 :: 		
0x0056	0x01A4      	CLRF       Glcd_Fill_yy_L0
L_Glcd_Fill11:
0x0057	0x0824      	MOVF       Glcd_Fill_yy_L0, 0
0x0058	0x3C3F      	SUBLW      63
0x0059	0x1C03      	BTFSS      STATUS, 0
0x005A	0x2860      	GOTO       L_Glcd_Fill12
;__Lib_Glcd.c,139 :: 		
0x005B	0x0823      	MOVF       FARG_Glcd_Fill_pattern, 0
0x005C	0x00A6      	MOVWF      FARG_Glcd_Write_Data_ddata
0x005D	0x2016      	CALL       _Glcd_Write_Data
;__Lib_Glcd.c,138 :: 		
0x005E	0x0AA4      	INCF       Glcd_Fill_yy_L0, 1
;__Lib_Glcd.c,139 :: 		
0x005F	0x2857      	GOTO       L_Glcd_Fill11
L_Glcd_Fill12:
;__Lib_Glcd.c,136 :: 		
0x0060	0x0AA5      	INCF       Glcd_Fill_page_L0, 1
;__Lib_Glcd.c,140 :: 		
0x0061	0x284F      	GOTO       L_Glcd_Fill8
L_Glcd_Fill9:
;__Lib_Glcd.c,141 :: 		
L_end_Glcd_Fill:
0x0062	0x0008      	RETURN
; end of _Glcd_Fill
_Glcd_Init:
;__Lib_Glcd.c,144 :: 		
;__Lib_Glcd.c,145 :: 		
0x0063	0x1283      	BCF        STATUS, 5
0x0064	0x1303      	BCF        STATUS, 6
0x0065	0x01A0      	CLRF       __Lib_Glcd_FontInitialized
;__Lib_Glcd.c,147 :: 		
0x0066	0x1683      	BSF        STATUS, 5
0x0067	0x1286      	BCF        GLCD_RST_Direction, BitPos(GLCD_RST_Direction+0)
;__Lib_Glcd.c,148 :: 		
0x0068	0x1206      	BCF        GLCD_EN_Direction, BitPos(GLCD_EN_Direction+0)
;__Lib_Glcd.c,149 :: 		
0x0069	0x1106      	BCF        GLCD_RS_Direction, BitPos(GLCD_RS_Direction+0)
;__Lib_Glcd.c,150 :: 		
0x006A	0x1186      	BCF        GLCD_RW_Direction, BitPos(GLCD_RW_Direction+0)
;__Lib_Glcd.c,151 :: 		
0x006B	0x1006      	BCF        GLCD_CS1_Direction, BitPos(GLCD_CS1_Direction+0)
;__Lib_Glcd.c,152 :: 		
0x006C	0x1086      	BCF        GLCD_CS2_Direction, BitPos(GLCD_CS2_Direction+0)
;__Lib_Glcd.c,154 :: 		
0x006D	0x1283      	BCF        STATUS, 5
0x006E	0x1286      	BCF        GLCD_RST, BitPos(GLCD_RST+0)
;__Lib_Glcd.c,159 :: 		
0x006F	0x1683      	BSF        STATUS, 5
0x0070	0x0188      	CLRF       GLCD_DataPort+128
;__Lib_Glcd.c,169 :: 		
0x0071	0x1283      	BCF        STATUS, 5
0x0072	0x1106      	BCF        GLCD_RS, BitPos(GLCD_RS+0)
;__Lib_Glcd.c,170 :: 		
0x0073	0x1186      	BCF        GLCD_RW, BitPos(GLCD_RW+0)
;__Lib_Glcd.c,172 :: 		
0x0074	0x1006      	BCF        GLCD_CS1, BitPos(GLCD_CS1+0)
;__Lib_Glcd.c,173 :: 		
0x0075	0x1486      	BSF        GLCD_CS2, BitPos(GLCD_CS2+0)
;__Lib_Glcd.c,175 :: 		
0x0076	0x1686      	BSF        GLCD_RST, BitPos(GLCD_RST+0)
;__Lib_Glcd.c,182 :: 		
0x0077	0x303F      	MOVLW      63
0x0078	0x0088      	MOVWF      GLCD_DataPort
;__Lib_Glcd.c,183 :: 		
0x0079	0x200A      	CALL       __Lib_Glcd_Strobe
;__Lib_Glcd.c,185 :: 		
0x007A	0x30C0      	MOVLW      192
0x007B	0x0088      	MOVWF      GLCD_DataPort
;__Lib_Glcd.c,186 :: 		
0x007C	0x200A      	CALL       __Lib_Glcd_Strobe
;__Lib_Glcd.c,188 :: 		
0x007D	0x1406      	BSF        GLCD_CS1, BitPos(GLCD_CS1+0)
;__Lib_Glcd.c,189 :: 		
0x007E	0x1086      	BCF        GLCD_CS2, BitPos(GLCD_CS2+0)
;__Lib_Glcd.c,191 :: 		
0x007F	0x303F      	MOVLW      63
0x0080	0x0088      	MOVWF      GLCD_DataPort
;__Lib_Glcd.c,192 :: 		
0x0081	0x200A      	CALL       __Lib_Glcd_Strobe
;__Lib_Glcd.c,194 :: 		
0x0082	0x30C0      	MOVLW      192
0x0083	0x0088      	MOVWF      GLCD_DataPort
;__Lib_Glcd.c,195 :: 		
0x0084	0x200A      	CALL       __Lib_Glcd_Strobe
;__Lib_Glcd.c,197 :: 		
L_end_Glcd_Init:
0x0085	0x0008      	RETURN
; end of _Glcd_Init
_main:
;glcd.c,29 :: 		void main() {
;glcd.c,30 :: 		glcd_init();
0x0086	0x2063      	CALL       _Glcd_Init
;glcd.c,31 :: 		glcd_fill(0);
0x0087	0x01A3      	CLRF       FARG_Glcd_Fill_pattern
0x0088	0x2034      	CALL       _Glcd_Fill
;glcd.c,39 :: 		}
0x0089	0x2889      	GOTO       $+0
; end of _main
Symbol List:
//** Routines locations **
//ADDRESS    SIZE    PROCEDURE
//----------------------------------------------
0x0003       [7]    _Delay_10us
0x000A       [5]    __Lib_Glcd_Strobe
0x000F       [7]    _____DoICP
0x0016       [9]    _Glcd_Write_Data
0x001F       [9]    _Glcd_Set_Page
0x0028      [12]    ___CC2DW
0x0034      [47]    _Glcd_Fill
0x0063      [35]    _Glcd_Init
0x0086       [4]    _main
//** Variables locations ** 
//ADDRESS    SIZE    VARIABLE
//----------------------------------------------
0x0000       [1]    INDF
0x0001       [1]    TMR0
0x0002       [1]    PCL
0x0003       [1]    STATUS
0x0003       [0]    IRP_bit
0x0003       [0]    NOT_TO_bit
0x0003       [0]    RP1_bit
0x0003       [0]    RP0_bit
0x0003       [0]    DC_bit
0x0003       [0]    C_bit
0x0003       [0]    NOT_PD_bit
0x0003       [0]    Z_bit
0x0004       [1]    FSR
0x0004       [1]    FSRPTR
0x0005       [1]    PORTA
0x0005       [0]    RA4_bit
0x0005       [0]    RA3_bit
0x0005       [0]    RA0_bit
0x0005       [0]    RA2_bit
0x0005       [0]    RA1_bit
0x0005       [0]    RA5_bit
0x0006       [0]    GLCD_RS
0x0006       [0]    RB0_bit
0x0006       [0]    RB4_bit
0x0006       [0]    GLCD_CS1
0x0006       [1]    PORTB
0x0006       [0]    GLCD_CS2
0x0006       [0]    RB5_bit
0x0006       [0]    RB1_bit
0x0006       [0]    GLCD_RW
0x0006       [0]    RB2_bit
0x0006       [0]    GLCD_EN
0x0006       [0]    GLCD_RST
0x0006       [0]    RB7_bit
0x0006       [0]    RB6_bit
0x0006       [0]    RB3_bit
0x0007       [1]    PORTC
0x0007       [0]    RC4_bit
0x0007       [0]    RC1_bit
0x0007       [0]    RC5_bit
0x0007       [0]    RC3_bit
0x0007       [0]    RC0_bit
0x0007       [0]    RC7_bit
0x0007       [0]    RC2_bit
0x0007       [0]    RC6_bit
0x0008       [1]    GLCD_DataPort
0x0008       [0]    RD4_bit
0x0008       [0]    RD1_bit
0x0008       [1]    PORTD
0x0008       [0]    RD6_bit
0x0008       [0]    RD3_bit
0x0008       [0]    RD2_bit
0x0008       [0]    RD0_bit
0x0008       [0]    RD5_bit
0x0008       [0]    RD7_bit
0x0009       [0]    RE1_bit
0x0009       [0]    RE2_bit
0x0009       [1]    PORTE
0x0009       [0]    RE0_bit
0x000A       [1]    PCLATH
0x000B       [0]    T0IE_bit
0x000B       [0]    RBIF_bit
0x000B       [0]    T0IF_bit
0x000B       [0]    PEIE_bit
0x000B       [0]    GIE_bit
0x000B       [0]    INTF_bit
0x000B       [0]    INTE_bit
0x000B       [0]    RBIE_bit
0x000B       [0]    TMR0IF_bit
0x000B       [0]    TMR0IE_bit
0x000B       [1]    INTCON
0x000C       [0]    CCP1IF_bit
0x000C       [0]    SSPIF_bit
0x000C       [0]    TXIF_bit
0x000C       [1]    PIR1
0x000C       [0]    TMR1IF_bit
0x000C       [0]    TMR2IF_bit
0x000C       [0]    RCIF_bit
0x000C       [0]    PSPIF_bit
0x000C       [0]    ADIF_bit
0x000D       [0]    EEIF_bit
0x000D       [0]    CMIF_bit
0x000D       [1]    PIR2
0x000D       [0]    CCP2IF_bit
0x000D       [0]    BCLIF_bit
0x000E       [1]    TMR1L
0x000F       [1]    TMR1H
0x0010       [0]    T1CKPS1_bit
0x0010       [0]    T1CKPS0_bit
0x0010       [0]    NOT_T1SYNC_bit
0x0010       [0]    TMR1CS_bit
0x0010       [0]    T1INSYNC_bit
0x0010       [0]    T1OSCEN_bit
0x0010       [1]    T1CON
0x0010       [0]    TMR1ON_bit
0x0010       [0]    T1SYNC_bit
0x0011       [1]    TMR2
0x0012       [0]    T2CKPS0_bit
0x0012       [0]    TMR2ON_bit
0x0012       [1]    T2CON
0x0012       [0]    TOUTPS2_bit
0x0012       [0]    TOUTPS3_bit
0x0012       [0]    T2CKPS1_bit
0x0012       [0]    TOUTPS0_bit
0x0012       [0]    TOUTPS1_bit
0x0013       [1]    SSPBUF
0x0014       [1]    SSPCON
0x0014       [0]    SSPM0_bit
0x0014       [0]    CKP_bit
0x0014       [0]    SSPEN_bit
0x0014       [0]    WCOL_bit
0x0014       [0]    SSPOV_bit
0x0014       [0]    SSPM1_bit
0x0014       [0]    SSPM2_bit
0x0014       [0]    SSPM3_bit
0x0015       [2]    CCPR1
0x0015       [1]    CCPR1L
0x0016       [1]    CCPR1H
0x0017       [0]    CCP1M1_bit
0x0017       [0]    CCP1M0_bit
0x0017       [1]    CCP1CON
0x0017       [0]    CCP1Y_bit
0x0017       [0]    CCP1M2_bit
0x0017       [0]    CCP1X_bit
0x0017       [0]    CCP1M3_bit
0x0018       [1]    RCSTA
0x0018       [0]    SREN_bit
0x0018       [0]    CREN_bit
0x0018       [0]    OERR_bit
0x0018       [0]    RX9D_bit
0x0018       [0]    ADDEN_bit
0x0018       [0]    FERR_bit
0x0018       [0]    RC8_9_bit
0x0018       [0]    RC9_bit
0x0018       [0]    NOT_RC8_bit
0x0018       [0]    RCD8_bit
0x0018       [0]    SPEN_bit
0x0018       [0]    RX9_bit
0x0019       [1]    TXREG
0x001A       [1]    RCREG
0x001B       [1]    CCPR2L
0x001B       [2]    CCPR2
0x001C       [1]    CCPR2H
0x001D       [1]    CCP2CON
0x001D       [0]    CCP2M1_bit
0x001D       [0]    CCP2M2_bit
0x001D       [0]    CCP2M3_bit
0x001D       [0]    CCP2Y_bit
0x001D       [0]    CCP2X_bit
0x001D       [0]    CCP2M0_bit
0x001E       [1]    ADRESH
0x001F       [1]    ADCON0
0x001F       [0]    ADCS0_bit
0x001F       [0]    CHS2_bit
0x001F       [0]    ADCS1_bit
0x001F       [0]    GO_DONE_bit
0x001F       [0]    NOT_DONE_bit
0x001F       [0]    CHS1_bit
0x001F       [0]    GO_NOT_DONE_bit
0x001F       [0]    ADON_bit
0x001F       [0]    CHS0_bit
0x001F       [0]    GO_bit
0x0020       [1]    __Lib_Glcd_FontInitialized
0x0021       [2]    ___DoICPAddr
0x0023       [1]    FARG_Glcd_Fill_pattern
0x0024       [1]    Glcd_Fill_yy_L0
0x0025       [1]    Glcd_Fill_page_L0
0x0026       [1]    FARG_Glcd_Write_Data_ddata
0x0026       [1]    FARG_Glcd_Set_Page_page
0x0070       [1]    R0
0x0071       [1]    R1
0x0072       [1]    R2
0x0073       [1]    R3
0x0074       [1]    R4
0x0075       [1]    R5
0x0076       [1]    R6
0x0077       [1]    R7
0x0078       [1]    R8
0x0079       [1]    R9
0x007A       [1]    R10
0x007B       [1]    R11
0x007C       [1]    R12
0x007D       [1]    R13
0x007E       [1]    R14
0x007F       [1]    R15
0x0081       [0]    T0SE_bit
0x0081       [0]    T0CS_bit
0x0081       [0]    PSA_bit
0x0081       [0]    INTEDG_bit
0x0081       [0]    PS1_bit
0x0081       [1]    OPTION_REG
0x0081       [0]    PS2_bit
0x0081       [0]    NOT_RBPU_bit
0x0081       [0]    PS0_bit
0x0085       [0]    TRISA5_bit
0x0085       [0]    TRISA1_bit
0x0085       [0]    TRISA0_bit
0x0085       [1]    TRISA
0x0085       [0]    TRISA4_bit
0x0085       [0]    TRISA3_bit
0x0085       [0]    TRISA2_bit
0x0086       [0]    TRISB1_bit
0x0086       [0]    TRISB3_bit
0x0086       [0]    TRISB2_bit
0x0086       [0]    GLCD_RW_Direction
0x0086       [0]    GLCD_RS_Direction
0x0086       [0]    GLCD_CS2_Direction
0x0086       [0]    GLCD_RST_Direction
0x0086       [0]    GLCD_EN_Direction
0x0086       [0]    TRISB4_bit
0x0086       [0]    TRISB5_bit
0x0086       [0]    TRISB6_bit
0x0086       [0]    TRISB7_bit
0x0086       [0]    GLCD_CS1_Direction
0x0086       [0]    TRISB0_bit
0x0086       [1]    TRISB
0x0087       [0]    TRISC5_bit
0x0087       [0]    TRISC4_bit
0x0087       [0]    TRISC6_bit
0x0087       [1]    TRISC
0x0087       [0]    TRISC7_bit
0x0087       [0]    TRISC1_bit
0x0087       [0]    TRISC0_bit
0x0087       [0]    TRISC3_bit
0x0087       [0]    TRISC2_bit
0x0088       [0]    TRISD7_bit
0x0088       [1]    TRISD
0x0088       [0]    TRISD6_bit
0x0088       [0]    TRISD2_bit
0x0088       [0]    TRISD1_bit
0x0088       [0]    TRISD0_bit
0x0088       [0]    TRISD4_bit
0x0088       [0]    TRISD3_bit
0x0088       [0]    TRISD5_bit
0x0089       [1]    TRISE
0x0089       [0]    OBF_TRISE_bit
0x0089       [0]    IBOV_TRISE_bit
0x0089       [0]    TRISE1_bit
0x0089       [0]    TRISE0_bit
0x0089       [0]    PSPMODE_TRISE_bit
0x0089       [0]    TRISE2_bit
0x0089       [0]    OBF_bit
0x0089       [0]    PSPMODE_bit
0x0089       [0]    IBOV_bit
0x0089       [0]    IBF_bit
0x0089       [0]    IBF_TRISE_bit
0x008C       [1]    PIE1
0x008C       [0]    PSPIE_bit
0x008C       [0]    ADIE_bit
0x008C       [0]    RCIE_bit
0x008C       [0]    TMR2IE_bit
0x008C       [0]    TMR1IE_bit
0x008C       [0]    CCP1IE_bit
0x008C       [0]    TXIE_bit
0x008C       [0]    SSPIE_bit
0x008D       [0]    CMIE_bit
0x008D       [1]    PIE2
0x008D       [0]    EEIE_bit
0x008D       [0]    CCP2IE_bit
0x008D       [0]    BCLIE_bit
0x008E       [1]    PCON
0x008E       [0]    NOT_BO_bit
0x008E       [0]    NOT_BOR_bit
0x008E       [0]    NOT_POR_bit
0x0091       [1]    SSPCON2
0x0091       [0]    PEN_bit
0x0091       [0]    RCEN_bit
0x0091       [0]    SEN_bit
0x0091       [0]    RSEN_bit
0x0091       [0]    ACKSTAT_bit
0x0091       [0]    GCEN_bit
0x0091       [0]    ACKEN_bit
0x0091       [0]    ACKDT_bit
0x0092       [1]    PR2
0x0093       [1]    SSPADD
0x0094       [1]    SSPSTAT
0x0094       [0]    I2C_START__bit
0x0094       [0]    DATA_ADDRESS_bit
0x0094       [0]    D_A_bit
0x0094       [0]    R_bit
0x0094       [0]    READ_WRITE_bit
0x0094       [0]    I2C_STOP__bit
0x0094       [0]    NOT_ADDRESS_bit
0x0094       [0]    NOT_W_bit
0x0094       [0]    NOT_A_bit
0x0094       [0]    R_W_bit
0x0094       [0]    I2C_DATA_bit
0x0094       [0]    S_bit
0x0094       [0]    NOT_WRITE_bit
0x0094       [0]    R_NOT_W_bit
0x0094       [0]    BF_bit
0x0094       [0]    UA_bit
0x0094       [0]    I2C_READ_bit
0x0094       [0]    D_NOT_A_bit
0x0094       [0]    CKE_bit
0x0094       [0]    SMP_bit
0x0094       [0]    D_bit
0x0094       [0]    P_bit
0x0098       [0]    TX9D_bit
0x0098       [0]    TXEN_bit
0x0098       [0]    TXD8_bit
0x0098       [0]    TX9_bit
0x0098       [1]    TXSTA
0x0098       [0]    CSRC_bit
0x0098       [0]    BRGH_bit
0x0098       [0]    TRMT_bit
0x0098       [0]    TX8_9_bit
0x0098       [0]    SYNC_bit
0x0098       [0]    NOT_TX8_bit
0x0099       [1]    SPBRG
0x009C       [0]    C1INV_bit
0x009C       [0]    C2INV_bit
0x009C       [1]    CMCON
0x009C       [0]    CIS_bit
0x009C       [0]    C1OUT_bit
0x009C       [0]    CM1_bit
0x009C       [0]    CM2_bit
0x009C       [0]    C2OUT_bit
0x009C       [0]    CM0_bit
0x009D       [0]    CVR0_bit
0x009D       [0]    CVR1_bit
0x009D       [0]    CVREN_bit
0x009D       [0]    CVRR_bit
0x009D       [0]    CVROE_bit
0x009D       [1]    CVRCON
0x009D       [0]    CVR3_bit
0x009D       [0]    CVR2_bit
0x009E       [1]    ADRESL
0x009F       [1]    ADCON1
0x009F       [0]    PCFG1_bit
0x009F       [0]    PCFG2_bit
0x009F       [0]    ADFM_bit
0x009F       [0]    PCFG0_bit
0x009F       [0]    ADCS2_bit
0x009F       [0]    PCFG3_bit
0x010C       [1]    EEDATA
0x010D       [1]    EEADR
0x010E       [1]    EEDATH
0x010F       [1]    EEADRH
0x018C       [0]    WREN_bit
0x018C       [0]    WR_bit
0x018C       [0]    EEPGD_bit
0x018C       [0]    WRERR_bit
0x018C       [1]    EECON1
0x018C       [0]    RD_bit
0x018D       [1]    EECON2
//** Label List: ** 
//----------------------------------------------
  _main
  L_Delay_10us0
  L_Delay_22us1
  L_Delay_50us2
  L_Delay_80us3
  L_Delay_500us4
  L_Delay_5500us5
  L_Delay_1ms6
  L_Delay_5ms7
  L_Delay_8ms8
  L_Delay_10ms9
  L_Delay_100ms10
  L_Delay_1sec11
  L_boot16_Delay_5ms12
  L_Delay_Cyc13
  L_Delay_Cyc14
  L_VDelay_ms15
  L_VDelay_ms16
  L_VDelay_ms17
  L_VDelay_Advanced_ms18
  L_VDelay_Advanced_ms19
  L_VDelay_Advanced_ms20
  L_end_Get_Fosc_kHz
  _Get_Fosc_kHz
  L_end_Delay_1us
  _Delay_1us
  L_end_Delay_10us
  _Delay_10us
  L_end_Delay_22us
  _Delay_22us
  L_end_Delay_50us
  _Delay_50us
  L_end_Delay_80us
  _Delay_80us
  L_end_Delay_500us
  _Delay_500us
  L_end_Delay_5500us
  _Delay_5500us
  L_end_Delay_1ms
  _Delay_1ms
  L_end_Delay_5ms
  _Delay_5ms
  L_end_Delay_8ms
  _Delay_8ms
  L_end_Delay_10ms
  _Delay_10ms
  L_end_Delay_100ms
  _Delay_100ms
  L_end_Delay_1sec
  _Delay_1sec
  L_end_boot16_Delay_5ms
  _boot16_Delay_5ms
  L_end_Delay_Cyc
  _Delay_Cyc
  L_end_VDelay_ms
  _VDelay_ms
  L__VDelay_ms38
  L__VDelay_ms39
  L__VDelay_ms40
  L_end_VDelay_Advanced_ms
  _VDelay_Advanced_ms
  L__VDelay_Advanced_ms42
  L__VDelay_Advanced_ms43
  L__VDelay_Advanced_ms44
  L_Glcd_Set_Side0
  L_Glcd_Set_Side1
  L_Glcd_Fill2
  L_Glcd_Fill3
  L_Glcd_Fill4
  L_Glcd_Fill5
  L_Glcd_Fill6
  L_Glcd_Fill7
  L_Glcd_Fill8
  L_Glcd_Fill9
  L_Glcd_Fill10
  L_Glcd_Fill11
  L_Glcd_Fill12
  L_Glcd_Fill13
  L_Glcd_Write_Char14
  L_Glcd_Write_Char15
  L_Glcd_Write_Char16
  L_Glcd_Write_Char17
  L_Glcd_Write_Char18
  L_Glcd_Write_Char19
  L_Glcd_Write_Char20
  L_Glcd_Write_Char21
  L_Glcd_Write_Char22
  L_Glcd_Write_Char23
  L_Glcd_Write_Char24
  L_Glcd_Write_Char25
  L_Glcd_Write_Char26
  L_Glcd_Write_Char27
  L_Glcd_Write_Text28
  L_Glcd_Write_Text29
  L_Glcd_Write_Text30
  L_Glcd_Write_Const_Text31
  L_Glcd_Write_Const_Text32
  L_Glcd_Write_Const_Text33
  L_Glcd_Dot34
  L_Glcd_Dot35
  L_Glcd_Dot36
  L_Glcd_Dot37
  L_Glcd_Dot38
  L_Glcd_Dot39
  L_Glcd_Dot40
  L_Glcd_Dot41
  L_Glcd_Line42
  L_Glcd_Line43
  L_Glcd_Line44
  L_Glcd_Line45
  L_Glcd_Line46
  L_Glcd_Line47
  L_Glcd_Line48
  L_Glcd_Line49
  L_Glcd_Line50
  L_Glcd_Line51
  L_Glcd_Line52
  L_Glcd_Line53
  L_Glcd_Line54
  L_Glcd_Line55
  L_Glcd_Line56
  L_Glcd_Line57
  L_Glcd_Line58
  L_Glcd_Line59
  L_Glcd_Line60
  L_Glcd_Line61
  L_Glcd_H_Line62
  L_Glcd_H_Line63
  L_Glcd_H_Line64
  L_Glcd_H_Line65
  L_Glcd_H_Line66
  L_Glcd_H_Line67
  L_Glcd_H_Line68
  L_Glcd_H_Line69
  L_Glcd_H_Line70
  L_Glcd_H_Line71
  L_Glcd_V_Line72
  L_Glcd_V_Line73
  L_Glcd_V_Line74
  L_Glcd_V_Line75
  L_Glcd_V_Line76
  L_Glcd_V_Line77
  L_Glcd_V_Line78
  L_Glcd_V_Line79
  L_Glcd_V_Line80
  L_Glcd_V_Line81
  L_Glcd_Circle82
  L_Glcd_Circle83
  L_Glcd_Circle84
  L_Glcd_Circle85
  L_Glcd_Circle86
  L_Glcd_Circle87
  L_Glcd_Circle88
  L_Glcd_Circle89
  L_Glcd_Circle_Fill90
  L_Glcd_Circle_Fill91
  L_Glcd_Circle_Fill92
  L_Glcd_Circle_Fill93
  L_Glcd_Circle_Fill94
  L_Glcd_Circle_Fill95
  L_Glcd_Circle_Fill96
  L_Glcd_Circle_Fill97
  L_Glcd_Circle_Fill98
  L_Glcd_Circle_Fill99
  L_Glcd_Image100
  L_Glcd_Image101
  L_Glcd_Image102
  L_Glcd_Image103
  L_Glcd_Image104
  L_Glcd_Image105
  L_Glcd_Image106
  L_Glcd_Image107
  L_Glcd_Rectangle_Round_Edges108
  L_Glcd_Rectangle_Round_Edges109
  L_Glcd_Rectangle_Round_Edges110
  L_Glcd_Rectangle_Round_Edges111
  L_Glcd_Rectangle_Round_Edges112
  L_Glcd_Rectangle_Round_Edges113
  L_Glcd_Rectangle_Round_Edges114
  L_Glcd_Rectangle_Round_Edges115
  L_Glcd_Rectangle_Round_Edges116
  L_Glcd_Rectangle_Round_Edges117
  L_Glcd_Rectangle_Round_Edges118
  L_Glcd_Rectangle_Round_Edges119
  L_Glcd_Rectangle_Round_Edges120
  L_Glcd_Box121
  L_Glcd_Box122
  L_Glcd_Box123
  L_Glcd_Rectangle_Round_Edges_Fill124
  L_Glcd_Rectangle_Round_Edges_Fill125
  L_Glcd_Rectangle_Round_Edges_Fill126
  L_Glcd_Rectangle_Round_Edges_Fill127
  L_Glcd_Rectangle_Round_Edges_Fill128
  L_Glcd_Rectangle_Round_Edges_Fill129
  L_Glcd_Rectangle_Round_Edges_Fill130
  L_Glcd_Rectangle_Round_Edges_Fill131
  L_Glcd_Rectangle_Round_Edges_Fill132
  L_Glcd_Rectangle_Round_Edges_Fill133
  L_Glcd_Rectangle_Round_Edges_Fill134
  L_Glcd_Rectangle_Round_Edges_Fill135
  L_Glcd_Rectangle_Round_Edges_Fill136
  L_Glcd_Rectangle_Round_Edges_Fill137
  L_Glcd_PartialImage138
  L_Glcd_PartialImage139
  L_Glcd_PartialImage140
  L_Glcd_PartialImage141
  L_Glcd_PartialImage142
  L_Glcd_PartialImage143
  L_Glcd_PartialImage144
  L_Glcd_PartialImage145
  L_Glcd_PartialImage146
  L_Glcd_PartialImage147
  L_Glcd_PartialImage148
  L_Glcd_PartialImage149
  L_Glcd_PartialImage150
  L_Glcd_PartialImage151
  L_Glcd_PartialImage152
  L_Glcd_PartialImage153
  L_Glcd_PartialImage154
  L_Glcd_PartialImage155
  L_Glcd_PartialImage156
  L_Glcd_PartialImage157
  L_Glcd_PartialImage158
  L_Glcd_PartialImage159
  L_Glcd_PartialImage160
  L_Glcd_PartialImage161
  L_Glcd_PartialImage162
  L_Glcd_PartialImage163
  L_Glcd_PartialImage164
  L_Glcd_PartialImage165
  L_Glcd_PartialImage166
  L___Lib_Glcd__Glcd_Write_Char_Adv167
  L___Lib_Glcd__Glcd_Write_Char_Adv168
  L___Lib_Glcd__Glcd_Write_Char_Adv169
  L___Lib_Glcd__Glcd_Write_Char_Adv170
  L___Lib_Glcd__Glcd_Write_Char_Adv171
  L___Lib_Glcd__Glcd_Write_Char_Adv172
  L___Lib_Glcd__Glcd_Write_Char_Adv173
  L___Lib_Glcd__Glcd_Write_Char_Adv174
  L___Lib_Glcd__Glcd_Write_Char_Adv175
  L___Lib_Glcd__Glcd_Write_Char_Adv176
  L___Lib_Glcd__Glcd_Write_Char_Adv177
  L___Lib_Glcd__Glcd_Write_Char_Adv178
  L___Lib_Glcd__Glcd_Write_Char_Adv179
  L___Lib_Glcd__Glcd_Write_Char_Adv180
  L___Lib_Glcd__Glcd_Write_Char_Adv181
  L___Lib_Glcd__Glcd_Write_Char_Adv182
  L___Lib_Glcd__Glcd_Write_Char_Adv183
  L___Lib_Glcd__Glcd_Write_Char_Adv184
  L___Lib_Glcd__Glcd_Write_Char_Adv185
  L___Lib_Glcd__Glcd_Write_Char_Adv186
  L___Lib_Glcd__Glcd_Write_Char_Adv187
  L___Lib_Glcd__Glcd_Write_Char_Return_Pos188
  L___Lib_Glcd__Glcd_Write_Char_Return_Pos189
  L___Lib_Glcd__Glcd_Write_Char_Return_Pos190
  L_Glcd_Write_Text_Return_Pos191
  L_Glcd_Write_Text_Return_Pos192
  L_Glcd_Write_Text_Return_Pos193
  L_Glcd_Write_Text_Return_Pos194
  L_Glcd_Write_Const_Text_Return_Pos195
  L_Glcd_Write_Const_Text_Return_Pos196
  L_Glcd_Write_Const_Text_Return_Pos197
  L_Glcd_Write_Const_Text_Return_Pos198
  L_Glcd_Write_Char_Adv199
  L_Glcd_Write_Char_Adv200
  L_Glcd_Write_Text_Adv201
  L_Glcd_Write_Text_Adv202
  L_Glcd_Write_Text_Adv203
  L_Glcd_Write_Text_Adv204
  L_Glcd_Write_Const_Text_Adv205
  L_Glcd_Write_Const_Text_Adv206
  L_Glcd_Write_Const_Text_Adv207
  L_Glcd_Write_Const_Text_Adv208
  L__Glcd_Dot209
  L__Glcd_H_Line210
  L__Glcd_V_Line211
  L__Glcd_PartialImage212
  L__Glcd_PartialImage213
  L__Glcd_PartialImage214
  L_end_Strobe
  __Lib_Glcd_Strobe
  L_end_Glcd_Set_Page
  _Glcd_Set_Page
  L_end_Glcd_Set_Side
  _Glcd_Set_Side
  L_end_Glcd_Set_X
  _Glcd_Set_X
  L_end_Glcd_Read_Data
  _Glcd_Read_Data
  L_end_Glcd_Write_Data
  _Glcd_Write_Data
  L_end_Glcd_Fill
  _Glcd_Fill
  L_end_Glcd_Init
  _Glcd_Init
  L_end_Glcd_Set_Font
  _Glcd_Set_Font
  L_end_Glcd_Write_Char
  _Glcd_Write_Char
  L_end_Glcd_Write_Text
  _Glcd_Write_Text
  L_end_Glcd_Write_Const_Text
  _Glcd_Write_Const_Text
  L_end_Glcd_Dot
  _Glcd_Dot
  L__Glcd_Dot228
  L__Glcd_Dot229
  L_end_Glcd_Line
  _Glcd_Line
  L__Glcd_Line231
  L__Glcd_Line232
  L__Glcd_Line233
  L__Glcd_Line234
  L__Glcd_Line235
  L__Glcd_Line236
  L__Glcd_Line237
  L__Glcd_Line238
  L__Glcd_Line239
  L__Glcd_Line240
  L__Glcd_Line241
  L__Glcd_Line242
  L__Glcd_Line243
  L__Glcd_Line244
  L__Glcd_Line245
  L_end_Glcd_H_Line
  _Glcd_H_Line
  L_end_Glcd_V_Line
  _Glcd_V_Line
  L_end_Glcd_Circle
  _Glcd_Circle
  L__Glcd_Circle249
  L__Glcd_Circle250
  L__Glcd_Circle251
  L__Glcd_Circle252
  L__Glcd_Circle253
  L__Glcd_Circle254
  L_end_Glcd_Circle_Fill
  _Glcd_Circle_Fill
  L__Glcd_Circle_Fill256
  L__Glcd_Circle_Fill257
  L__Glcd_Circle_Fill258
  L__Glcd_Circle_Fill259
  L__Glcd_Circle_Fill260
  L__Glcd_Circle_Fill261
  L__Glcd_Circle_Fill262
  L__Glcd_Circle_Fill263
  L_end_Glcd_Image
  _Glcd_Image
  L_end_Glcd_Rectangle
  _Glcd_Rectangle
  L_end_Glcd_Rectangle_Round_Edges
  _Glcd_Rectangle_Round_Edges
  L__Glcd_Rectangle_Round_Edges267
  L__Glcd_Rectangle_Round_Edges268
  L__Glcd_Rectangle_Round_Edges269
  L__Glcd_Rectangle_Round_Edges270
  L__Glcd_Rectangle_Round_Edges271
  L__Glcd_Rectangle_Round_Edges272
  L__Glcd_Rectangle_Round_Edges273
  L__Glcd_Rectangle_Round_Edges274
  L__Glcd_Rectangle_Round_Edges275
  L_end_Glcd_Box
  _Glcd_Box
  L_end_Glcd_Rectangle_Round_Edges_Fill
  _Glcd_Rectangle_Round_Edges_Fill
  L__Glcd_Rectangle_Round_Edges_Fill278
  L__Glcd_Rectangle_Round_Edges_Fill279
  L__Glcd_Rectangle_Round_Edges_Fill280
  L__Glcd_Rectangle_Round_Edges_Fill281
  L__Glcd_Rectangle_Round_Edges_Fill282
  L__Glcd_Rectangle_Round_Edges_Fill283
  L__Glcd_Rectangle_Round_Edges_Fill284
  L__Glcd_Rectangle_Round_Edges_Fill285
  L__Glcd_Rectangle_Round_Edges_Fill286
  L__Glcd_Rectangle_Round_Edges_Fill287
  L_end_Glcd_PartialImage
  _Glcd_PartialImage
  L__Glcd_PartialImage289
  L__Glcd_PartialImage290
  L__Glcd_PartialImage291
  L__Glcd_PartialImage292
  L__Glcd_PartialImage293
  L__Glcd_PartialImage294
  L__Glcd_PartialImage295
  L__Glcd_PartialImage296
  L__Glcd_PartialImage297
  L__Glcd_PartialImage298
  L__Glcd_PartialImage299
  L__Glcd_PartialImage300
  L__Glcd_PartialImage301
  L__Glcd_PartialImage302
  L__Glcd_PartialImage303
  L__Glcd_PartialImage304
  L__Glcd_PartialImage305
  L__Glcd_PartialImage306
  L__Glcd_PartialImage307
  L__Glcd_PartialImage308
  L__Glcd_PartialImage309
  L__Glcd_PartialImage310
  L__Glcd_PartialImage311
  L__Glcd_PartialImage312
  L__Glcd_PartialImage313
  L__Glcd_PartialImage314
  L_end_Glcd_Set_Font_Adv
  _Glcd_Set_Font_Adv
  L_end__Glcd_Write_Char_Adv
  __Lib_Glcd__Glcd_Write_Char_Adv
  L___Lib_Glcd__Glcd_Write_Char_Adv317
  L___Lib_Glcd__Glcd_Write_Char_Adv318
  L___Lib_Glcd__Glcd_Write_Char_Adv319
  L___Lib_Glcd__Glcd_Write_Char_Adv320
  L_end__Glcd_Write_Char_Return_Pos
  __Lib_Glcd__Glcd_Write_Char_Return_Pos
  L___Lib_Glcd__Glcd_Write_Char_Return_Pos322
  L___Lib_Glcd__Glcd_Write_Char_Return_Pos323
  L_end_Glcd_Move_Cursor
  __Lib_Glcd_Glcd_Move_Cursor
  L_end_Glcd_Write_Text_Return_Pos
  _Glcd_Write_Text_Return_Pos
  L__Glcd_Write_Text_Return_Pos326
  L__Glcd_Write_Text_Return_Pos327
  L_end_Glcd_Write_Const_Text_Return_Pos
  _Glcd_Write_Const_Text_Return_Pos
  L__Glcd_Write_Const_Text_Return_Pos329
  L__Glcd_Write_Const_Text_Return_Pos330
  L_end_Glcd_Write_Char_Adv
  _Glcd_Write_Char_Adv
  L__Glcd_Write_Char_Adv332
  L__Glcd_Write_Char_Adv333
  L_end_Glcd_Write_Text_Adv
  _Glcd_Write_Text_Adv
  L__Glcd_Write_Text_Adv335
  L__Glcd_Write_Text_Adv336
  L_end_Glcd_Write_Const_Text_Adv
  _Glcd_Write_Const_Text_Adv
  L__Glcd_Write_Const_Text_Adv338
  L__Glcd_Write_Const_Text_Adv339
  L_loopCA2AWs
  L_CA2AWend
  _CCA2AW_Loop1
  L_loopCS2Ss
  L_CS2Send
  _CCS2S_Loop1
  L_CCS2Send
  L_loopFZinSWs
  L_FZinSend
  _CC2D_Loop1
  L_end_____DoICP
  _____DoICP
  L_end_____DoIFC
  _____DoIFC
  L_end___CA2AW
  ___CA2AW
  L_end___CCA2AW
  ___CCA2AW
  L_end___CS2S
  ___CS2S
  L_end___CCS2S
  ___CCS2S
  L_end___FZinS
  ___FZinS
  L_end___CC2DW
  ___CC2DW
  L_end_Swap
  _Swap
