;  LST file generated by mikroListExporter - v.2.0 
; Date/Time: 05-Oct-15 12:39:34 PM
;----------------------------------------------

;Address Opcode 	ASM
0x0000	0x2981      	GOTO       385
_Delay_10us:
;__Lib_Delays.c,11 :: 		void Delay_10us() {
;__Lib_Delays.c,12 :: 		Delay_us(10);
0x0003	0x3006      	MOVLW      6
0x0004	0x1283      	BCF        STATUS, 5
0x0005	0x1303      	BCF        STATUS, 6
0x0006	0x00FD      	MOVWF      R13
L_Delay_10us0:
0x0007	0x0BFD      	DECFSZ     R13, 1
0x0008	0x2807      	GOTO       L_Delay_10us0
0x0009	0x0000      	NOP
;__Lib_Delays.c,13 :: 		}
0x000A	0x0008      	RETURN
; end of _Delay_10us
_Delay_1us:
;__Lib_Delays.c,7 :: 		void Delay_1us() {
;__Lib_Delays.c,8 :: 		Delay_us(1);
0x000B	0x0000      	NOP
0x000C	0x0000      	NOP
;__Lib_Delays.c,9 :: 		}
0x000D	0x0008      	RETURN
; end of _Delay_1us
__Lib_Glcd_Strobe:
;__Lib_Glcd.c,29 :: 		
;__Lib_Glcd.c,30 :: 		
0x000E	0x2003      	CALL       _Delay_10us
;__Lib_Glcd.c,31 :: 		
0x000F	0x1487      	BSF        GLCD_EN, BitPos(GLCD_EN+0)
;__Lib_Glcd.c,32 :: 		
0x0010	0x2003      	CALL       _Delay_10us
;__Lib_Glcd.c,33 :: 		
0x0011	0x1087      	BCF        GLCD_EN, BitPos(GLCD_EN+0)
;__Lib_Glcd.c,34 :: 		
L_end_Strobe:
0x0012	0x0008      	RETURN
; end of __Lib_Glcd_Strobe
_Glcd_Write_Data:
;__Lib_Glcd.c,111 :: 		
;__Lib_Glcd.c,113 :: 		
0x0013	0x1283      	BCF        STATUS, 5
0x0014	0x1303      	BCF        STATUS, 6
0x0015	0x1087      	BCF        GLCD_EN, BitPos(GLCD_EN+0)
;__Lib_Glcd.c,114 :: 		
0x0016	0x1587      	BSF        GLCD_RS, BitPos(GLCD_RS+0)
;__Lib_Glcd.c,115 :: 		
0x0017	0x1107      	BCF        GLCD_RW, BitPos(GLCD_RW+0)
;__Lib_Glcd.c,117 :: 		
0x0018	0x0867      	MOVF       FARG_Glcd_Write_Data_ddata, 0
0x0019	0x0088      	MOVWF      GLCD_DataPort
;__Lib_Glcd.c,118 :: 		
0x001A	0x200E      	CALL       __Lib_Glcd_Strobe
;__Lib_Glcd.c,119 :: 		
L_end_Glcd_Write_Data:
0x001B	0x0008      	RETURN
; end of _Glcd_Write_Data
_Mul_16x16_U:
;__Lib_Math.c,136 :: 		
;__Lib_Math.c,143 :: 		
0x001C	0x1283      	BCF        STATUS, 5
;__Lib_Math.c,144 :: 		
0x001D	0x1303      	BCF        STATUS, 6
;__Lib_Math.c,145 :: 		
0x001E	0x01FB      	CLRF       R11
;__Lib_Math.c,146 :: 		
0x001F	0x01FA      	CLRF       R10
;__Lib_Math.c,147 :: 		
0x0020	0x01F9      	CLRF       R9
;__Lib_Math.c,148 :: 		
0x0021	0x3080      	MOVLW      128
;__Lib_Math.c,149 :: 		
0x0022	0x00F8      	MOVWF      R8
;__Lib_Math.c,150 :: 		
0x0023	0x0CF1      	RRF        R1, 1
;__Lib_Math.c,151 :: 		
0x0024	0x0CF0      	RRF        R0, 1
;__Lib_Math.c,152 :: 		
0x0025	0x1C03      	BTFSS      STATUS, 0
;__Lib_Math.c,153 :: 		
0x0026	0x2830      	GOTO       $+10
;__Lib_Math.c,154 :: 		
0x0027	0x0874      	MOVF       R4, 0
;__Lib_Math.c,155 :: 		
0x0028	0x07F9      	ADDWF      R9, 1
;__Lib_Math.c,156 :: 		
0x0029	0x0875      	MOVF       R5, 0
;__Lib_Math.c,157 :: 		
0x002A	0x1803      	BTFSC      STATUS, 0
;__Lib_Math.c,158 :: 		
0x002B	0x0F75      	INCFSZ     R5, 0
;__Lib_Math.c,159 :: 		
0x002C	0x07FA      	ADDWF      R10, 1
;__Lib_Math.c,160 :: 		
0x002D	0x1803      	BTFSC      STATUS, 0
;__Lib_Math.c,161 :: 		
0x002E	0x0AFB      	INCF       R11, 1
;__Lib_Math.c,162 :: 		
0x002F	0x1003      	BCF        STATUS, 0
;__Lib_Math.c,163 :: 		
0x0030	0x1FF0      	BTFSS      R0, 7
;__Lib_Math.c,164 :: 		
0x0031	0x2838      	GOTO       $+7
;__Lib_Math.c,165 :: 		
0x0032	0x0874      	MOVF       R4, 0
;__Lib_Math.c,166 :: 		
0x0033	0x07FA      	ADDWF      R10, 1
;__Lib_Math.c,167 :: 		
0x0034	0x0875      	MOVF       R5, 0
;__Lib_Math.c,168 :: 		
0x0035	0x1803      	BTFSC      STATUS, 0
;__Lib_Math.c,169 :: 		
0x0036	0x0F75      	INCFSZ     R5, 0
;__Lib_Math.c,170 :: 		
0x0037	0x07FB      	ADDWF      R11, 1
;__Lib_Math.c,171 :: 		
0x0038	0x0CFB      	RRF        R11, 1
;__Lib_Math.c,172 :: 		
0x0039	0x0CFA      	RRF        R10, 1
;__Lib_Math.c,173 :: 		
0x003A	0x0CF9      	RRF        R9, 1
;__Lib_Math.c,174 :: 		
0x003B	0x0CF8      	RRF        R8, 1
;__Lib_Math.c,175 :: 		
0x003C	0x1C03      	BTFSS      STATUS, 0
;__Lib_Math.c,176 :: 		
0x003D	0x2823      	GOTO       $-26
;__Lib_Math.c,177 :: 		
0x003E	0x087B      	MOVF       R11, 0
;__Lib_Math.c,178 :: 		
0x003F	0x00F3      	MOVWF      R3
;__Lib_Math.c,179 :: 		
0x0040	0x087A      	MOVF       R10, 0
;__Lib_Math.c,180 :: 		
0x0041	0x00F2      	MOVWF      R2
;__Lib_Math.c,181 :: 		
0x0042	0x0879      	MOVF       R9, 0
;__Lib_Math.c,182 :: 		
0x0043	0x00F1      	MOVWF      R1
;__Lib_Math.c,183 :: 		
0x0044	0x0878      	MOVF       R8, 0
;__Lib_Math.c,184 :: 		
0x0045	0x00F0      	MOVWF      R0
;__Lib_Math.c,187 :: 		
L_end_Mul_16x16_U:
0x0046	0x0008      	RETURN
; end of _Mul_16x16_U
_Glcd_Set_X:
;__Lib_Glcd.c,58 :: 		
;__Lib_Glcd.c,60 :: 		
0x0047	0x307F      	MOVLW      127
0x0048	0x1283      	BCF        STATUS, 5
0x0049	0x1303      	BCF        STATUS, 6
0x004A	0x0567      	ANDWF      FARG_Glcd_Set_X_x_pos, 0
0x004B	0x00F0      	MOVWF      R0
0x004C	0x0870      	MOVF       R0, 0
0x004D	0x00E7      	MOVWF      FARG_Glcd_Set_X_x_pos
;__Lib_Glcd.c,61 :: 		
0x004E	0x1187      	BCF        GLCD_RS, BitPos(GLCD_RS+0)
;__Lib_Glcd.c,62 :: 		
0x004F	0x1107      	BCF        GLCD_RW, BitPos(GLCD_RW+0)
;__Lib_Glcd.c,64 :: 		
0x0050	0x30BF      	MOVLW      191
0x0051	0x05F0      	ANDWF      R0, 1
0x0052	0x0870      	MOVF       R0, 0
0x0053	0x00E7      	MOVWF      FARG_Glcd_Set_X_x_pos
;__Lib_Glcd.c,65 :: 		
0x0054	0x1770      	BSF        R0, 6
0x0055	0x0870      	MOVF       R0, 0
0x0056	0x00E7      	MOVWF      FARG_Glcd_Set_X_x_pos
;__Lib_Glcd.c,67 :: 		
0x0057	0x0870      	MOVF       R0, 0
0x0058	0x0088      	MOVWF      GLCD_DataPort
;__Lib_Glcd.c,68 :: 		
0x0059	0x200E      	CALL       __Lib_Glcd_Strobe
;__Lib_Glcd.c,69 :: 		
L_end_Glcd_Set_X:
0x005A	0x0008      	RETURN
; end of _Glcd_Set_X
_Glcd_Set_Side:
;__Lib_Glcd.c,46 :: 		
;__Lib_Glcd.c,47 :: 		
0x005B	0x307F      	MOVLW      127
0x005C	0x1283      	BCF        STATUS, 5
0x005D	0x1303      	BCF        STATUS, 6
0x005E	0x0567      	ANDWF      FARG_Glcd_Set_Side_x_pos, 0
0x005F	0x00F1      	MOVWF      R1
0x0060	0x0871      	MOVF       R1, 0
0x0061	0x00E7      	MOVWF      FARG_Glcd_Set_Side_x_pos
;__Lib_Glcd.c,48 :: 		
0x0062	0x1F71      	BTFSS      R1, 6
0x0063	0x2867      	GOTO       L_Glcd_Set_Side0
;__Lib_Glcd.c,49 :: 		
0x0064	0x1687      	BSF        GLCD_CS1, BitPos(GLCD_CS1+0)
;__Lib_Glcd.c,50 :: 		
0x0065	0x1207      	BCF        GLCD_CS2, BitPos(GLCD_CS2+0)
;__Lib_Glcd.c,51 :: 		
0x0066	0x2869      	GOTO       L_Glcd_Set_Side1
L_Glcd_Set_Side0:
;__Lib_Glcd.c,52 :: 		
0x0067	0x1287      	BCF        GLCD_CS1, BitPos(GLCD_CS1+0)
;__Lib_Glcd.c,53 :: 		
0x0068	0x1607      	BSF        GLCD_CS2, BitPos(GLCD_CS2+0)
;__Lib_Glcd.c,54 :: 		
L_Glcd_Set_Side1:
;__Lib_Glcd.c,55 :: 		
L_end_Glcd_Set_Side:
0x0069	0x0008      	RETURN
; end of _Glcd_Set_Side
_Glcd_Set_Page:
;__Lib_Glcd.c,37 :: 		
;__Lib_Glcd.c,39 :: 		
0x006A	0x1283      	BCF        STATUS, 5
0x006B	0x1303      	BCF        STATUS, 6
0x006C	0x1187      	BCF        GLCD_RS, BitPos(GLCD_RS+0)
;__Lib_Glcd.c,40 :: 		
0x006D	0x1107      	BCF        GLCD_RW, BitPos(GLCD_RW+0)
;__Lib_Glcd.c,41 :: 		
0x006E	0x30B8      	MOVLW      184
0x006F	0x0467      	IORWF      FARG_Glcd_Set_Page_page, 0
0x0070	0x0088      	MOVWF      GLCD_DataPort
;__Lib_Glcd.c,42 :: 		
0x0071	0x200E      	CALL       __Lib_Glcd_Strobe
;__Lib_Glcd.c,43 :: 		
L_end_Glcd_Set_Page:
0x0072	0x0008      	RETURN
; end of _Glcd_Set_Page
_____DoICP:
;__Lib_System.c,6 :: 		
;__Lib_System.c,9 :: 		
0x0073	0x1283      	BCF        STATUS, 5
0x0074	0x1303      	BCF        STATUS, 6
0x0075	0x0850      	MOVF       ___DoICPAddr+1, 0
0x0076	0x008A      	MOVWF      PCLATH
;__Lib_System.c,10 :: 		
0x0077	0x084F      	MOVF       ___DoICPAddr, 0
0x0078	0x0082      	MOVWF      PCL
;__Lib_System.c,12 :: 		
L_end_____DoICP:
0x0079	0x0008      	RETURN
; end of _____DoICP
_Glcd_Read_Data:
;__Lib_Glcd.c,72 :: 		
;__Lib_Glcd.c,77 :: 		
0x007A	0x30FF      	MOVLW      255
0x007B	0x1683      	BSF        STATUS, 5
0x007C	0x1303      	BCF        STATUS, 6
0x007D	0x0088      	MOVWF      GLCD_DataPort+128
;__Lib_Glcd.c,79 :: 		
0x007E	0x200B      	CALL       _Delay_1us
;__Lib_Glcd.c,80 :: 		
0x007F	0x200B      	CALL       _Delay_1us
;__Lib_Glcd.c,82 :: 		
0x0080	0x1283      	BCF        STATUS, 5
0x0081	0x1587      	BSF        GLCD_RS, BitPos(GLCD_RS+0)
;__Lib_Glcd.c,83 :: 		
0x0082	0x1087      	BCF        GLCD_EN, BitPos(GLCD_EN+0)
;__Lib_Glcd.c,84 :: 		
0x0083	0x1507      	BSF        GLCD_RW, BitPos(GLCD_RW+0)
;__Lib_Glcd.c,86 :: 		
0x0084	0x1487      	BSF        GLCD_EN, BitPos(GLCD_EN+0)
;__Lib_Glcd.c,88 :: 		
0x0085	0x2003      	CALL       _Delay_10us
;__Lib_Glcd.c,96 :: 		
0x0086	0x0808      	MOVF       GLCD_DataPort, 0
0x0087	0x00E7      	MOVWF      Glcd_Read_Data_local_L0
;__Lib_Glcd.c,98 :: 		
0x0088	0x1087      	BCF        GLCD_EN, BitPos(GLCD_EN+0)
;__Lib_Glcd.c,99 :: 		
0x0089	0x1107      	BCF        GLCD_RW, BitPos(GLCD_RW+0)
;__Lib_Glcd.c,101 :: 		
0x008A	0x200B      	CALL       _Delay_1us
;__Lib_Glcd.c,102 :: 		
0x008B	0x200B      	CALL       _Delay_1us
;__Lib_Glcd.c,105 :: 		
0x008C	0x1683      	BSF        STATUS, 5
0x008D	0x0188      	CLRF       GLCD_DataPort+128
;__Lib_Glcd.c,107 :: 		
0x008E	0x1283      	BCF        STATUS, 5
0x008F	0x0867      	MOVF       Glcd_Read_Data_local_L0, 0
0x0090	0x00F0      	MOVWF      R0
;__Lib_Glcd.c,108 :: 		
L_end_Glcd_Read_Data:
0x0091	0x0008      	RETURN
; end of _Glcd_Read_Data
_Glcd_Write_Char:
;__Lib_Glcd.c,213 :: 		
;__Lib_Glcd.c,217 :: 		
0x0092	0x1283      	BCF        STATUS, 5
0x0093	0x1303      	BCF        STATUS, 6
0x0094	0x085F      	MOVF       FARG_Glcd_Write_Char_page_num, 0
0x0095	0x3C07      	SUBLW      7
0x0096	0x1803      	BTFSC      STATUS, 0
0x0097	0x2899      	GOTO       L_Glcd_Write_Char14
;__Lib_Glcd.c,218 :: 		
0x0098	0x2925      	GOTO       L_end_Glcd_Write_Char
L_Glcd_Write_Char14:
;__Lib_Glcd.c,220 :: 		
0x0099	0x0853      	MOVF       __Lib_Glcd_fontOffset, 0
0x009A	0x025D      	SUBWF      FARG_Glcd_Write_Char_chr, 0
0x009B	0x00F0      	MOVWF      R0
0x009C	0x0854      	MOVF       __Lib_Glcd_fontOffset+1, 0
0x009D	0x1C03      	BTFSS      STATUS, 0
0x009E	0x3E01      	ADDLW      1
0x009F	0x01F1      	CLRF       R0+1
0x00A0	0x02F1      	SUBWF      R0+1, 1
0x00A1	0x0852      	MOVF       __Lib_Glcd_fontW, 0
0x00A2	0x00F4      	MOVWF      R4
0x00A3	0x01F5      	CLRF       R4+1
0x00A4	0x201C      	CALL       _Mul_16x16_U
0x00A5	0x0870      	MOVF       R0, 0
0x00A6	0x00E5      	MOVWF      Glcd_Write_Char_pointer_L0
0x00A7	0x0871      	MOVF       R0+1, 0
0x00A8	0x00E6      	MOVWF      Glcd_Write_Char_pointer_L0+1
;__Lib_Glcd.c,222 :: 		
0x00A9	0x085E      	MOVF       FARG_Glcd_Write_Char_x_pos, 0
0x00AA	0x00E7      	MOVWF      FARG_Glcd_Set_X_x_pos
0x00AB	0x2047      	CALL       _Glcd_Set_X
;__Lib_Glcd.c,223 :: 		
0x00AC	0x085F      	MOVF       FARG_Glcd_Write_Char_page_num, 0
0x00AD	0x00E7      	MOVWF      FARG_Glcd_Set_Page_page
0x00AE	0x206A      	CALL       _Glcd_Set_Page
;__Lib_Glcd.c,225 :: 		
0x00AF	0x01E1      	CLRF       Glcd_Write_Char_ii_L0
L_Glcd_Write_Char15:
0x00B0	0x0852      	MOVF       __Lib_Glcd_fontW, 0
0x00B1	0x0261      	SUBWF      Glcd_Write_Char_ii_L0, 0
0x00B2	0x1803      	BTFSC      STATUS, 0
0x00B3	0x2904      	GOTO       L_Glcd_Write_Char16
;__Lib_Glcd.c,226 :: 		
0x00B4	0x085E      	MOVF       FARG_Glcd_Write_Char_x_pos, 0
0x00B5	0x3C7F      	SUBLW      127
0x00B6	0x1803      	BTFSC      STATUS, 0
0x00B7	0x28B9      	GOTO       L_Glcd_Write_Char18
;__Lib_Glcd.c,227 :: 		
0x00B8	0x2925      	GOTO       L_end_Glcd_Write_Char
L_Glcd_Write_Char18:
;__Lib_Glcd.c,228 :: 		
0x00B9	0x085E      	MOVF       FARG_Glcd_Write_Char_x_pos, 0
0x00BA	0x00E7      	MOVWF      FARG_Glcd_Set_Side_x_pos
0x00BB	0x205B      	CALL       _Glcd_Set_Side
;__Lib_Glcd.c,229 :: 		
0x00BC	0x085F      	MOVF       FARG_Glcd_Write_Char_page_num, 0
0x00BD	0x00E7      	MOVWF      FARG_Glcd_Set_Page_page
0x00BE	0x206A      	CALL       _Glcd_Set_Page
;__Lib_Glcd.c,230 :: 		
0x00BF	0x085E      	MOVF       FARG_Glcd_Write_Char_x_pos, 0
0x00C0	0x00E7      	MOVWF      FARG_Glcd_Set_X_x_pos
0x00C1	0x2047      	CALL       _Glcd_Set_X
;__Lib_Glcd.c,232 :: 		
0x00C2	0x207A      	CALL       _Glcd_Read_Data
0x00C3	0x0870      	MOVF       R0, 0
0x00C4	0x00E2      	MOVWF      Glcd_Write_Char_data_read_L0
;__Lib_Glcd.c,233 :: 		
0x00C5	0x207A      	CALL       _Glcd_Read_Data
0x00C6	0x0870      	MOVF       R0, 0
0x00C7	0x00E2      	MOVWF      Glcd_Write_Char_data_read_L0
;__Lib_Glcd.c,235 :: 		
0x00C8	0x085E      	MOVF       FARG_Glcd_Write_Char_x_pos, 0
0x00C9	0x00E7      	MOVWF      FARG_Glcd_Set_Side_x_pos
0x00CA	0x205B      	CALL       _Glcd_Set_Side
;__Lib_Glcd.c,236 :: 		
0x00CB	0x085F      	MOVF       FARG_Glcd_Write_Char_page_num, 0
0x00CC	0x00E7      	MOVWF      FARG_Glcd_Set_Page_page
0x00CD	0x206A      	CALL       _Glcd_Set_Page
;__Lib_Glcd.c,237 :: 		
0x00CE	0x085E      	MOVF       FARG_Glcd_Write_Char_x_pos, 0
0x00CF	0x00E7      	MOVWF      FARG_Glcd_Set_X_x_pos
0x00D0	0x2047      	CALL       _Glcd_Set_X
;__Lib_Glcd.c,240 :: 		
0x00D1	0x0865      	MOVF       Glcd_Write_Char_pointer_L0, 0
0x00D2	0x0755      	ADDWF      __Lib_Glcd_fontDef, 0
0x00D3	0x00F0      	MOVWF      R0
0x00D4	0x0856      	MOVF       __Lib_Glcd_fontDef+1, 0
0x00D5	0x1803      	BTFSC      STATUS, 0
0x00D6	0x3E01      	ADDLW      1
0x00D7	0x0766      	ADDWF      Glcd_Write_Char_pointer_L0+1, 0
0x00D8	0x00F1      	MOVWF      R0+1
0x00D9	0x0870      	MOVF       R0, 0
0x00DA	0x00CF      	MOVWF      ___DoICPAddr
0x00DB	0x0871      	MOVF       R0+1, 0
0x00DC	0x00D0      	MOVWF      ___DoICPAddr+1
0x00DD	0x2073      	CALL       _____DoICP
0x00DE	0x118A      	BCF        PCLATH, 3
0x00DF	0x120A      	BCF        PCLATH, 4
0x00E0	0x00F0      	MOVWF      R0
0x00E1	0x0870      	MOVF       R0, 0
0x00E2	0x00E3      	MOVWF      Glcd_Write_Char_font_ch_L0
0x00E3	0x0AE5      	INCF       Glcd_Write_Char_pointer_L0, 1
0x00E4	0x1903      	BTFSC      STATUS, 2
0x00E5	0x0AE6      	INCF       Glcd_Write_Char_pointer_L0+1, 1
;__Lib_Glcd.c,241 :: 		
0x00E6	0x0970      	COMF       R0, 0
0x00E7	0x00E4      	MOVWF      Glcd_Write_Char_font_ch_inv_L0
;__Lib_Glcd.c,244 :: 		
0x00E8	0x28F2      	GOTO       L_Glcd_Write_Char19
;__Lib_Glcd.c,245 :: 		
L_Glcd_Write_Char21:
0x00E9	0x0864      	MOVF       Glcd_Write_Char_font_ch_inv_L0, 0
0x00EA	0x00E2      	MOVWF      Glcd_Write_Char_data_read_L0
0x00EB	0x28FE      	GOTO       L_Glcd_Write_Char20
;__Lib_Glcd.c,246 :: 		
L_Glcd_Write_Char22:
0x00EC	0x0863      	MOVF       Glcd_Write_Char_font_ch_L0, 0
0x00ED	0x00E2      	MOVWF      Glcd_Write_Char_data_read_L0
0x00EE	0x28FE      	GOTO       L_Glcd_Write_Char20
;__Lib_Glcd.c,247 :: 		
L_Glcd_Write_Char23:
0x00EF	0x0863      	MOVF       Glcd_Write_Char_font_ch_L0, 0
0x00F0	0x06E2      	XORWF      Glcd_Write_Char_data_read_L0, 1
;__Lib_Glcd.c,248 :: 		
0x00F1	0x28FE      	GOTO       L_Glcd_Write_Char20
L_Glcd_Write_Char19:
0x00F2	0x0860      	MOVF       FARG_Glcd_Write_Char_color, 0
0x00F3	0x3A00      	XORLW      0
0x00F4	0x1903      	BTFSC      STATUS, 2
0x00F5	0x28E9      	GOTO       L_Glcd_Write_Char21
0x00F6	0x0860      	MOVF       FARG_Glcd_Write_Char_color, 0
0x00F7	0x3A01      	XORLW      1
0x00F8	0x1903      	BTFSC      STATUS, 2
0x00F9	0x28EC      	GOTO       L_Glcd_Write_Char22
0x00FA	0x0860      	MOVF       FARG_Glcd_Write_Char_color, 0
0x00FB	0x3A02      	XORLW      2
0x00FC	0x1903      	BTFSC      STATUS, 2
0x00FD	0x28EF      	GOTO       L_Glcd_Write_Char23
L_Glcd_Write_Char20:
;__Lib_Glcd.c,250 :: 		
0x00FE	0x0862      	MOVF       Glcd_Write_Char_data_read_L0, 0
0x00FF	0x00E7      	MOVWF      FARG_Glcd_Write_Data_ddata
0x0100	0x2013      	CALL       _Glcd_Write_Data
;__Lib_Glcd.c,251 :: 		
0x0101	0x0ADE      	INCF       FARG_Glcd_Write_Char_x_pos, 1
;__Lib_Glcd.c,225 :: 		
0x0102	0x0AE1      	INCF       Glcd_Write_Char_ii_L0, 1
;__Lib_Glcd.c,252 :: 		
0x0103	0x28B0      	GOTO       L_Glcd_Write_Char15
L_Glcd_Write_Char16:
;__Lib_Glcd.c,255 :: 		
0x0104	0x085E      	MOVF       FARG_Glcd_Write_Char_x_pos, 0
0x0105	0x00E7      	MOVWF      FARG_Glcd_Set_Side_x_pos
0x0106	0x205B      	CALL       _Glcd_Set_Side
;__Lib_Glcd.c,256 :: 		
0x0107	0x085F      	MOVF       FARG_Glcd_Write_Char_page_num, 0
0x0108	0x00E7      	MOVWF      FARG_Glcd_Set_Page_page
0x0109	0x206A      	CALL       _Glcd_Set_Page
;__Lib_Glcd.c,257 :: 		
0x010A	0x085E      	MOVF       FARG_Glcd_Write_Char_x_pos, 0
0x010B	0x00E7      	MOVWF      FARG_Glcd_Set_X_x_pos
0x010C	0x2047      	CALL       _Glcd_Set_X
;__Lib_Glcd.c,259 :: 		
0x010D	0x30FF      	MOVLW      255
0x010E	0x00E3      	MOVWF      Glcd_Write_Char_font_ch_L0
;__Lib_Glcd.c,260 :: 		
0x010F	0x01E4      	CLRF       Glcd_Write_Char_font_ch_inv_L0
;__Lib_Glcd.c,262 :: 		
0x0110	0x291D      	GOTO       L_Glcd_Write_Char24
;__Lib_Glcd.c,263 :: 		
L_Glcd_Write_Char26:
;__Lib_Glcd.c,264 :: 		
0x0111	0x0863      	MOVF       Glcd_Write_Char_font_ch_L0, 0
0x0112	0x00E2      	MOVWF      Glcd_Write_Char_data_read_L0
;__Lib_Glcd.c,265 :: 		
0x0113	0x0863      	MOVF       Glcd_Write_Char_font_ch_L0, 0
0x0114	0x00E7      	MOVWF      FARG_Glcd_Write_Data_ddata
0x0115	0x2013      	CALL       _Glcd_Write_Data
;__Lib_Glcd.c,266 :: 		
0x0116	0x2925      	GOTO       L_Glcd_Write_Char25
;__Lib_Glcd.c,267 :: 		
L_Glcd_Write_Char27:
;__Lib_Glcd.c,268 :: 		
0x0117	0x0864      	MOVF       Glcd_Write_Char_font_ch_inv_L0, 0
0x0118	0x00E2      	MOVWF      Glcd_Write_Char_data_read_L0
;__Lib_Glcd.c,269 :: 		
0x0119	0x0864      	MOVF       Glcd_Write_Char_font_ch_inv_L0, 0
0x011A	0x00E7      	MOVWF      FARG_Glcd_Write_Data_ddata
0x011B	0x2013      	CALL       _Glcd_Write_Data
;__Lib_Glcd.c,270 :: 		
0x011C	0x2925      	GOTO       L_Glcd_Write_Char25
;__Lib_Glcd.c,271 :: 		
L_Glcd_Write_Char24:
0x011D	0x0860      	MOVF       FARG_Glcd_Write_Char_color, 0
0x011E	0x3A00      	XORLW      0
0x011F	0x1903      	BTFSC      STATUS, 2
0x0120	0x2911      	GOTO       L_Glcd_Write_Char26
0x0121	0x0860      	MOVF       FARG_Glcd_Write_Char_color, 0
0x0122	0x3A01      	XORLW      1
0x0123	0x1903      	BTFSC      STATUS, 2
0x0124	0x2917      	GOTO       L_Glcd_Write_Char27
L_Glcd_Write_Char25:
;__Lib_Glcd.c,273 :: 		
L_end_Glcd_Write_Char:
0x0125	0x0008      	RETURN
; end of _Glcd_Write_Char
_Glcd_Write_Text:
;__Lib_Glcd.c,277 :: 		
;__Lib_Glcd.c,278 :: 		
0x0126	0x1283      	BCF        STATUS, 5
0x0127	0x1303      	BCF        STATUS, 6
0x0128	0x01DC      	CLRF       Glcd_Write_Text_i_L0
;__Lib_Glcd.c,280 :: 		
0x0129	0x0851      	MOVF       __Lib_Glcd_FontInitialized, 0
0x012A	0x3A00      	XORLW      0
0x012B	0x1D03      	BTFSS      STATUS, 2
0x012C	0x2939      	GOTO       L_Glcd_Write_Text28
;__Lib_Glcd.c,282 :: 		
0x012D	0x3005      	MOVLW      5
0x012E	0x00D2      	MOVWF      __Lib_Glcd_fontW
;__Lib_Glcd.c,283 :: 		
0x012F	0x3007      	MOVLW      7
0x0130	0x00D7      	MOVWF      __Lib_Glcd_fontH
;__Lib_Glcd.c,284 :: 		
0x0131	0x304D      	MOVLW      _font5x7
0x0132	0x00D5      	MOVWF      __Lib_Glcd_fontDef
0x0133	0x3002      	MOVLW      hi_addr(_font5x7)
0x0134	0x00D6      	MOVWF      __Lib_Glcd_fontDef+1
;__Lib_Glcd.c,285 :: 		
0x0135	0x3020      	MOVLW      32
0x0136	0x00D3      	MOVWF      __Lib_Glcd_fontOffset
0x0137	0x3000      	MOVLW      0
0x0138	0x00D4      	MOVWF      __Lib_Glcd_fontOffset+1
;__Lib_Glcd.c,286 :: 		
L_Glcd_Write_Text28:
;__Lib_Glcd.c,289 :: 		
L_Glcd_Write_Text29:
0x0139	0x085C      	MOVF       Glcd_Write_Text_i_L0, 0
0x013A	0x0758      	ADDWF      FARG_Glcd_Write_Text_text, 0
0x013B	0x0084      	MOVWF      FSR
0x013C	0x0800      	MOVF       INDF, 0
0x013D	0x1903      	BTFSC      STATUS, 2
0x013E	0x2951      	GOTO       L_Glcd_Write_Text30
;__Lib_Glcd.c,290 :: 		
0x013F	0x085C      	MOVF       Glcd_Write_Text_i_L0, 0
0x0140	0x0758      	ADDWF      FARG_Glcd_Write_Text_text, 0
0x0141	0x0084      	MOVWF      FSR
0x0142	0x0800      	MOVF       INDF, 0
0x0143	0x00DD      	MOVWF      FARG_Glcd_Write_Char_chr
0x0144	0x0859      	MOVF       FARG_Glcd_Write_Text_x_pos, 0
0x0145	0x00DE      	MOVWF      FARG_Glcd_Write_Char_x_pos
0x0146	0x085A      	MOVF       FARG_Glcd_Write_Text_page_num, 0
0x0147	0x00DF      	MOVWF      FARG_Glcd_Write_Char_page_num
0x0148	0x085B      	MOVF       FARG_Glcd_Write_Text_color, 0
0x0149	0x00E0      	MOVWF      FARG_Glcd_Write_Char_color
0x014A	0x2092      	CALL       _Glcd_Write_Char
;__Lib_Glcd.c,291 :: 		
0x014B	0x0A52      	INCF       __Lib_Glcd_fontW, 0
0x014C	0x00F0      	MOVWF      R0
0x014D	0x0870      	MOVF       R0, 0
0x014E	0x07D9      	ADDWF      FARG_Glcd_Write_Text_x_pos, 1
;__Lib_Glcd.c,292 :: 		
0x014F	0x0ADC      	INCF       Glcd_Write_Text_i_L0, 1
;__Lib_Glcd.c,293 :: 		
0x0150	0x2939      	GOTO       L_Glcd_Write_Text29
L_Glcd_Write_Text30:
;__Lib_Glcd.c,294 :: 		
L_end_Glcd_Write_Text:
0x0151	0x0008      	RETURN
; end of _Glcd_Write_Text
_Glcd_Init:
;__Lib_Glcd.c,144 :: 		
;__Lib_Glcd.c,145 :: 		
0x0152	0x1283      	BCF        STATUS, 5
0x0153	0x1303      	BCF        STATUS, 6
0x0154	0x01D1      	CLRF       __Lib_Glcd_FontInitialized
;__Lib_Glcd.c,147 :: 		
0x0155	0x1683      	BSF        STATUS, 5
0x0156	0x1007      	BCF        GLCD_RST_Direction, BitPos(GLCD_RST_Direction+0)
;__Lib_Glcd.c,148 :: 		
0x0157	0x1087      	BCF        GLCD_EN_Direction, BitPos(GLCD_EN_Direction+0)
;__Lib_Glcd.c,149 :: 		
0x0158	0x1187      	BCF        GLCD_RS_Direction, BitPos(GLCD_RS_Direction+0)
;__Lib_Glcd.c,150 :: 		
0x0159	0x1107      	BCF        GLCD_RW_Direction, BitPos(GLCD_RW_Direction+0)
;__Lib_Glcd.c,151 :: 		
0x015A	0x1287      	BCF        GLCD_CS1_Direction, BitPos(GLCD_CS1_Direction+0)
;__Lib_Glcd.c,152 :: 		
0x015B	0x1207      	BCF        GLCD_CS2_Direction, BitPos(GLCD_CS2_Direction+0)
;__Lib_Glcd.c,154 :: 		
0x015C	0x1283      	BCF        STATUS, 5
0x015D	0x1007      	BCF        GLCD_RST, BitPos(GLCD_RST+0)
;__Lib_Glcd.c,159 :: 		
0x015E	0x1683      	BSF        STATUS, 5
0x015F	0x0188      	CLRF       GLCD_DataPort+128
;__Lib_Glcd.c,169 :: 		
0x0160	0x1283      	BCF        STATUS, 5
0x0161	0x1187      	BCF        GLCD_RS, BitPos(GLCD_RS+0)
;__Lib_Glcd.c,170 :: 		
0x0162	0x1107      	BCF        GLCD_RW, BitPos(GLCD_RW+0)
;__Lib_Glcd.c,172 :: 		
0x0163	0x1287      	BCF        GLCD_CS1, BitPos(GLCD_CS1+0)
;__Lib_Glcd.c,173 :: 		
0x0164	0x1607      	BSF        GLCD_CS2, BitPos(GLCD_CS2+0)
;__Lib_Glcd.c,175 :: 		
0x0165	0x1407      	BSF        GLCD_RST, BitPos(GLCD_RST+0)
;__Lib_Glcd.c,182 :: 		
0x0166	0x303F      	MOVLW      63
0x0167	0x0088      	MOVWF      GLCD_DataPort
;__Lib_Glcd.c,183 :: 		
0x0168	0x200E      	CALL       __Lib_Glcd_Strobe
;__Lib_Glcd.c,185 :: 		
0x0169	0x30C0      	MOVLW      192
0x016A	0x0088      	MOVWF      GLCD_DataPort
;__Lib_Glcd.c,186 :: 		
0x016B	0x200E      	CALL       __Lib_Glcd_Strobe
;__Lib_Glcd.c,188 :: 		
0x016C	0x1687      	BSF        GLCD_CS1, BitPos(GLCD_CS1+0)
;__Lib_Glcd.c,189 :: 		
0x016D	0x1207      	BCF        GLCD_CS2, BitPos(GLCD_CS2+0)
;__Lib_Glcd.c,191 :: 		
0x016E	0x303F      	MOVLW      63
0x016F	0x0088      	MOVWF      GLCD_DataPort
;__Lib_Glcd.c,192 :: 		
0x0170	0x200E      	CALL       __Lib_Glcd_Strobe
;__Lib_Glcd.c,194 :: 		
0x0171	0x30C0      	MOVLW      192
0x0172	0x0088      	MOVWF      GLCD_DataPort
;__Lib_Glcd.c,195 :: 		
0x0173	0x200E      	CALL       __Lib_Glcd_Strobe
;__Lib_Glcd.c,197 :: 		
L_end_Glcd_Init:
0x0174	0x0008      	RETURN
; end of _Glcd_Init
___CC2DW:
;__Lib_System.c,134 :: 		
;__Lib_System.c,137 :: 		
_CC2D_Loop1:
;__Lib_System.c,139 :: 		
0x0175	0x2073      	CALL       _____DoICP
0x0176	0x118A      	BCF        PCLATH, 3
0x0177	0x120A      	BCF        PCLATH, 4
;__Lib_System.c,141 :: 		
0x0178	0x0080      	MOVWF      INDF
;__Lib_System.c,142 :: 		
0x0179	0x0A84      	INCF       FSR, 1
;__Lib_System.c,143 :: 		
0x017A	0x0ACF      	INCF       ___DoICPAddr, 1
;__Lib_System.c,145 :: 		
0x017B	0x1903      	BTFSC      STATUS, 2
;__Lib_System.c,146 :: 		
0x017C	0x0AD0      	INCF       ___DoICPAddr+1, 1
;__Lib_System.c,147 :: 		
0x017D	0x03F0      	DECF       R0, 1
;__Lib_System.c,149 :: 		
0x017E	0x1D03      	BTFSS      STATUS, 2
;__Lib_System.c,150 :: 		
0x017F	0x2975      	GOTO       _CC2D_Loop1
;__Lib_System.c,152 :: 		
L_end___CC2DW:
0x0180	0x0008      	RETURN
; end of ___CC2DW
_main:
0x0181	0x245C      	CALL       1116
;lab2ex2.c,16 :: 		void main() {
;lab2ex2.c,18 :: 		TRISB = 0;
0x0182	0x1683      	BSF        STATUS, 5
0x0183	0x1303      	BCF        STATUS, 6
0x0184	0x0186      	CLRF       TRISB
;lab2ex2.c,19 :: 		PORTB = 0;
0x0185	0x1283      	BCF        STATUS, 5
0x0186	0x0186      	CLRF       PORTB
;lab2ex2.c,21 :: 		Glcd_Init();
0x0187	0x2152      	CALL       _Glcd_Init
;lab2ex2.c,22 :: 		delay_ms(2000);
0x0188	0x3015      	MOVLW      21
0x0189	0x00FB      	MOVWF      R11
0x018A	0x304B      	MOVLW      75
0x018B	0x00FC      	MOVWF      R12
0x018C	0x30BE      	MOVLW      190
0x018D	0x00FD      	MOVWF      R13
L_main0:
0x018E	0x0BFD      	DECFSZ     R13, 1
0x018F	0x298E      	GOTO       L_main0
0x0190	0x0BFC      	DECFSZ     R12, 1
0x0191	0x298E      	GOTO       L_main0
0x0192	0x0BFB      	DECFSZ     R11, 1
0x0193	0x298E      	GOTO       L_main0
0x0194	0x0000      	NOP
;lab2ex2.c,24 :: 		GLCD_Write_Text("Name",5,2,1);
0x0195	0x3020      	MOVLW      ?lstr1_lab2ex2
0x0196	0x00D8      	MOVWF      FARG_Glcd_Write_Text_text
0x0197	0x3005      	MOVLW      5
0x0198	0x00D9      	MOVWF      FARG_Glcd_Write_Text_x_pos
0x0199	0x3002      	MOVLW      2
0x019A	0x00DA      	MOVWF      FARG_Glcd_Write_Text_page_num
0x019B	0x3001      	MOVLW      1
0x019C	0x00DB      	MOVWF      FARG_Glcd_Write_Text_color
0x019D	0x2126      	CALL       _Glcd_Write_Text
;lab2ex2.c,25 :: 		delay_ms(100);
0x019E	0x3002      	MOVLW      2
0x019F	0x00FB      	MOVWF      R11
0x01A0	0x3004      	MOVLW      4
0x01A1	0x00FC      	MOVWF      R12
0x01A2	0x30BA      	MOVLW      186
0x01A3	0x00FD      	MOVWF      R13
L_main1:
0x01A4	0x0BFD      	DECFSZ     R13, 1
0x01A5	0x29A4      	GOTO       L_main1
0x01A6	0x0BFC      	DECFSZ     R12, 1
0x01A7	0x29A4      	GOTO       L_main1
0x01A8	0x0BFB      	DECFSZ     R11, 1
0x01A9	0x29A4      	GOTO       L_main1
0x01AA	0x0000      	NOP
;lab2ex2.c,26 :: 		GLCD_Write_Text("ID",70,2,1);
0x01AB	0x3025      	MOVLW      ?lstr2_lab2ex2
0x01AC	0x00D8      	MOVWF      FARG_Glcd_Write_Text_text
0x01AD	0x3046      	MOVLW      70
0x01AE	0x00D9      	MOVWF      FARG_Glcd_Write_Text_x_pos
0x01AF	0x3002      	MOVLW      2
0x01B0	0x00DA      	MOVWF      FARG_Glcd_Write_Text_page_num
0x01B1	0x3001      	MOVLW      1
0x01B2	0x00DB      	MOVWF      FARG_Glcd_Write_Text_color
0x01B3	0x2126      	CALL       _Glcd_Write_Text
;lab2ex2.c,27 :: 		delay_ms(100);
0x01B4	0x3002      	MOVLW      2
0x01B5	0x00FB      	MOVWF      R11
0x01B6	0x3004      	MOVLW      4
0x01B7	0x00FC      	MOVWF      R12
0x01B8	0x30BA      	MOVLW      186
0x01B9	0x00FD      	MOVWF      R13
L_main2:
0x01BA	0x0BFD      	DECFSZ     R13, 1
0x01BB	0x29BA      	GOTO       L_main2
0x01BC	0x0BFC      	DECFSZ     R12, 1
0x01BD	0x29BA      	GOTO       L_main2
0x01BE	0x0BFB      	DECFSZ     R11, 1
0x01BF	0x29BA      	GOTO       L_main2
0x01C0	0x0000      	NOP
;lab2ex2.c,28 :: 		GLCD_Write_Text("Reem",5,3,1);
0x01C1	0x303D      	MOVLW      ?lstr3_lab2ex2
0x01C2	0x00D8      	MOVWF      FARG_Glcd_Write_Text_text
0x01C3	0x3005      	MOVLW      5
0x01C4	0x00D9      	MOVWF      FARG_Glcd_Write_Text_x_pos
0x01C5	0x3003      	MOVLW      3
0x01C6	0x00DA      	MOVWF      FARG_Glcd_Write_Text_page_num
0x01C7	0x3001      	MOVLW      1
0x01C8	0x00DB      	MOVWF      FARG_Glcd_Write_Text_color
0x01C9	0x2126      	CALL       _Glcd_Write_Text
;lab2ex2.c,29 :: 		delay_ms(100);
0x01CA	0x3002      	MOVLW      2
0x01CB	0x00FB      	MOVWF      R11
0x01CC	0x3004      	MOVLW      4
0x01CD	0x00FC      	MOVWF      R12
0x01CE	0x30BA      	MOVLW      186
0x01CF	0x00FD      	MOVWF      R13
L_main3:
0x01D0	0x0BFD      	DECFSZ     R13, 1
0x01D1	0x29D0      	GOTO       L_main3
0x01D2	0x0BFC      	DECFSZ     R12, 1
0x01D3	0x29D0      	GOTO       L_main3
0x01D4	0x0BFB      	DECFSZ     R11, 1
0x01D5	0x29D0      	GOTO       L_main3
0x01D6	0x0000      	NOP
;lab2ex2.c,30 :: 		GLCD_Write_Text("28-5498",70,3,1);
0x01D7	0x3047      	MOVLW      ?lstr4_lab2ex2
0x01D8	0x00D8      	MOVWF      FARG_Glcd_Write_Text_text
0x01D9	0x3046      	MOVLW      70
0x01DA	0x00D9      	MOVWF      FARG_Glcd_Write_Text_x_pos
0x01DB	0x3003      	MOVLW      3
0x01DC	0x00DA      	MOVWF      FARG_Glcd_Write_Text_page_num
0x01DD	0x3001      	MOVLW      1
0x01DE	0x00DB      	MOVWF      FARG_Glcd_Write_Text_color
0x01DF	0x2126      	CALL       _Glcd_Write_Text
;lab2ex2.c,31 :: 		delay_ms(100);
0x01E0	0x3002      	MOVLW      2
0x01E1	0x00FB      	MOVWF      R11
0x01E2	0x3004      	MOVLW      4
0x01E3	0x00FC      	MOVWF      R12
0x01E4	0x30BA      	MOVLW      186
0x01E5	0x00FD      	MOVWF      R13
L_main4:
0x01E6	0x0BFD      	DECFSZ     R13, 1
0x01E7	0x29E6      	GOTO       L_main4
0x01E8	0x0BFC      	DECFSZ     R12, 1
0x01E9	0x29E6      	GOTO       L_main4
0x01EA	0x0BFB      	DECFSZ     R11, 1
0x01EB	0x29E6      	GOTO       L_main4
0x01EC	0x0000      	NOP
;lab2ex2.c,32 :: 		GLCD_Write_Text("Eman",5,4,1);
0x01ED	0x3042      	MOVLW      ?lstr5_lab2ex2
0x01EE	0x00D8      	MOVWF      FARG_Glcd_Write_Text_text
0x01EF	0x3005      	MOVLW      5
0x01F0	0x00D9      	MOVWF      FARG_Glcd_Write_Text_x_pos
0x01F1	0x3004      	MOVLW      4
0x01F2	0x00DA      	MOVWF      FARG_Glcd_Write_Text_page_num
0x01F3	0x3001      	MOVLW      1
0x01F4	0x00DB      	MOVWF      FARG_Glcd_Write_Text_color
0x01F5	0x2126      	CALL       _Glcd_Write_Text
;lab2ex2.c,33 :: 		delay_ms(100);
0x01F6	0x3002      	MOVLW      2
0x01F7	0x00FB      	MOVWF      R11
0x01F8	0x3004      	MOVLW      4
0x01F9	0x00FC      	MOVWF      R12
0x01FA	0x30BA      	MOVLW      186
0x01FB	0x00FD      	MOVWF      R13
L_main5:
0x01FC	0x0BFD      	DECFSZ     R13, 1
0x01FD	0x29FC      	GOTO       L_main5
0x01FE	0x0BFC      	DECFSZ     R12, 1
0x01FF	0x29FC      	GOTO       L_main5
0x0200	0x0BFB      	DECFSZ     R11, 1
0x0201	0x29FC      	GOTO       L_main5
0x0202	0x0000      	NOP
;lab2ex2.c,34 :: 		GLCD_Write_Text("28-5775",70,4,1);
0x0203	0x3035      	MOVLW      ?lstr6_lab2ex2
0x0204	0x00D8      	MOVWF      FARG_Glcd_Write_Text_text
0x0205	0x3046      	MOVLW      70
0x0206	0x00D9      	MOVWF      FARG_Glcd_Write_Text_x_pos
0x0207	0x3004      	MOVLW      4
0x0208	0x00DA      	MOVWF      FARG_Glcd_Write_Text_page_num
0x0209	0x3001      	MOVLW      1
0x020A	0x00DB      	MOVWF      FARG_Glcd_Write_Text_color
0x020B	0x2126      	CALL       _Glcd_Write_Text
;lab2ex2.c,35 :: 		delay_ms(100);
0x020C	0x3002      	MOVLW      2
0x020D	0x00FB      	MOVWF      R11
0x020E	0x3004      	MOVLW      4
0x020F	0x00FC      	MOVWF      R12
0x0210	0x30BA      	MOVLW      186
0x0211	0x00FD      	MOVWF      R13
L_main6:
0x0212	0x0BFD      	DECFSZ     R13, 1
0x0213	0x2A12      	GOTO       L_main6
0x0214	0x0BFC      	DECFSZ     R12, 1
0x0215	0x2A12      	GOTO       L_main6
0x0216	0x0BFB      	DECFSZ     R11, 1
0x0217	0x2A12      	GOTO       L_main6
0x0218	0x0000      	NOP
;lab2ex2.c,36 :: 		GLCD_Write_Text("Duha",5,5,1);
0x0219	0x3030      	MOVLW      ?lstr7_lab2ex2
0x021A	0x00D8      	MOVWF      FARG_Glcd_Write_Text_text
0x021B	0x3005      	MOVLW      5
0x021C	0x00D9      	MOVWF      FARG_Glcd_Write_Text_x_pos
0x021D	0x3005      	MOVLW      5
0x021E	0x00DA      	MOVWF      FARG_Glcd_Write_Text_page_num
0x021F	0x3001      	MOVLW      1
0x0220	0x00DB      	MOVWF      FARG_Glcd_Write_Text_color
0x0221	0x2126      	CALL       _Glcd_Write_Text
;lab2ex2.c,37 :: 		delay_ms(100);
0x0222	0x3002      	MOVLW      2
0x0223	0x00FB      	MOVWF      R11
0x0224	0x3004      	MOVLW      4
0x0225	0x00FC      	MOVWF      R12
0x0226	0x30BA      	MOVLW      186
0x0227	0x00FD      	MOVWF      R13
L_main7:
0x0228	0x0BFD      	DECFSZ     R13, 1
0x0229	0x2A28      	GOTO       L_main7
0x022A	0x0BFC      	DECFSZ     R12, 1
0x022B	0x2A28      	GOTO       L_main7
0x022C	0x0BFB      	DECFSZ     R11, 1
0x022D	0x2A28      	GOTO       L_main7
0x022E	0x0000      	NOP
;lab2ex2.c,38 :: 		GLCD_Write_Text("28-2284",70,5,1);
0x022F	0x3028      	MOVLW      ?lstr8_lab2ex2
0x0230	0x00D8      	MOVWF      FARG_Glcd_Write_Text_text
0x0231	0x3046      	MOVLW      70
0x0232	0x00D9      	MOVWF      FARG_Glcd_Write_Text_x_pos
0x0233	0x3005      	MOVLW      5
0x0234	0x00DA      	MOVWF      FARG_Glcd_Write_Text_page_num
0x0235	0x3001      	MOVLW      1
0x0236	0x00DB      	MOVWF      FARG_Glcd_Write_Text_color
0x0237	0x2126      	CALL       _Glcd_Write_Text
;lab2ex2.c,39 :: 		delay_ms(1000);
0x0238	0x300B      	MOVLW      11
0x0239	0x00FB      	MOVWF      R11
0x023A	0x3026      	MOVLW      38
0x023B	0x00FC      	MOVWF      R12
0x023C	0x305D      	MOVLW      93
0x023D	0x00FD      	MOVWF      R13
L_main8:
0x023E	0x0BFD      	DECFSZ     R13, 1
0x023F	0x2A3E      	GOTO       L_main8
0x0240	0x0BFC      	DECFSZ     R12, 1
0x0241	0x2A3E      	GOTO       L_main8
0x0242	0x0BFB      	DECFSZ     R11, 1
0x0243	0x2A3E      	GOTO       L_main8
0x0244	0x0000      	NOP
0x0245	0x0000      	NOP
;lab2ex2.c,41 :: 		while(1);
L_main9:
0x0246	0x2A46      	GOTO       L_main9
;lab2ex2.c,42 :: 		}
0x0247	0x2A47      	GOTO       $+0
; end of _main
0x045C	0x3020      	MOVLW      32
0x045D	0x0084      	MOVWF      FSR
0x045E	0x302F      	MOVLW      47
0x045F	0x1283      	BCF        STATUS, 5
0x0460	0x1303      	BCF        STATUS, 6
0x0461	0x00F0      	MOVWF      R0
0x0462	0x302D      	MOVLW      45
0x0463	0x00CF      	MOVWF      ___DoICPAddr
0x0464	0x3004      	MOVLW      4
0x0465	0x00D0      	MOVWF      80
0x0466	0x2175      	CALL       373
0x0467	0x0008      	RETURN
;__Lib_GlcdFonts.c,612 :: _font5x7
0x024D	0x3400 ;_font5x7+0
0x024E	0x3400 ;_font5x7+1
0x024F	0x3400 ;_font5x7+2
0x0250	0x3400 ;_font5x7+3
0x0251	0x3400 ;_font5x7+4
0x0252	0x3400 ;_font5x7+5
0x0253	0x3400 ;_font5x7+6
0x0254	0x345F ;_font5x7+7
0x0255	0x3400 ;_font5x7+8
0x0256	0x3400 ;_font5x7+9
0x0257	0x3400 ;_font5x7+10
0x0258	0x3407 ;_font5x7+11
0x0259	0x3400 ;_font5x7+12
0x025A	0x3407 ;_font5x7+13
0x025B	0x3400 ;_font5x7+14
0x025C	0x3414 ;_font5x7+15
0x025D	0x347F ;_font5x7+16
0x025E	0x3414 ;_font5x7+17
0x025F	0x347F ;_font5x7+18
0x0260	0x3414 ;_font5x7+19
0x0261	0x3424 ;_font5x7+20
0x0262	0x342A ;_font5x7+21
0x0263	0x347F ;_font5x7+22
0x0264	0x342A ;_font5x7+23
0x0265	0x3412 ;_font5x7+24
0x0266	0x3423 ;_font5x7+25
0x0267	0x3413 ;_font5x7+26
0x0268	0x3408 ;_font5x7+27
0x0269	0x3464 ;_font5x7+28
0x026A	0x3462 ;_font5x7+29
0x026B	0x3436 ;_font5x7+30
0x026C	0x3449 ;_font5x7+31
0x026D	0x3455 ;_font5x7+32
0x026E	0x3422 ;_font5x7+33
0x026F	0x3450 ;_font5x7+34
0x0270	0x3400 ;_font5x7+35
0x0271	0x3405 ;_font5x7+36
0x0272	0x3403 ;_font5x7+37
0x0273	0x3400 ;_font5x7+38
0x0274	0x3400 ;_font5x7+39
0x0275	0x3400 ;_font5x7+40
0x0276	0x341C ;_font5x7+41
0x0277	0x3422 ;_font5x7+42
0x0278	0x3441 ;_font5x7+43
0x0279	0x3400 ;_font5x7+44
0x027A	0x3400 ;_font5x7+45
0x027B	0x3441 ;_font5x7+46
0x027C	0x3422 ;_font5x7+47
0x027D	0x341C ;_font5x7+48
0x027E	0x3400 ;_font5x7+49
0x027F	0x3408 ;_font5x7+50
0x0280	0x342A ;_font5x7+51
0x0281	0x341C ;_font5x7+52
0x0282	0x342A ;_font5x7+53
0x0283	0x3408 ;_font5x7+54
0x0284	0x3408 ;_font5x7+55
0x0285	0x3408 ;_font5x7+56
0x0286	0x343E ;_font5x7+57
0x0287	0x3408 ;_font5x7+58
0x0288	0x3408 ;_font5x7+59
0x0289	0x3400 ;_font5x7+60
0x028A	0x3450 ;_font5x7+61
0x028B	0x3430 ;_font5x7+62
0x028C	0x3400 ;_font5x7+63
0x028D	0x3400 ;_font5x7+64
0x028E	0x3408 ;_font5x7+65
0x028F	0x3408 ;_font5x7+66
0x0290	0x3408 ;_font5x7+67
0x0291	0x3408 ;_font5x7+68
0x0292	0x3408 ;_font5x7+69
0x0293	0x3400 ;_font5x7+70
0x0294	0x3430 ;_font5x7+71
0x0295	0x3430 ;_font5x7+72
0x0296	0x3400 ;_font5x7+73
0x0297	0x3400 ;_font5x7+74
0x0298	0x3420 ;_font5x7+75
0x0299	0x3410 ;_font5x7+76
0x029A	0x3408 ;_font5x7+77
0x029B	0x3404 ;_font5x7+78
0x029C	0x3402 ;_font5x7+79
0x029D	0x343E ;_font5x7+80
0x029E	0x3451 ;_font5x7+81
0x029F	0x3449 ;_font5x7+82
0x02A0	0x3445 ;_font5x7+83
0x02A1	0x343E ;_font5x7+84
0x02A2	0x3400 ;_font5x7+85
0x02A3	0x3442 ;_font5x7+86
0x02A4	0x347F ;_font5x7+87
0x02A5	0x3440 ;_font5x7+88
0x02A6	0x3400 ;_font5x7+89
0x02A7	0x3442 ;_font5x7+90
0x02A8	0x3461 ;_font5x7+91
0x02A9	0x3451 ;_font5x7+92
0x02AA	0x3449 ;_font5x7+93
0x02AB	0x3446 ;_font5x7+94
0x02AC	0x3421 ;_font5x7+95
0x02AD	0x3441 ;_font5x7+96
0x02AE	0x3445 ;_font5x7+97
0x02AF	0x344B ;_font5x7+98
0x02B0	0x3431 ;_font5x7+99
0x02B1	0x3418 ;_font5x7+100
0x02B2	0x3414 ;_font5x7+101
0x02B3	0x3412 ;_font5x7+102
0x02B4	0x347F ;_font5x7+103
0x02B5	0x3410 ;_font5x7+104
0x02B6	0x3427 ;_font5x7+105
0x02B7	0x3445 ;_font5x7+106
0x02B8	0x3445 ;_font5x7+107
0x02B9	0x3445 ;_font5x7+108
0x02BA	0x3439 ;_font5x7+109
0x02BB	0x343C ;_font5x7+110
0x02BC	0x344A ;_font5x7+111
0x02BD	0x3449 ;_font5x7+112
0x02BE	0x3449 ;_font5x7+113
0x02BF	0x3430 ;_font5x7+114
0x02C0	0x3401 ;_font5x7+115
0x02C1	0x3471 ;_font5x7+116
0x02C2	0x3409 ;_font5x7+117
0x02C3	0x3405 ;_font5x7+118
0x02C4	0x3403 ;_font5x7+119
0x02C5	0x3436 ;_font5x7+120
0x02C6	0x3449 ;_font5x7+121
0x02C7	0x3449 ;_font5x7+122
0x02C8	0x3449 ;_font5x7+123
0x02C9	0x3436 ;_font5x7+124
0x02CA	0x3406 ;_font5x7+125
0x02CB	0x3449 ;_font5x7+126
0x02CC	0x3449 ;_font5x7+127
0x02CD	0x3429 ;_font5x7+128
0x02CE	0x341E ;_font5x7+129
0x02CF	0x3400 ;_font5x7+130
0x02D0	0x3436 ;_font5x7+131
0x02D1	0x3436 ;_font5x7+132
0x02D2	0x3400 ;_font5x7+133
0x02D3	0x3400 ;_font5x7+134
0x02D4	0x3400 ;_font5x7+135
0x02D5	0x3456 ;_font5x7+136
0x02D6	0x3436 ;_font5x7+137
0x02D7	0x3400 ;_font5x7+138
0x02D8	0x3400 ;_font5x7+139
0x02D9	0x3400 ;_font5x7+140
0x02DA	0x3408 ;_font5x7+141
0x02DB	0x3414 ;_font5x7+142
0x02DC	0x3422 ;_font5x7+143
0x02DD	0x3441 ;_font5x7+144
0x02DE	0x3414 ;_font5x7+145
0x02DF	0x3414 ;_font5x7+146
0x02E0	0x3414 ;_font5x7+147
0x02E1	0x3414 ;_font5x7+148
0x02E2	0x3414 ;_font5x7+149
0x02E3	0x3441 ;_font5x7+150
0x02E4	0x3422 ;_font5x7+151
0x02E5	0x3414 ;_font5x7+152
0x02E6	0x3408 ;_font5x7+153
0x02E7	0x3400 ;_font5x7+154
0x02E8	0x3402 ;_font5x7+155
0x02E9	0x3401 ;_font5x7+156
0x02EA	0x3451 ;_font5x7+157
0x02EB	0x3409 ;_font5x7+158
0x02EC	0x3406 ;_font5x7+159
0x02ED	0x3432 ;_font5x7+160
0x02EE	0x3449 ;_font5x7+161
0x02EF	0x3479 ;_font5x7+162
0x02F0	0x3441 ;_font5x7+163
0x02F1	0x343E ;_font5x7+164
0x02F2	0x347E ;_font5x7+165
0x02F3	0x3411 ;_font5x7+166
0x02F4	0x3411 ;_font5x7+167
0x02F5	0x3411 ;_font5x7+168
0x02F6	0x347E ;_font5x7+169
0x02F7	0x347F ;_font5x7+170
0x02F8	0x3449 ;_font5x7+171
0x02F9	0x3449 ;_font5x7+172
0x02FA	0x3449 ;_font5x7+173
0x02FB	0x3436 ;_font5x7+174
0x02FC	0x343E ;_font5x7+175
0x02FD	0x3441 ;_font5x7+176
0x02FE	0x3441 ;_font5x7+177
0x02FF	0x3441 ;_font5x7+178
0x0300	0x3422 ;_font5x7+179
0x0301	0x347F ;_font5x7+180
0x0302	0x3441 ;_font5x7+181
0x0303	0x3441 ;_font5x7+182
0x0304	0x3422 ;_font5x7+183
0x0305	0x341C ;_font5x7+184
0x0306	0x347F ;_font5x7+185
0x0307	0x3449 ;_font5x7+186
0x0308	0x3449 ;_font5x7+187
0x0309	0x3449 ;_font5x7+188
0x030A	0x3441 ;_font5x7+189
0x030B	0x347F ;_font5x7+190
0x030C	0x3409 ;_font5x7+191
0x030D	0x3409 ;_font5x7+192
0x030E	0x3401 ;_font5x7+193
0x030F	0x3401 ;_font5x7+194
0x0310	0x343E ;_font5x7+195
0x0311	0x3441 ;_font5x7+196
0x0312	0x3441 ;_font5x7+197
0x0313	0x3451 ;_font5x7+198
0x0314	0x3432 ;_font5x7+199
0x0315	0x347F ;_font5x7+200
0x0316	0x3408 ;_font5x7+201
0x0317	0x3408 ;_font5x7+202
0x0318	0x3408 ;_font5x7+203
0x0319	0x347F ;_font5x7+204
0x031A	0x3400 ;_font5x7+205
0x031B	0x3441 ;_font5x7+206
0x031C	0x347F ;_font5x7+207
0x031D	0x3441 ;_font5x7+208
0x031E	0x3400 ;_font5x7+209
0x031F	0x3420 ;_font5x7+210
0x0320	0x3440 ;_font5x7+211
0x0321	0x3441 ;_font5x7+212
0x0322	0x343F ;_font5x7+213
0x0323	0x3401 ;_font5x7+214
0x0324	0x347F ;_font5x7+215
0x0325	0x3408 ;_font5x7+216
0x0326	0x3414 ;_font5x7+217
0x0327	0x3422 ;_font5x7+218
0x0328	0x3441 ;_font5x7+219
0x0329	0x347F ;_font5x7+220
0x032A	0x3440 ;_font5x7+221
0x032B	0x3440 ;_font5x7+222
0x032C	0x3440 ;_font5x7+223
0x032D	0x3440 ;_font5x7+224
0x032E	0x347F ;_font5x7+225
0x032F	0x3402 ;_font5x7+226
0x0330	0x3404 ;_font5x7+227
0x0331	0x3402 ;_font5x7+228
0x0332	0x347F ;_font5x7+229
0x0333	0x347F ;_font5x7+230
0x0334	0x3404 ;_font5x7+231
0x0335	0x3408 ;_font5x7+232
0x0336	0x3410 ;_font5x7+233
0x0337	0x347F ;_font5x7+234
0x0338	0x343E ;_font5x7+235
0x0339	0x3441 ;_font5x7+236
0x033A	0x3441 ;_font5x7+237
0x033B	0x3441 ;_font5x7+238
0x033C	0x343E ;_font5x7+239
0x033D	0x347F ;_font5x7+240
0x033E	0x3409 ;_font5x7+241
0x033F	0x3409 ;_font5x7+242
0x0340	0x3409 ;_font5x7+243
0x0341	0x3406 ;_font5x7+244
0x0342	0x343E ;_font5x7+245
0x0343	0x3441 ;_font5x7+246
0x0344	0x3451 ;_font5x7+247
0x0345	0x3421 ;_font5x7+248
0x0346	0x345E ;_font5x7+249
0x0347	0x347F ;_font5x7+250
0x0348	0x3409 ;_font5x7+251
0x0349	0x3419 ;_font5x7+252
0x034A	0x3429 ;_font5x7+253
0x034B	0x3446 ;_font5x7+254
0x034C	0x3446 ;_font5x7+255
0x034D	0x3449 ;_font5x7+256
0x034E	0x3449 ;_font5x7+257
0x034F	0x3449 ;_font5x7+258
0x0350	0x3431 ;_font5x7+259
0x0351	0x3401 ;_font5x7+260
0x0352	0x3401 ;_font5x7+261
0x0353	0x347F ;_font5x7+262
0x0354	0x3401 ;_font5x7+263
0x0355	0x3401 ;_font5x7+264
0x0356	0x343F ;_font5x7+265
0x0357	0x3440 ;_font5x7+266
0x0358	0x3440 ;_font5x7+267
0x0359	0x3440 ;_font5x7+268
0x035A	0x343F ;_font5x7+269
0x035B	0x341F ;_font5x7+270
0x035C	0x3420 ;_font5x7+271
0x035D	0x3440 ;_font5x7+272
0x035E	0x3420 ;_font5x7+273
0x035F	0x341F ;_font5x7+274
0x0360	0x347F ;_font5x7+275
0x0361	0x3420 ;_font5x7+276
0x0362	0x3418 ;_font5x7+277
0x0363	0x3420 ;_font5x7+278
0x0364	0x347F ;_font5x7+279
0x0365	0x3463 ;_font5x7+280
0x0366	0x3414 ;_font5x7+281
0x0367	0x3408 ;_font5x7+282
0x0368	0x3414 ;_font5x7+283
0x0369	0x3463 ;_font5x7+284
0x036A	0x3403 ;_font5x7+285
0x036B	0x3404 ;_font5x7+286
0x036C	0x3478 ;_font5x7+287
0x036D	0x3404 ;_font5x7+288
0x036E	0x3403 ;_font5x7+289
0x036F	0x3461 ;_font5x7+290
0x0370	0x3451 ;_font5x7+291
0x0371	0x3449 ;_font5x7+292
0x0372	0x3445 ;_font5x7+293
0x0373	0x3443 ;_font5x7+294
0x0374	0x3400 ;_font5x7+295
0x0375	0x3400 ;_font5x7+296
0x0376	0x347F ;_font5x7+297
0x0377	0x3441 ;_font5x7+298
0x0378	0x3441 ;_font5x7+299
0x0379	0x3402 ;_font5x7+300
0x037A	0x3404 ;_font5x7+301
0x037B	0x3408 ;_font5x7+302
0x037C	0x3410 ;_font5x7+303
0x037D	0x3420 ;_font5x7+304
0x037E	0x3441 ;_font5x7+305
0x037F	0x3441 ;_font5x7+306
0x0380	0x347F ;_font5x7+307
0x0381	0x3400 ;_font5x7+308
0x0382	0x3400 ;_font5x7+309
0x0383	0x3404 ;_font5x7+310
0x0384	0x3402 ;_font5x7+311
0x0385	0x3401 ;_font5x7+312
0x0386	0x3402 ;_font5x7+313
0x0387	0x3404 ;_font5x7+314
0x0388	0x3440 ;_font5x7+315
0x0389	0x3440 ;_font5x7+316
0x038A	0x3440 ;_font5x7+317
0x038B	0x3440 ;_font5x7+318
0x038C	0x3440 ;_font5x7+319
0x038D	0x3400 ;_font5x7+320
0x038E	0x3401 ;_font5x7+321
0x038F	0x3402 ;_font5x7+322
0x0390	0x3404 ;_font5x7+323
0x0391	0x3400 ;_font5x7+324
0x0392	0x3420 ;_font5x7+325
0x0393	0x3454 ;_font5x7+326
0x0394	0x3454 ;_font5x7+327
0x0395	0x3454 ;_font5x7+328
0x0396	0x3478 ;_font5x7+329
0x0397	0x347F ;_font5x7+330
0x0398	0x3448 ;_font5x7+331
0x0399	0x3444 ;_font5x7+332
0x039A	0x3444 ;_font5x7+333
0x039B	0x3438 ;_font5x7+334
0x039C	0x3438 ;_font5x7+335
0x039D	0x3444 ;_font5x7+336
0x039E	0x3444 ;_font5x7+337
0x039F	0x3444 ;_font5x7+338
0x03A0	0x3420 ;_font5x7+339
0x03A1	0x3438 ;_font5x7+340
0x03A2	0x3444 ;_font5x7+341
0x03A3	0x3444 ;_font5x7+342
0x03A4	0x3448 ;_font5x7+343
0x03A5	0x347F ;_font5x7+344
0x03A6	0x3438 ;_font5x7+345
0x03A7	0x3454 ;_font5x7+346
0x03A8	0x3454 ;_font5x7+347
0x03A9	0x3454 ;_font5x7+348
0x03AA	0x3418 ;_font5x7+349
0x03AB	0x3408 ;_font5x7+350
0x03AC	0x347E ;_font5x7+351
0x03AD	0x3409 ;_font5x7+352
0x03AE	0x3401 ;_font5x7+353
0x03AF	0x3402 ;_font5x7+354
0x03B0	0x3408 ;_font5x7+355
0x03B1	0x3414 ;_font5x7+356
0x03B2	0x3454 ;_font5x7+357
0x03B3	0x3454 ;_font5x7+358
0x03B4	0x343C ;_font5x7+359
0x03B5	0x347F ;_font5x7+360
0x03B6	0x3408 ;_font5x7+361
0x03B7	0x3404 ;_font5x7+362
0x03B8	0x3404 ;_font5x7+363
0x03B9	0x3478 ;_font5x7+364
0x03BA	0x3400 ;_font5x7+365
0x03BB	0x3444 ;_font5x7+366
0x03BC	0x347D ;_font5x7+367
0x03BD	0x3440 ;_font5x7+368
0x03BE	0x3400 ;_font5x7+369
0x03BF	0x3420 ;_font5x7+370
0x03C0	0x3440 ;_font5x7+371
0x03C1	0x3444 ;_font5x7+372
0x03C2	0x343D ;_font5x7+373
0x03C3	0x3400 ;_font5x7+374
0x03C4	0x3400 ;_font5x7+375
0x03C5	0x347F ;_font5x7+376
0x03C6	0x3410 ;_font5x7+377
0x03C7	0x3428 ;_font5x7+378
0x03C8	0x3444 ;_font5x7+379
0x03C9	0x3400 ;_font5x7+380
0x03CA	0x3441 ;_font5x7+381
0x03CB	0x347F ;_font5x7+382
0x03CC	0x3440 ;_font5x7+383
0x03CD	0x3400 ;_font5x7+384
0x03CE	0x347C ;_font5x7+385
0x03CF	0x3404 ;_font5x7+386
0x03D0	0x3418 ;_font5x7+387
0x03D1	0x3404 ;_font5x7+388
0x03D2	0x3478 ;_font5x7+389
0x03D3	0x347C ;_font5x7+390
0x03D4	0x3408 ;_font5x7+391
0x03D5	0x3404 ;_font5x7+392
0x03D6	0x3404 ;_font5x7+393
0x03D7	0x3478 ;_font5x7+394
0x03D8	0x3438 ;_font5x7+395
0x03D9	0x3444 ;_font5x7+396
0x03DA	0x3444 ;_font5x7+397
0x03DB	0x3444 ;_font5x7+398
0x03DC	0x3438 ;_font5x7+399
0x03DD	0x347C ;_font5x7+400
0x03DE	0x3414 ;_font5x7+401
0x03DF	0x3414 ;_font5x7+402
0x03E0	0x3414 ;_font5x7+403
0x03E1	0x3408 ;_font5x7+404
0x03E2	0x3408 ;_font5x7+405
0x03E3	0x3414 ;_font5x7+406
0x03E4	0x3414 ;_font5x7+407
0x03E5	0x3418 ;_font5x7+408
0x03E6	0x347C ;_font5x7+409
0x03E7	0x347C ;_font5x7+410
0x03E8	0x3408 ;_font5x7+411
0x03E9	0x3404 ;_font5x7+412
0x03EA	0x3404 ;_font5x7+413
0x03EB	0x3408 ;_font5x7+414
0x03EC	0x3448 ;_font5x7+415
0x03ED	0x3454 ;_font5x7+416
0x03EE	0x3454 ;_font5x7+417
0x03EF	0x3454 ;_font5x7+418
0x03F0	0x3420 ;_font5x7+419
0x03F1	0x3404 ;_font5x7+420
0x03F2	0x343F ;_font5x7+421
0x03F3	0x3444 ;_font5x7+422
0x03F4	0x3440 ;_font5x7+423
0x03F5	0x3420 ;_font5x7+424
0x03F6	0x343C ;_font5x7+425
0x03F7	0x3440 ;_font5x7+426
0x03F8	0x3440 ;_font5x7+427
0x03F9	0x3420 ;_font5x7+428
0x03FA	0x347C ;_font5x7+429
0x03FB	0x341C ;_font5x7+430
0x03FC	0x3420 ;_font5x7+431
0x03FD	0x3440 ;_font5x7+432
0x03FE	0x3420 ;_font5x7+433
0x03FF	0x341C ;_font5x7+434
0x0400	0x343C ;_font5x7+435
0x0401	0x3440 ;_font5x7+436
0x0402	0x3430 ;_font5x7+437
0x0403	0x3440 ;_font5x7+438
0x0404	0x343C ;_font5x7+439
0x0405	0x3444 ;_font5x7+440
0x0406	0x3428 ;_font5x7+441
0x0407	0x3410 ;_font5x7+442
0x0408	0x3428 ;_font5x7+443
0x0409	0x3444 ;_font5x7+444
0x040A	0x340C ;_font5x7+445
0x040B	0x3450 ;_font5x7+446
0x040C	0x3450 ;_font5x7+447
0x040D	0x3450 ;_font5x7+448
0x040E	0x343C ;_font5x7+449
0x040F	0x3444 ;_font5x7+450
0x0410	0x3464 ;_font5x7+451
0x0411	0x3454 ;_font5x7+452
0x0412	0x344C ;_font5x7+453
0x0413	0x3444 ;_font5x7+454
0x0414	0x3400 ;_font5x7+455
0x0415	0x3408 ;_font5x7+456
0x0416	0x3436 ;_font5x7+457
0x0417	0x3441 ;_font5x7+458
0x0418	0x3400 ;_font5x7+459
0x0419	0x3400 ;_font5x7+460
0x041A	0x3400 ;_font5x7+461
0x041B	0x347F ;_font5x7+462
0x041C	0x3400 ;_font5x7+463
0x041D	0x3400 ;_font5x7+464
0x041E	0x3400 ;_font5x7+465
0x041F	0x3441 ;_font5x7+466
0x0420	0x3436 ;_font5x7+467
0x0421	0x3408 ;_font5x7+468
0x0422	0x3400 ;_font5x7+469
0x0423	0x3408 ;_font5x7+470
0x0424	0x3408 ;_font5x7+471
0x0425	0x342A ;_font5x7+472
0x0426	0x341C ;_font5x7+473
0x0427	0x3408 ;_font5x7+474
0x0428	0x3408 ;_font5x7+475
0x0429	0x341C ;_font5x7+476
0x042A	0x342A ;_font5x7+477
0x042B	0x3408 ;_font5x7+478
0x042C	0x3408 ;_font5x7+479
; end of _font5x7
;lab2ex2.c,0 :: ?ICS?lstr1_lab2ex2
0x042D	0x344E ;?ICS?lstr1_lab2ex2+0
0x042E	0x3461 ;?ICS?lstr1_lab2ex2+1
0x042F	0x346D ;?ICS?lstr1_lab2ex2+2
0x0430	0x3465 ;?ICS?lstr1_lab2ex2+3
0x0431	0x3400 ;?ICS?lstr1_lab2ex2+4
; end of ?ICS?lstr1_lab2ex2
;lab2ex2.c,0 :: ?ICS?lstr2_lab2ex2
0x0432	0x3449 ;?ICS?lstr2_lab2ex2+0
0x0433	0x3444 ;?ICS?lstr2_lab2ex2+1
0x0434	0x3400 ;?ICS?lstr2_lab2ex2+2
; end of ?ICS?lstr2_lab2ex2
;lab2ex2.c,0 :: ?ICS?lstr8_lab2ex2
0x0435	0x3432 ;?ICS?lstr8_lab2ex2+0
0x0436	0x3438 ;?ICS?lstr8_lab2ex2+1
0x0437	0x342D ;?ICS?lstr8_lab2ex2+2
0x0438	0x3432 ;?ICS?lstr8_lab2ex2+3
0x0439	0x3432 ;?ICS?lstr8_lab2ex2+4
0x043A	0x3438 ;?ICS?lstr8_lab2ex2+5
0x043B	0x3434 ;?ICS?lstr8_lab2ex2+6
0x043C	0x3400 ;?ICS?lstr8_lab2ex2+7
; end of ?ICS?lstr8_lab2ex2
;lab2ex2.c,0 :: ?ICS?lstr7_lab2ex2
0x043D	0x3444 ;?ICS?lstr7_lab2ex2+0
0x043E	0x3475 ;?ICS?lstr7_lab2ex2+1
0x043F	0x3468 ;?ICS?lstr7_lab2ex2+2
0x0440	0x3461 ;?ICS?lstr7_lab2ex2+3
0x0441	0x3400 ;?ICS?lstr7_lab2ex2+4
; end of ?ICS?lstr7_lab2ex2
;lab2ex2.c,0 :: ?ICS?lstr6_lab2ex2
0x0442	0x3432 ;?ICS?lstr6_lab2ex2+0
0x0443	0x3438 ;?ICS?lstr6_lab2ex2+1
0x0444	0x342D ;?ICS?lstr6_lab2ex2+2
0x0445	0x3435 ;?ICS?lstr6_lab2ex2+3
0x0446	0x3437 ;?ICS?lstr6_lab2ex2+4
0x0447	0x3437 ;?ICS?lstr6_lab2ex2+5
0x0448	0x3435 ;?ICS?lstr6_lab2ex2+6
0x0449	0x3400 ;?ICS?lstr6_lab2ex2+7
; end of ?ICS?lstr6_lab2ex2
;lab2ex2.c,0 :: ?ICS?lstr3_lab2ex2
0x044A	0x3452 ;?ICS?lstr3_lab2ex2+0
0x044B	0x3465 ;?ICS?lstr3_lab2ex2+1
0x044C	0x3465 ;?ICS?lstr3_lab2ex2+2
0x044D	0x346D ;?ICS?lstr3_lab2ex2+3
0x044E	0x3400 ;?ICS?lstr3_lab2ex2+4
; end of ?ICS?lstr3_lab2ex2
;lab2ex2.c,0 :: ?ICS?lstr5_lab2ex2
0x044F	0x3445 ;?ICS?lstr5_lab2ex2+0
0x0450	0x346D ;?ICS?lstr5_lab2ex2+1
0x0451	0x3461 ;?ICS?lstr5_lab2ex2+2
0x0452	0x346E ;?ICS?lstr5_lab2ex2+3
0x0453	0x3400 ;?ICS?lstr5_lab2ex2+4
; end of ?ICS?lstr5_lab2ex2
;lab2ex2.c,0 :: ?ICS?lstr4_lab2ex2
0x0454	0x3432 ;?ICS?lstr4_lab2ex2+0
0x0455	0x3438 ;?ICS?lstr4_lab2ex2+1
0x0456	0x342D ;?ICS?lstr4_lab2ex2+2
0x0457	0x3435 ;?ICS?lstr4_lab2ex2+3
0x0458	0x3434 ;?ICS?lstr4_lab2ex2+4
0x0459	0x3439 ;?ICS?lstr4_lab2ex2+5
0x045A	0x3438 ;?ICS?lstr4_lab2ex2+6
0x045B	0x3400 ;?ICS?lstr4_lab2ex2+7
; end of ?ICS?lstr4_lab2ex2
Symbol List:
//** Routines locations **
//ADDRESS    SIZE    PROCEDURE
//----------------------------------------------
0x0003       [8]    _Delay_10us
0x000B       [3]    _Delay_1us
0x000E       [5]    __Lib_Glcd_Strobe
0x0013       [9]    _Glcd_Write_Data
0x001C      [43]    _Mul_16x16_U
0x0047      [20]    _Glcd_Set_X
0x005B      [15]    _Glcd_Set_Side
0x006A       [9]    _Glcd_Set_Page
0x0073       [7]    _____DoICP
0x007A      [24]    _Glcd_Read_Data
0x0092     [148]    _Glcd_Write_Char
0x0126      [44]    _Glcd_Write_Text
0x0152      [35]    _Glcd_Init
0x0175      [12]    ___CC2DW
0x0181     [198]    _main
//** Variables locations ** 
//ADDRESS    SIZE    VARIABLE
//----------------------------------------------
0x0000       [1]    INDF
0x0001       [1]    TMR0
0x0002       [1]    PCL
0x0003       [0]    C_bit
0x0003       [0]    Z_bit
0x0003       [0]    IRP_bit
0x0003       [0]    RP1_bit
0x0003       [1]    STATUS
0x0003       [0]    NOT_PD_bit
0x0003       [0]    RP0_bit
0x0003       [0]    NOT_TO_bit
0x0003       [0]    DC_bit
0x0004       [1]    FSRPTR
0x0004       [1]    FSR
0x0005       [0]    RA3_bit
0x0005       [1]    PORTA
0x0005       [0]    RA0_bit
0x0005       [0]    RA1_bit
0x0005       [0]    RA2_bit
0x0005       [0]    RA4_bit
0x0005       [0]    RA5_bit
0x0006       [0]    RB6_bit
0x0006       [0]    RB5_bit
0x0006       [1]    PORTB
0x0006       [0]    RB7_bit
0x0006       [0]    RB4_bit
0x0006       [0]    RB1_bit
0x0006       [0]    RB0_bit
0x0006       [0]    RB3_bit
0x0006       [0]    RB2_bit
0x0007       [0]    RC6_bit
0x0007       [0]    RC5_bit
0x0007       [0]    RC7_bit
0x0007       [1]    PORTC
0x0007       [0]    GLCD_RST
0x0007       [0]    RC1_bit
0x0007       [0]    RC0_bit
0x0007       [0]    RC2_bit
0x0007       [0]    RC4_bit
0x0007       [0]    RC3_bit
0x0007       [0]    GLCD_RS
0x0007       [0]    GLCD_CS2
0x0007       [0]    GLCD_EN
0x0007       [0]    GLCD_RW
0x0007       [0]    GLCD_CS1
0x0008       [0]    RD1_bit
0x0008       [0]    RD4_bit
0x0008       [0]    RD6_bit
0x0008       [0]    RD3_bit
0x0008       [0]    RD5_bit
0x0008       [0]    RD2_bit
0x0008       [0]    RD0_bit
0x0008       [1]    PORTD
0x0008       [0]    RD7_bit
0x0008       [1]    GLCD_DataPort
0x0009       [0]    RE1_bit
0x0009       [1]    PORTE
0x0009       [0]    RE2_bit
0x0009       [0]    RE0_bit
0x000A       [1]    PCLATH
0x000B       [0]    RBIF_bit
0x000B       [0]    T0IF_bit
0x000B       [0]    T0IE_bit
0x000B       [0]    GIE_bit
0x000B       [0]    TMR0IF_bit
0x000B       [1]    INTCON
0x000B       [0]    INTF_bit
0x000B       [0]    INTE_bit
0x000B       [0]    TMR0IE_bit
0x000B       [0]    RBIE_bit
0x000B       [0]    PEIE_bit
0x000C       [1]    PIR1
0x000C       [0]    CCP1IF_bit
0x000C       [0]    RCIF_bit
0x000C       [0]    SSPIF_bit
0x000C       [0]    TXIF_bit
0x000C       [0]    TMR2IF_bit
0x000C       [0]    PSPIF_bit
0x000C       [0]    TMR1IF_bit
0x000C       [0]    ADIF_bit
0x000D       [1]    PIR2
0x000D       [0]    CMIF_bit
0x000D       [0]    BCLIF_bit
0x000D       [0]    CCP2IF_bit
0x000D       [0]    EEIF_bit
0x000E       [1]    TMR1L
0x000F       [1]    TMR1H
0x0010       [1]    T1CON
0x0010       [0]    T1OSCEN_bit
0x0010       [0]    T1SYNC_bit
0x0010       [0]    T1CKPS1_bit
0x0010       [0]    T1INSYNC_bit
0x0010       [0]    T1CKPS0_bit
0x0010       [0]    NOT_T1SYNC_bit
0x0010       [0]    TMR1ON_bit
0x0010       [0]    TMR1CS_bit
0x0011       [1]    TMR2
0x0012       [0]    T2CKPS0_bit
0x0012       [0]    TMR2ON_bit
0x0012       [0]    TOUTPS1_bit
0x0012       [0]    TOUTPS2_bit
0x0012       [0]    TOUTPS0_bit
0x0012       [0]    T2CKPS1_bit
0x0012       [0]    TOUTPS3_bit
0x0012       [1]    T2CON
0x0013       [1]    SSPBUF
0x0014       [0]    SSPM0_bit
0x0014       [0]    SSPM3_bit
0x0014       [0]    SSPM2_bit
0x0014       [0]    SSPM1_bit
0x0014       [0]    CKP_bit
0x0014       [1]    SSPCON
0x0014       [0]    SSPEN_bit
0x0014       [0]    SSPOV_bit
0x0014       [0]    WCOL_bit
0x0015       [2]    CCPR1
0x0015       [1]    CCPR1L
0x0016       [1]    CCPR1H
0x0017       [0]    CCP1M3_bit
0x0017       [0]    CCP1M1_bit
0x0017       [0]    CCP1M2_bit
0x0017       [1]    CCP1CON
0x0017       [0]    CCP1Y_bit
0x0017       [0]    CCP1X_bit
0x0017       [0]    CCP1M0_bit
0x0018       [0]    OERR_bit
0x0018       [0]    RC9_bit
0x0018       [0]    RC8_9_bit
0x0018       [0]    NOT_RC8_bit
0x0018       [0]    RX9D_bit
0x0018       [0]    SREN_bit
0x0018       [0]    SPEN_bit
0x0018       [0]    ADDEN_bit
0x0018       [0]    FERR_bit
0x0018       [0]    CREN_bit
0x0018       [0]    RX9_bit
0x0018       [1]    RCSTA
0x0018       [0]    RCD8_bit
0x0019       [1]    TXREG
0x001A       [1]    RCREG
0x001B       [2]    CCPR2
0x001B       [1]    CCPR2L
0x001C       [1]    CCPR2H
0x001D       [0]    CCP2M1_bit
0x001D       [0]    CCP2M3_bit
0x001D       [1]    CCP2CON
0x001D       [0]    CCP2M2_bit
0x001D       [0]    CCP2X_bit
0x001D       [0]    CCP2M0_bit
0x001D       [0]    CCP2Y_bit
0x001E       [1]    ADRESH
0x001F       [1]    ADCON0
0x001F       [0]    ADCS1_bit
0x001F       [0]    CHS0_bit
0x001F       [0]    CHS1_bit
0x001F       [0]    ADCS0_bit
0x001F       [0]    CHS2_bit
0x001F       [0]    ADON_bit
0x001F       [0]    GO_DONE_bit
0x001F       [0]    NOT_DONE_bit
0x001F       [0]    GO_bit
0x001F       [0]    GO_NOT_DONE_bit
0x0020       [5]    ?lstr1_lab2ex2
0x0025       [3]    ?lstr2_lab2ex2
0x0028       [8]    ?lstr8_lab2ex2
0x0030       [5]    ?lstr7_lab2ex2
0x0035       [8]    ?lstr6_lab2ex2
0x003D       [5]    ?lstr3_lab2ex2
0x0042       [5]    ?lstr5_lab2ex2
0x0047       [8]    ?lstr4_lab2ex2
0x004F       [2]    ___DoICPAddr
0x0051       [1]    __Lib_Glcd_FontInitialized
0x0052       [1]    __Lib_Glcd_fontW
0x0053       [2]    __Lib_Glcd_fontOffset
0x0055       [2]    __Lib_Glcd_fontDef
0x0057       [1]    __Lib_Glcd_fontH
0x0058       [1]    FARG_Glcd_Write_Text_text
0x0059       [1]    FARG_Glcd_Write_Text_x_pos
0x005A       [1]    FARG_Glcd_Write_Text_page_num
0x005B       [1]    FARG_Glcd_Write_Text_color
0x005C       [1]    Glcd_Write_Text_i_L0
0x005D       [1]    FARG_Glcd_Write_Char_chr
0x005E       [1]    FARG_Glcd_Write_Char_x_pos
0x005F       [1]    FARG_Glcd_Write_Char_page_num
0x0060       [1]    FARG_Glcd_Write_Char_color
0x0061       [1]    Glcd_Write_Char_ii_L0
0x0062       [1]    Glcd_Write_Char_data_read_L0
0x0063       [1]    Glcd_Write_Char_font_ch_L0
0x0064       [1]    Glcd_Write_Char_font_ch_inv_L0
0x0065       [2]    Glcd_Write_Char_pointer_L0
0x0067       [1]    FARG_Glcd_Set_X_x_pos
0x0067       [1]    FARG_Glcd_Set_Side_x_pos
0x0067       [1]    FARG_Glcd_Set_Page_page
0x0067       [1]    Glcd_Read_Data_local_L0
0x0067       [1]    FARG_Glcd_Write_Data_ddata
0x0070       [1]    R0
0x0071       [1]    R1
0x0072       [1]    R2
0x0073       [1]    R3
0x0074       [1]    R4
0x0075       [1]    R5
0x0076       [1]    R6
0x0077       [1]    R7
0x0078       [1]    R8
0x0079       [1]    R9
0x007A       [1]    R10
0x007B       [1]    R11
0x007C       [1]    R12
0x007D       [1]    R13
0x007E       [1]    R14
0x007F       [1]    R15
0x0081       [0]    INTEDG_bit
0x0081       [0]    NOT_RBPU_bit
0x0081       [0]    T0CS_bit
0x0081       [0]    PSA_bit
0x0081       [0]    T0SE_bit
0x0081       [0]    PS2_bit
0x0081       [1]    OPTION_REG
0x0081       [0]    PS0_bit
0x0081       [0]    PS1_bit
0x0085       [1]    TRISA
0x0085       [0]    TRISA3_bit
0x0085       [0]    TRISA2_bit
0x0085       [0]    TRISA1_bit
0x0085       [0]    TRISA0_bit
0x0085       [0]    TRISA5_bit
0x0085       [0]    TRISA4_bit
0x0086       [0]    TRISB3_bit
0x0086       [0]    TRISB4_bit
0x0086       [0]    TRISB2_bit
0x0086       [0]    TRISB0_bit
0x0086       [0]    TRISB1_bit
0x0086       [0]    TRISB7_bit
0x0086       [1]    TRISB
0x0086       [0]    TRISB6_bit
0x0086       [0]    TRISB5_bit
0x0087       [1]    TRISC
0x0087       [0]    TRISC2_bit
0x0087       [0]    TRISC3_bit
0x0087       [0]    TRISC0_bit
0x0087       [0]    TRISC1_bit
0x0087       [0]    TRISC6_bit
0x0087       [0]    TRISC7_bit
0x0087       [0]    TRISC4_bit
0x0087       [0]    TRISC5_bit
0x0087       [0]    GLCD_RW_Direction
0x0087       [0]    GLCD_CS1_Direction
0x0087       [0]    GLCD_EN_Direction
0x0087       [0]    GLCD_RST_Direction
0x0087       [0]    GLCD_CS2_Direction
0x0087       [0]    GLCD_RS_Direction
0x0088       [0]    TRISD3_bit
0x0088       [0]    TRISD0_bit
0x0088       [0]    TRISD1_bit
0x0088       [0]    TRISD2_bit
0x0088       [0]    TRISD4_bit
0x0088       [0]    TRISD7_bit
0x0088       [1]    TRISD
0x0088       [0]    TRISD6_bit
0x0088       [0]    TRISD5_bit
0x0089       [0]    IBOV_bit
0x0089       [0]    PSPMODE_bit
0x0089       [0]    IBF_bit
0x0089       [0]    OBF_bit
0x0089       [0]    IBOV_TRISE_bit
0x0089       [0]    PSPMODE_TRISE_bit
0x0089       [0]    IBF_TRISE_bit
0x0089       [0]    OBF_TRISE_bit
0x0089       [0]    TRISE0_bit
0x0089       [1]    TRISE
0x0089       [0]    TRISE2_bit
0x0089       [0]    TRISE1_bit
0x008C       [0]    ADIE_bit
0x008C       [0]    PSPIE_bit
0x008C       [0]    CCP1IE_bit
0x008C       [0]    RCIE_bit
0x008C       [0]    TXIE_bit
0x008C       [0]    SSPIE_bit
0x008C       [1]    PIE1
0x008C       [0]    TMR1IE_bit
0x008C       [0]    TMR2IE_bit
0x008D       [0]    CMIE_bit
0x008D       [0]    EEIE_bit
0x008D       [0]    CCP2IE_bit
0x008D       [0]    BCLIE_bit
0x008D       [1]    PIE2
0x008E       [0]    NOT_BOR_bit
0x008E       [0]    NOT_POR_bit
0x008E       [0]    NOT_BO_bit
0x008E       [1]    PCON
0x0091       [0]    RCEN_bit
0x0091       [0]    PEN_bit
0x0091       [0]    GCEN_bit
0x0091       [0]    ACKEN_bit
0x0091       [0]    ACKDT_bit
0x0091       [0]    ACKSTAT_bit
0x0091       [0]    RSEN_bit
0x0091       [1]    SSPCON2
0x0091       [0]    SEN_bit
0x0092       [1]    PR2
0x0093       [1]    SSPADD
0x0094       [1]    SSPSTAT
0x0094       [0]    NOT_W_bit
0x0094       [0]    NOT_A_bit
0x0094       [0]    I2C_DATA_bit
0x0094       [0]    I2C_START__bit
0x0094       [0]    I2C_STOP__bit
0x0094       [0]    NOT_WRITE_bit
0x0094       [0]    READ_WRITE_bit
0x0094       [0]    DATA_ADDRESS_bit
0x0094       [0]    D_A_bit
0x0094       [0]    NOT_ADDRESS_bit
0x0094       [0]    R_W_bit
0x0094       [0]    S_bit
0x0094       [0]    P_bit
0x0094       [0]    R_NOT_W_bit
0x0094       [0]    BF_bit
0x0094       [0]    UA_bit
0x0094       [0]    D_NOT_A_bit
0x0094       [0]    D_bit
0x0094       [0]    I2C_READ_bit
0x0094       [0]    R_bit
0x0094       [0]    CKE_bit
0x0094       [0]    SMP_bit
0x0098       [0]    SYNC_bit
0x0098       [0]    TXEN_bit
0x0098       [0]    TX9_bit
0x0098       [0]    TX9D_bit
0x0098       [0]    TRMT_bit
0x0098       [0]    BRGH_bit
0x0098       [0]    TX8_9_bit
0x0098       [1]    TXSTA
0x0098       [0]    NOT_TX8_bit
0x0098       [0]    CSRC_bit
0x0098       [0]    TXD8_bit
0x0099       [1]    SPBRG
0x009C       [0]    CM0_bit
0x009C       [0]    C2OUT_bit
0x009C       [0]    CM2_bit
0x009C       [0]    CM1_bit
0x009C       [0]    C1OUT_bit
0x009C       [0]    CIS_bit
0x009C       [1]    CMCON
0x009C       [0]    C2INV_bit
0x009C       [0]    C1INV_bit
0x009D       [0]    CVRR_bit
0x009D       [0]    CVR2_bit
0x009D       [0]    CVR3_bit
0x009D       [1]    CVRCON
0x009D       [0]    CVR1_bit
0x009D       [0]    CVROE_bit
0x009D       [0]    CVREN_bit
0x009D       [0]    CVR0_bit
0x009E       [1]    ADRESL
0x009F       [0]    PCFG1_bit
0x009F       [0]    PCFG2_bit
0x009F       [0]    PCFG3_bit
0x009F       [0]    ADCS2_bit
0x009F       [0]    ADFM_bit
0x009F       [0]    PCFG0_bit
0x009F       [1]    ADCON1
0x010C       [1]    EEDATA
0x010D       [1]    EEADR
0x010E       [1]    EEDATH
0x010F       [1]    EEADRH
0x018C       [0]    EEPGD_bit
0x018C       [1]    EECON1
0x018C       [0]    WREN_bit
0x018C       [0]    WR_bit
0x018C       [0]    RD_bit
0x018C       [0]    WRERR_bit
0x018D       [1]    EECON2
//** Constants locations ** 
//ADDRESS    SIZE    CONSTANT
//----------------------------------------------
0x024D     [480]    _font5x7
0x042D       [5]    ?ICS?lstr1_lab2ex2
0x0432       [3]    ?ICS?lstr2_lab2ex2
0x0435       [8]    ?ICS?lstr8_lab2ex2
0x043D       [5]    ?ICS?lstr7_lab2ex2
0x0442       [8]    ?ICS?lstr6_lab2ex2
0x044A       [5]    ?ICS?lstr3_lab2ex2
0x044F       [5]    ?ICS?lstr5_lab2ex2
0x0454       [8]    ?ICS?lstr4_lab2ex2
//** Label List: ** 
//----------------------------------------------
  L_main0
  L_main1
  L_main2
  L_main3
  L_main4
  L_main5
  L_main6
  L_main7
  L_main8
  L_main9
  L_main10
  _main
  L_Delay_10us0
  L_Delay_22us1
  L_Delay_50us2
  L_Delay_80us3
  L_Delay_500us4
  L_Delay_5500us5
  L_Delay_1ms6
  L_Delay_5ms7
  L_Delay_8ms8
  L_Delay_10ms9
  L_Delay_100ms10
  L_Delay_1sec11
  L_boot16_Delay_5ms12
  L_Delay_Cyc13
  L_Delay_Cyc14
  L_VDelay_ms15
  L_VDelay_ms16
  L_VDelay_ms17
  L_VDelay_Advanced_ms18
  L_VDelay_Advanced_ms19
  L_VDelay_Advanced_ms20
  _Get_Fosc_kHz
  _Delay_1us
  _Delay_10us
  _Delay_22us
  _Delay_50us
  _Delay_80us
  _Delay_500us
  _Delay_5500us
  _Delay_1ms
  _Delay_5ms
  _Delay_8ms
  _Delay_10ms
  _Delay_100ms
  _Delay_1sec
  _boot16_Delay_5ms
  _Delay_Cyc
  _VDelay_ms
  L__VDelay_ms21
  L__VDelay_ms22
  L__VDelay_ms23
  _VDelay_Advanced_ms
  L__VDelay_Advanced_ms24
  L__VDelay_Advanced_ms25
  L__VDelay_Advanced_ms26
  L_Glcd_Set_Side0
  L_Glcd_Set_Side1
  L_Glcd_Fill2
  L_Glcd_Fill3
  L_Glcd_Fill4
  L_Glcd_Fill5
  L_Glcd_Fill6
  L_Glcd_Fill7
  L_Glcd_Fill8
  L_Glcd_Fill9
  L_Glcd_Fill10
  L_Glcd_Fill11
  L_Glcd_Fill12
  L_Glcd_Fill13
  L_Glcd_Write_Char14
  L_Glcd_Write_Char15
  L_Glcd_Write_Char16
  L_Glcd_Write_Char17
  L_Glcd_Write_Char18
  L_Glcd_Write_Char19
  L_Glcd_Write_Char20
  L_Glcd_Write_Char21
  L_Glcd_Write_Char22
  L_Glcd_Write_Char23
  L_Glcd_Write_Char24
  L_Glcd_Write_Char25
  L_Glcd_Write_Char26
  L_Glcd_Write_Char27
  L_Glcd_Write_Text28
  L_Glcd_Write_Text29
  L_Glcd_Write_Text30
  L_Glcd_Write_Const_Text31
  L_Glcd_Write_Const_Text32
  L_Glcd_Write_Const_Text33
  L_Glcd_Dot34
  L_Glcd_Dot35
  L_Glcd_Dot36
  L_Glcd_Dot37
  L_Glcd_Dot38
  L_Glcd_Dot39
  L_Glcd_Dot40
  L_Glcd_Dot41
  L_Glcd_Line42
  L_Glcd_Line43
  L_Glcd_Line44
  L_Glcd_Line45
  L_Glcd_Line46
  L_Glcd_Line47
  L_Glcd_Line48
  L_Glcd_Line49
  L_Glcd_Line50
  L_Glcd_Line51
  L_Glcd_Line52
  L_Glcd_Line53
  L_Glcd_Line54
  L_Glcd_Line55
  L_Glcd_Line56
  L_Glcd_Line57
  L_Glcd_Line58
  L_Glcd_Line59
  L_Glcd_Line60
  L_Glcd_Line61
  L_Glcd_H_Line62
  L_Glcd_H_Line63
  L_Glcd_H_Line64
  L_Glcd_H_Line65
  L_Glcd_H_Line66
  L_Glcd_H_Line67
  L_Glcd_H_Line68
  L_Glcd_H_Line69
  L_Glcd_H_Line70
  L_Glcd_H_Line71
  L_Glcd_V_Line72
  L_Glcd_V_Line73
  L_Glcd_V_Line74
  L_Glcd_V_Line75
  L_Glcd_V_Line76
  L_Glcd_V_Line77
  L_Glcd_V_Line78
  L_Glcd_V_Line79
  L_Glcd_V_Line80
  L_Glcd_V_Line81
  L_Glcd_Circle82
  L_Glcd_Circle83
  L_Glcd_Circle84
  L_Glcd_Circle85
  L_Glcd_Circle86
  L_Glcd_Circle87
  L_Glcd_Circle88
  L_Glcd_Circle89
  L_Glcd_Circle_Fill90
  L_Glcd_Circle_Fill91
  L_Glcd_Circle_Fill92
  L_Glcd_Circle_Fill93
  L_Glcd_Circle_Fill94
  L_Glcd_Circle_Fill95
  L_Glcd_Circle_Fill96
  L_Glcd_Circle_Fill97
  L_Glcd_Circle_Fill98
  L_Glcd_Circle_Fill99
  L_Glcd_Image100
  L_Glcd_Image101
  L_Glcd_Image102
  L_Glcd_Image103
  L_Glcd_Image104
  L_Glcd_Image105
  L_Glcd_Image106
  L_Glcd_Image107
  L_Glcd_Rectangle_Round_Edges108
  L_Glcd_Rectangle_Round_Edges109
  L_Glcd_Rectangle_Round_Edges110
  L_Glcd_Rectangle_Round_Edges111
  L_Glcd_Rectangle_Round_Edges112
  L_Glcd_Rectangle_Round_Edges113
  L_Glcd_Rectangle_Round_Edges114
  L_Glcd_Rectangle_Round_Edges115
  L_Glcd_Rectangle_Round_Edges116
  L_Glcd_Rectangle_Round_Edges117
  L_Glcd_Rectangle_Round_Edges118
  L_Glcd_Rectangle_Round_Edges119
  L_Glcd_Rectangle_Round_Edges120
  L_Glcd_Box121
  L_Glcd_Box122
  L_Glcd_Box123
  L_Glcd_Rectangle_Round_Edges_Fill124
  L_Glcd_Rectangle_Round_Edges_Fill125
  L_Glcd_Rectangle_Round_Edges_Fill126
  L_Glcd_Rectangle_Round_Edges_Fill127
  L_Glcd_Rectangle_Round_Edges_Fill128
  L_Glcd_Rectangle_Round_Edges_Fill129
  L_Glcd_Rectangle_Round_Edges_Fill130
  L_Glcd_Rectangle_Round_Edges_Fill131
  L_Glcd_Rectangle_Round_Edges_Fill132
  L_Glcd_Rectangle_Round_Edges_Fill133
  L_Glcd_Rectangle_Round_Edges_Fill134
  L_Glcd_Rectangle_Round_Edges_Fill135
  L_Glcd_Rectangle_Round_Edges_Fill136
  L_Glcd_Rectangle_Round_Edges_Fill137
  L_Glcd_PartialImage138
  L_Glcd_PartialImage139
  L_Glcd_PartialImage140
  L_Glcd_PartialImage141
  L_Glcd_PartialImage142
  L_Glcd_PartialImage143
  L_Glcd_PartialImage144
  L_Glcd_PartialImage145
  L_Glcd_PartialImage146
  L_Glcd_PartialImage147
  L_Glcd_PartialImage148
  L_Glcd_PartialImage149
  L_Glcd_PartialImage150
  L_Glcd_PartialImage151
  L_Glcd_PartialImage152
  L_Glcd_PartialImage153
  L_Glcd_PartialImage154
  L_Glcd_PartialImage155
  L_Glcd_PartialImage156
  L_Glcd_PartialImage157
  L_Glcd_PartialImage158
  L_Glcd_PartialImage159
  L_Glcd_PartialImage160
  L_Glcd_PartialImage161
  L_Glcd_PartialImage162
  L_Glcd_PartialImage163
  L_Glcd_PartialImage164
  L_Glcd_PartialImage165
  L_Glcd_PartialImage166
  L___Lib_Glcd__Glcd_Write_Char_Adv167
  L___Lib_Glcd__Glcd_Write_Char_Adv168
  L___Lib_Glcd__Glcd_Write_Char_Adv169
  L___Lib_Glcd__Glcd_Write_Char_Adv170
  L___Lib_Glcd__Glcd_Write_Char_Adv171
  L___Lib_Glcd__Glcd_Write_Char_Adv172
  L___Lib_Glcd__Glcd_Write_Char_Adv173
  L___Lib_Glcd__Glcd_Write_Char_Adv174
  L___Lib_Glcd__Glcd_Write_Char_Adv175
  L___Lib_Glcd__Glcd_Write_Char_Adv176
  L___Lib_Glcd__Glcd_Write_Char_Adv177
  L___Lib_Glcd__Glcd_Write_Char_Adv178
  L___Lib_Glcd__Glcd_Write_Char_Adv179
  L___Lib_Glcd__Glcd_Write_Char_Adv180
  L___Lib_Glcd__Glcd_Write_Char_Adv181
  L___Lib_Glcd__Glcd_Write_Char_Adv182
  L___Lib_Glcd__Glcd_Write_Char_Adv183
  L___Lib_Glcd__Glcd_Write_Char_Adv184
  L___Lib_Glcd__Glcd_Write_Char_Adv185
  L___Lib_Glcd__Glcd_Write_Char_Adv186
  L___Lib_Glcd__Glcd_Write_Char_Adv187
  L___Lib_Glcd__Glcd_Write_Char_Return_Pos188
  L___Lib_Glcd__Glcd_Write_Char_Return_Pos189
  L___Lib_Glcd__Glcd_Write_Char_Return_Pos190
  L_Glcd_Write_Text_Return_Pos191
  L_Glcd_Write_Text_Return_Pos192
  L_Glcd_Write_Text_Return_Pos193
  L_Glcd_Write_Text_Return_Pos194
  L_Glcd_Write_Const_Text_Return_Pos195
  L_Glcd_Write_Const_Text_Return_Pos196
  L_Glcd_Write_Const_Text_Return_Pos197
  L_Glcd_Write_Const_Text_Return_Pos198
  L_Glcd_Write_Char_Adv199
  L_Glcd_Write_Char_Adv200
  L_Glcd_Write_Text_Adv201
  L_Glcd_Write_Text_Adv202
  L_Glcd_Write_Text_Adv203
  L_Glcd_Write_Text_Adv204
  L_Glcd_Write_Const_Text_Adv205
  L_Glcd_Write_Const_Text_Adv206
  L_Glcd_Write_Const_Text_Adv207
  L_Glcd_Write_Const_Text_Adv208
  L__Glcd_Dot209
  L__Glcd_H_Line210
  L__Glcd_V_Line211
  L__Glcd_PartialImage212
  L__Glcd_PartialImage213
  L__Glcd_PartialImage214
  L_end_Strobe
  __Lib_Glcd_Strobe
  L_end_Glcd_Set_Page
  _Glcd_Set_Page
  L_end_Glcd_Set_Side
  _Glcd_Set_Side
  L_end_Glcd_Set_X
  _Glcd_Set_X
  L_end_Glcd_Read_Data
  _Glcd_Read_Data
  L_end_Glcd_Write_Data
  _Glcd_Write_Data
  L_end_Glcd_Fill
  _Glcd_Fill
  L_end_Glcd_Init
  _Glcd_Init
  L_end_Glcd_Set_Font
  _Glcd_Set_Font
  L_end_Glcd_Write_Char
  _Glcd_Write_Char
  L_end_Glcd_Write_Text
  _Glcd_Write_Text
  L_end_Glcd_Write_Const_Text
  _Glcd_Write_Const_Text
  L_end_Glcd_Dot
  _Glcd_Dot
  L__Glcd_Dot228
  L__Glcd_Dot229
  L_end_Glcd_Line
  _Glcd_Line
  L__Glcd_Line231
  L__Glcd_Line232
  L__Glcd_Line233
  L__Glcd_Line234
  L__Glcd_Line235
  L__Glcd_Line236
  L__Glcd_Line237
  L__Glcd_Line238
  L__Glcd_Line239
  L__Glcd_Line240
  L__Glcd_Line241
  L__Glcd_Line242
  L__Glcd_Line243
  L__Glcd_Line244
  L__Glcd_Line245
  L_end_Glcd_H_Line
  _Glcd_H_Line
  L_end_Glcd_V_Line
  _Glcd_V_Line
  L_end_Glcd_Circle
  _Glcd_Circle
  L__Glcd_Circle249
  L__Glcd_Circle250
  L__Glcd_Circle251
  L__Glcd_Circle252
  L__Glcd_Circle253
  L__Glcd_Circle254
  L_end_Glcd_Circle_Fill
  _Glcd_Circle_Fill
  L__Glcd_Circle_Fill256
  L__Glcd_Circle_Fill257
  L__Glcd_Circle_Fill258
  L__Glcd_Circle_Fill259
  L__Glcd_Circle_Fill260
  L__Glcd_Circle_Fill261
  L__Glcd_Circle_Fill262
  L__Glcd_Circle_Fill263
  L_end_Glcd_Image
  _Glcd_Image
  L_end_Glcd_Rectangle
  _Glcd_Rectangle
  L_end_Glcd_Rectangle_Round_Edges
  _Glcd_Rectangle_Round_Edges
  L__Glcd_Rectangle_Round_Edges267
  L__Glcd_Rectangle_Round_Edges268
  L__Glcd_Rectangle_Round_Edges269
  L__Glcd_Rectangle_Round_Edges270
  L__Glcd_Rectangle_Round_Edges271
  L__Glcd_Rectangle_Round_Edges272
  L__Glcd_Rectangle_Round_Edges273
  L__Glcd_Rectangle_Round_Edges274
  L__Glcd_Rectangle_Round_Edges275
  L_end_Glcd_Box
  _Glcd_Box
  L_end_Glcd_Rectangle_Round_Edges_Fill
  _Glcd_Rectangle_Round_Edges_Fill
  L__Glcd_Rectangle_Round_Edges_Fill278
  L__Glcd_Rectangle_Round_Edges_Fill279
  L__Glcd_Rectangle_Round_Edges_Fill280
  L__Glcd_Rectangle_Round_Edges_Fill281
  L__Glcd_Rectangle_Round_Edges_Fill282
  L__Glcd_Rectangle_Round_Edges_Fill283
  L__Glcd_Rectangle_Round_Edges_Fill284
  L__Glcd_Rectangle_Round_Edges_Fill285
  L__Glcd_Rectangle_Round_Edges_Fill286
  L__Glcd_Rectangle_Round_Edges_Fill287
  L_end_Glcd_PartialImage
  _Glcd_PartialImage
  L__Glcd_PartialImage289
  L__Glcd_PartialImage290
  L__Glcd_PartialImage291
  L__Glcd_PartialImage292
  L__Glcd_PartialImage293
  L__Glcd_PartialImage294
  L__Glcd_PartialImage295
  L__Glcd_PartialImage296
  L__Glcd_PartialImage297
  L__Glcd_PartialImage298
  L__Glcd_PartialImage299
  L__Glcd_PartialImage300
  L__Glcd_PartialImage301
  L__Glcd_PartialImage302
  L__Glcd_PartialImage303
  L__Glcd_PartialImage304
  L__Glcd_PartialImage305
  L__Glcd_PartialImage306
  L__Glcd_PartialImage307
  L__Glcd_PartialImage308
  L__Glcd_PartialImage309
  L__Glcd_PartialImage310
  L__Glcd_PartialImage311
  L__Glcd_PartialImage312
  L__Glcd_PartialImage313
  L__Glcd_PartialImage314
  L_end_Glcd_Set_Font_Adv
  _Glcd_Set_Font_Adv
  L_end__Glcd_Write_Char_Adv
  __Lib_Glcd__Glcd_Write_Char_Adv
  L___Lib_Glcd__Glcd_Write_Char_Adv317
  L___Lib_Glcd__Glcd_Write_Char_Adv318
  L___Lib_Glcd__Glcd_Write_Char_Adv319
  L___Lib_Glcd__Glcd_Write_Char_Adv320
  L_end__Glcd_Write_Char_Return_Pos
  __Lib_Glcd__Glcd_Write_Char_Return_Pos
  L___Lib_Glcd__Glcd_Write_Char_Return_Pos322
  L___Lib_Glcd__Glcd_Write_Char_Return_Pos323
  L_end_Glcd_Move_Cursor
  __Lib_Glcd_Glcd_Move_Cursor
  L_end_Glcd_Write_Text_Return_Pos
  _Glcd_Write_Text_Return_Pos
  L__Glcd_Write_Text_Return_Pos326
  L__Glcd_Write_Text_Return_Pos327
  L_end_Glcd_Write_Const_Text_Return_Pos
  _Glcd_Write_Const_Text_Return_Pos
  L__Glcd_Write_Const_Text_Return_Pos329
  L__Glcd_Write_Const_Text_Return_Pos330
  L_end_Glcd_Write_Char_Adv
  _Glcd_Write_Char_Adv
  L__Glcd_Write_Char_Adv332
  L__Glcd_Write_Char_Adv333
  L_end_Glcd_Write_Text_Adv
  _Glcd_Write_Text_Adv
  L__Glcd_Write_Text_Adv335
  L__Glcd_Write_Text_Adv336
  L_end_Glcd_Write_Const_Text_Adv
  _Glcd_Write_Const_Text_Adv
  L__Glcd_Write_Const_Text_Adv338
  L__Glcd_Write_Const_Text_Adv339
  L_Div_16x16_S0
  L_Div_16x16_S1
  LOOPS3232A
  SADD22LA
  SOK22LA
  SADD22L8
  SOK22L8
  LOOPS3232B
  SADD22LB
  SOK22LB
  SADD22L16
  SOK22L16
  LOOPS3232C
  SADD22LC
  SOK22LC
  SADD22L24
  SOK22L24
  LOOPS3232D
  SADD22LD
  SOK22LD
  SOK22L
  L_Div_32x32_S6
  L_Div_32x32_S7
  L_Div_32x32_S8
  L_Div_32x32_S9
  FXD3232S
  END_ALL
  CA3232S
  C3232SX
  C3232SX1
  C3232S
  C3232S2
  C3232SX4
  C3232SOK
  C3232SX3
  C3232SX2
  avoid_comfrem
  LOOPU3232A
  UADD22LA
  UOK22LA
  UADD22L8
  UOK22L8
  LOOPU3232B
  UADD22LB
  UOK22LB
  UADD22L16
  UOK22L16
  LOOPU3232C
  UADD22LC
  UOK22LC
  UADD22L24
  UOK22L24
  LOOPU3232D
  UADD22LD
  UOK22LD
  UOK22L
  _NEXT
  _EXIT2
  _LOOP
  _EXIT1
  _IF_FIRST
  _IF_SECOND
  _INVERCE_FIRST
  _MULT
  _INBERSE_SECOND
  _EXIT
  L_end_Mul_8x8_U
  _Mul_8x8_U
  L_end_Mul_16x16_U
  _Mul_16x16_U
  L_end_Div_8x8_U
  _Div_8x8_U
  L_end_Div_16x16_U
  _Div_16x16_U
  L_end_Mul_8x8_S
  _Mul_8x8_S
  L_end_Mul_16x16_S
  _Mul_16x16_S
  L_end_Div_16x16_S_L
  _Div_16x16_S_L
  L_end_Div_16x16_S
  _Div_16x16_S
  L_end_Div_8x8_S
  _Div_8x8_S
  L_end_SDIV3232L
  _SDIV3232L
  L_end_COMFREM
  _COMFREM
  L_end_Div_32x32_S
  _Div_32x32_S
  L_end_Div_32x32_U
  _Div_32x32_U
  L_end_Mul_32x32_U
  _Mul_32x32_U
  L_end_Mul_32x32_S
  _Mul_32x32_S
  L_loopCA2AWs
  L_CA2AWend
  _CCA2AW_Loop1
  L_loopCS2Ss
  L_CS2Send
  _CCS2S_Loop1
  L_CCS2Send
  L_loopFZinSWs
  L_FZinSend
  _CC2D_Loop1
  L_end_____DoICP
  _____DoICP
  L_end_____DoIFC
  _____DoIFC
  L_end___CA2AW
  ___CA2AW
  L_end___CCA2AW
  ___CCA2AW
  L_end___CS2S
  ___CS2S
  L_end___CCS2S
  ___CCS2S
  L_end___FZinS
  ___FZinS
  L_end___CC2DW
  ___CC2DW
  L_end_Swap
  _Swap
