;  LST file generated by mikroListExporter - v.2.0 
; Date/Time: 26-Aug-15 9:08:57 PM
;----------------------------------------------

;Address Opcode 	ASM
0x0000	0x2B13      	GOTO       787
_RES032:
;__Lib_MathDouble.c,123 :: 		
;__Lib_MathDouble.c,128 :: 		
0x0003	0x01F2      	CLRF       R2
;__Lib_MathDouble.c,129 :: 		
0x0004	0x01F1      	CLRF       R1
;__Lib_MathDouble.c,130 :: 		
0x0005	0x01F0      	CLRF       R0
;__Lib_MathDouble.c,131 :: 		
0x0006	0x01F8      	CLRF       R8
;__Lib_MathDouble.c,132 :: 		
0x0007	0x01F3      	CLRF       R3
;__Lib_MathDouble.c,133 :: 		
0x0008	0x3000      	MOVLW      0
;__Lib_MathDouble.c,135 :: 		
L_end_RES032:
0x0009	0x0008      	RETURN
; end of _RES032
_SETFUN32:
;__Lib_MathDouble.c,138 :: 		
;__Lib_MathDouble.c,145 :: 		
0x000A	0x157B      	BSF        R11, 2
;__Lib_MathDouble.c,146 :: 		
0x000B	0x1FFB      	BTFSS      R11, 7
;__Lib_MathDouble.c,147 :: 		
0x000C	0x2814      	GOTO       SETFUN32EEE
;__Lib_MathDouble.c,148 :: 		
0x000D	0x3001      	MOVLW      1
;__Lib_MathDouble.c,149 :: 		
0x000E	0x00F3      	MOVWF      R3
;__Lib_MathDouble.c,150 :: 		
0x000F	0x01F2      	CLRF       R2
;__Lib_MathDouble.c,151 :: 		
0x0010	0x01F1      	CLRF       R1
;__Lib_MathDouble.c,152 :: 		
0x0011	0x01F0      	CLRF       R0
;__Lib_MathDouble.c,153 :: 		
0x0012	0x0DFA      	RLF        R10, 1
;__Lib_MathDouble.c,154 :: 		
0x0013	0x0CF2      	RRF        R2, 1
;__Lib_MathDouble.c,155 :: 		
SETFUN32EEE:
;__Lib_MathDouble.c,156 :: 		
0x0014	0x30FF      	MOVLW      255
;__Lib_MathDouble.c,158 :: 		
L_end_SETFUN32:
0x0015	0x0008      	RETURN
; end of _SETFUN32
_Delay_50us:
;__Lib_Delays.c,19 :: 		void Delay_50us() {
;__Lib_Delays.c,20 :: 		Delay_us(50);
0x0016	0x3010      	MOVLW      16
0x0017	0x1283      	BCF        STATUS, 5
0x0018	0x1303      	BCF        STATUS, 6
0x0019	0x00FD      	MOVWF      R13
L_Delay_50us2:
0x001A	0x0BFD      	DECFSZ     R13, 1
0x001B	0x281A      	GOTO       L_Delay_50us2
0x001C	0x0000      	NOP
;__Lib_Delays.c,21 :: 		}
L_end_Delay_50us:
0x001D	0x0008      	RETURN
; end of _Delay_50us
_Delay_5500us:
;__Lib_Delays.c,31 :: 		void Delay_5500us() {
;__Lib_Delays.c,32 :: 		Delay_us(5500);
0x001E	0x3008      	MOVLW      8
0x001F	0x1283      	BCF        STATUS, 5
0x0020	0x1303      	BCF        STATUS, 6
0x0021	0x00FC      	MOVWF      R12
0x0022	0x3023      	MOVLW      35
0x0023	0x00FD      	MOVWF      R13
L_Delay_5500us5:
0x0024	0x0BFD      	DECFSZ     R13, 1
0x0025	0x2824      	GOTO       L_Delay_5500us5
0x0026	0x0BFC      	DECFSZ     R12, 1
0x0027	0x2824      	GOTO       L_Delay_5500us5
;__Lib_Delays.c,33 :: 		}
L_end_Delay_5500us:
0x0028	0x0008      	RETURN
; end of _Delay_5500us
_Delay_1us:
;__Lib_Delays.c,7 :: 		void Delay_1us() {
;__Lib_Delays.c,8 :: 		Delay_us(1);
0x0029	0x0000      	NOP
;__Lib_Delays.c,9 :: 		}
L_end_Delay_1us:
0x002A	0x0008      	RETURN
; end of _Delay_1us
_FIXSIGN32:
;__Lib_MathDouble.c,112 :: 		
;__Lib_MathDouble.c,116 :: 		
0x002B	0x1FFA      	BTFSS      R10, 7
;__Lib_MathDouble.c,117 :: 		
0x002C	0x13F2      	BCF        R2, 7
;__Lib_MathDouble.c,118 :: 		
0x002D	0x3000      	MOVLW      0
;__Lib_MathDouble.c,120 :: 		
L_end_FIXSIGN32:
0x002E	0x0008      	RETURN
; end of _FIXSIGN32
_Div_16x16_U:
;__Lib_Math.c,215 :: 		
;__Lib_Math.c,222 :: 		
0x002F	0x1283      	BCF        STATUS, 5
;__Lib_Math.c,223 :: 		
0x0030	0x1303      	BCF        STATUS, 6
;__Lib_Math.c,224 :: 		
0x0031	0x01F8      	CLRF       R8
;__Lib_Math.c,225 :: 		
0x0032	0x01F9      	CLRF       R9
;__Lib_Math.c,226 :: 		
0x0033	0x3010      	MOVLW      16
;__Lib_Math.c,227 :: 		
0x0034	0x00FC      	MOVWF      R12
;__Lib_Math.c,228 :: 		
0x0035	0x0D71      	RLF        R1, 0
;__Lib_Math.c,229 :: 		
0x0036	0x0DF8      	RLF        R8, 1
;__Lib_Math.c,230 :: 		
0x0037	0x0DF9      	RLF        R9, 1
;__Lib_Math.c,231 :: 		
0x0038	0x0874      	MOVF       R4, 0
;__Lib_Math.c,232 :: 		
0x0039	0x02F8      	SUBWF      R8, 1
;__Lib_Math.c,233 :: 		
0x003A	0x0875      	MOVF       R5, 0
;__Lib_Math.c,234 :: 		
0x003B	0x1C03      	BTFSS      STATUS, 0
;__Lib_Math.c,235 :: 		
0x003C	0x0F75      	INCFSZ     R5, 0
;__Lib_Math.c,236 :: 		
0x003D	0x02F9      	SUBWF      R9, 1
;__Lib_Math.c,237 :: 		
0x003E	0x1803      	BTFSC      STATUS, 0
;__Lib_Math.c,238 :: 		
0x003F	0x2847      	GOTO       $+8
;__Lib_Math.c,239 :: 		
0x0040	0x0874      	MOVF       R4, 0
;__Lib_Math.c,240 :: 		
0x0041	0x07F8      	ADDWF      R8, 1
;__Lib_Math.c,241 :: 		
0x0042	0x0875      	MOVF       R5, 0
;__Lib_Math.c,242 :: 		
0x0043	0x1803      	BTFSC      STATUS, 0
;__Lib_Math.c,243 :: 		
0x0044	0x0F75      	INCFSZ     R5, 0
;__Lib_Math.c,244 :: 		
0x0045	0x07F9      	ADDWF      R9, 1
;__Lib_Math.c,245 :: 		
0x0046	0x1003      	BCF        STATUS, 0
;__Lib_Math.c,246 :: 		
0x0047	0x0DF0      	RLF        R0, 1
;__Lib_Math.c,247 :: 		
0x0048	0x0DF1      	RLF        R1, 1
;__Lib_Math.c,248 :: 		
0x0049	0x0BFC      	DECFSZ     R12, 1
;__Lib_Math.c,249 :: 		
0x004A	0x2835      	GOTO       $-21
;__Lib_Math.c,251 :: 		
L_end_Div_16x16_U:
0x004B	0x0008      	RETURN
; end of _Div_16x16_U
_SETIOV3224:
;__Lib_MathDouble.c,1000 :: 		
;__Lib_MathDouble.c,1006 :: 		
0x004C	0x147B      	BSF        R11, 0
;__Lib_MathDouble.c,1007 :: 		
0x004D	0x1FFB      	BTFSS      R11, 7
;__Lib_MathDouble.c,1008 :: 		
0x004E	0x2857      	GOTO       SETIOV3224EEE
;__Lib_MathDouble.c,1010 :: 		
0x004F	0x01F2      	CLRF       R2
;__Lib_MathDouble.c,1011 :: 		
0x0050	0x1FFA      	BTFSS      R10, 7
;__Lib_MathDouble.c,1012 :: 		
0x0051	0x30FF      	MOVLW      255
;__Lib_MathDouble.c,1013 :: 		
0x0052	0x00F2      	MOVWF      R2
;__Lib_MathDouble.c,1014 :: 		
0x0053	0x00F1      	MOVWF      R1
;__Lib_MathDouble.c,1015 :: 		
0x0054	0x00F0      	MOVWF      R0
;__Lib_MathDouble.c,1016 :: 		
0x0055	0x0DFA      	RLF        R10, 1
;__Lib_MathDouble.c,1017 :: 		
0x0056	0x0CF2      	RRF        R2, 1
;__Lib_MathDouble.c,1018 :: 		
SETIOV3224EEE:
;__Lib_MathDouble.c,1019 :: 		
0x0057	0x30FF      	MOVLW      255
;__Lib_MathDouble.c,1021 :: 		
L_end_SETIOV3224:
0x0058	0x0008      	RETURN
; end of _SETIOV3224
_NRM3232:
;__Lib_MathDouble.c,167 :: 		
;__Lib_MathDouble.c,173 :: 		
;__Lib_MathDouble.c,175 :: 		
0x0059	0x01A0      	CLRF       __math_tempbD
;__Lib_MathDouble.c,176 :: 		
0x005A	0x0872      	MOVF       R2, 0
;__Lib_MathDouble.c,177 :: 		
0x005B	0x1D03      	BTFSS      STATUS, 2
;__Lib_MathDouble.c,178 :: 		
0x005C	0x286E      	GOTO       NORM3232
;__Lib_MathDouble.c,179 :: 		
0x005D	0x0871      	MOVF       R1, 0
;__Lib_MathDouble.c,180 :: 		
0x005E	0x00F2      	MOVWF      R2
;__Lib_MathDouble.c,181 :: 		
0x005F	0x0870      	MOVF       R0, 0
;__Lib_MathDouble.c,182 :: 		
0x0060	0x00F1      	MOVWF      R1
;__Lib_MathDouble.c,183 :: 		
0x0061	0x01F0      	CLRF       R0
;__Lib_MathDouble.c,184 :: 		
0x0062	0x15A0      	BSF        __math_tempbD, 3
;__Lib_MathDouble.c,186 :: 		
0x0063	0x0872      	MOVF       R2, 0
;__Lib_MathDouble.c,187 :: 		
0x0064	0x1D03      	BTFSS      STATUS, 2
;__Lib_MathDouble.c,188 :: 		
0x0065	0x286E      	GOTO       NORM3232
;__Lib_MathDouble.c,189 :: 		
0x0066	0x0871      	MOVF       R1, 0
;__Lib_MathDouble.c,190 :: 		
0x0067	0x00F2      	MOVWF      R2
;__Lib_MathDouble.c,191 :: 		
0x0068	0x01F1      	CLRF       R1
;__Lib_MathDouble.c,192 :: 		
0x0069	0x11A0      	BCF        __math_tempbD, 3
;__Lib_MathDouble.c,193 :: 		
0x006A	0x1620      	BSF        __math_tempbD, 4
;__Lib_MathDouble.c,195 :: 		
0x006B	0x0872      	MOVF       R2, 0
;__Lib_MathDouble.c,196 :: 		
0x006C	0x1903      	BTFSC      STATUS, 2
;__Lib_MathDouble.c,197 :: 		
0x006D	0x287C      	GOTO       JPNRES032
;__Lib_MathDouble.c,198 :: 		
NORM3232:
;__Lib_MathDouble.c,199 :: 		
0x006E	0x0820      	MOVF       __math_tempbD, 0
;__Lib_MathDouble.c,200 :: 		
0x006F	0x02F3      	SUBWF      R3, 1
;__Lib_MathDouble.c,201 :: 		
0x0070	0x1D03      	BTFSS      STATUS, 2
;__Lib_MathDouble.c,202 :: 		
0x0071	0x1C03      	BTFSS      STATUS, 0
;__Lib_MathDouble.c,203 :: 		
0x0072	0x2880      	GOTO       JPNSETFUN32
;__Lib_MathDouble.c,204 :: 		
0x0073	0x1003      	BCF        STATUS, 0
;__Lib_MathDouble.c,205 :: 		
NORM3232A:
;__Lib_MathDouble.c,206 :: 		
0x0074	0x1BF2      	BTFSC      R2, 7
;__Lib_MathDouble.c,207 :: 		
0x0075	0x2884      	GOTO       JMPNFIXSIGN32
;__Lib_MathDouble.c,208 :: 		
0x0076	0x0DF0      	RLF        R0, 1
;__Lib_MathDouble.c,209 :: 		
0x0077	0x0DF1      	RLF        R1, 1
;__Lib_MathDouble.c,210 :: 		
0x0078	0x0DF2      	RLF        R2, 1
;__Lib_MathDouble.c,211 :: 		
0x0079	0x0BF3      	DECFSZ     R3, 1
;__Lib_MathDouble.c,212 :: 		
0x007A	0x2874      	GOTO       NORM3232A
;__Lib_MathDouble.c,213 :: 		
0x007B	0x2880      	GOTO       JPNSETFUN32
;__Lib_MathDouble.c,214 :: 		
JPNRES032:
;__Lib_MathDouble.c,215 :: 		
0x007C	0x3001      	MOVLW      1
;__Lib_MathDouble.c,216 :: 		
0x007D	0x00FC      	MOVWF      R12
;__Lib_MathDouble.c,218 :: 		
0x007E	0x2003      	CALL       _RES032
;__Lib_MathDouble.c,220 :: 		
0x007F	0x2887      	GOTO       NORM32EEE
;__Lib_MathDouble.c,221 :: 		
JPNSETFUN32:
;__Lib_MathDouble.c,222 :: 		
0x0080	0x3002      	MOVLW      2
;__Lib_MathDouble.c,223 :: 		
0x0081	0x00FC      	MOVWF      R12
;__Lib_MathDouble.c,225 :: 		
0x0082	0x200A      	CALL       _SETFUN32
;__Lib_MathDouble.c,227 :: 		
0x0083	0x2887      	GOTO       NORM32EEE
;__Lib_MathDouble.c,228 :: 		
JMPNFIXSIGN32:
;__Lib_MathDouble.c,229 :: 		
0x0084	0x3004      	MOVLW      4
;__Lib_MathDouble.c,230 :: 		
0x0085	0x00FC      	MOVWF      R12
;__Lib_MathDouble.c,232 :: 		
0x0086	0x202B      	CALL       _FIXSIGN32
;__Lib_MathDouble.c,234 :: 		
NORM32EEE:
;__Lib_MathDouble.c,236 :: 		
L_end_NRM3232:
0x0087	0x0008      	RETURN
; end of _NRM3232
_SETFOV32:
;__Lib_MathDouble.c,79 :: 		
;__Lib_MathDouble.c,86 :: 		
0x0088	0x14FB      	BSF        R11, 1
;__Lib_MathDouble.c,87 :: 		
0x0089	0x1FFB      	BTFSS      R11, 7
;__Lib_MathDouble.c,88 :: 		
0x008A	0x2892      	GOTO       SETFOV32EEE
;__Lib_MathDouble.c,89 :: 		
0x008B	0x30FF      	MOVLW      255
;__Lib_MathDouble.c,90 :: 		
0x008C	0x00F3      	MOVWF      R3
;__Lib_MathDouble.c,91 :: 		
0x008D	0x00F2      	MOVWF      R2
;__Lib_MathDouble.c,92 :: 		
0x008E	0x00F1      	MOVWF      R1
;__Lib_MathDouble.c,93 :: 		
0x008F	0x00F0      	MOVWF      R0
;__Lib_MathDouble.c,94 :: 		
0x0090	0x0DFA      	RLF        R10, 1
;__Lib_MathDouble.c,95 :: 		
0x0091	0x0CF2      	RRF        R2, 1
;__Lib_MathDouble.c,96 :: 		
SETFOV32EEE:
;__Lib_MathDouble.c,97 :: 		
0x0092	0x30FF      	MOVLW      255
;__Lib_MathDouble.c,99 :: 		
L_end_SETFOV32:
0x0093	0x0008      	RETURN
; end of _SETFOV32
_Delay_22us:
;__Lib_Delays.c,15 :: 		void Delay_22us() {
;__Lib_Delays.c,16 :: 		Delay_us(22);
0x0094	0x3007      	MOVLW      7
0x0095	0x1283      	BCF        STATUS, 5
0x0096	0x1303      	BCF        STATUS, 6
0x0097	0x00FD      	MOVWF      R13
L_Delay_22us1:
0x0098	0x0BFD      	DECFSZ     R13, 1
0x0099	0x2898      	GOTO       L_Delay_22us1
;__Lib_Delays.c,17 :: 		}
L_end_Delay_22us:
0x009A	0x0008      	RETURN
; end of _Delay_22us
_____DoICP:
;__Lib_System.c,6 :: 		
;__Lib_System.c,9 :: 		
0x009B	0x1283      	BCF        STATUS, 5
0x009C	0x1303      	BCF        STATUS, 6
0x009D	0x0823      	MOVF       ___DoICPAddr+1, 0
0x009E	0x008A      	MOVWF      PCLATH
;__Lib_System.c,10 :: 		
0x009F	0x0822      	MOVF       ___DoICPAddr, 0
0x00A0	0x0082      	MOVWF      PCL
;__Lib_System.c,12 :: 		
L_end_____DoICP:
0x00A1	0x0008      	RETURN
; end of _____DoICP
_WordToStr:
;__Lib_Conversions.c,84 :: 		
;__Lib_Conversions.c,89 :: 		
0x00A2	0x1283      	BCF        STATUS, 5
0x00A3	0x1303      	BCF        STATUS, 6
0x00A4	0x01B9      	CLRF       WordToStr_len_L0
L_WordToStr6:
0x00A5	0x3005      	MOVLW      5
0x00A6	0x0239      	SUBWF      WordToStr_len_L0, 0
0x00A7	0x1803      	BTFSC      STATUS, 0
0x00A8	0x28B0      	GOTO       L_WordToStr7
;__Lib_Conversions.c,90 :: 		
0x00A9	0x0839      	MOVF       WordToStr_len_L0, 0
0x00AA	0x0738      	ADDWF      FARG_WordToStr_output, 0
0x00AB	0x0084      	MOVWF      FSR
0x00AC	0x3020      	MOVLW      32
0x00AD	0x0080      	MOVWF      INDF
;__Lib_Conversions.c,89 :: 		
0x00AE	0x0AB9      	INCF       WordToStr_len_L0, 1
;__Lib_Conversions.c,90 :: 		
0x00AF	0x28A5      	GOTO       L_WordToStr6
L_WordToStr7:
;__Lib_Conversions.c,91 :: 		
0x00B0	0x0839      	MOVF       WordToStr_len_L0, 0
0x00B1	0x0738      	ADDWF      FARG_WordToStr_output, 0
0x00B2	0x0084      	MOVWF      FSR
0x00B3	0x0180      	CLRF       INDF
0x00B4	0x03B9      	DECF       WordToStr_len_L0, 1
;__Lib_Conversions.c,93 :: 		
L_WordToStr9:
;__Lib_Conversions.c,94 :: 		
0x00B5	0x0839      	MOVF       WordToStr_len_L0, 0
0x00B6	0x0738      	ADDWF      FARG_WordToStr_output, 0
0x00B7	0x00BA      	MOVWF      FLOC__WordToStr
0x00B8	0x300A      	MOVLW      10
0x00B9	0x00F4      	MOVWF      R4
0x00BA	0x01F5      	CLRF       R4+1
0x00BB	0x0836      	MOVF       FARG_WordToStr_input, 0
0x00BC	0x00F0      	MOVWF      R0
0x00BD	0x0837      	MOVF       FARG_WordToStr_input+1, 0
0x00BE	0x00F1      	MOVWF      R0+1
0x00BF	0x202F      	CALL       _Div_16x16_U
0x00C0	0x0878      	MOVF       R8, 0
0x00C1	0x00F0      	MOVWF      R0
0x00C2	0x0879      	MOVF       R8+1, 0
0x00C3	0x00F1      	MOVWF      R0+1
0x00C4	0x3030      	MOVLW      48
0x00C5	0x07F0      	ADDWF      R0, 1
0x00C6	0x083A      	MOVF       FLOC__WordToStr, 0
0x00C7	0x0084      	MOVWF      FSR
0x00C8	0x0870      	MOVF       R0, 0
0x00C9	0x0080      	MOVWF      INDF
;__Lib_Conversions.c,95 :: 		
0x00CA	0x300A      	MOVLW      10
0x00CB	0x00F4      	MOVWF      R4
0x00CC	0x01F5      	CLRF       R4+1
0x00CD	0x0836      	MOVF       FARG_WordToStr_input, 0
0x00CE	0x00F0      	MOVWF      R0
0x00CF	0x0837      	MOVF       FARG_WordToStr_input+1, 0
0x00D0	0x00F1      	MOVWF      R0+1
0x00D1	0x202F      	CALL       _Div_16x16_U
0x00D2	0x0870      	MOVF       R0, 0
0x00D3	0x00B6      	MOVWF      FARG_WordToStr_input
0x00D4	0x0871      	MOVF       R0+1, 0
0x00D5	0x00B7      	MOVWF      FARG_WordToStr_input+1
;__Lib_Conversions.c,96 :: 		
0x00D6	0x3000      	MOVLW      0
0x00D7	0x0671      	XORWF      R0+1, 0
0x00D8	0x1D03      	BTFSS      STATUS, 2
0x00D9	0x28DC      	GOTO       L__WordToStr109
0x00DA	0x3000      	MOVLW      0
0x00DB	0x0670      	XORWF      R0, 0
L__WordToStr109:
0x00DC	0x1D03      	BTFSS      STATUS, 2
0x00DD	0x28DF      	GOTO       L_WordToStr11
;__Lib_Conversions.c,97 :: 		
0x00DE	0x28E1      	GOTO       L_WordToStr10
L_WordToStr11:
;__Lib_Conversions.c,98 :: 		
0x00DF	0x03B9      	DECF       WordToStr_len_L0, 1
;__Lib_Conversions.c,99 :: 		
0x00E0	0x28B5      	GOTO       L_WordToStr9
L_WordToStr10:
;__Lib_Conversions.c,100 :: 		
L_end_WordToStr:
0x00E1	0x0008      	RETURN
; end of _WordToStr
_Lcd_Cmd:
;__Lib_Lcd.c,18 :: 		
;__Lib_Lcd.c,20 :: 		
0x00E2	0x1283      	BCF        STATUS, 5
0x00E3	0x1303      	BCF        STATUS, 6
0x00E4	0x1BB6      	BTFSC      FARG_Lcd_Cmd_out_char, 7
0x00E5	0x28E8      	GOTO       L__Lcd_Cmd21
0x00E6	0x1186      	BCF        LCD_D7, BitPos(LCD_D7+0)
0x00E7	0x28E9      	GOTO       L__Lcd_Cmd22
L__Lcd_Cmd21:
0x00E8	0x1586      	BSF        LCD_D7, BitPos(LCD_D7+0)
L__Lcd_Cmd22:
;__Lib_Lcd.c,21 :: 		
0x00E9	0x1B36      	BTFSC      FARG_Lcd_Cmd_out_char, 6
0x00EA	0x28ED      	GOTO       L__Lcd_Cmd23
0x00EB	0x1106      	BCF        LCD_D6, BitPos(LCD_D6+0)
0x00EC	0x28EE      	GOTO       L__Lcd_Cmd24
L__Lcd_Cmd23:
0x00ED	0x1506      	BSF        LCD_D6, BitPos(LCD_D6+0)
L__Lcd_Cmd24:
;__Lib_Lcd.c,22 :: 		
0x00EE	0x1AB6      	BTFSC      FARG_Lcd_Cmd_out_char, 5
0x00EF	0x28F2      	GOTO       L__Lcd_Cmd25
0x00F0	0x1086      	BCF        LCD_D5, BitPos(LCD_D5+0)
0x00F1	0x28F3      	GOTO       L__Lcd_Cmd26
L__Lcd_Cmd25:
0x00F2	0x1486      	BSF        LCD_D5, BitPos(LCD_D5+0)
L__Lcd_Cmd26:
;__Lib_Lcd.c,23 :: 		
0x00F3	0x1A36      	BTFSC      FARG_Lcd_Cmd_out_char, 4
0x00F4	0x28F7      	GOTO       L__Lcd_Cmd27
0x00F5	0x1006      	BCF        LCD_D4, BitPos(LCD_D4+0)
0x00F6	0x28F8      	GOTO       L__Lcd_Cmd28
L__Lcd_Cmd27:
0x00F7	0x1406      	BSF        LCD_D4, BitPos(LCD_D4+0)
L__Lcd_Cmd28:
;__Lib_Lcd.c,25 :: 		
0x00F8	0x1821      	BTFSC      __Lib_Lcd_cmd_status, BitPos(__Lib_Lcd_cmd_status+0)
0x00F9	0x28FC      	GOTO       L__Lcd_Cmd29
0x00FA	0x1606      	BSF        LCD_RS, BitPos(LCD_RS+0)
0x00FB	0x28FD      	GOTO       L__Lcd_Cmd30
L__Lcd_Cmd29:
0x00FC	0x1206      	BCF        LCD_RS, BitPos(LCD_RS+0)
L__Lcd_Cmd30:
;__Lib_Lcd.c,28 :: 		
0x00FD	0x1686      	BSF        LCD_EN, BitPos(LCD_EN+0)
;__Lib_Lcd.c,29 :: 		
0x00FE	0x2029      	CALL       _Delay_1us
;__Lib_Lcd.c,30 :: 		
0x00FF	0x1286      	BCF        LCD_EN, BitPos(LCD_EN+0)
;__Lib_Lcd.c,33 :: 		
0x0100	0x19B6      	BTFSC      FARG_Lcd_Cmd_out_char, 3
0x0101	0x2904      	GOTO       L__Lcd_Cmd31
0x0102	0x1186      	BCF        LCD_D7, BitPos(LCD_D7+0)
0x0103	0x2905      	GOTO       L__Lcd_Cmd32
L__Lcd_Cmd31:
0x0104	0x1586      	BSF        LCD_D7, BitPos(LCD_D7+0)
L__Lcd_Cmd32:
;__Lib_Lcd.c,34 :: 		
0x0105	0x1936      	BTFSC      FARG_Lcd_Cmd_out_char, 2
0x0106	0x2909      	GOTO       L__Lcd_Cmd33
0x0107	0x1106      	BCF        LCD_D6, BitPos(LCD_D6+0)
0x0108	0x290A      	GOTO       L__Lcd_Cmd34
L__Lcd_Cmd33:
0x0109	0x1506      	BSF        LCD_D6, BitPos(LCD_D6+0)
L__Lcd_Cmd34:
;__Lib_Lcd.c,35 :: 		
0x010A	0x18B6      	BTFSC      FARG_Lcd_Cmd_out_char, 1
0x010B	0x290E      	GOTO       L__Lcd_Cmd35
0x010C	0x1086      	BCF        LCD_D5, BitPos(LCD_D5+0)
0x010D	0x290F      	GOTO       L__Lcd_Cmd36
L__Lcd_Cmd35:
0x010E	0x1486      	BSF        LCD_D5, BitPos(LCD_D5+0)
L__Lcd_Cmd36:
;__Lib_Lcd.c,36 :: 		
0x010F	0x1836      	BTFSC      FARG_Lcd_Cmd_out_char, 0
0x0110	0x2913      	GOTO       L__Lcd_Cmd37
0x0111	0x1006      	BCF        LCD_D4, BitPos(LCD_D4+0)
0x0112	0x2914      	GOTO       L__Lcd_Cmd38
L__Lcd_Cmd37:
0x0113	0x1406      	BSF        LCD_D4, BitPos(LCD_D4+0)
L__Lcd_Cmd38:
;__Lib_Lcd.c,38 :: 		
0x0114	0x1821      	BTFSC      __Lib_Lcd_cmd_status, BitPos(__Lib_Lcd_cmd_status+0)
0x0115	0x2918      	GOTO       L__Lcd_Cmd39
0x0116	0x1606      	BSF        LCD_RS, BitPos(LCD_RS+0)
0x0117	0x2919      	GOTO       L__Lcd_Cmd40
L__Lcd_Cmd39:
0x0118	0x1206      	BCF        LCD_RS, BitPos(LCD_RS+0)
L__Lcd_Cmd40:
;__Lib_Lcd.c,40 :: 		
0x0119	0x1686      	BSF        LCD_EN, BitPos(LCD_EN+0)
;__Lib_Lcd.c,41 :: 		
0x011A	0x2029      	CALL       _Delay_1us
;__Lib_Lcd.c,42 :: 		
0x011B	0x1286      	BCF        LCD_EN, BitPos(LCD_EN+0)
;__Lib_Lcd.c,44 :: 		
0x011C	0x1C21      	BTFSS      __Lib_Lcd_cmd_status, BitPos(__Lib_Lcd_cmd_status+0)
0x011D	0x2920      	GOTO       L_Lcd_Cmd0
;__Lib_Lcd.c,45 :: 		
0x011E	0x201E      	CALL       _Delay_5500us
0x011F	0x2921      	GOTO       L_Lcd_Cmd1
L_Lcd_Cmd0:
;__Lib_Lcd.c,47 :: 		
0x0120	0x2016      	CALL       _Delay_50us
L_Lcd_Cmd1:
;__Lib_Lcd.c,48 :: 		
L_end_Lcd_Cmd:
0x0121	0x0008      	RETURN
; end of _Lcd_Cmd
_IntToStr:
;__Lib_Conversions.c,146 :: 		
;__Lib_Conversions.c,152 :: 		
0x0122	0x1283      	BCF        STATUS, 5
0x0123	0x1303      	BCF        STATUS, 6
0x0124	0x01B2      	CLRF       IntToStr_negative_L0
0x0125	0x01B3      	CLRF       IntToStr_negative_L0+1
;__Lib_Conversions.c,153 :: 		
0x0126	0x082D      	MOVF       FARG_IntToStr_input, 0
0x0127	0x00B4      	MOVWF      IntToStr_inword_L0
0x0128	0x082E      	MOVF       FARG_IntToStr_input+1, 0
0x0129	0x00B5      	MOVWF      IntToStr_inword_L0+1
;__Lib_Conversions.c,154 :: 		
0x012A	0x3080      	MOVLW      128
0x012B	0x062E      	XORWF      FARG_IntToStr_input+1, 0
0x012C	0x00F0      	MOVWF      R0
0x012D	0x3080      	MOVLW      128
0x012E	0x0270      	SUBWF      R0, 0
0x012F	0x1D03      	BTFSS      STATUS, 2
0x0130	0x2933      	GOTO       L__IntToStr115
0x0131	0x3000      	MOVLW      0
0x0132	0x022D      	SUBWF      FARG_IntToStr_input, 0
L__IntToStr115:
0x0133	0x1803      	BTFSC      STATUS, 0
0x0134	0x2941      	GOTO       L_IntToStr23
;__Lib_Conversions.c,155 :: 		
0x0135	0x3001      	MOVLW      1
0x0136	0x00B2      	MOVWF      IntToStr_negative_L0
0x0137	0x3000      	MOVLW      0
0x0138	0x00B3      	MOVWF      IntToStr_negative_L0+1
;__Lib_Conversions.c,156 :: 		
0x0139	0x082D      	MOVF       FARG_IntToStr_input, 0
0x013A	0x3C00      	SUBLW      0
0x013B	0x00B4      	MOVWF      IntToStr_inword_L0
0x013C	0x082E      	MOVF       FARG_IntToStr_input+1, 0
0x013D	0x1C03      	BTFSS      STATUS, 0
0x013E	0x3E01      	ADDLW      1
0x013F	0x01B5      	CLRF       IntToStr_inword_L0+1
0x0140	0x02B5      	SUBWF      IntToStr_inword_L0+1, 1
;__Lib_Conversions.c,157 :: 		
L_IntToStr23:
;__Lib_Conversions.c,158 :: 		
0x0141	0x0834      	MOVF       IntToStr_inword_L0, 0
0x0142	0x00B6      	MOVWF      FARG_WordToStr_input
0x0143	0x0835      	MOVF       IntToStr_inword_L0+1, 0
0x0144	0x00B7      	MOVWF      FARG_WordToStr_input+1
0x0145	0x082F      	MOVF       FARG_IntToStr_output, 0
0x0146	0x00B8      	MOVWF      FARG_WordToStr_output
0x0147	0x20A2      	CALL       _WordToStr
;__Lib_Conversions.c,160 :: 		
0x0148	0x3006      	MOVLW      6
0x0149	0x00B0      	MOVWF      IntToStr_i_L0
0x014A	0x3000      	MOVLW      0
0x014B	0x00B1      	MOVWF      IntToStr_i_L0+1
;__Lib_Conversions.c,161 :: 		
L_IntToStr24:
0x014C	0x0831      	MOVF       IntToStr_i_L0+1, 0
0x014D	0x3C00      	SUBLW      0
0x014E	0x1D03      	BTFSS      STATUS, 2
0x014F	0x2952      	GOTO       L__IntToStr116
0x0150	0x0830      	MOVF       IntToStr_i_L0, 0
0x0151	0x3C00      	SUBLW      0
L__IntToStr116:
0x0152	0x1803      	BTFSC      STATUS, 0
0x0153	0x296D      	GOTO       L_IntToStr25
;__Lib_Conversions.c,162 :: 		
0x0154	0x0830      	MOVF       IntToStr_i_L0, 0
0x0155	0x072F      	ADDWF      FARG_IntToStr_output, 0
0x0156	0x00F2      	MOVWF      R2
0x0157	0x3001      	MOVLW      1
0x0158	0x0230      	SUBWF      IntToStr_i_L0, 0
0x0159	0x00F0      	MOVWF      R0
0x015A	0x3000      	MOVLW      0
0x015B	0x1C03      	BTFSS      STATUS, 0
0x015C	0x3E01      	ADDLW      1
0x015D	0x0231      	SUBWF      IntToStr_i_L0+1, 0
0x015E	0x00F1      	MOVWF      R0+1
0x015F	0x0870      	MOVF       R0, 0
0x0160	0x072F      	ADDWF      FARG_IntToStr_output, 0
0x0161	0x0084      	MOVWF      FSR
0x0162	0x0800      	MOVF       INDF, 0
0x0163	0x00F0      	MOVWF      R0
0x0164	0x0872      	MOVF       R2, 0
0x0165	0x0084      	MOVWF      FSR
0x0166	0x0870      	MOVF       R0, 0
0x0167	0x0080      	MOVWF      INDF
;__Lib_Conversions.c,163 :: 		
0x0168	0x3001      	MOVLW      1
0x0169	0x02B0      	SUBWF      IntToStr_i_L0, 1
0x016A	0x1C03      	BTFSS      STATUS, 0
0x016B	0x03B1      	DECF       IntToStr_i_L0+1, 1
;__Lib_Conversions.c,164 :: 		
0x016C	0x294C      	GOTO       L_IntToStr24
L_IntToStr25:
;__Lib_Conversions.c,165 :: 		
0x016D	0x082F      	MOVF       FARG_IntToStr_output, 0
0x016E	0x0084      	MOVWF      FSR
0x016F	0x3020      	MOVLW      32
0x0170	0x0080      	MOVWF      INDF
;__Lib_Conversions.c,166 :: 		
0x0171	0x0832      	MOVF       IntToStr_negative_L0, 0
0x0172	0x0433      	IORWF      IntToStr_negative_L0+1, 0
0x0173	0x1903      	BTFSC      STATUS, 2
0x0174	0x298B      	GOTO       L_IntToStr26
;__Lib_Conversions.c,167 :: 		
0x0175	0x01B0      	CLRF       IntToStr_i_L0
0x0176	0x01B1      	CLRF       IntToStr_i_L0+1
;__Lib_Conversions.c,168 :: 		
L_IntToStr27:
0x0177	0x0830      	MOVF       IntToStr_i_L0, 0
0x0178	0x072F      	ADDWF      FARG_IntToStr_output, 0
0x0179	0x0084      	MOVWF      FSR
0x017A	0x0800      	MOVF       INDF, 0
0x017B	0x3A20      	XORLW      32
0x017C	0x1D03      	BTFSS      STATUS, 2
0x017D	0x2982      	GOTO       L_IntToStr28
0x017E	0x0AB0      	INCF       IntToStr_i_L0, 1
0x017F	0x1903      	BTFSC      STATUS, 2
0x0180	0x0AB1      	INCF       IntToStr_i_L0+1, 1
0x0181	0x2977      	GOTO       L_IntToStr27
L_IntToStr28:
;__Lib_Conversions.c,169 :: 		
0x0182	0x3001      	MOVLW      1
0x0183	0x02B0      	SUBWF      IntToStr_i_L0, 1
0x0184	0x1C03      	BTFSS      STATUS, 0
0x0185	0x03B1      	DECF       IntToStr_i_L0+1, 1
;__Lib_Conversions.c,170 :: 		
0x0186	0x0830      	MOVF       IntToStr_i_L0, 0
0x0187	0x072F      	ADDWF      FARG_IntToStr_output, 0
0x0188	0x0084      	MOVWF      FSR
0x0189	0x302D      	MOVLW      45
0x018A	0x0080      	MOVWF      INDF
L_IntToStr26:
;__Lib_Conversions.c,171 :: 		
L_end_IntToStr:
0x018B	0x0008      	RETURN
; end of _IntToStr
___CC2DW:
;__Lib_System.c,134 :: 		
;__Lib_System.c,137 :: 		
_CC2D_Loop1:
;__Lib_System.c,139 :: 		
0x018C	0x209B      	CALL       _____DoICP
0x018D	0x118A      	BCF        PCLATH, 3
0x018E	0x120A      	BCF        PCLATH, 4
;__Lib_System.c,141 :: 		
0x018F	0x0080      	MOVWF      INDF
;__Lib_System.c,142 :: 		
0x0190	0x0A84      	INCF       FSR, 1
;__Lib_System.c,143 :: 		
0x0191	0x0AA2      	INCF       ___DoICPAddr, 1
;__Lib_System.c,145 :: 		
0x0192	0x1903      	BTFSC      STATUS, 2
;__Lib_System.c,146 :: 		
0x0193	0x0AA3      	INCF       ___DoICPAddr+1, 1
;__Lib_System.c,147 :: 		
0x0194	0x03F0      	DECF       R0, 1
;__Lib_System.c,149 :: 		
0x0195	0x1D03      	BTFSS      STATUS, 2
;__Lib_System.c,150 :: 		
0x0196	0x298C      	GOTO       _CC2D_Loop1
;__Lib_System.c,152 :: 		
L_end___CC2DW:
0x0197	0x0008      	RETURN
; end of ___CC2DW
_Double2Int:
;__Lib_MathDouble.c,1391 :: 		
;__Lib_MathDouble.c,1399 :: 		
0x0198	0x1283      	BCF        STATUS, 5
;__Lib_MathDouble.c,1400 :: 		
0x0199	0x1303      	BCF        STATUS, 6
;__Lib_MathDouble.c,1402 :: 		
0x019A	0x01FB      	CLRF       R11
;__Lib_MathDouble.c,1403 :: 		
0x019B	0x0873      	MOVF       R3, 0
;__Lib_MathDouble.c,1404 :: 		
0x019C	0x1903      	BTFSC      STATUS, 2
;__Lib_MathDouble.c,1405 :: 		
0x019D	0x29D5      	GOTO       IRES016
;__Lib_MathDouble.c,1407 :: 		
0x019E	0x0872      	MOVF       R2, 0
;__Lib_MathDouble.c,1408 :: 		
0x019F	0x00FA      	MOVWF      R10
;__Lib_MathDouble.c,1409 :: 		
0x01A0	0x17F2      	BSF        R2, 7
;__Lib_MathDouble.c,1411 :: 		
0x01A1	0x308E      	MOVLW      142
;__Lib_MathDouble.c,1412 :: 		
0x01A2	0x02F3      	SUBWF      R3, 1
;__Lib_MathDouble.c,1413 :: 		
0x01A3	0x1FF3      	BTFSS      R3, 7
;__Lib_MathDouble.c,1414 :: 		
0x01A4	0x29D8      	GOTO       SETIOV16
;__Lib_MathDouble.c,1415 :: 		
0x01A5	0x09F3      	COMF       R3, 1
;__Lib_MathDouble.c,1416 :: 		
0x01A6	0x0AF3      	INCF       R3, 1
;__Lib_MathDouble.c,1418 :: 		
0x01A7	0x3008      	MOVLW      8
;__Lib_MathDouble.c,1419 :: 		
0x01A8	0x0273      	SUBWF      R3, 0
;__Lib_MathDouble.c,1420 :: 		
0x01A9	0x1C03      	BTFSS      STATUS, 0
;__Lib_MathDouble.c,1421 :: 		
0x01AA	0x29BB      	GOTO       TSHIFT3216
;__Lib_MathDouble.c,1422 :: 		
0x01AB	0x00F3      	MOVWF      R3
;__Lib_MathDouble.c,1423 :: 		
0x01AC	0x0DF1      	RLF        R1, 1
;__Lib_MathDouble.c,1424 :: 		
0x01AD	0x0872      	MOVF       R2, 0
;__Lib_MathDouble.c,1425 :: 		
0x01AE	0x00F1      	MOVWF      R1
;__Lib_MathDouble.c,1426 :: 		
0x01AF	0x01F2      	CLRF       R2
;__Lib_MathDouble.c,1428 :: 		
0x01B0	0x3008      	MOVLW      8
;__Lib_MathDouble.c,1429 :: 		
0x01B1	0x0273      	SUBWF      R3, 0
;__Lib_MathDouble.c,1430 :: 		
0x01B2	0x1C03      	BTFSS      STATUS, 0
;__Lib_MathDouble.c,1431 :: 		
0x01B3	0x29BB      	GOTO       TSHIFT3216
;__Lib_MathDouble.c,1432 :: 		
0x01B4	0x00F3      	MOVWF      R3
;__Lib_MathDouble.c,1433 :: 		
0x01B5	0x0DF1      	RLF        R1, 1
;__Lib_MathDouble.c,1434 :: 		
0x01B6	0x01F1      	CLRF       R1
;__Lib_MathDouble.c,1436 :: 		
0x01B7	0x0873      	MOVF       R3, 0
;__Lib_MathDouble.c,1437 :: 		
0x01B8	0x1D03      	BTFSS      STATUS, 2
;__Lib_MathDouble.c,1438 :: 		
0x01B9	0x1003      	BCF        STATUS, 0
;__Lib_MathDouble.c,1439 :: 		
0x01BA	0x29C3      	GOTO       SHIFT3216OK
;__Lib_MathDouble.c,1440 :: 		
TSHIFT3216:
;__Lib_MathDouble.c,1441 :: 		
0x01BB	0x0873      	MOVF       R3, 0
;__Lib_MathDouble.c,1442 :: 		
0x01BC	0x1903      	BTFSC      STATUS, 2
;__Lib_MathDouble.c,1443 :: 		
0x01BD	0x29C3      	GOTO       SHIFT3216OK
;__Lib_MathDouble.c,1444 :: 		
SHIFT3216:
;__Lib_MathDouble.c,1445 :: 		
0x01BE	0x1003      	BCF        STATUS, 0
;__Lib_MathDouble.c,1446 :: 		
0x01BF	0x0CF2      	RRF        R2, 1
;__Lib_MathDouble.c,1447 :: 		
0x01C0	0x0CF1      	RRF        R1, 1
;__Lib_MathDouble.c,1448 :: 		
0x01C1	0x0BF3      	DECFSZ     R3, 1
;__Lib_MathDouble.c,1449 :: 		
0x01C2	0x29BE      	GOTO       SHIFT3216
;__Lib_MathDouble.c,1450 :: 		
SHIFT3216OK:
;__Lib_MathDouble.c,1451 :: 		
0x01C3	0x1B7B      	BTFSC      R11, 6
;__Lib_MathDouble.c,1452 :: 		
0x01C4	0x1C71      	BTFSS      R1, 0
;__Lib_MathDouble.c,1453 :: 		
0x01C5	0x29CD      	GOTO       INT3216OK
;__Lib_MathDouble.c,1454 :: 		
0x01C6	0x1C03      	BTFSS      STATUS, 0
;__Lib_MathDouble.c,1455 :: 		
0x01C7	0x29CD      	GOTO       INT3216OK
;__Lib_MathDouble.c,1456 :: 		
0x01C8	0x0AF1      	INCF       R1, 1
;__Lib_MathDouble.c,1457 :: 		
0x01C9	0x1903      	BTFSC      STATUS, 2
;__Lib_MathDouble.c,1458 :: 		
0x01CA	0x0AF2      	INCF       R2, 1
;__Lib_MathDouble.c,1459 :: 		
0x01CB	0x1BF2      	BTFSC      R2, 7
;__Lib_MathDouble.c,1460 :: 		
0x01CC	0x29E4      	GOTO       JPJSETIOV3224
;__Lib_MathDouble.c,1461 :: 		
INT3216OK:
;__Lib_MathDouble.c,1462 :: 		
0x01CD	0x1FFA      	BTFSS      R10, 7
;__Lib_MathDouble.c,1463 :: 		
0x01CE	0x29E7      	GOTO       INT3216EOK
;__Lib_MathDouble.c,1465 :: 		
0x01CF	0x09F2      	COMF       R2, 1
;__Lib_MathDouble.c,1466 :: 		
0x01D0	0x09F1      	COMF       R1, 1
;__Lib_MathDouble.c,1467 :: 		
0x01D1	0x0AF1      	INCF       R1, 1
;__Lib_MathDouble.c,1468 :: 		
0x01D2	0x1903      	BTFSC      STATUS, 2
;__Lib_MathDouble.c,1469 :: 		
0x01D3	0x0AF2      	INCF       R2, 1
;__Lib_MathDouble.c,1470 :: 		
0x01D4	0x29E7      	GOTO       INT3216EOK
;__Lib_MathDouble.c,1472 :: 		
IRES016:
;__Lib_MathDouble.c,1473 :: 		
0x01D5	0x01F2      	CLRF       R2
;__Lib_MathDouble.c,1474 :: 		
0x01D6	0x01F1      	CLRF       R1
;__Lib_MathDouble.c,1475 :: 		
0x01D7	0x29E7      	GOTO       INT3216EOK
;__Lib_MathDouble.c,1476 :: 		
SETIOV16:
;__Lib_MathDouble.c,1477 :: 		
0x01D8	0x147B      	BSF        R11, 0
;__Lib_MathDouble.c,1478 :: 		
0x01D9	0x1FFB      	BTFSS      R11, 7
;__Lib_MathDouble.c,1479 :: 		
0x01DA	0x29EA      	GOTO       INT3216EER
;__Lib_MathDouble.c,1481 :: 		
0x01DB	0x01F2      	CLRF       R2
;__Lib_MathDouble.c,1482 :: 		
0x01DC	0x1FFA      	BTFSS      R10, 7
;__Lib_MathDouble.c,1483 :: 		
0x01DD	0x29EA      	GOTO       INT3216EER
;__Lib_MathDouble.c,1484 :: 		
0x01DE	0x30FF      	MOVLW      255
;__Lib_MathDouble.c,1485 :: 		
0x01DF	0x00F2      	MOVWF      R2
;__Lib_MathDouble.c,1486 :: 		
0x01E0	0x00F1      	MOVWF      R1
;__Lib_MathDouble.c,1487 :: 		
0x01E1	0x0DFA      	RLF        R10, 1
;__Lib_MathDouble.c,1488 :: 		
0x01E2	0x0CF2      	RRF        R2, 1
;__Lib_MathDouble.c,1489 :: 		
0x01E3	0x29EA      	GOTO       INT3216EER
;__Lib_MathDouble.c,1491 :: 		
JPJSETIOV3224:
;__Lib_MathDouble.c,1492 :: 		
0x01E4	0x3001      	MOVLW      1
;__Lib_MathDouble.c,1493 :: 		
0x01E5	0x00FC      	MOVWF      R12
;__Lib_MathDouble.c,1494 :: 		
0x01E6	0x29EC      	GOTO       INT3216EEE
;__Lib_MathDouble.c,1495 :: 		
INT3216EOK:
;__Lib_MathDouble.c,1496 :: 		
0x01E7	0x3000      	MOVLW      0
;__Lib_MathDouble.c,1497 :: 		
0x01E8	0x00FC      	MOVWF      R12
;__Lib_MathDouble.c,1498 :: 		
0x01E9	0x29EC      	GOTO       INT3216EEE
;__Lib_MathDouble.c,1499 :: 		
INT3216EER:
;__Lib_MathDouble.c,1500 :: 		
0x01EA	0x30FF      	MOVLW      255
;__Lib_MathDouble.c,1501 :: 		
0x01EB	0x00FC      	MOVWF      R12
;__Lib_MathDouble.c,1502 :: 		
INT3216EEE:
;__Lib_MathDouble.c,1505 :: 		
0x01EC	0x08FC      	MOVF       R12, 1
;__Lib_MathDouble.c,1507 :: 		
0x01ED	0x1903      	BTFSC      STATUS, 2
;__Lib_MathDouble.c,1508 :: 		
0x01EE	0x29F0      	GOTO       L_Double2Int_0
;__Lib_MathDouble.c,1510 :: 		
0x01EF	0x204C      	CALL       _SETIOV3224
;__Lib_MathDouble.c,1512 :: 		
L_Double2Int_0:
;__Lib_MathDouble.c,1513 :: 		
0x01F0	0x0871      	MOVF       R1, 0
;__Lib_MathDouble.c,1514 :: 		
0x01F1	0x00F0      	MOVWF      R0
;__Lib_MathDouble.c,1515 :: 		
0x01F2	0x0872      	MOVF       R2, 0
;__Lib_MathDouble.c,1516 :: 		
0x01F3	0x00F1      	MOVWF      R1
;__Lib_MathDouble.c,1520 :: 		
L_end_Double2Int:
0x01F4	0x0008      	RETURN
; end of _Double2Int
_Mul_32x32_FP:
;__Lib_MathDouble.c,610 :: 		
;__Lib_MathDouble.c,622 :: 		
;__Lib_MathDouble.c,624 :: 		
0x01F5	0x1283      	BCF        STATUS, 5
;__Lib_MathDouble.c,625 :: 		
0x01F6	0x1303      	BCF        STATUS, 6
;__Lib_MathDouble.c,627 :: 		
0x01F7	0x01FB      	CLRF       R11
;__Lib_MathDouble.c,628 :: 		
0x01F8	0x0873      	MOVF       R3, 0
;__Lib_MathDouble.c,629 :: 		
0x01F9	0x1D03      	BTFSS      STATUS, 2
;__Lib_MathDouble.c,630 :: 		
0x01FA	0x0877      	MOVF       R7, 0
;__Lib_MathDouble.c,631 :: 		
0x01FB	0x1903      	BTFSC      STATUS, 2
;__Lib_MathDouble.c,632 :: 		
0x01FC	0x2A4C      	GOTO       JPMRES032
;__Lib_MathDouble.c,634 :: 		
0x01FD	0x0872      	MOVF       R2, 0
;__Lib_MathDouble.c,635 :: 		
0x01FE	0x0676      	XORWF      R6, 0
;__Lib_MathDouble.c,636 :: 		
0x01FF	0x00FA      	MOVWF      R10
;__Lib_MathDouble.c,637 :: 		
0x0200	0x0877      	MOVF       R7, 0
;__Lib_MathDouble.c,638 :: 		
0x0201	0x07F3      	ADDWF      R3, 1
;__Lib_MathDouble.c,639 :: 		
0x0202	0x307E      	MOVLW      126
;__Lib_MathDouble.c,640 :: 		
0x0203	0x1C03      	BTFSS      STATUS, 0
;__Lib_MathDouble.c,641 :: 		
0x0204	0x2A09      	GOTO       MTUN32
;__Lib_MathDouble.c,642 :: 		
0x0205	0x02F3      	SUBWF      R3, 1
;__Lib_MathDouble.c,643 :: 		
0x0206	0x1803      	BTFSC      STATUS, 0
;__Lib_MathDouble.c,644 :: 		
0x0207	0x2A4F      	GOTO       JPMSETFOV32
;__Lib_MathDouble.c,645 :: 		
0x0208	0x2A0C      	GOTO       MOK32
;__Lib_MathDouble.c,646 :: 		
MTUN32:
;__Lib_MathDouble.c,647 :: 		
0x0209	0x02F3      	SUBWF      R3, 1
;__Lib_MathDouble.c,648 :: 		
0x020A	0x1C03      	BTFSS      STATUS, 0
;__Lib_MathDouble.c,649 :: 		
0x020B	0x2A52      	GOTO       JPMSETFUN32
;__Lib_MathDouble.c,650 :: 		
MOK32:
;__Lib_MathDouble.c,651 :: 		
0x020C	0x0872      	MOVF       R2, 0
;__Lib_MathDouble.c,652 :: 		
0x020D	0x00F8      	MOVWF      R8
;__Lib_MathDouble.c,653 :: 		
0x020E	0x0871      	MOVF       R1, 0
;__Lib_MathDouble.c,654 :: 		
0x020F	0x00FC      	MOVWF      R12
;__Lib_MathDouble.c,655 :: 		
0x0210	0x0870      	MOVF       R0, 0
;__Lib_MathDouble.c,656 :: 		
0x0211	0x00FD      	MOVWF      R13
;__Lib_MathDouble.c,657 :: 		
0x0212	0x17F8      	BSF        R8, 7
;__Lib_MathDouble.c,658 :: 		
0x0213	0x17F6      	BSF        R6, 7
;__Lib_MathDouble.c,659 :: 		
0x0214	0x1003      	BCF        STATUS, 0
;__Lib_MathDouble.c,660 :: 		
0x0215	0x01F2      	CLRF       R2
;__Lib_MathDouble.c,661 :: 		
0x0216	0x01F1      	CLRF       R1
;__Lib_MathDouble.c,662 :: 		
0x0217	0x01F0      	CLRF       R0
;__Lib_MathDouble.c,663 :: 		
0x0218	0x3018      	MOVLW      24
;__Lib_MathDouble.c,664 :: 		
0x0219	0x00A0      	MOVWF      __math_tempbD
;__Lib_MathDouble.c,665 :: 		
MLOOP32:
;__Lib_MathDouble.c,666 :: 		
0x021A	0x1C7D      	BTFSS      R13, 0
;__Lib_MathDouble.c,667 :: 		
0x021B	0x2A26      	GOTO       MNOADD32
;__Lib_MathDouble.c,669 :: 		
0x021C	0x0874      	MOVF       R4, 0
;__Lib_MathDouble.c,670 :: 		
0x021D	0x07F0      	ADDWF      R0, 1
;__Lib_MathDouble.c,671 :: 		
0x021E	0x0875      	MOVF       R5, 0
;__Lib_MathDouble.c,672 :: 		
0x021F	0x1803      	BTFSC      STATUS, 0
;__Lib_MathDouble.c,673 :: 		
0x0220	0x0F75      	INCFSZ     R5, 0
;__Lib_MathDouble.c,674 :: 		
0x0221	0x07F1      	ADDWF      R1, 1
;__Lib_MathDouble.c,675 :: 		
0x0222	0x0876      	MOVF       R6, 0
;__Lib_MathDouble.c,676 :: 		
0x0223	0x1803      	BTFSC      STATUS, 0
;__Lib_MathDouble.c,677 :: 		
0x0224	0x0F76      	INCFSZ     R6, 0
;__Lib_MathDouble.c,678 :: 		
0x0225	0x07F2      	ADDWF      R2, 1
;__Lib_MathDouble.c,679 :: 		
MNOADD32:
;__Lib_MathDouble.c,680 :: 		
0x0226	0x0CF2      	RRF        R2, 1
;__Lib_MathDouble.c,681 :: 		
0x0227	0x0CF1      	RRF        R1, 1
;__Lib_MathDouble.c,682 :: 		
0x0228	0x0CF0      	RRF        R0, 1
;__Lib_MathDouble.c,683 :: 		
0x0229	0x0CF8      	RRF        R8, 1
;__Lib_MathDouble.c,684 :: 		
0x022A	0x0CFC      	RRF        R12, 1
;__Lib_MathDouble.c,685 :: 		
0x022B	0x0CFD      	RRF        R13, 1
;__Lib_MathDouble.c,686 :: 		
0x022C	0x1003      	BCF        STATUS, 0
;__Lib_MathDouble.c,687 :: 		
0x022D	0x0BA0      	DECFSZ     __math_tempbD, 1
;__Lib_MathDouble.c,688 :: 		
0x022E	0x2A1A      	GOTO       MLOOP32
;__Lib_MathDouble.c,689 :: 		
0x022F	0x1BF2      	BTFSC      R2, 7
;__Lib_MathDouble.c,690 :: 		
0x0230	0x2A36      	GOTO       MROUND32
;__Lib_MathDouble.c,691 :: 		
0x0231	0x0DF8      	RLF        R8, 1
;__Lib_MathDouble.c,692 :: 		
0x0232	0x0DF0      	RLF        R0, 1
;__Lib_MathDouble.c,693 :: 		
0x0233	0x0DF1      	RLF        R1, 1
;__Lib_MathDouble.c,694 :: 		
0x0234	0x0DF2      	RLF        R2, 1
;__Lib_MathDouble.c,695 :: 		
0x0235	0x03F3      	DECF       R3, 1
;__Lib_MathDouble.c,696 :: 		
MROUND32:
;__Lib_MathDouble.c,697 :: 		
0x0236	0x1B7B      	BTFSC      R11, 6
;__Lib_MathDouble.c,698 :: 		
0x0237	0x1C70      	BTFSS      R0, 0
;__Lib_MathDouble.c,699 :: 		
0x0238	0x2A48      	GOTO       MUL32OK
;__Lib_MathDouble.c,700 :: 		
0x0239	0x1FF8      	BTFSS      R8, 7
;__Lib_MathDouble.c,701 :: 		
0x023A	0x2A48      	GOTO       MUL32OK
;__Lib_MathDouble.c,702 :: 		
0x023B	0x0AF0      	INCF       R0, 1
;__Lib_MathDouble.c,703 :: 		
0x023C	0x1903      	BTFSC      STATUS, 2
;__Lib_MathDouble.c,704 :: 		
0x023D	0x0AF1      	INCF       R1, 1
;__Lib_MathDouble.c,705 :: 		
0x023E	0x1903      	BTFSC      STATUS, 2
;__Lib_MathDouble.c,706 :: 		
0x023F	0x0AF2      	INCF       R2, 1
;__Lib_MathDouble.c,707 :: 		
0x0240	0x1D03      	BTFSS      STATUS, 2
;__Lib_MathDouble.c,708 :: 		
0x0241	0x2A48      	GOTO       MUL32OK
;__Lib_MathDouble.c,709 :: 		
0x0242	0x0CF2      	RRF        R2, 1
;__Lib_MathDouble.c,710 :: 		
0x0243	0x0CF1      	RRF        R1, 1
;__Lib_MathDouble.c,711 :: 		
0x0244	0x0CF0      	RRF        R0, 1
;__Lib_MathDouble.c,712 :: 		
0x0245	0x0AF3      	INCF       R3, 1
;__Lib_MathDouble.c,713 :: 		
0x0246	0x1903      	BTFSC      STATUS, 2
;__Lib_MathDouble.c,714 :: 		
0x0247	0x2A4F      	GOTO       JPMSETFOV32
;__Lib_MathDouble.c,715 :: 		
MUL32OK:
;__Lib_MathDouble.c,716 :: 		
0x0248	0x1FFA      	BTFSS      R10, 7
;__Lib_MathDouble.c,717 :: 		
0x0249	0x13F2      	BCF        R2, 7
;__Lib_MathDouble.c,718 :: 		
0x024A	0x3000      	MOVLW      0
;__Lib_MathDouble.c,720 :: 		
0x024B	0x2A54      	GOTO       MUL32EEE
;__Lib_MathDouble.c,721 :: 		
JPMRES032:
;__Lib_MathDouble.c,722 :: 		
0x024C	0x3001      	MOVLW      1
;__Lib_MathDouble.c,725 :: 		
0x024D	0x2003      	CALL       _RES032
;__Lib_MathDouble.c,727 :: 		
0x024E	0x2A54      	GOTO       MUL32EEE
;__Lib_MathDouble.c,728 :: 		
JPMSETFOV32:
;__Lib_MathDouble.c,729 :: 		
0x024F	0x3002      	MOVLW      2
;__Lib_MathDouble.c,732 :: 		
0x0250	0x2088      	CALL       _SETFOV32
;__Lib_MathDouble.c,734 :: 		
0x0251	0x2A54      	GOTO       MUL32EEE
;__Lib_MathDouble.c,735 :: 		
JPMSETFUN32:
;__Lib_MathDouble.c,736 :: 		
0x0252	0x3004      	MOVLW      4
;__Lib_MathDouble.c,739 :: 		
0x0253	0x200A      	CALL       _SETFUN32
;__Lib_MathDouble.c,741 :: 		
MUL32EEE:
;__Lib_MathDouble.c,742 :: 		
0x0254	0x0000      	NOP
;__Lib_MathDouble.c,749 :: 		
L_end_Mul_32x32_FP:
0x0255	0x0008      	RETURN
; end of _Mul_32x32_FP
_Word2Double:
;__Lib_MathDouble.c,1862 :: 		
;__Lib_MathDouble.c,1868 :: 		
0x0256	0x1283      	BCF        STATUS, 5
;__Lib_MathDouble.c,1869 :: 		
0x0257	0x1303      	BCF        STATUS, 6
;__Lib_MathDouble.c,1870 :: 		
0x0258	0x0870      	MOVF       R0, 0
;__Lib_MathDouble.c,1871 :: 		
0x0259	0x00F8      	MOVWF      R8
;__Lib_MathDouble.c,1872 :: 		
0x025A	0x0871      	MOVF       R1, 0
;__Lib_MathDouble.c,1873 :: 		
0x025B	0x00F0      	MOVWF      R0
;__Lib_MathDouble.c,1874 :: 		
0x025C	0x01F1      	CLRF       R1
;__Lib_MathDouble.c,1875 :: 		
0x025D	0x01F2      	CLRF       R2
;__Lib_MathDouble.c,1876 :: 		
0x025E	0x01F3      	CLRF       R3
;__Lib_MathDouble.c,1879 :: 		
0x025F	0x01FB      	CLRF       R11
;__Lib_MathDouble.c,1880 :: 		
0x0260	0x01FC      	CLRF       R12
;__Lib_MathDouble.c,1882 :: 		
0x0261	0x3096      	MOVLW      150
;__Lib_MathDouble.c,1883 :: 		
0x0262	0x00F3      	MOVWF      R3
;__Lib_MathDouble.c,1884 :: 		
0x0263	0x01FA      	CLRF       R10
;__Lib_MathDouble.c,1886 :: 		
0x0264	0x0870      	MOVF       R0, 0
;__Lib_MathDouble.c,1887 :: 		
0x0265	0x00F1      	MOVWF      R1
;__Lib_MathDouble.c,1888 :: 		
0x0266	0x0878      	MOVF       R8, 0
;__Lib_MathDouble.c,1889 :: 		
0x0267	0x00F0      	MOVWF      R0
;__Lib_MathDouble.c,1890 :: 		
0x0268	0x01F8      	CLRF       R8
;__Lib_MathDouble.c,1891 :: 		
0x0269	0x01F2      	CLRF       R2
;__Lib_MathDouble.c,1893 :: 		
0x026A	0x2059      	CALL       _NRM3232
;__Lib_MathDouble.c,1894 :: 		
L_end_Word2Double:
0x026B	0x0008      	RETURN
; end of _Word2Double
_Lcd_Init:
;__Lib_Lcd.c,84 :: 		
;__Lib_Lcd.c,86 :: 		
0x026C	0x1683      	BSF        STATUS, 5
0x026D	0x1303      	BCF        STATUS, 6
0x026E	0x1286      	BCF        LCD_EN_Direction, BitPos(LCD_EN_Direction+0)
;__Lib_Lcd.c,87 :: 		
0x026F	0x1206      	BCF        LCD_RS_Direction, BitPos(LCD_RS_Direction+0)
;__Lib_Lcd.c,88 :: 		
0x0270	0x1006      	BCF        LCD_D4_Direction, BitPos(LCD_D4_Direction+0)
;__Lib_Lcd.c,89 :: 		
0x0271	0x1086      	BCF        LCD_D5_Direction, BitPos(LCD_D5_Direction+0)
;__Lib_Lcd.c,90 :: 		
0x0272	0x1106      	BCF        LCD_D6_Direction, BitPos(LCD_D6_Direction+0)
;__Lib_Lcd.c,91 :: 		
0x0273	0x1186      	BCF        LCD_D7_Direction, BitPos(LCD_D7_Direction+0)
;__Lib_Lcd.c,93 :: 		
0x0274	0x1283      	BCF        STATUS, 5
0x0275	0x1286      	BCF        LCD_EN, BitPos(LCD_EN+0)
;__Lib_Lcd.c,94 :: 		
0x0276	0x1206      	BCF        LCD_RS, BitPos(LCD_RS+0)
;__Lib_Lcd.c,95 :: 		
0x0277	0x1186      	BCF        LCD_D7, BitPos(LCD_D7+0)
;__Lib_Lcd.c,96 :: 		
0x0278	0x1106      	BCF        LCD_D6, BitPos(LCD_D6+0)
;__Lib_Lcd.c,97 :: 		
0x0279	0x1086      	BCF        LCD_D5, BitPos(LCD_D5+0)
;__Lib_Lcd.c,98 :: 		
0x027A	0x1006      	BCF        LCD_D4, BitPos(LCD_D4+0)
;__Lib_Lcd.c,100 :: 		
0x027B	0x201E      	CALL       _Delay_5500us
;__Lib_Lcd.c,101 :: 		
0x027C	0x201E      	CALL       _Delay_5500us
;__Lib_Lcd.c,102 :: 		
0x027D	0x201E      	CALL       _Delay_5500us
;__Lib_Lcd.c,105 :: 		
0x027E	0x1486      	BSF        LCD_D5, BitPos(LCD_D5+0)
;__Lib_Lcd.c,106 :: 		
0x027F	0x1406      	BSF        LCD_D4, BitPos(LCD_D4+0)
;__Lib_Lcd.c,107 :: 		
0x0280	0x1686      	BSF        LCD_EN, BitPos(LCD_EN+0)
;__Lib_Lcd.c,108 :: 		
0x0281	0x2029      	CALL       _Delay_1us
;__Lib_Lcd.c,109 :: 		
0x0282	0x1286      	BCF        LCD_EN, BitPos(LCD_EN+0)
;__Lib_Lcd.c,110 :: 		
0x0283	0x201E      	CALL       _Delay_5500us
;__Lib_Lcd.c,112 :: 		
0x0284	0x1686      	BSF        LCD_EN, BitPos(LCD_EN+0)
;__Lib_Lcd.c,113 :: 		
0x0285	0x2029      	CALL       _Delay_1us
;__Lib_Lcd.c,114 :: 		
0x0286	0x1286      	BCF        LCD_EN, BitPos(LCD_EN+0)
;__Lib_Lcd.c,115 :: 		
0x0287	0x201E      	CALL       _Delay_5500us
;__Lib_Lcd.c,117 :: 		
0x0288	0x1686      	BSF        LCD_EN, BitPos(LCD_EN+0)
;__Lib_Lcd.c,118 :: 		
0x0289	0x2029      	CALL       _Delay_1us
;__Lib_Lcd.c,119 :: 		
0x028A	0x1286      	BCF        LCD_EN, BitPos(LCD_EN+0)
;__Lib_Lcd.c,120 :: 		
0x028B	0x201E      	CALL       _Delay_5500us
;__Lib_Lcd.c,123 :: 		
0x028C	0x1006      	BCF        LCD_D4, BitPos(LCD_D4+0)
;__Lib_Lcd.c,124 :: 		
0x028D	0x1686      	BSF        LCD_EN, BitPos(LCD_EN+0)
;__Lib_Lcd.c,125 :: 		
0x028E	0x2029      	CALL       _Delay_1us
;__Lib_Lcd.c,126 :: 		
0x028F	0x1286      	BCF        LCD_EN, BitPos(LCD_EN+0)
;__Lib_Lcd.c,127 :: 		
0x0290	0x201E      	CALL       _Delay_5500us
;__Lib_Lcd.c,130 :: 		
0x0291	0x1686      	BSF        LCD_EN, BitPos(LCD_EN+0)
;__Lib_Lcd.c,131 :: 		
0x0292	0x2029      	CALL       _Delay_1us
;__Lib_Lcd.c,132 :: 		
0x0293	0x1286      	BCF        LCD_EN, BitPos(LCD_EN+0)
;__Lib_Lcd.c,134 :: 		
0x0294	0x1086      	BCF        LCD_D5, BitPos(LCD_D5+0)
;__Lib_Lcd.c,135 :: 		
0x0295	0x1586      	BSF        LCD_D7, BitPos(LCD_D7+0)
;__Lib_Lcd.c,136 :: 		
0x0296	0x1686      	BSF        LCD_EN, BitPos(LCD_EN+0)
;__Lib_Lcd.c,137 :: 		
0x0297	0x2029      	CALL       _Delay_1us
;__Lib_Lcd.c,138 :: 		
0x0298	0x1286      	BCF        LCD_EN, BitPos(LCD_EN+0)
;__Lib_Lcd.c,139 :: 		
0x0299	0x201E      	CALL       _Delay_5500us
;__Lib_Lcd.c,142 :: 		
0x029A	0x1186      	BCF        LCD_D7, BitPos(LCD_D7+0)
;__Lib_Lcd.c,143 :: 		
0x029B	0x1406      	BSF        LCD_D4, BitPos(LCD_D4+0)
;__Lib_Lcd.c,144 :: 		
0x029C	0x1686      	BSF        LCD_EN, BitPos(LCD_EN+0)
;__Lib_Lcd.c,145 :: 		
0x029D	0x2029      	CALL       _Delay_1us
;__Lib_Lcd.c,146 :: 		
0x029E	0x1286      	BCF        LCD_EN, BitPos(LCD_EN+0)
;__Lib_Lcd.c,148 :: 		
0x029F	0x1006      	BCF        LCD_D4, BitPos(LCD_D4+0)
;__Lib_Lcd.c,149 :: 		
0x02A0	0x1686      	BSF        LCD_EN, BitPos(LCD_EN+0)
;__Lib_Lcd.c,150 :: 		
0x02A1	0x2029      	CALL       _Delay_1us
;__Lib_Lcd.c,151 :: 		
0x02A2	0x1286      	BCF        LCD_EN, BitPos(LCD_EN+0)
;__Lib_Lcd.c,152 :: 		
0x02A3	0x201E      	CALL       _Delay_5500us
;__Lib_Lcd.c,155 :: 		
0x02A4	0x1686      	BSF        LCD_EN, BitPos(LCD_EN+0)
;__Lib_Lcd.c,156 :: 		
0x02A5	0x2029      	CALL       _Delay_1us
;__Lib_Lcd.c,157 :: 		
0x02A6	0x1286      	BCF        LCD_EN, BitPos(LCD_EN+0)
;__Lib_Lcd.c,159 :: 		
0x02A7	0x1406      	BSF        LCD_D4, BitPos(LCD_D4+0)
;__Lib_Lcd.c,160 :: 		
0x02A8	0x1686      	BSF        LCD_EN, BitPos(LCD_EN+0)
;__Lib_Lcd.c,161 :: 		
0x02A9	0x2029      	CALL       _Delay_1us
;__Lib_Lcd.c,162 :: 		
0x02AA	0x1286      	BCF        LCD_EN, BitPos(LCD_EN+0)
;__Lib_Lcd.c,163 :: 		
0x02AB	0x201E      	CALL       _Delay_5500us
;__Lib_Lcd.c,166 :: 		
0x02AC	0x1006      	BCF        LCD_D4, BitPos(LCD_D4+0)
;__Lib_Lcd.c,167 :: 		
0x02AD	0x1686      	BSF        LCD_EN, BitPos(LCD_EN+0)
;__Lib_Lcd.c,168 :: 		
0x02AE	0x2029      	CALL       _Delay_1us
;__Lib_Lcd.c,169 :: 		
0x02AF	0x1286      	BCF        LCD_EN, BitPos(LCD_EN+0)
;__Lib_Lcd.c,171 :: 		
0x02B0	0x1586      	BSF        LCD_D7, BitPos(LCD_D7+0)
;__Lib_Lcd.c,172 :: 		
0x02B1	0x1506      	BSF        LCD_D6, BitPos(LCD_D6+0)
;__Lib_Lcd.c,173 :: 		
0x02B2	0x1486      	BSF        LCD_D5, BitPos(LCD_D5+0)
;__Lib_Lcd.c,174 :: 		
0x02B3	0x1406      	BSF        LCD_D4, BitPos(LCD_D4+0)
;__Lib_Lcd.c,175 :: 		
0x02B4	0x1686      	BSF        LCD_EN, BitPos(LCD_EN+0)
;__Lib_Lcd.c,176 :: 		
0x02B5	0x2029      	CALL       _Delay_1us
;__Lib_Lcd.c,177 :: 		
0x02B6	0x1286      	BCF        LCD_EN, BitPos(LCD_EN+0)
;__Lib_Lcd.c,179 :: 		
0x02B7	0x201E      	CALL       _Delay_5500us
;__Lib_Lcd.c,181 :: 		
0x02B8	0x1421      	BSF        __Lib_Lcd_cmd_status, BitPos(__Lib_Lcd_cmd_status+0)
;__Lib_Lcd.c,182 :: 		
L_end_Lcd_Init:
0x02B9	0x0008      	RETURN
; end of _Lcd_Init
_Lcd_Chr:
;__Lib_Lcd.c,65 :: 		
;__Lib_Lcd.c,66 :: 		
0x02BA	0x2ACC      	GOTO       L_Lcd_Chr4
;__Lib_Lcd.c,67 :: 		
L_Lcd_Chr6:
0x02BB	0x3080      	MOVLW      128
0x02BC	0x1283      	BCF        STATUS, 5
0x02BD	0x1303      	BCF        STATUS, 6
0x02BE	0x00AD      	MOVWF      FARG_Lcd_Chr_row
0x02BF	0x2ADF      	GOTO       L_Lcd_Chr5
;__Lib_Lcd.c,68 :: 		
L_Lcd_Chr7:
0x02C0	0x30C0      	MOVLW      192
0x02C1	0x00AD      	MOVWF      FARG_Lcd_Chr_row
0x02C2	0x2ADF      	GOTO       L_Lcd_Chr5
;__Lib_Lcd.c,69 :: 		
L_Lcd_Chr8:
0x02C3	0x3094      	MOVLW      148
0x02C4	0x00AD      	MOVWF      FARG_Lcd_Chr_row
0x02C5	0x2ADF      	GOTO       L_Lcd_Chr5
;__Lib_Lcd.c,70 :: 		
L_Lcd_Chr9:
0x02C6	0x30D4      	MOVLW      212
0x02C7	0x00AD      	MOVWF      FARG_Lcd_Chr_row
0x02C8	0x2ADF      	GOTO       L_Lcd_Chr5
;__Lib_Lcd.c,71 :: 		
L_Lcd_Chr10:
0x02C9	0x3080      	MOVLW      128
0x02CA	0x00AD      	MOVWF      FARG_Lcd_Chr_row
;__Lib_Lcd.c,72 :: 		
0x02CB	0x2ADF      	GOTO       L_Lcd_Chr5
L_Lcd_Chr4:
0x02CC	0x1283      	BCF        STATUS, 5
0x02CD	0x1303      	BCF        STATUS, 6
0x02CE	0x082D      	MOVF       FARG_Lcd_Chr_row, 0
0x02CF	0x3A01      	XORLW      1
0x02D0	0x1903      	BTFSC      STATUS, 2
0x02D1	0x2ABB      	GOTO       L_Lcd_Chr6
0x02D2	0x082D      	MOVF       FARG_Lcd_Chr_row, 0
0x02D3	0x3A02      	XORLW      2
0x02D4	0x1903      	BTFSC      STATUS, 2
0x02D5	0x2AC0      	GOTO       L_Lcd_Chr7
0x02D6	0x082D      	MOVF       FARG_Lcd_Chr_row, 0
0x02D7	0x3A03      	XORLW      3
0x02D8	0x1903      	BTFSC      STATUS, 2
0x02D9	0x2AC3      	GOTO       L_Lcd_Chr8
0x02DA	0x082D      	MOVF       FARG_Lcd_Chr_row, 0
0x02DB	0x3A04      	XORLW      4
0x02DC	0x1903      	BTFSC      STATUS, 2
0x02DD	0x2AC6      	GOTO       L_Lcd_Chr9
0x02DE	0x2AC9      	GOTO       L_Lcd_Chr10
L_Lcd_Chr5:
;__Lib_Lcd.c,74 :: 		
0x02DF	0x032E      	DECF       FARG_Lcd_Chr_column, 0
0x02E0	0x00F0      	MOVWF      R0
0x02E1	0x082D      	MOVF       FARG_Lcd_Chr_row, 0
0x02E2	0x07F0      	ADDWF      R0, 1
0x02E3	0x0870      	MOVF       R0, 0
0x02E4	0x00AD      	MOVWF      FARG_Lcd_Chr_row
;__Lib_Lcd.c,76 :: 		
0x02E5	0x1421      	BSF        __Lib_Lcd_cmd_status, BitPos(__Lib_Lcd_cmd_status+0)
;__Lib_Lcd.c,77 :: 		
0x02E6	0x0870      	MOVF       R0, 0
0x02E7	0x00B6      	MOVWF      FARG_Lcd_Cmd_out_char
0x02E8	0x20E2      	CALL       _Lcd_Cmd
;__Lib_Lcd.c,79 :: 		
0x02E9	0x1021      	BCF        __Lib_Lcd_cmd_status, BitPos(__Lib_Lcd_cmd_status+0)
;__Lib_Lcd.c,80 :: 		
0x02EA	0x082F      	MOVF       FARG_Lcd_Chr_out_char, 0
0x02EB	0x00B6      	MOVWF      FARG_Lcd_Cmd_out_char
0x02EC	0x20E2      	CALL       _Lcd_Cmd
;__Lib_Lcd.c,81 :: 		
0x02ED	0x1421      	BSF        __Lib_Lcd_cmd_status, BitPos(__Lib_Lcd_cmd_status+0)
;__Lib_Lcd.c,82 :: 		
L_end_Lcd_Chr:
0x02EE	0x0008      	RETURN
; end of _Lcd_Chr
_ADC_Read:
;__Lib_ADC_A_C.c,45 :: 		
;__Lib_ADC_A_C.c,47 :: 		
0x02EF	0x1283      	BCF        STATUS, 5
0x02F0	0x1303      	BCF        STATUS, 6
0x02F1	0x019F      	CLRF       ADCON0
;__Lib_ADC_A_C.c,48 :: 		
0x02F2	0x30C0      	MOVLW      192
0x02F3	0x049F      	IORWF      ADCON0, 1
;__Lib_ADC_A_C.c,49 :: 		
0x02F4	0x1683      	BSF        STATUS, 5
0x02F5	0x171F      	BSF        ADCON1, 6
;__Lib_ADC_A_C.c,50 :: 		
0x02F6	0x179F      	BSF        ADCON1, 7
;__Lib_ADC_A_C.c,51 :: 		
0x02F7	0x1283      	BCF        STATUS, 5
0x02F8	0x082D      	MOVF       FARG_ADC_Read_channel, 0
0x02F9	0x00F0      	MOVWF      R0
0x02FA	0x0DF0      	RLF        R0, 1
0x02FB	0x1070      	BCF        R0, 0
0x02FC	0x0DF0      	RLF        R0, 1
0x02FD	0x1070      	BCF        R0, 0
0x02FE	0x0DF0      	RLF        R0, 1
0x02FF	0x1070      	BCF        R0, 0
0x0300	0x0870      	MOVF       R0, 0
0x0301	0x049F      	IORWF      ADCON0, 1
;__Lib_ADC_A_C.c,54 :: 		
0x0302	0x141F      	BSF        ADCON0, 0
;__Lib_ADC_A_C.c,57 :: 		
0x0303	0x2094      	CALL       _Delay_22us
;__Lib_ADC_A_C.c,60 :: 		
0x0304	0x151F      	BSF        ADCON0, 2
;__Lib_ADC_A_C.c,63 :: 		
L_ADC_Read2:
0x0305	0x1D1F      	BTFSS      ADCON0, 2
0x0306	0x2B09      	GOTO       L_ADC_Read3
;__Lib_ADC_A_C.c,64 :: 		
0x0307	0x0000      	NOP
0x0308	0x2B05      	GOTO       L_ADC_Read2
L_ADC_Read3:
;__Lib_ADC_A_C.c,67 :: 		
0x0309	0x101F      	BCF        ADCON0, 0
;__Lib_ADC_A_C.c,70 :: 		
0x030A	0x081E      	MOVF       ADRESH, 0
0x030B	0x00F1      	MOVWF      R0+1
0x030C	0x01F0      	CLRF       R0
0x030D	0x1683      	BSF        STATUS, 5
0x030E	0x081E      	MOVF       ADRESL, 0
0x030F	0x04F0      	IORWF      R0, 1
0x0310	0x3000      	MOVLW      0
0x0311	0x04F1      	IORWF      R0+1, 1
;__Lib_ADC_A_C.c,71 :: 		
L_end_ADC_Read:
0x0312	0x0008      	RETURN
; end of _ADC_Read
_main:
;lcd-task.c,65 :: 		void main() {
;lcd-task.c,67 :: 		lcd_init();
0x0313	0x226C      	CALL       _Lcd_Init
;lcd-task.c,68 :: 		lcd_cmd(_LCD_CURSOR_OFF);
0x0314	0x300C      	MOVLW      12
0x0315	0x00B6      	MOVWF      FARG_Lcd_Cmd_out_char
0x0316	0x20E2      	CALL       _Lcd_Cmd
;lcd-task.c,83 :: 		while(1){
L_main12:
;lcd-task.c,84 :: 		temp=adc_read(3)*0.4887;
0x0317	0x3003      	MOVLW      3
0x0318	0x00AD      	MOVWF      FARG_ADC_Read_channel
0x0319	0x22EF      	CALL       _ADC_Read
0x031A	0x2256      	CALL       _Word2Double
0x031B	0x30E3      	MOVLW      227
0x031C	0x00F4      	MOVWF      R4
0x031D	0x3036      	MOVLW      54
0x031E	0x00F5      	MOVWF      R4+1
0x031F	0x307A      	MOVLW      122
0x0320	0x00F6      	MOVWF      R4+2
0x0321	0x307D      	MOVLW      125
0x0322	0x00F7      	MOVWF      R4+3
0x0323	0x21F5      	CALL       _Mul_32x32_FP
0x0324	0x2198      	CALL       _Double2Int
0x0325	0x0870      	MOVF       R0, 0
0x0326	0x00AB      	MOVWF      _temp
0x0327	0x0871      	MOVF       R0+1, 0
0x0328	0x00AC      	MOVWF      _temp+1
;lcd-task.c,85 :: 		inttostr(temp,x);
0x0329	0x0870      	MOVF       R0, 0
0x032A	0x00AD      	MOVWF      FARG_IntToStr_input
0x032B	0x0871      	MOVF       R0+1, 0
0x032C	0x00AE      	MOVWF      FARG_IntToStr_input+1
0x032D	0x3024      	MOVLW      _x
0x032E	0x00AF      	MOVWF      FARG_IntToStr_output
0x032F	0x2122      	CALL       _IntToStr
;lcd-task.c,86 :: 		lcd_chr(1,1,x[3]);
0x0330	0x3001      	MOVLW      1
0x0331	0x00AD      	MOVWF      FARG_Lcd_Chr_row
0x0332	0x3001      	MOVLW      1
0x0333	0x00AE      	MOVWF      FARG_Lcd_Chr_column
0x0334	0x0827      	MOVF       _x+3, 0
0x0335	0x00AF      	MOVWF      FARG_Lcd_Chr_out_char
0x0336	0x22BA      	CALL       _Lcd_Chr
;lcd-task.c,87 :: 		lcd_chr(1,2,x[4]);
0x0337	0x3001      	MOVLW      1
0x0338	0x00AD      	MOVWF      FARG_Lcd_Chr_row
0x0339	0x3002      	MOVLW      2
0x033A	0x00AE      	MOVWF      FARG_Lcd_Chr_column
0x033B	0x0828      	MOVF       _x+4, 0
0x033C	0x00AF      	MOVWF      FARG_Lcd_Chr_out_char
0x033D	0x22BA      	CALL       _Lcd_Chr
;lcd-task.c,88 :: 		lcd_chr(1,3,x[5]);
0x033E	0x3001      	MOVLW      1
0x033F	0x00AD      	MOVWF      FARG_Lcd_Chr_row
0x0340	0x3003      	MOVLW      3
0x0341	0x00AE      	MOVWF      FARG_Lcd_Chr_column
0x0342	0x0829      	MOVF       _x+5, 0
0x0343	0x00AF      	MOVWF      FARG_Lcd_Chr_out_char
0x0344	0x22BA      	CALL       _Lcd_Chr
;lcd-task.c,89 :: 		delay_ms(200);
0x0345	0x3002      	MOVLW      2
0x0346	0x00FB      	MOVWF      R11
0x0347	0x3004      	MOVLW      4
0x0348	0x00FC      	MOVWF      R12
0x0349	0x30BA      	MOVLW      186
0x034A	0x00FD      	MOVWF      R13
L_main14:
0x034B	0x0BFD      	DECFSZ     R13, 1
0x034C	0x2B4B      	GOTO       L_main14
0x034D	0x0BFC      	DECFSZ     R12, 1
0x034E	0x2B4B      	GOTO       L_main14
0x034F	0x0BFB      	DECFSZ     R11, 1
0x0350	0x2B4B      	GOTO       L_main14
0x0351	0x0000      	NOP
;lcd-task.c,90 :: 		}
0x0352	0x2B17      	GOTO       L_main12
;lcd-task.c,129 :: 		}
0x0353	0x2B53      	GOTO       $+0
; end of _main
Symbol List:
//** Routines locations **
//ADDRESS    SIZE    PROCEDURE
//----------------------------------------------
0x0003       [7]    _RES032
0x000A      [12]    _SETFUN32
0x0016       [8]    _Delay_50us
0x001E      [11]    _Delay_5500us
0x0029       [2]    _Delay_1us
0x002B       [4]    _FIXSIGN32
0x002F      [29]    _Div_16x16_U
0x004C      [13]    _SETIOV3224
0x0059      [47]    _NRM3232
0x0088      [12]    _SETFOV32
0x0094       [7]    _Delay_22us
0x009B       [7]    _____DoICP
0x00A2      [64]    _WordToStr
0x00E2      [64]    _Lcd_Cmd
0x0122     [106]    _IntToStr
0x018C      [12]    ___CC2DW
0x0198      [93]    _Double2Int
0x01F5      [97]    _Mul_32x32_FP
0x0256      [22]    _Word2Double
0x026C      [78]    _Lcd_Init
0x02BA      [53]    _Lcd_Chr
0x02EF      [36]    _ADC_Read
0x0313      [65]    _main
//** Variables locations ** 
//ADDRESS    SIZE    VARIABLE
//----------------------------------------------
0x0000       [1]    INDF
0x0001       [1]    TMR0
0x0002       [1]    PCL
0x0003       [0]    Z_bit
0x0003       [0]    RP0_bit
0x0003       [0]    RP1_bit
0x0003       [0]    IRP_bit
0x0003       [0]    NOT_PD_bit
0x0003       [0]    NOT_TO_bit
0x0003       [0]    C_bit
0x0003       [0]    DC_bit
0x0003       [1]    STATUS
0x0004       [1]    FSR
0x0004       [1]    FSRPTR
0x0005       [0]    RA1_bit
0x0005       [0]    RA5_bit
0x0005       [0]    RA3_bit
0x0005       [0]    RA4_bit
0x0005       [0]    RA2_bit
0x0005       [1]    PORTA
0x0005       [0]    RA0_bit
0x0006       [0]    RB1_bit
0x0006       [0]    RB0_bit
0x0006       [0]    RB3_bit
0x0006       [0]    RB5_bit
0x0006       [0]    RB4_bit
0x0006       [0]    RB2_bit
0x0006       [0]    RB6_bit
0x0006       [1]    PORTB
0x0006       [0]    LCD_D5
0x0006       [0]    LCD_D6
0x0006       [0]    LCD_D7
0x0006       [0]    LCD_RS
0x0006       [0]    LCD_EN
0x0006       [0]    LCD_D4
0x0006       [0]    RB7_bit
0x0007       [0]    RC7_bit
0x0007       [0]    RC0_bit
0x0007       [0]    RC1_bit
0x0007       [0]    RC6_bit
0x0007       [0]    RC5_bit
0x0007       [1]    PORTC
0x0007       [0]    RC2_bit
0x0007       [0]    RC3_bit
0x0007       [0]    RC4_bit
0x0008       [1]    PORTD
0x0008       [0]    RD1_bit
0x0008       [0]    RD0_bit
0x0008       [0]    RD2_bit
0x0008       [0]    RD5_bit
0x0008       [0]    RD4_bit
0x0008       [0]    RD3_bit
0x0008       [0]    RD6_bit
0x0008       [0]    RD7_bit
0x0009       [0]    RE0_bit
0x0009       [1]    PORTE
0x0009       [0]    RE1_bit
0x0009       [0]    RE2_bit
0x000A       [1]    PCLATH
0x000B       [0]    T0IE_bit
0x000B       [0]    T0IF_bit
0x000B       [1]    INTCON
0x000B       [0]    RBIF_bit
0x000B       [0]    INTF_bit
0x000B       [0]    GIE_bit
0x000B       [0]    RBIE_bit
0x000B       [0]    TMR0IE_bit
0x000B       [0]    PEIE_bit
0x000B       [0]    INTE_bit
0x000B       [0]    TMR0IF_bit
0x000C       [0]    TXIF_bit
0x000C       [0]    TMR2IF_bit
0x000C       [0]    TMR1IF_bit
0x000C       [1]    PIR1
0x000C       [0]    SSPIF_bit
0x000C       [0]    CCP1IF_bit
0x000C       [0]    RCIF_bit
0x000C       [0]    PSPIF_bit
0x000C       [0]    ADIF_bit
0x000D       [0]    EEIF_bit
0x000D       [1]    PIR2
0x000D       [0]    BCLIF_bit
0x000D       [0]    CCP2IF_bit
0x000D       [0]    CMIF_bit
0x000E       [1]    TMR1L
0x000F       [1]    TMR1H
0x0010       [0]    T1INSYNC_bit
0x0010       [0]    T1CKPS1_bit
0x0010       [0]    T1CKPS0_bit
0x0010       [0]    NOT_T1SYNC_bit
0x0010       [0]    T1OSCEN_bit
0x0010       [0]    TMR1CS_bit
0x0010       [1]    T1CON
0x0010       [0]    TMR1ON_bit
0x0010       [0]    T1SYNC_bit
0x0011       [1]    TMR2
0x0012       [0]    TOUTPS2_bit
0x0012       [0]    TOUTPS3_bit
0x0012       [0]    T2CKPS0_bit
0x0012       [0]    TOUTPS1_bit
0x0012       [0]    TOUTPS0_bit
0x0012       [1]    T2CON
0x0012       [0]    TMR2ON_bit
0x0012       [0]    T2CKPS1_bit
0x0013       [1]    SSPBUF
0x0014       [0]    SSPM1_bit
0x0014       [0]    SSPM2_bit
0x0014       [0]    SSPM3_bit
0x0014       [0]    SSPEN_bit
0x0014       [0]    CKP_bit
0x0014       [1]    SSPCON
0x0014       [0]    WCOL_bit
0x0014       [0]    SSPM0_bit
0x0014       [0]    SSPOV_bit
0x0015       [1]    CCPR1L
0x0015       [2]    CCPR1
0x0016       [1]    CCPR1H
0x0017       [1]    CCP1CON
0x0017       [0]    CCP1M3_bit
0x0017       [0]    CCP1M2_bit
0x0017       [0]    CCP1M1_bit
0x0017       [0]    CCP1Y_bit
0x0017       [0]    CCP1X_bit
0x0017       [0]    CCP1M0_bit
0x0018       [0]    RCD8_bit
0x0018       [0]    RC9_bit
0x0018       [0]    RC8_9_bit
0x0018       [0]    NOT_RC8_bit
0x0018       [0]    SPEN_bit
0x0018       [0]    RX9D_bit
0x0018       [0]    ADDEN_bit
0x0018       [0]    OERR_bit
0x0018       [0]    FERR_bit
0x0018       [0]    RX9_bit
0x0018       [1]    RCSTA
0x0018       [0]    CREN_bit
0x0018       [0]    SREN_bit
0x0019       [1]    TXREG
0x001A       [1]    RCREG
0x001B       [2]    CCPR2
0x001B       [1]    CCPR2L
0x001C       [1]    CCPR2H
0x001D       [0]    CCP2Y_bit
0x001D       [0]    CCP2M2_bit
0x001D       [1]    CCP2CON
0x001D       [0]    CCP2M3_bit
0x001D       [0]    CCP2M0_bit
0x001D       [0]    CCP2X_bit
0x001D       [0]    CCP2M1_bit
0x001E       [1]    ADRESH
0x001F       [0]    GO_DONE_bit
0x001F       [0]    CHS1_bit
0x001F       [0]    CHS2_bit
0x001F       [0]    NOT_DONE_bit
0x001F       [0]    ADCS0_bit
0x001F       [1]    ADCON0
0x001F       [0]    ADON_bit
0x001F       [0]    GO_bit
0x001F       [0]    GO_NOT_DONE_bit
0x001F       [0]    CHS0_bit
0x001F       [0]    ADCS1_bit
0x0020       [1]    __math_tempbD
0x0021       [0]    __Lib_Lcd_cmd_status
0x0022       [2]    ___DoICPAddr
0x0024       [7]    _x
0x002B       [2]    _temp
0x002D       [2]    FARG_IntToStr_input
0x002D       [1]    FARG_ADC_Read_channel
0x002D       [1]    FARG_Lcd_Chr_row
0x002E       [1]    FARG_Lcd_Chr_column
0x002F       [1]    FARG_Lcd_Chr_out_char
0x002F       [1]    FARG_IntToStr_output
0x0030       [2]    IntToStr_i_L0
0x0032       [2]    IntToStr_negative_L0
0x0034       [2]    IntToStr_inword_L0
0x0036       [1]    FARG_Lcd_Cmd_out_char
0x0036       [2]    FARG_WordToStr_input
0x0038       [1]    FARG_WordToStr_output
0x0039       [1]    WordToStr_len_L0
0x003A       [1]    FLOC__WordToStr
0x0070       [1]    R0
0x0071       [1]    R1
0x0072       [1]    R2
0x0073       [1]    R3
0x0074       [1]    R4
0x0075       [1]    R5
0x0076       [1]    R6
0x0077       [1]    R7
0x0078       [1]    R8
0x0079       [1]    R9
0x007A       [1]    R10
0x007B       [1]    R11
0x007C       [1]    R12
0x007D       [1]    R13
0x007E       [1]    R14
0x007F       [1]    R15
0x0081       [0]    PSA_bit
0x0081       [0]    T0CS_bit
0x0081       [0]    T0SE_bit
0x0081       [0]    PS1_bit
0x0081       [0]    PS0_bit
0x0081       [0]    NOT_RBPU_bit
0x0081       [0]    INTEDG_bit
0x0081       [0]    PS2_bit
0x0081       [1]    OPTION_REG
0x0085       [1]    TRISA
0x0085       [0]    TRISA2_bit
0x0085       [0]    TRISA1_bit
0x0085       [0]    TRISA0_bit
0x0085       [0]    TRISA5_bit
0x0085       [0]    TRISA4_bit
0x0085       [0]    TRISA3_bit
0x0086       [0]    LCD_D5_Direction
0x0086       [0]    LCD_D6_Direction
0x0086       [0]    LCD_D7_Direction
0x0086       [0]    LCD_RS_Direction
0x0086       [0]    LCD_EN_Direction
0x0086       [0]    LCD_D4_Direction
0x0086       [1]    TRISB
0x0086       [0]    TRISB2_bit
0x0086       [0]    TRISB1_bit
0x0086       [0]    TRISB0_bit
0x0086       [0]    TRISB5_bit
0x0086       [0]    TRISB4_bit
0x0086       [0]    TRISB3_bit
0x0086       [0]    TRISB7_bit
0x0086       [0]    TRISB6_bit
0x0087       [0]    TRISC1_bit
0x0087       [0]    TRISC2_bit
0x0087       [0]    TRISC3_bit
0x0087       [0]    TRISC0_bit
0x0087       [0]    TRISC5_bit
0x0087       [0]    TRISC4_bit
0x0087       [0]    TRISC7_bit
0x0087       [0]    TRISC6_bit
0x0087       [1]    TRISC
0x0088       [0]    TRISD1_bit
0x0088       [0]    TRISD5_bit
0x0088       [0]    TRISD0_bit
0x0088       [0]    TRISD3_bit
0x0088       [0]    TRISD4_bit
0x0088       [0]    TRISD2_bit
0x0088       [1]    TRISD
0x0088       [0]    TRISD6_bit
0x0088       [0]    TRISD7_bit
0x0089       [0]    PSPMODE_bit
0x0089       [0]    OBF_bit
0x0089       [0]    IBF_bit
0x0089       [0]    IBOV_bit
0x0089       [0]    IBOV_TRISE_bit
0x0089       [0]    PSPMODE_TRISE_bit
0x0089       [0]    IBF_TRISE_bit
0x0089       [0]    OBF_TRISE_bit
0x0089       [0]    TRISE0_bit
0x0089       [1]    TRISE
0x0089       [0]    TRISE2_bit
0x0089       [0]    TRISE1_bit
0x008C       [0]    TXIE_bit
0x008C       [0]    SSPIE_bit
0x008C       [0]    CCP1IE_bit
0x008C       [0]    PSPIE_bit
0x008C       [0]    ADIE_bit
0x008C       [0]    RCIE_bit
0x008C       [1]    PIE1
0x008C       [0]    TMR2IE_bit
0x008C       [0]    TMR1IE_bit
0x008D       [1]    PIE2
0x008D       [0]    CMIE_bit
0x008D       [0]    CCP2IE_bit
0x008D       [0]    BCLIE_bit
0x008D       [0]    EEIE_bit
0x008E       [0]    NOT_BOR_bit
0x008E       [0]    NOT_POR_bit
0x008E       [0]    NOT_BO_bit
0x008E       [1]    PCON
0x0091       [0]    ACKEN_bit
0x0091       [0]    RCEN_bit
0x0091       [0]    PEN_bit
0x0091       [0]    ACKSTAT_bit
0x0091       [0]    ACKDT_bit
0x0091       [0]    GCEN_bit
0x0091       [0]    SEN_bit
0x0091       [1]    SSPCON2
0x0091       [0]    RSEN_bit
0x0092       [1]    PR2
0x0093       [1]    SSPADD
0x0094       [1]    SSPSTAT
0x0094       [0]    NOT_W_bit
0x0094       [0]    NOT_A_bit
0x0094       [0]    I2C_DATA_bit
0x0094       [0]    I2C_START__bit
0x0094       [0]    I2C_STOP__bit
0x0094       [0]    NOT_WRITE_bit
0x0094       [0]    READ_WRITE_bit
0x0094       [0]    DATA_ADDRESS_bit
0x0094       [0]    D_A_bit
0x0094       [0]    NOT_ADDRESS_bit
0x0094       [0]    R_W_bit
0x0094       [0]    I2C_READ_bit
0x0094       [0]    S_bit
0x0094       [0]    R_NOT_W_bit
0x0094       [0]    BF_bit
0x0094       [0]    UA_bit
0x0094       [0]    P_bit
0x0094       [0]    R_bit
0x0094       [0]    D_bit
0x0094       [0]    SMP_bit
0x0094       [0]    D_NOT_A_bit
0x0094       [0]    CKE_bit
0x0098       [0]    SYNC_bit
0x0098       [0]    TXEN_bit
0x0098       [0]    TX9_bit
0x0098       [0]    TX9D_bit
0x0098       [0]    TRMT_bit
0x0098       [0]    BRGH_bit
0x0098       [0]    CSRC_bit
0x0098       [0]    TX8_9_bit
0x0098       [1]    TXSTA
0x0098       [0]    TXD8_bit
0x0098       [0]    NOT_TX8_bit
0x0099       [1]    SPBRG
0x009C       [0]    C2INV_bit
0x009C       [0]    C1OUT_bit
0x009C       [0]    CIS_bit
0x009C       [0]    C1INV_bit
0x009C       [0]    C2OUT_bit
0x009C       [0]    CM2_bit
0x009C       [1]    CMCON
0x009C       [0]    CM0_bit
0x009C       [0]    CM1_bit
0x009D       [0]    CVREN_bit
0x009D       [0]    CVR0_bit
0x009D       [0]    CVRR_bit
0x009D       [0]    CVROE_bit
0x009D       [0]    CVR1_bit
0x009D       [1]    CVRCON
0x009D       [0]    CVR3_bit
0x009D       [0]    CVR2_bit
0x009E       [1]    ADRESL
0x009F       [0]    PCFG0_bit
0x009F       [0]    ADFM_bit
0x009F       [0]    ADCS2_bit
0x009F       [0]    PCFG3_bit
0x009F       [0]    PCFG2_bit
0x009F       [0]    PCFG1_bit
0x009F       [1]    ADCON1
0x010C       [1]    EEDATA
0x010D       [1]    EEADR
0x010E       [1]    EEDATH
0x010F       [1]    EEADRH
0x018C       [1]    EECON1
0x018C       [0]    WRERR_bit
0x018C       [0]    EEPGD_bit
0x018C       [0]    RD_bit
0x018C       [0]    WR_bit
0x018C       [0]    WREN_bit
0x018D       [1]    EECON2
//** Label List: ** 
//----------------------------------------------
  L_CustomChar0
  L_CustomChar1
  L_CustomChar2
  L_CustomChar13
  L_CustomChar14
  L_CustomChar15
  L_CustomChar26
  L_CustomChar27
  L_CustomChar28
  L_CustomChar39
  L_CustomChar310
  L_CustomChar311
  L_main12
  L_main13
  L_main14
  _CustomChar
  _CustomChar1
  _CustomChar2
  _CustomChar3
  _main
  L_ADC_Get_Sample0
  L_ADC_Get_Sample1
  L_ADC_Read2
  L_ADC_Read3
  L_end_ADC_Init
  _ADC_Init
  L_end_ADC_Get_Sample
  _ADC_Get_Sample
  L_end_ADC_Read
  _ADC_Read
  L_ByteToStr0
  L_ByteToStr1
  L_ByteToStr2
  L_ByteToStr3
  L_ByteToStr4
  L_ByteToStr5
  L_WordToStr6
  L_WordToStr7
  L_WordToStr8
  L_WordToStr9
  L_WordToStr10
  L_WordToStr11
  L_WordToStrWithZeros12
  L_WordToStrWithZeros13
  L_WordToStrWithZeros14
  L_WordToStrWithZeros15
  L_WordToStrWithZeros16
  L_ShortToStr17
  L_ShortToStr18
  L_ShortToStr19
  L_ShortToStr20
  L_ShortToStr21
  L_ShortToStr22
  L_IntToStr23
  L_IntToStr24
  L_IntToStr25
  L_IntToStr26
  L_IntToStr27
  L_IntToStr28
  L_IntToStrWithZeros29
  L_IntToStrWithZeros30
  L_IntToStrWithZeros31
  L_IntToStrWithZeros32
  L_IntToStrWithZeros33
  L_IntToStrWithZeros34
  L_IntToStrWithZeros35
  L_IntToStrWithZeros36
  L_IntToStrWithZeros37
  L_LongWordToStr38
  L_LongWordToStr39
  L_LongWordToStr40
  L_LongWordToStr41
  L_LongWordToStr42
  L_LongWordToStr43
  L_LongWordToStrWithZeros44
  L_LongWordToStrWithZeros45
  L_LongWordToStrWithZeros46
  L_LongWordToStrWithZeros47
  L_LongWordToStrWithZeros48
  L_LongToStr49
  L_LongToStr50
  L_LongToStr51
  L_LongToStr52
  L_LongToStr53
  L_LongToStr54
  L_LongIntToStrWithZeros55
  L_LongIntToStrWithZeros56
  L_LongIntToStrWithZeros57
  L_LongIntToStrWithZeros58
  L_LongIntToStrWithZeros59
  L_LongIntToStrWithZeros60
  L_LongIntToStrWithZeros61
  L_LongIntToStrWithZeros62
  L_LongIntToStrWithZeros63
  L_Dec2Bcd64
  L_Dec2Bcd65
  L_Rtrim66
  L_Rtrim67
  L_Rtrim68
  L_Rtrim69
  L_Ltrim70
  L_Ltrim71
  L_Ltrim72
  L_Ltrim73
  L_Ltrim74
  L_Ltrim75
  L_FloatToStr76
  L_FloatToStr77
  L_FloatToStr78
  L_FloatToStr79
  L_FloatToStr80
  L_FloatToStr81
  L_FloatToStr82
  L_FloatToStr83
  L_FloatToStr84
  L_FloatToStr85
  L_FloatToStr86
  L_FloatToStr87
  L_FloatToStr88
  L_FloatToStr89
  L_FloatToStr90
  L_FloatToStr91
  L_FloatToStr92
  L_FloatToStr93
  L_FloatToStr94
  L_FloatToStr95
  L_FloatToStr96
  L_FloatToStr97
  L__Rtrim98
  L__Ltrim99
  L__FloatToStr100
  L_end_ByteToHex
  _ByteToHex
  L_end_ShortToHex
  _ShortToHex
  L_end_WordToHex
  _WordToHex
  L_end_IntToHex
  _IntToHex
  L_end_LongWordToHex
  _LongWordToHex
  L_end_LongIntToHex
  _LongIntToHex
  L_end_ByteToStr
  _ByteToStr
  L_end_WordToStr
  _WordToStr
  L__WordToStr109
  L_end_WordToStrWithZeros
  _WordToStrWithZeros
  L__WordToStrWithZeros111
  L_end_ShortToStr
  _ShortToStr
  L__ShortToStr113
  L_end_IntToStr
  _IntToStr
  L__IntToStr115
  L__IntToStr116
  L_end_IntToStrWithZeros
  _IntToStrWithZeros
  L__IntToStrWithZeros118
  L__IntToStrWithZeros119
  L__IntToStrWithZeros120
  L_end_LongWordToStr
  _LongWordToStr
  L__LongWordToStr122
  L__LongWordToStr123
  L_end_LongWordToStrWithZeros
  _LongWordToStrWithZeros
  L__LongWordToStrWithZeros125
  L_end_LongToStr
  _LongToStr
  L__LongToStr127
  L__LongToStr128
  L_end_LongIntToStrWithZeros
  _LongIntToStrWithZeros
  L__LongIntToStrWithZeros130
  L__LongIntToStrWithZeros131
  L__LongIntToStrWithZeros132
  L_end_Dec2Bcd
  _Dec2Bcd
  L_end_Bcd2Dec
  _Bcd2Dec
  L_end_Bcd2Dec16
  _Bcd2Dec16
  L__Bcd2Dec16136
  L__Bcd2Dec16137
  L_end_Dec2Bcd16
  _Dec2Bcd16
  L__Dec2Bcd16139
  L__Dec2Bcd16140
  L_end_Rtrim
  _Rtrim
  L_end_Ltrim
  _Ltrim
  L_end_FloatToStr
  _FloatToStr
  L__FloatToStr144
  L__FloatToStr145
  L__FloatToStr146
  L__FloatToStr147
  L__FloatToStr148
  L_Delay_10us0
  L_Delay_22us1
  L_Delay_50us2
  L_Delay_80us3
  L_Delay_500us4
  L_Delay_5500us5
  L_Delay_1ms6
  L_Delay_5ms7
  L_Delay_8ms8
  L_Delay_10ms9
  L_Delay_100ms10
  L_Delay_1sec11
  L_boot16_Delay_5ms12
  L_Delay_Cyc13
  L_Delay_Cyc14
  L_VDelay_ms15
  L_VDelay_ms16
  L_VDelay_ms17
  L_VDelay_Advanced_ms18
  L_VDelay_Advanced_ms19
  L_VDelay_Advanced_ms20
  L_end_Get_Fosc_kHz
  _Get_Fosc_kHz
  L_end_Delay_1us
  _Delay_1us
  L_end_Delay_10us
  _Delay_10us
  L_end_Delay_22us
  _Delay_22us
  L_end_Delay_50us
  _Delay_50us
  L_end_Delay_80us
  _Delay_80us
  L_end_Delay_500us
  _Delay_500us
  L_end_Delay_5500us
  _Delay_5500us
  L_end_Delay_1ms
  _Delay_1ms
  L_end_Delay_5ms
  _Delay_5ms
  L_end_Delay_8ms
  _Delay_8ms
  L_end_Delay_10ms
  _Delay_10ms
  L_end_Delay_100ms
  _Delay_100ms
  L_end_Delay_1sec
  _Delay_1sec
  L_end_boot16_Delay_5ms
  _boot16_Delay_5ms
  L_end_Delay_Cyc
  _Delay_Cyc
  L_end_VDelay_ms
  _VDelay_ms
  L__VDelay_ms38
  L__VDelay_ms39
  L__VDelay_ms40
  L_end_VDelay_Advanced_ms
  _VDelay_Advanced_ms
  L__VDelay_Advanced_ms42
  L__VDelay_Advanced_ms43
  L__VDelay_Advanced_ms44
  L_Lcd_Cmd0
  L_Lcd_Cmd1
  L_Lcd_Out_CP2
  L_Lcd_Out_CP3
  L_Lcd_Chr4
  L_Lcd_Chr5
  L_Lcd_Chr6
  L_Lcd_Chr7
  L_Lcd_Chr8
  L_Lcd_Chr9
  L_Lcd_Chr10
  L_Lcd_Out11
  L_Lcd_Out12
  L_Lcd_Out13
  L_Lcd_Out14
  L_Lcd_Out15
  L_Lcd_Out16
  L_Lcd_Out17
  L_Lcd_Out18
  L_Lcd_Out19
  L_end_Lcd_Cmd
  _Lcd_Cmd
  L__Lcd_Cmd21
  L__Lcd_Cmd22
  L__Lcd_Cmd23
  L__Lcd_Cmd24
  L__Lcd_Cmd25
  L__Lcd_Cmd26
  L__Lcd_Cmd27
  L__Lcd_Cmd28
  L__Lcd_Cmd29
  L__Lcd_Cmd30
  L__Lcd_Cmd31
  L__Lcd_Cmd32
  L__Lcd_Cmd33
  L__Lcd_Cmd34
  L__Lcd_Cmd35
  L__Lcd_Cmd36
  L__Lcd_Cmd37
  L__Lcd_Cmd38
  L__Lcd_Cmd39
  L__Lcd_Cmd40
  L_end_Lcd_Chr_CP
  _Lcd_Chr_CP
  L_end_Lcd_Out_CP
  _Lcd_Out_CP
  L_end_Lcd_Chr
  _Lcd_Chr
  L_end_Lcd_Init
  _Lcd_Init
  L_end_Lcd_Out
  _Lcd_Out
  L_Div_16x16_S0
  L_Div_16x16_S1
  LOOPS3232A
  SADD22LA
  SOK22LA
  SADD22L8
  SOK22L8
  LOOPS3232B
  SADD22LB
  SOK22LB
  SADD22L16
  SOK22L16
  LOOPS3232C
  SADD22LC
  SOK22LC
  SADD22L24
  SOK22L24
  LOOPS3232D
  SADD22LD
  SOK22LD
  SOK22L
  L_Div_32x32_S6
  L_Div_32x32_S7
  L_Div_32x32_S8
  L_Div_32x32_S9
  FXD3232S
  END_ALL
  CA3232S
  C3232SX
  C3232SX1
  C3232S
  C3232S2
  C3232SX4
  C3232SOK
  C3232SX3
  C3232SX2
  avoid_comfrem
  LOOPU3232A
  UADD22LA
  UOK22LA
  UADD22L8
  UOK22L8
  LOOPU3232B
  UADD22LB
  UOK22LB
  UADD22L16
  UOK22L16
  LOOPU3232C
  UADD22LC
  UOK22LC
  UADD22L24
  UOK22L24
  LOOPU3232D
  UADD22LD
  UOK22LD
  UOK22L
  _NEXT
  _EXIT2
  _LOOP
  _EXIT1
  _IF_FIRST
  _IF_SECOND
  _INVERCE_FIRST
  _MULT
  _INBERSE_SECOND
  _EXIT
  L_end_Mul_8x8_U
  _Mul_8x8_U
  L_end_Mul_16x16_U
  _Mul_16x16_U
  L_end_Div_8x8_U
  _Div_8x8_U
  L_end_Div_16x16_U
  _Div_16x16_U
  L_end_Mul_8x8_S
  _Mul_8x8_S
  L_end_Mul_16x16_S
  _Mul_16x16_S
  L_end_Div_16x16_S_L
  _Div_16x16_S_L
  L_end_Div_16x16_S
  _Div_16x16_S
  L_end_Div_8x8_S
  _Div_8x8_S
  L_end_SDIV3232L
  _SDIV3232L
  L_end_COMFREM
  _COMFREM
  L_end_Div_32x32_S
  _Div_32x32_S
  L_end_Div_32x32_U
  _Div_32x32_U
  L_end_Mul_32x32_U
  _Mul_32x32_U
  L_end_Mul_32x32_S
  _Mul_32x32_S
  SETFOV32EEE
  SETFUN32EEE
  NORM3232
  JPNRES032
  JPNSETFUN32
  NORM3232A
  JMPNFIXSIGN32
  NORM32EEE
  NRMRND4032
  NRM4032
  JMPSETFOV32
  NORM4032
  JMPRES032
  JMPSETFUN32
  NORM4032A
  JMPFIXSIGN32
  NRM4032EEE
  USEA32
  JMPEEE
  ALIGNED32
  ALIGNB32
  ALOOPB32
  AOK32
  ACOMP32
  JMPNRMRND4032
  ADD_JMPSETFOV32
  JMPNRM4032
  JMPNRM32
  ADD32EEE
  FPM32
  JPMRES032
  M32BNE0
  MTUN32
  JPMSETFOV32
  MOK32
  JPMSETFUN32
  MLOOP32
  MNOADD32
  MADD32
  MROUND32
  MUL32OK
  MUL32EEE
  L_Div_32x32_FP7
  L_Div_32x32_FP8
  L_Div_32x32_FP9
  L_Div_32x32_FP10
  FPD32
  JPDSETFDZ32
  JPDRES032
  D32BNE0
  TALIGN32
  TS1ALIGN32
  TS2ALIGN32
  DALIGN32OK
  ALTB32
  AGEB32
  JPDSETFOV32
  DARGOK32
  JPDSETFUN32
  DLOOP32
  DS132
  DS232
  DREST32
  DOK32
  DAREST32
  DROUND32
  DIV32OK
  DIV32EEE
  SETIOV3224EEE
  INT3232U
  INT3232UEOK
  SETEXP32U
  SETIOV32U
  TSHIFT3232U
  SHIFT3232UOK
  SHIFT3232U
  INT3232UOK
  JPLSETIOV3224
  IRES032U
  INT3232UEER
  INT3232UEEE
  L_Double2Longword_0
  INT3232
  INT3232EOK
  SETIOV32
  TSHIFT3232
  SHIFT3232OK
  SHIFT3232
  INT3232OK
  JPISETIOV3224
  IRES032
  INT3232EER
  INT3232EEE
  L_Double2Longint_0
  INT3216
  IRES016
  SETIOV16
  TSHIFT3216
  SHIFT3216OK
  SHIFT3216
  INT3216OK
  JPJSETIOV3224
  INT3216EOK
  INT3216EER
  INT3216EEE
  L_Double2Int_0
  INT3216U
  IRES016U
  SETEXP16U
  SETIOV16U
  TSHIFT3216U
  SHIFT3216UOK
  SHIFT3216U
  INT3216UOK
  JPKSETIOV3224
  INT3216UEOK
  INT3216UEER
  INT3216UEEE
  L_Double2Word_0
  INT32U08
  IRES008
  SETEXP08
  SETIOV08
  TSHIFT3208
  SHIFT3208OK
  SHIFT3208
  INT3208OK
  D2B_JPKSETIOV3224
  INT3208EOK
  INT3208EER
  INT3208EEE
  L_Double2Byte_0
  FLO08U32
  FLO1632
  FLO1632EEE
  FLO16U32
  FLO3232
  FLO3232EEE
  FLO32U32
  EQU_FALSE
  COMPARE_EQU
  COMPARE_NOTZERO
  COMPARE_XNOTZERO
  COMPARE_YNOTZERO
  COMPARE_LT
  COMPARE_GT
  COMPARE_TESTALL
  COMPARE_C1
  GT_FALSE
  GT_TRUE
  COMPARE_C2
  COMPARE_C3
  L_end_SETFOV32
  _SETFOV32
  L_end_SETFDZ32
  _SETFDZ32
  L_end_FIXSIGN32
  _FIXSIGN32
  L_end_RES032
  _RES032
  L_end_SETFUN32
  _SETFUN32
  L_end_NRM3232
  _NRM3232
  L_end_NRM4032
  _NRM4032
  L_end_Add_32x32_FP
  _Add_32x32_FP
  L_end_Sub_32x32_FP
  _Sub_32x32_FP
  L_end_Mul_32x32_FP
  _Mul_32x32_FP
  L_end_Div_32x32_FP
  _Div_32x32_FP
  L_end_SETIOV3224
  _SETIOV3224
  L_end_Double2Longword
  _Double2Longword
  L_end_Double2Longint
  _Double2Longint
  L_end_Double2Int
  _Double2Int
  L_end_Double2Word
  _Double2Word
  L_end_Double2Byte
  _Double2Byte
  L_end_Byte2Double
  _Byte2Double
  L_end_Int2Double
  _Int2Double
  L_end_Word2Double
  _Word2Double
  L_end_Longint2Double
  _Longint2Double
  L_end_Longword2Double
  _Longword2Double
  L_end_Equals_Double
  _Equals_Double
  L_end_Compare_Double
  _Compare_Double
  L_loopCA2AWs
  L_CA2AWend
  _CCA2AW_Loop1
  L_loopCS2Ss
  L_CS2Send
  _CCS2S_Loop1
  L_CCS2Send
  L_loopFZinSWs
  L_FZinSend
  _CC2D_Loop1
  L_end_____DoICP
  _____DoICP
  L_end_____DoIFC
  _____DoIFC
  L_end___CA2AW
  ___CA2AW
  L_end___CCA2AW
  ___CCA2AW
  L_end___CS2S
  ___CS2S
  L_end___CCS2S
  ___CCS2S
  L_end___FZinS
  ___FZinS
  L_end___CC2DW
  ___CC2DW
  L_end_Swap
  _Swap
